2025-05-28 17:55:13,234 - INFO - Imported existing <module 'comtypes.gen' from 'C:\\Users\\USUARIO\\Documents\\GitHub\\PythonProject\\.venv\\Lib\\site-packages\\comtypes\\gen\\__init__.py'>
2025-05-28 17:55:13,235 - INFO - Using writeable comtypes cache directory: 'C:\Users\USUARIO\Documents\GitHub\PythonProject\.venv\Lib\site-packages\comtypes\gen'
2025-05-28 17:55:16,188 - INFO - Inicializando navegador...
2025-05-28 17:55:16,573 - INFO - Web 'https://sede.miteco.gob.es/portal/site/seMITECO/login?urlLoginRedirect=L3BvcnRhbC9zaXRlL3NlTUlURUNPL3BvcnRsZXRfYnVzP2lkX3Byb2NlZGltaWVudG89NzM2JmlkZW50aWZpY2Fkb3JfcGFzbz1QUkVJTklDSU8mc3ViX29yZ2Fubz0xMSZwcmV2aW9fbG9naW49MQ==' abierta.
2025-05-28 17:55:16,979 - INFO - Elemento clickado con 'css selector' = 'input[value='acceder']'.
2025-05-28 17:55:17,495 - INFO - Elemento clickado con 'xpath' = '//button[contains(., 'Acceso DNIe / Certificado electrónico')]'.
2025-05-28 17:55:17,495 - INFO - Buscando ventana de Chrome...
2025-05-28 17:55:18,173 - INFO - Ventana de Chrome encontrada: Cl@ve - Google Chrome
2025-05-28 17:55:18,675 - INFO - Esperando popup de certificado...
2025-05-28 17:55:18,701 - INFO - Popup de certificado detectado.
2025-05-28 17:55:18,770 - INFO - Nombres de certificados encontrados: ['19848505B FRANCISCO JAVIER CARBONELL (R: B19811983)', 'AC Representación', '320C7BDFA6C0EA12668BA73499176EE6', '26881018K LILIANA FERNANDA PEREZ (R:B43693274)', 'ACCVCA-120', '32207E732CFC55FBC69159D3BD3B0B7B']
2025-05-28 17:55:18,770 - INFO - Primer certificado encontrado: 19848505B FRANCISCO JAVIER CARBONELL (R: B19811983)
2025-05-28 17:55:24,887 - ERROR - No hay certificados con el nombre 'VICENTE'.
2025-05-28 17:55:24,887 - INFO - Buscando botón 'Aceptar'...
2025-05-28 17:55:24,987 - INFO - ¡Botón 'Aceptar' encontrado! Haciendo click...
2025-05-28 17:55:32,898 - INFO - Se escribió texto en el elemento localizado por id='id_direccion': 'Direccion'
2025-05-28 17:55:33,005 - INFO - Opción 'España' seleccionada en el elemento con 'id' = 'id_pais'.
2025-05-28 17:55:33,351 - INFO - Opción 'València/Valencia' seleccionada en el elemento con 'id' = 'id_provincia'.
2025-05-28 17:55:33,625 - INFO - Opción 'Aldaia' seleccionada en el elemento con 'id' = 'id_municipio'.
2025-05-28 17:55:33,713 - INFO - Se escribió texto en el elemento localizado por id='id_codigo_postal': '46003'
2025-05-28 17:55:33,826 - INFO - Se escribió texto en el elemento localizado por id='id_telefono': '912345678'
2025-05-28 17:55:33,947 - INFO - Se escribió texto en el elemento localizado por id='id_telefono_movil': '612345678'
2025-05-28 17:55:34,051 - INFO - Se escribió texto en el elemento localizado por id='id_correo_electronico': 'correo@electronico.com'
2025-05-28 17:55:34,144 - INFO - Se escribió texto en el elemento localizado por id='id_fax': '012345678'
2025-05-28 17:55:35,543 - INFO - Elemento clickado con 'id' = 'btnForm'.
2025-05-28 17:55:40,778 - INFO - Elemento clickado con 'id' = 'tipoEnvioNtA'.
2025-05-28 17:55:40,825 - ERROR - Error inesperado al escribir en el elemento: Message: invalid argument: File not found : C:/Users/Metalls1/Documents/GitHub/PythonProject/data/NT30460004811420250009891.xml
  (Session info: chrome=136.0.7103.114)
Stacktrace:
	GetHandleVerifier [0x00C6FC03+61635]
	GetHandleVerifier [0x00C6FC44+61700]
	(No symbol) [0x00A905D3]
	(No symbol) [0x00AD1E51]
	(No symbol) [0x00AFD29C]
	(No symbol) [0x00ACE034]
	(No symbol) [0x00AFD514]
	(No symbol) [0x00B1E61B]
	(No symbol) [0x00AFD096]
	(No symbol) [0x00ACC840]
	(No symbol) [0x00ACD6A4]
	GetHandleVerifier [0x00EF4523+2701795]
	GetHandleVerifier [0x00EEFCA6+2683238]
	GetHandleVerifier [0x00F0A9EE+2793134]
	GetHandleVerifier [0x00C868C5+155013]
	GetHandleVerifier [0x00C8CFAD+181357]
	GetHandleVerifier [0x00C77458+92440]
	GetHandleVerifier [0x00C77600+92864]
	GetHandleVerifier [0x00C61FF0+5296]
	BaseThreadInitThunk [0x774DFCC9+25]
	RtlGetAppContainerNamedObjectPath [0x779682AE+286]
	RtlGetAppContainerNamedObjectPath [0x7796827E+238]

2025-05-28 17:55:40,825 - ERROR - No se pudo escribir en el elemento con ID 'file': Message: invalid argument: File not found : C:/Users/Metalls1/Documents/GitHub/PythonProject/data/NT30460004811420250009891.xml
  (Session info: chrome=136.0.7103.114)
Stacktrace:
	GetHandleVerifier [0x00C6FC03+61635]
	GetHandleVerifier [0x00C6FC44+61700]
	(No symbol) [0x00A905D3]
	(No symbol) [0x00AD1E51]
	(No symbol) [0x00AFD29C]
	(No symbol) [0x00ACE034]
	(No symbol) [0x00AFD514]
	(No symbol) [0x00B1E61B]
	(No symbol) [0x00AFD096]
	(No symbol) [0x00ACC840]
	(No symbol) [0x00ACD6A4]
	GetHandleVerifier [0x00EF4523+2701795]
	GetHandleVerifier [0x00EEFCA6+2683238]
	GetHandleVerifier [0x00F0A9EE+2793134]
	GetHandleVerifier [0x00C868C5+155013]
	GetHandleVerifier [0x00C8CFAD+181357]
	GetHandleVerifier [0x00C77458+92440]
	GetHandleVerifier [0x00C77600+92864]
	GetHandleVerifier [0x00C61FF0+5296]
	BaseThreadInitThunk [0x774DFCC9+25]
	RtlGetAppContainerNamedObjectPath [0x779682AE+286]
	RtlGetAppContainerNamedObjectPath [0x7796827E+238]

