2025-05-21 11:25:06,879 - INFO - Inicializando navegador...
2025-05-21 11:25:07,216 - INFO - Web 'https://gestiona.comunidad.madrid/pcea_nima_web/html/web/InicioAccion.icm' abierta.
2025-05-21 11:25:07,294 - INFO - Se escribió texto en el elemento localizado por id='nif': 'B81400491'
2025-05-21 11:25:07,346 - INFO - Elemento clickado con 'xpath' = '//a[@onclick="buscar('form');"]'.
2025-05-21 11:25:07,638 - INFO - Elemento clickado con 'css selector' = 'input[value='Consultar']'.
2025-05-21 11:25:09,892 - INFO - Datos de la empresa guardados
2025-05-21 11:25:09,946 - INFO - Web 'https://gestiona.comunidad.madrid/pcea_nima_web/html/web/InicioAccion.icm' abierta.
2025-05-21 11:25:10,006 - INFO - Se escribió texto en el elemento localizado por id='nif': '03889931X'
2025-05-21 11:25:10,048 - INFO - Elemento clickado con 'xpath' = '//a[@onclick="buscar('form');"]'.
2025-05-21 11:25:15,249 - ERROR - Timeout al esperar el elemento con 'css selector' = 'input[value='Consultar']'
2025-05-21 11:25:22,394 - ERROR - Timeout al esperar el elemento con 'xpath' = '//td[b[normalize-space(text())='NIF:']]'
2025-05-21 11:25:22,394 - ERROR - Error al leer el campo 'NIF:': Message: 
Stacktrace:
	GetHandleVerifier [0x0093FC83+61635]
	GetHandleVerifier [0x0093FCC4+61700]
	(No symbol) [0x007605D3]
	(No symbol) [0x007A899E]
	(No symbol) [0x007A8D3B]
	(No symbol) [0x007F0E12]
	(No symbol) [0x007CD2E4]
	(No symbol) [0x007EE61B]
	(No symbol) [0x007CD096]
	(No symbol) [0x0079C840]
	(No symbol) [0x0079D6A4]
	GetHandleVerifier [0x00BC45A3+2701795]
	GetHandleVerifier [0x00BBFD26+2683238]
	GetHandleVerifier [0x00BDAA6E+2793134]
	GetHandleVerifier [0x00956945+155013]
	GetHandleVerifier [0x0095D02D+181357]
	GetHandleVerifier [0x009474D8+92440]
	GetHandleVerifier [0x00947680+92864]
	GetHandleVerifier [0x00932070+5296]
	BaseThreadInitThunk [0x76995D49+25]
	RtlInitializeExceptionChain [0x7747D03B+107]
	RtlGetAppContainerNamedObjectPath [0x7747CFC1+561]

2025-05-21 11:25:27,564 - ERROR - Timeout al esperar el elemento con 'xpath' = '//td[b[normalize-space(text())='Razón Social:']]'
2025-05-21 11:25:27,565 - ERROR - Error al leer el campo 'Razón Social:': Message: 
Stacktrace:
	GetHandleVerifier [0x0093FC83+61635]
	GetHandleVerifier [0x0093FCC4+61700]
	(No symbol) [0x007605D3]
	(No symbol) [0x007A899E]
	(No symbol) [0x007A8D3B]
	(No symbol) [0x007F0E12]
	(No symbol) [0x007CD2E4]
	(No symbol) [0x007EE61B]
	(No symbol) [0x007CD096]
	(No symbol) [0x0079C840]
	(No symbol) [0x0079D6A4]
	GetHandleVerifier [0x00BC45A3+2701795]
	GetHandleVerifier [0x00BBFD26+2683238]
	GetHandleVerifier [0x00BDAA6E+2793134]
	GetHandleVerifier [0x00956945+155013]
	GetHandleVerifier [0x0095D02D+181357]
	GetHandleVerifier [0x009474D8+92440]
	GetHandleVerifier [0x00947680+92864]
	GetHandleVerifier [0x00932070+5296]
	BaseThreadInitThunk [0x76995D49+25]
	RtlInitializeExceptionChain [0x7747D03B+107]
	RtlGetAppContainerNamedObjectPath [0x7747CFC1+561]

2025-05-21 11:25:32,668 - ERROR - Timeout al esperar el elemento con 'xpath' = '//td[b[normalize-space(text())='Dirección Sede:']]'
2025-05-21 11:25:32,668 - ERROR - Error al leer el campo 'Dirección Sede:': Message: 
Stacktrace:
	GetHandleVerifier [0x0093FC83+61635]
	GetHandleVerifier [0x0093FCC4+61700]
	(No symbol) [0x007605D3]
	(No symbol) [0x007A899E]
	(No symbol) [0x007A8D3B]
	(No symbol) [0x007F0E12]
	(No symbol) [0x007CD2E4]
	(No symbol) [0x007EE61B]
	(No symbol) [0x007CD096]
	(No symbol) [0x0079C840]
	(No symbol) [0x0079D6A4]
	GetHandleVerifier [0x00BC45A3+2701795]
	GetHandleVerifier [0x00BBFD26+2683238]
	GetHandleVerifier [0x00BDAA6E+2793134]
	GetHandleVerifier [0x00956945+155013]
	GetHandleVerifier [0x0095D02D+181357]
	GetHandleVerifier [0x009474D8+92440]
	GetHandleVerifier [0x00947680+92864]
	GetHandleVerifier [0x00932070+5296]
	BaseThreadInitThunk [0x76995D49+25]
	RtlInitializeExceptionChain [0x7747D03B+107]
	RtlGetAppContainerNamedObjectPath [0x7747CFC1+561]

2025-05-21 11:25:37,760 - ERROR - Timeout al esperar el elemento con 'xpath' = '//td[b[normalize-space(text())='Municipio:']]'
2025-05-21 11:25:37,760 - ERROR - Error al leer el campo 'Municipio:': Message: 
Stacktrace:
	GetHandleVerifier [0x0093FC83+61635]
	GetHandleVerifier [0x0093FCC4+61700]
	(No symbol) [0x007605D3]
	(No symbol) [0x007A899E]
	(No symbol) [0x007A8D3B]
	(No symbol) [0x007F0E12]
	(No symbol) [0x007CD2E4]
	(No symbol) [0x007EE61B]
	(No symbol) [0x007CD096]
	(No symbol) [0x0079C840]
	(No symbol) [0x0079D6A4]
	GetHandleVerifier [0x00BC45A3+2701795]
	GetHandleVerifier [0x00BBFD26+2683238]
	GetHandleVerifier [0x00BDAA6E+2793134]
	GetHandleVerifier [0x00956945+155013]
	GetHandleVerifier [0x0095D02D+181357]
	GetHandleVerifier [0x009474D8+92440]
	GetHandleVerifier [0x00947680+92864]
	GetHandleVerifier [0x00932070+5296]
	BaseThreadInitThunk [0x76995D49+25]
	RtlInitializeExceptionChain [0x7747D03B+107]
	RtlGetAppContainerNamedObjectPath [0x7747CFC1+561]

2025-05-21 11:25:42,874 - ERROR - Timeout al esperar el elemento con 'xpath' = '//td[b[normalize-space(text())='Código INE Municipio:']]'
2025-05-21 11:25:42,875 - ERROR - Error al leer el campo 'Código INE Municipio:': Message: 
Stacktrace:
	GetHandleVerifier [0x0093FC83+61635]
	GetHandleVerifier [0x0093FCC4+61700]
	(No symbol) [0x007605D3]
	(No symbol) [0x007A899E]
	(No symbol) [0x007A8D3B]
	(No symbol) [0x007F0E12]
	(No symbol) [0x007CD2E4]
	(No symbol) [0x007EE61B]
	(No symbol) [0x007CD096]
	(No symbol) [0x0079C840]
	(No symbol) [0x0079D6A4]
	GetHandleVerifier [0x00BC45A3+2701795]
	GetHandleVerifier [0x00BBFD26+2683238]
	GetHandleVerifier [0x00BDAA6E+2793134]
	GetHandleVerifier [0x00956945+155013]
	GetHandleVerifier [0x0095D02D+181357]
	GetHandleVerifier [0x009474D8+92440]
	GetHandleVerifier [0x00947680+92864]
	GetHandleVerifier [0x00932070+5296]
	BaseThreadInitThunk [0x76995D49+25]
	RtlInitializeExceptionChain [0x7747D03B+107]
	RtlGetAppContainerNamedObjectPath [0x7747CFC1+561]

2025-05-21 11:25:48,023 - ERROR - Timeout al esperar el elemento con 'xpath' = '//td[b[normalize-space(text())='CP:']]'
2025-05-21 11:25:48,023 - ERROR - Error al leer el campo 'CP:': Message: 
Stacktrace:
	GetHandleVerifier [0x0093FC83+61635]
	GetHandleVerifier [0x0093FCC4+61700]
	(No symbol) [0x007605D3]
	(No symbol) [0x007A899E]
	(No symbol) [0x007A8D3B]
	(No symbol) [0x007F0E12]
	(No symbol) [0x007CD2E4]
	(No symbol) [0x007EE61B]
	(No symbol) [0x007CD096]
	(No symbol) [0x0079C840]
	(No symbol) [0x0079D6A4]
	GetHandleVerifier [0x00BC45A3+2701795]
	GetHandleVerifier [0x00BBFD26+2683238]
	GetHandleVerifier [0x00BDAA6E+2793134]
	GetHandleVerifier [0x00956945+155013]
	GetHandleVerifier [0x0095D02D+181357]
	GetHandleVerifier [0x009474D8+92440]
	GetHandleVerifier [0x00947680+92864]
	GetHandleVerifier [0x00932070+5296]
	BaseThreadInitThunk [0x76995D49+25]
	RtlInitializeExceptionChain [0x7747D03B+107]
	RtlGetAppContainerNamedObjectPath [0x7747CFC1+561]

2025-05-21 11:25:53,139 - ERROR - Timeout al esperar el elemento con 'xpath' = '//td[b[normalize-space(text())='Provincia:']]'
2025-05-21 11:25:53,140 - ERROR - Error al leer el campo 'Provincia:': Message: 
Stacktrace:
	GetHandleVerifier [0x0093FC83+61635]
	GetHandleVerifier [0x0093FCC4+61700]
	(No symbol) [0x007605D3]
	(No symbol) [0x007A899E]
	(No symbol) [0x007A8D3B]
	(No symbol) [0x007F0E12]
	(No symbol) [0x007CD2E4]
	(No symbol) [0x007EE61B]
	(No symbol) [0x007CD096]
	(No symbol) [0x0079C840]
	(No symbol) [0x0079D6A4]
	GetHandleVerifier [0x00BC45A3+2701795]
	GetHandleVerifier [0x00BBFD26+2683238]
	GetHandleVerifier [0x00BDAA6E+2793134]
	GetHandleVerifier [0x00956945+155013]
	GetHandleVerifier [0x0095D02D+181357]
	GetHandleVerifier [0x009474D8+92440]
	GetHandleVerifier [0x00947680+92864]
	GetHandleVerifier [0x00932070+5296]
	BaseThreadInitThunk [0x76995D49+25]
	RtlInitializeExceptionChain [0x7747D03B+107]
	RtlGetAppContainerNamedObjectPath [0x7747CFC1+561]

2025-05-21 11:25:58,266 - ERROR - Timeout al esperar el elemento con 'xpath' = '//td[b[normalize-space(text())='Código INE Provincia:']]'
2025-05-21 11:25:58,266 - ERROR - Error al leer el campo 'Código INE Provincia:': Message: 
Stacktrace:
	GetHandleVerifier [0x0093FC83+61635]
	GetHandleVerifier [0x0093FCC4+61700]
	(No symbol) [0x007605D3]
	(No symbol) [0x007A899E]
	(No symbol) [0x007A8D3B]
	(No symbol) [0x007F0E12]
	(No symbol) [0x007CD2E4]
	(No symbol) [0x007EE61B]
	(No symbol) [0x007CD096]
	(No symbol) [0x0079C840]
	(No symbol) [0x0079D6A4]
	GetHandleVerifier [0x00BC45A3+2701795]
	GetHandleVerifier [0x00BBFD26+2683238]
	GetHandleVerifier [0x00BDAA6E+2793134]
	GetHandleVerifier [0x00956945+155013]
	GetHandleVerifier [0x0095D02D+181357]
	GetHandleVerifier [0x009474D8+92440]
	GetHandleVerifier [0x00947680+92864]
	GetHandleVerifier [0x00932070+5296]
	BaseThreadInitThunk [0x76995D49+25]
	RtlInitializeExceptionChain [0x7747D03B+107]
	RtlGetAppContainerNamedObjectPath [0x7747CFC1+561]

2025-05-21 11:26:03,369 - ERROR - Timeout al esperar el elemento con 'xpath' = '//td[b[normalize-space(text())='Denominación del Centro:']]'
2025-05-21 11:26:03,370 - ERROR - Error al leer el campo 'Denominación del Centro:': Message: 
Stacktrace:
	GetHandleVerifier [0x0093FC83+61635]
	GetHandleVerifier [0x0093FCC4+61700]
	(No symbol) [0x007605D3]
	(No symbol) [0x007A899E]
	(No symbol) [0x007A8D3B]
	(No symbol) [0x007F0E12]
	(No symbol) [0x007CD2E4]
	(No symbol) [0x007EE61B]
	(No symbol) [0x007CD096]
	(No symbol) [0x0079C840]
	(No symbol) [0x0079D6A4]
	GetHandleVerifier [0x00BC45A3+2701795]
	GetHandleVerifier [0x00BBFD26+2683238]
	GetHandleVerifier [0x00BDAA6E+2793134]
	GetHandleVerifier [0x00956945+155013]
	GetHandleVerifier [0x0095D02D+181357]
	GetHandleVerifier [0x009474D8+92440]
	GetHandleVerifier [0x00947680+92864]
	GetHandleVerifier [0x00932070+5296]
	BaseThreadInitThunk [0x76995D49+25]
	RtlInitializeExceptionChain [0x7747D03B+107]
	RtlGetAppContainerNamedObjectPath [0x7747CFC1+561]

2025-05-21 11:26:08,506 - ERROR - Timeout al esperar el elemento con 'xpath' = '//td[b[normalize-space(text())='NIMA:']]'
2025-05-21 11:26:08,507 - ERROR - Error al leer el campo 'NIMA:': Message: 
Stacktrace:
	GetHandleVerifier [0x0093FC83+61635]
	GetHandleVerifier [0x0093FCC4+61700]
	(No symbol) [0x007605D3]
	(No symbol) [0x007A899E]
	(No symbol) [0x007A8D3B]
	(No symbol) [0x007F0E12]
	(No symbol) [0x007CD2E4]
	(No symbol) [0x007EE61B]
	(No symbol) [0x007CD096]
	(No symbol) [0x0079C840]
	(No symbol) [0x0079D6A4]
	GetHandleVerifier [0x00BC45A3+2701795]
	GetHandleVerifier [0x00BBFD26+2683238]
	GetHandleVerifier [0x00BDAA6E+2793134]
	GetHandleVerifier [0x00956945+155013]
	GetHandleVerifier [0x0095D02D+181357]
	GetHandleVerifier [0x009474D8+92440]
	GetHandleVerifier [0x00947680+92864]
	GetHandleVerifier [0x00932070+5296]
	BaseThreadInitThunk [0x76995D49+25]
	RtlInitializeExceptionChain [0x7747D03B+107]
	RtlGetAppContainerNamedObjectPath [0x7747CFC1+561]

2025-05-21 11:26:13,661 - ERROR - Timeout al esperar el elemento con 'xpath' = '//td[b[normalize-space(text())='Dirección Centro:']]'
2025-05-21 11:26:13,662 - ERROR - Error al leer el campo 'Dirección Centro:': Message: 
Stacktrace:
	GetHandleVerifier [0x0093FC83+61635]
	GetHandleVerifier [0x0093FCC4+61700]
	(No symbol) [0x007605D3]
	(No symbol) [0x007A899E]
	(No symbol) [0x007A8D3B]
	(No symbol) [0x007F0E12]
	(No symbol) [0x007CD2E4]
	(No symbol) [0x007EE61B]
	(No symbol) [0x007CD096]
	(No symbol) [0x0079C840]
	(No symbol) [0x0079D6A4]
	GetHandleVerifier [0x00BC45A3+2701795]
	GetHandleVerifier [0x00BBFD26+2683238]
	GetHandleVerifier [0x00BDAA6E+2793134]
	GetHandleVerifier [0x00956945+155013]
	GetHandleVerifier [0x0095D02D+181357]
	GetHandleVerifier [0x009474D8+92440]
	GetHandleVerifier [0x00947680+92864]
	GetHandleVerifier [0x00932070+5296]
	BaseThreadInitThunk [0x76995D49+25]
	RtlInitializeExceptionChain [0x7747D03B+107]
	RtlGetAppContainerNamedObjectPath [0x7747CFC1+561]

2025-05-21 11:26:18,806 - ERROR - Timeout al esperar el elemento con 'xpath' = '//td[b[normalize-space(text())='Municipio:']]'
2025-05-21 11:26:18,807 - ERROR - Error al leer el campo 'Municipio:': Message: 
Stacktrace:
	GetHandleVerifier [0x0093FC83+61635]
	GetHandleVerifier [0x0093FCC4+61700]
	(No symbol) [0x007605D3]
	(No symbol) [0x007A899E]
	(No symbol) [0x007A8D3B]
	(No symbol) [0x007F0E12]
	(No symbol) [0x007CD2E4]
	(No symbol) [0x007EE61B]
	(No symbol) [0x007CD096]
	(No symbol) [0x0079C840]
	(No symbol) [0x0079D6A4]
	GetHandleVerifier [0x00BC45A3+2701795]
	GetHandleVerifier [0x00BBFD26+2683238]
	GetHandleVerifier [0x00BDAA6E+2793134]
	GetHandleVerifier [0x00956945+155013]
	GetHandleVerifier [0x0095D02D+181357]
	GetHandleVerifier [0x009474D8+92440]
	GetHandleVerifier [0x00947680+92864]
	GetHandleVerifier [0x00932070+5296]
	BaseThreadInitThunk [0x76995D49+25]
	RtlInitializeExceptionChain [0x7747D03B+107]
	RtlGetAppContainerNamedObjectPath [0x7747CFC1+561]

2025-05-21 11:26:23,927 - ERROR - Timeout al esperar el elemento con 'xpath' = '//td[b[normalize-space(text())='Código INE Municipio:']]'
2025-05-21 11:26:23,928 - ERROR - Error al leer el campo 'Código INE Municipio:': Message: 
Stacktrace:
	GetHandleVerifier [0x0093FC83+61635]
	GetHandleVerifier [0x0093FCC4+61700]
	(No symbol) [0x007605D3]
	(No symbol) [0x007A899E]
	(No symbol) [0x007A8D3B]
	(No symbol) [0x007F0E12]
	(No symbol) [0x007CD2E4]
	(No symbol) [0x007EE61B]
	(No symbol) [0x007CD096]
	(No symbol) [0x0079C840]
	(No symbol) [0x0079D6A4]
	GetHandleVerifier [0x00BC45A3+2701795]
	GetHandleVerifier [0x00BBFD26+2683238]
	GetHandleVerifier [0x00BDAA6E+2793134]
	GetHandleVerifier [0x00956945+155013]
	GetHandleVerifier [0x0095D02D+181357]
	GetHandleVerifier [0x009474D8+92440]
	GetHandleVerifier [0x00947680+92864]
	GetHandleVerifier [0x00932070+5296]
	BaseThreadInitThunk [0x76995D49+25]
	RtlInitializeExceptionChain [0x7747D03B+107]
	RtlGetAppContainerNamedObjectPath [0x7747CFC1+561]

2025-05-21 11:26:29,040 - ERROR - Timeout al esperar el elemento con 'xpath' = '//td[b[normalize-space(text())='CP:']]'
2025-05-21 11:26:29,040 - ERROR - Error al leer el campo 'CP:': Message: 
Stacktrace:
	GetHandleVerifier [0x0093FC83+61635]
	GetHandleVerifier [0x0093FCC4+61700]
	(No symbol) [0x007605D3]
	(No symbol) [0x007A899E]
	(No symbol) [0x007A8D3B]
	(No symbol) [0x007F0E12]
	(No symbol) [0x007CD2E4]
	(No symbol) [0x007EE61B]
	(No symbol) [0x007CD096]
	(No symbol) [0x0079C840]
	(No symbol) [0x0079D6A4]
	GetHandleVerifier [0x00BC45A3+2701795]
	GetHandleVerifier [0x00BBFD26+2683238]
	GetHandleVerifier [0x00BDAA6E+2793134]
	GetHandleVerifier [0x00956945+155013]
	GetHandleVerifier [0x0095D02D+181357]
	GetHandleVerifier [0x009474D8+92440]
	GetHandleVerifier [0x00947680+92864]
	GetHandleVerifier [0x00932070+5296]
	BaseThreadInitThunk [0x76995D49+25]
	RtlInitializeExceptionChain [0x7747D03B+107]
	RtlGetAppContainerNamedObjectPath [0x7747CFC1+561]

2025-05-21 11:26:34,151 - ERROR - Timeout al esperar el elemento con 'xpath' = '//td[b[normalize-space(text())='Provincia:']]'
2025-05-21 11:26:34,151 - ERROR - Error al leer el campo 'Provincia:': Message: 
Stacktrace:
	GetHandleVerifier [0x0093FC83+61635]
	GetHandleVerifier [0x0093FCC4+61700]
	(No symbol) [0x007605D3]
	(No symbol) [0x007A899E]
	(No symbol) [0x007A8D3B]
	(No symbol) [0x007F0E12]
	(No symbol) [0x007CD2E4]
	(No symbol) [0x007EE61B]
	(No symbol) [0x007CD096]
	(No symbol) [0x0079C840]
	(No symbol) [0x0079D6A4]
	GetHandleVerifier [0x00BC45A3+2701795]
	GetHandleVerifier [0x00BBFD26+2683238]
	GetHandleVerifier [0x00BDAA6E+2793134]
	GetHandleVerifier [0x00956945+155013]
	GetHandleVerifier [0x0095D02D+181357]
	GetHandleVerifier [0x009474D8+92440]
	GetHandleVerifier [0x00947680+92864]
	GetHandleVerifier [0x00932070+5296]
	BaseThreadInitThunk [0x76995D49+25]
	RtlInitializeExceptionChain [0x7747D03B+107]
	RtlGetAppContainerNamedObjectPath [0x7747CFC1+561]

2025-05-21 11:26:39,264 - ERROR - Timeout al esperar el elemento con 'xpath' = '//td[b[normalize-space(text())='Código INE Provincia:']]'
2025-05-21 11:26:39,264 - ERROR - Error al leer el campo 'Código INE Provincia:': Message: 
Stacktrace:
	GetHandleVerifier [0x0093FC83+61635]
	GetHandleVerifier [0x0093FCC4+61700]
	(No symbol) [0x007605D3]
	(No symbol) [0x007A899E]
	(No symbol) [0x007A8D3B]
	(No symbol) [0x007F0E12]
	(No symbol) [0x007CD2E4]
	(No symbol) [0x007EE61B]
	(No symbol) [0x007CD096]
	(No symbol) [0x0079C840]
	(No symbol) [0x0079D6A4]
	GetHandleVerifier [0x00BC45A3+2701795]
	GetHandleVerifier [0x00BBFD26+2683238]
	GetHandleVerifier [0x00BDAA6E+2793134]
	GetHandleVerifier [0x00956945+155013]
	GetHandleVerifier [0x0095D02D+181357]
	GetHandleVerifier [0x009474D8+92440]
	GetHandleVerifier [0x00947680+92864]
	GetHandleVerifier [0x00932070+5296]
	BaseThreadInitThunk [0x76995D49+25]
	RtlInitializeExceptionChain [0x7747D03B+107]
	RtlGetAppContainerNamedObjectPath [0x7747CFC1+561]

2025-05-21 11:26:39,264 - INFO - Datos de la empresa guardados
2025-05-21 11:26:39,358 - INFO - Web 'https://gestiona.comunidad.madrid/pcea_nima_web/html/web/InicioAccion.icm' abierta.
2025-05-21 11:26:39,409 - INFO - Se escribió texto en el elemento localizado por id='nif': '04247131C'
2025-05-21 11:26:39,925 - INFO - Elemento clickado con 'xpath' = '//a[@onclick="buscar('form');"]'.
2025-05-21 11:26:45,047 - ERROR - Timeout al esperar el elemento con 'css selector' = 'input[value='Consultar']'
2025-05-21 11:26:52,167 - ERROR - Timeout al esperar el elemento con 'xpath' = '//td[b[normalize-space(text())='NIF:']]'
2025-05-21 11:26:52,168 - ERROR - Error al leer el campo 'NIF:': Message: 
Stacktrace:
	GetHandleVerifier [0x0093FC83+61635]
	GetHandleVerifier [0x0093FCC4+61700]
	(No symbol) [0x007605D3]
	(No symbol) [0x007A899E]
	(No symbol) [0x007A8D3B]
	(No symbol) [0x007F0E12]
	(No symbol) [0x007CD2E4]
	(No symbol) [0x007EE61B]
	(No symbol) [0x007CD096]
	(No symbol) [0x0079C840]
	(No symbol) [0x0079D6A4]
	GetHandleVerifier [0x00BC45A3+2701795]
	GetHandleVerifier [0x00BBFD26+2683238]
	GetHandleVerifier [0x00BDAA6E+2793134]
	GetHandleVerifier [0x00956945+155013]
	GetHandleVerifier [0x0095D02D+181357]
	GetHandleVerifier [0x009474D8+92440]
	GetHandleVerifier [0x00947680+92864]
	GetHandleVerifier [0x00932070+5296]
	BaseThreadInitThunk [0x76995D49+25]
	RtlInitializeExceptionChain [0x7747D03B+107]
	RtlGetAppContainerNamedObjectPath [0x7747CFC1+561]

2025-05-21 11:26:57,284 - ERROR - Timeout al esperar el elemento con 'xpath' = '//td[b[normalize-space(text())='Razón Social:']]'
2025-05-21 11:26:57,284 - ERROR - Error al leer el campo 'Razón Social:': Message: 
Stacktrace:
	GetHandleVerifier [0x0093FC83+61635]
	GetHandleVerifier [0x0093FCC4+61700]
	(No symbol) [0x007605D3]
	(No symbol) [0x007A899E]
	(No symbol) [0x007A8D3B]
	(No symbol) [0x007F0E12]
	(No symbol) [0x007CD2E4]
	(No symbol) [0x007EE61B]
	(No symbol) [0x007CD096]
	(No symbol) [0x0079C840]
	(No symbol) [0x0079D6A4]
	GetHandleVerifier [0x00BC45A3+2701795]
	GetHandleVerifier [0x00BBFD26+2683238]
	GetHandleVerifier [0x00BDAA6E+2793134]
	GetHandleVerifier [0x00956945+155013]
	GetHandleVerifier [0x0095D02D+181357]
	GetHandleVerifier [0x009474D8+92440]
	GetHandleVerifier [0x00947680+92864]
	GetHandleVerifier [0x00932070+5296]
	BaseThreadInitThunk [0x76995D49+25]
	RtlInitializeExceptionChain [0x7747D03B+107]
	RtlGetAppContainerNamedObjectPath [0x7747CFC1+561]

2025-05-21 11:27:02,382 - ERROR - Timeout al esperar el elemento con 'xpath' = '//td[b[normalize-space(text())='Dirección Sede:']]'
2025-05-21 11:27:02,382 - ERROR - Error al leer el campo 'Dirección Sede:': Message: 
Stacktrace:
	GetHandleVerifier [0x0093FC83+61635]
	GetHandleVerifier [0x0093FCC4+61700]
	(No symbol) [0x007605D3]
	(No symbol) [0x007A899E]
	(No symbol) [0x007A8D3B]
	(No symbol) [0x007F0E12]
	(No symbol) [0x007CD2E4]
	(No symbol) [0x007EE61B]
	(No symbol) [0x007CD096]
	(No symbol) [0x0079C840]
	(No symbol) [0x0079D6A4]
	GetHandleVerifier [0x00BC45A3+2701795]
	GetHandleVerifier [0x00BBFD26+2683238]
	GetHandleVerifier [0x00BDAA6E+2793134]
	GetHandleVerifier [0x00956945+155013]
	GetHandleVerifier [0x0095D02D+181357]
	GetHandleVerifier [0x009474D8+92440]
	GetHandleVerifier [0x00947680+92864]
	GetHandleVerifier [0x00932070+5296]
	BaseThreadInitThunk [0x76995D49+25]
	RtlInitializeExceptionChain [0x7747D03B+107]
	RtlGetAppContainerNamedObjectPath [0x7747CFC1+561]

2025-05-21 11:27:07,468 - ERROR - Timeout al esperar el elemento con 'xpath' = '//td[b[normalize-space(text())='Municipio:']]'
2025-05-21 11:27:07,468 - ERROR - Error al leer el campo 'Municipio:': Message: 
Stacktrace:
	GetHandleVerifier [0x0093FC83+61635]
	GetHandleVerifier [0x0093FCC4+61700]
	(No symbol) [0x007605D3]
	(No symbol) [0x007A899E]
	(No symbol) [0x007A8D3B]
	(No symbol) [0x007F0E12]
	(No symbol) [0x007CD2E4]
	(No symbol) [0x007EE61B]
	(No symbol) [0x007CD096]
	(No symbol) [0x0079C840]
	(No symbol) [0x0079D6A4]
	GetHandleVerifier [0x00BC45A3+2701795]
	GetHandleVerifier [0x00BBFD26+2683238]
	GetHandleVerifier [0x00BDAA6E+2793134]
	GetHandleVerifier [0x00956945+155013]
	GetHandleVerifier [0x0095D02D+181357]
	GetHandleVerifier [0x009474D8+92440]
	GetHandleVerifier [0x00947680+92864]
	GetHandleVerifier [0x00932070+5296]
	BaseThreadInitThunk [0x76995D49+25]
	RtlInitializeExceptionChain [0x7747D03B+107]
	RtlGetAppContainerNamedObjectPath [0x7747CFC1+561]

2025-05-21 11:27:12,567 - ERROR - Timeout al esperar el elemento con 'xpath' = '//td[b[normalize-space(text())='Código INE Municipio:']]'
2025-05-21 11:27:12,567 - ERROR - Error al leer el campo 'Código INE Municipio:': Message: 
Stacktrace:
	GetHandleVerifier [0x0093FC83+61635]
	GetHandleVerifier [0x0093FCC4+61700]
	(No symbol) [0x007605D3]
	(No symbol) [0x007A899E]
	(No symbol) [0x007A8D3B]
	(No symbol) [0x007F0E12]
	(No symbol) [0x007CD2E4]
	(No symbol) [0x007EE61B]
	(No symbol) [0x007CD096]
	(No symbol) [0x0079C840]
	(No symbol) [0x0079D6A4]
	GetHandleVerifier [0x00BC45A3+2701795]
	GetHandleVerifier [0x00BBFD26+2683238]
	GetHandleVerifier [0x00BDAA6E+2793134]
	GetHandleVerifier [0x00956945+155013]
	GetHandleVerifier [0x0095D02D+181357]
	GetHandleVerifier [0x009474D8+92440]
	GetHandleVerifier [0x00947680+92864]
	GetHandleVerifier [0x00932070+5296]
	BaseThreadInitThunk [0x76995D49+25]
	RtlInitializeExceptionChain [0x7747D03B+107]
	RtlGetAppContainerNamedObjectPath [0x7747CFC1+561]

2025-05-21 11:27:17,675 - ERROR - Timeout al esperar el elemento con 'xpath' = '//td[b[normalize-space(text())='CP:']]'
2025-05-21 11:27:17,675 - ERROR - Error al leer el campo 'CP:': Message: 
Stacktrace:
	GetHandleVerifier [0x0093FC83+61635]
	GetHandleVerifier [0x0093FCC4+61700]
	(No symbol) [0x007605D3]
	(No symbol) [0x007A899E]
	(No symbol) [0x007A8D3B]
	(No symbol) [0x007F0E12]
	(No symbol) [0x007CD2E4]
	(No symbol) [0x007EE61B]
	(No symbol) [0x007CD096]
	(No symbol) [0x0079C840]
	(No symbol) [0x0079D6A4]
	GetHandleVerifier [0x00BC45A3+2701795]
	GetHandleVerifier [0x00BBFD26+2683238]
	GetHandleVerifier [0x00BDAA6E+2793134]
	GetHandleVerifier [0x00956945+155013]
	GetHandleVerifier [0x0095D02D+181357]
	GetHandleVerifier [0x009474D8+92440]
	GetHandleVerifier [0x00947680+92864]
	GetHandleVerifier [0x00932070+5296]
	BaseThreadInitThunk [0x76995D49+25]
	RtlInitializeExceptionChain [0x7747D03B+107]
	RtlGetAppContainerNamedObjectPath [0x7747CFC1+561]

2025-05-21 11:27:22,778 - ERROR - Timeout al esperar el elemento con 'xpath' = '//td[b[normalize-space(text())='Provincia:']]'
2025-05-21 11:27:22,778 - ERROR - Error al leer el campo 'Provincia:': Message: 
Stacktrace:
	GetHandleVerifier [0x0093FC83+61635]
	GetHandleVerifier [0x0093FCC4+61700]
	(No symbol) [0x007605D3]
	(No symbol) [0x007A899E]
	(No symbol) [0x007A8D3B]
	(No symbol) [0x007F0E12]
	(No symbol) [0x007CD2E4]
	(No symbol) [0x007EE61B]
	(No symbol) [0x007CD096]
	(No symbol) [0x0079C840]
	(No symbol) [0x0079D6A4]
	GetHandleVerifier [0x00BC45A3+2701795]
	GetHandleVerifier [0x00BBFD26+2683238]
	GetHandleVerifier [0x00BDAA6E+2793134]
	GetHandleVerifier [0x00956945+155013]
	GetHandleVerifier [0x0095D02D+181357]
	GetHandleVerifier [0x009474D8+92440]
	GetHandleVerifier [0x00947680+92864]
	GetHandleVerifier [0x00932070+5296]
	BaseThreadInitThunk [0x76995D49+25]
	RtlInitializeExceptionChain [0x7747D03B+107]
	RtlGetAppContainerNamedObjectPath [0x7747CFC1+561]

2025-05-21 11:27:27,881 - ERROR - Timeout al esperar el elemento con 'xpath' = '//td[b[normalize-space(text())='Código INE Provincia:']]'
2025-05-21 11:27:27,881 - ERROR - Error al leer el campo 'Código INE Provincia:': Message: 
Stacktrace:
	GetHandleVerifier [0x0093FC83+61635]
	GetHandleVerifier [0x0093FCC4+61700]
	(No symbol) [0x007605D3]
	(No symbol) [0x007A899E]
	(No symbol) [0x007A8D3B]
	(No symbol) [0x007F0E12]
	(No symbol) [0x007CD2E4]
	(No symbol) [0x007EE61B]
	(No symbol) [0x007CD096]
	(No symbol) [0x0079C840]
	(No symbol) [0x0079D6A4]
	GetHandleVerifier [0x00BC45A3+2701795]
	GetHandleVerifier [0x00BBFD26+2683238]
	GetHandleVerifier [0x00BDAA6E+2793134]
	GetHandleVerifier [0x00956945+155013]
	GetHandleVerifier [0x0095D02D+181357]
	GetHandleVerifier [0x009474D8+92440]
	GetHandleVerifier [0x00947680+92864]
	GetHandleVerifier [0x00932070+5296]
	BaseThreadInitThunk [0x76995D49+25]
	RtlInitializeExceptionChain [0x7747D03B+107]
	RtlGetAppContainerNamedObjectPath [0x7747CFC1+561]

2025-05-21 11:27:32,998 - ERROR - Timeout al esperar el elemento con 'xpath' = '//td[b[normalize-space(text())='Denominación del Centro:']]'
2025-05-21 11:27:32,999 - ERROR - Error al leer el campo 'Denominación del Centro:': Message: 
Stacktrace:
	GetHandleVerifier [0x0093FC83+61635]
	GetHandleVerifier [0x0093FCC4+61700]
	(No symbol) [0x007605D3]
	(No symbol) [0x007A899E]
	(No symbol) [0x007A8D3B]
	(No symbol) [0x007F0E12]
	(No symbol) [0x007CD2E4]
	(No symbol) [0x007EE61B]
	(No symbol) [0x007CD096]
	(No symbol) [0x0079C840]
	(No symbol) [0x0079D6A4]
	GetHandleVerifier [0x00BC45A3+2701795]
	GetHandleVerifier [0x00BBFD26+2683238]
	GetHandleVerifier [0x00BDAA6E+2793134]
	GetHandleVerifier [0x00956945+155013]
	GetHandleVerifier [0x0095D02D+181357]
	GetHandleVerifier [0x009474D8+92440]
	GetHandleVerifier [0x00947680+92864]
	GetHandleVerifier [0x00932070+5296]
	BaseThreadInitThunk [0x76995D49+25]
	RtlInitializeExceptionChain [0x7747D03B+107]
	RtlGetAppContainerNamedObjectPath [0x7747CFC1+561]

2025-05-21 11:27:38,100 - ERROR - Timeout al esperar el elemento con 'xpath' = '//td[b[normalize-space(text())='NIMA:']]'
2025-05-21 11:27:38,100 - ERROR - Error al leer el campo 'NIMA:': Message: 
Stacktrace:
	GetHandleVerifier [0x0093FC83+61635]
	GetHandleVerifier [0x0093FCC4+61700]
	(No symbol) [0x007605D3]
	(No symbol) [0x007A899E]
	(No symbol) [0x007A8D3B]
	(No symbol) [0x007F0E12]
	(No symbol) [0x007CD2E4]
	(No symbol) [0x007EE61B]
	(No symbol) [0x007CD096]
	(No symbol) [0x0079C840]
	(No symbol) [0x0079D6A4]
	GetHandleVerifier [0x00BC45A3+2701795]
	GetHandleVerifier [0x00BBFD26+2683238]
	GetHandleVerifier [0x00BDAA6E+2793134]
	GetHandleVerifier [0x00956945+155013]
	GetHandleVerifier [0x0095D02D+181357]
	GetHandleVerifier [0x009474D8+92440]
	GetHandleVerifier [0x00947680+92864]
	GetHandleVerifier [0x00932070+5296]
	BaseThreadInitThunk [0x76995D49+25]
	RtlInitializeExceptionChain [0x7747D03B+107]
	RtlGetAppContainerNamedObjectPath [0x7747CFC1+561]

2025-05-21 11:27:43,199 - ERROR - Timeout al esperar el elemento con 'xpath' = '//td[b[normalize-space(text())='Dirección Centro:']]'
2025-05-21 11:27:43,199 - ERROR - Error al leer el campo 'Dirección Centro:': Message: 
Stacktrace:
	GetHandleVerifier [0x0093FC83+61635]
	GetHandleVerifier [0x0093FCC4+61700]
	(No symbol) [0x007605D3]
	(No symbol) [0x007A899E]
	(No symbol) [0x007A8D3B]
	(No symbol) [0x007F0E12]
	(No symbol) [0x007CD2E4]
	(No symbol) [0x007EE61B]
	(No symbol) [0x007CD096]
	(No symbol) [0x0079C840]
	(No symbol) [0x0079D6A4]
	GetHandleVerifier [0x00BC45A3+2701795]
	GetHandleVerifier [0x00BBFD26+2683238]
	GetHandleVerifier [0x00BDAA6E+2793134]
	GetHandleVerifier [0x00956945+155013]
	GetHandleVerifier [0x0095D02D+181357]
	GetHandleVerifier [0x009474D8+92440]
	GetHandleVerifier [0x00947680+92864]
	GetHandleVerifier [0x00932070+5296]
	BaseThreadInitThunk [0x76995D49+25]
	RtlInitializeExceptionChain [0x7747D03B+107]
	RtlGetAppContainerNamedObjectPath [0x7747CFC1+561]

2025-05-21 11:27:48,288 - ERROR - Timeout al esperar el elemento con 'xpath' = '//td[b[normalize-space(text())='Municipio:']]'
2025-05-21 11:27:48,289 - ERROR - Error al leer el campo 'Municipio:': Message: 
Stacktrace:
	GetHandleVerifier [0x0093FC83+61635]
	GetHandleVerifier [0x0093FCC4+61700]
	(No symbol) [0x007605D3]
	(No symbol) [0x007A899E]
	(No symbol) [0x007A8D3B]
	(No symbol) [0x007F0E12]
	(No symbol) [0x007CD2E4]
	(No symbol) [0x007EE61B]
	(No symbol) [0x007CD096]
	(No symbol) [0x0079C840]
	(No symbol) [0x0079D6A4]
	GetHandleVerifier [0x00BC45A3+2701795]
	GetHandleVerifier [0x00BBFD26+2683238]
	GetHandleVerifier [0x00BDAA6E+2793134]
	GetHandleVerifier [0x00956945+155013]
	GetHandleVerifier [0x0095D02D+181357]
	GetHandleVerifier [0x009474D8+92440]
	GetHandleVerifier [0x00947680+92864]
	GetHandleVerifier [0x00932070+5296]
	BaseThreadInitThunk [0x76995D49+25]
	RtlInitializeExceptionChain [0x7747D03B+107]
	RtlGetAppContainerNamedObjectPath [0x7747CFC1+561]

2025-05-21 11:27:53,388 - ERROR - Timeout al esperar el elemento con 'xpath' = '//td[b[normalize-space(text())='Código INE Municipio:']]'
2025-05-21 11:27:53,389 - ERROR - Error al leer el campo 'Código INE Municipio:': Message: 
Stacktrace:
	GetHandleVerifier [0x0093FC83+61635]
	GetHandleVerifier [0x0093FCC4+61700]
	(No symbol) [0x007605D3]
	(No symbol) [0x007A899E]
	(No symbol) [0x007A8D3B]
	(No symbol) [0x007F0E12]
	(No symbol) [0x007CD2E4]
	(No symbol) [0x007EE61B]
	(No symbol) [0x007CD096]
	(No symbol) [0x0079C840]
	(No symbol) [0x0079D6A4]
	GetHandleVerifier [0x00BC45A3+2701795]
	GetHandleVerifier [0x00BBFD26+2683238]
	GetHandleVerifier [0x00BDAA6E+2793134]
	GetHandleVerifier [0x00956945+155013]
	GetHandleVerifier [0x0095D02D+181357]
	GetHandleVerifier [0x009474D8+92440]
	GetHandleVerifier [0x00947680+92864]
	GetHandleVerifier [0x00932070+5296]
	BaseThreadInitThunk [0x76995D49+25]
	RtlInitializeExceptionChain [0x7747D03B+107]
	RtlGetAppContainerNamedObjectPath [0x7747CFC1+561]

2025-05-21 11:27:58,523 - ERROR - Timeout al esperar el elemento con 'xpath' = '//td[b[normalize-space(text())='CP:']]'
2025-05-21 11:27:58,523 - ERROR - Error al leer el campo 'CP:': Message: 
Stacktrace:
	GetHandleVerifier [0x0093FC83+61635]
	GetHandleVerifier [0x0093FCC4+61700]
	(No symbol) [0x007605D3]
	(No symbol) [0x007A899E]
	(No symbol) [0x007A8D3B]
	(No symbol) [0x007F0E12]
	(No symbol) [0x007CD2E4]
	(No symbol) [0x007EE61B]
	(No symbol) [0x007CD096]
	(No symbol) [0x0079C840]
	(No symbol) [0x0079D6A4]
	GetHandleVerifier [0x00BC45A3+2701795]
	GetHandleVerifier [0x00BBFD26+2683238]
	GetHandleVerifier [0x00BDAA6E+2793134]
	GetHandleVerifier [0x00956945+155013]
	GetHandleVerifier [0x0095D02D+181357]
	GetHandleVerifier [0x009474D8+92440]
	GetHandleVerifier [0x00947680+92864]
	GetHandleVerifier [0x00932070+5296]
	BaseThreadInitThunk [0x76995D49+25]
	RtlInitializeExceptionChain [0x7747D03B+107]
	RtlGetAppContainerNamedObjectPath [0x7747CFC1+561]

2025-05-21 11:28:03,613 - ERROR - Timeout al esperar el elemento con 'xpath' = '//td[b[normalize-space(text())='Provincia:']]'
2025-05-21 11:28:03,614 - ERROR - Error al leer el campo 'Provincia:': Message: 
Stacktrace:
	GetHandleVerifier [0x0093FC83+61635]
	GetHandleVerifier [0x0093FCC4+61700]
	(No symbol) [0x007605D3]
	(No symbol) [0x007A899E]
	(No symbol) [0x007A8D3B]
	(No symbol) [0x007F0E12]
	(No symbol) [0x007CD2E4]
	(No symbol) [0x007EE61B]
	(No symbol) [0x007CD096]
	(No symbol) [0x0079C840]
	(No symbol) [0x0079D6A4]
	GetHandleVerifier [0x00BC45A3+2701795]
	GetHandleVerifier [0x00BBFD26+2683238]
	GetHandleVerifier [0x00BDAA6E+2793134]
	GetHandleVerifier [0x00956945+155013]
	GetHandleVerifier [0x0095D02D+181357]
	GetHandleVerifier [0x009474D8+92440]
	GetHandleVerifier [0x00947680+92864]
	GetHandleVerifier [0x00932070+5296]
	BaseThreadInitThunk [0x76995D49+25]
	RtlInitializeExceptionChain [0x7747D03B+107]
	RtlGetAppContainerNamedObjectPath [0x7747CFC1+561]

2025-05-21 11:28:08,716 - ERROR - Timeout al esperar el elemento con 'xpath' = '//td[b[normalize-space(text())='Código INE Provincia:']]'
2025-05-21 11:28:08,716 - ERROR - Error al leer el campo 'Código INE Provincia:': Message: 
Stacktrace:
	GetHandleVerifier [0x0093FC83+61635]
	GetHandleVerifier [0x0093FCC4+61700]
	(No symbol) [0x007605D3]
	(No symbol) [0x007A899E]
	(No symbol) [0x007A8D3B]
	(No symbol) [0x007F0E12]
	(No symbol) [0x007CD2E4]
	(No symbol) [0x007EE61B]
	(No symbol) [0x007CD096]
	(No symbol) [0x0079C840]
	(No symbol) [0x0079D6A4]
	GetHandleVerifier [0x00BC45A3+2701795]
	GetHandleVerifier [0x00BBFD26+2683238]
	GetHandleVerifier [0x00BDAA6E+2793134]
	GetHandleVerifier [0x00956945+155013]
	GetHandleVerifier [0x0095D02D+181357]
	GetHandleVerifier [0x009474D8+92440]
	GetHandleVerifier [0x00947680+92864]
	GetHandleVerifier [0x00932070+5296]
	BaseThreadInitThunk [0x76995D49+25]
	RtlInitializeExceptionChain [0x7747D03B+107]
	RtlGetAppContainerNamedObjectPath [0x7747CFC1+561]

2025-05-21 11:28:08,717 - INFO - Datos de la empresa guardados
2025-05-21 11:28:08,810 - INFO - Web 'https://gestiona.comunidad.madrid/pcea_nima_web/html/web/InicioAccion.icm' abierta.
2025-05-21 11:28:08,865 - INFO - Se escribió texto en el elemento localizado por id='nif': '03879645M'
2025-05-21 11:28:09,585 - INFO - Elemento clickado con 'xpath' = '//a[@onclick="buscar('form');"]'.
2025-05-21 11:28:14,720 - ERROR - Timeout al esperar el elemento con 'css selector' = 'input[value='Consultar']'
2025-05-21 11:28:21,819 - ERROR - Timeout al esperar el elemento con 'xpath' = '//td[b[normalize-space(text())='NIF:']]'
2025-05-21 11:28:21,819 - ERROR - Error al leer el campo 'NIF:': Message: 
Stacktrace:
	GetHandleVerifier [0x0093FC83+61635]
	GetHandleVerifier [0x0093FCC4+61700]
	(No symbol) [0x007605D3]
	(No symbol) [0x007A899E]
	(No symbol) [0x007A8D3B]
	(No symbol) [0x007F0E12]
	(No symbol) [0x007CD2E4]
	(No symbol) [0x007EE61B]
	(No symbol) [0x007CD096]
	(No symbol) [0x0079C840]
	(No symbol) [0x0079D6A4]
	GetHandleVerifier [0x00BC45A3+2701795]
	GetHandleVerifier [0x00BBFD26+2683238]
	GetHandleVerifier [0x00BDAA6E+2793134]
	GetHandleVerifier [0x00956945+155013]
	GetHandleVerifier [0x0095D02D+181357]
	GetHandleVerifier [0x009474D8+92440]
	GetHandleVerifier [0x00947680+92864]
	GetHandleVerifier [0x00932070+5296]
	BaseThreadInitThunk [0x76995D49+25]
	RtlInitializeExceptionChain [0x7747D03B+107]
	RtlGetAppContainerNamedObjectPath [0x7747CFC1+561]

2025-05-21 11:28:26,921 - ERROR - Timeout al esperar el elemento con 'xpath' = '//td[b[normalize-space(text())='Razón Social:']]'
2025-05-21 11:28:26,922 - ERROR - Error al leer el campo 'Razón Social:': Message: 
Stacktrace:
	GetHandleVerifier [0x0093FC83+61635]
	GetHandleVerifier [0x0093FCC4+61700]
	(No symbol) [0x007605D3]
	(No symbol) [0x007A899E]
	(No symbol) [0x007A8D3B]
	(No symbol) [0x007F0E12]
	(No symbol) [0x007CD2E4]
	(No symbol) [0x007EE61B]
	(No symbol) [0x007CD096]
	(No symbol) [0x0079C840]
	(No symbol) [0x0079D6A4]
	GetHandleVerifier [0x00BC45A3+2701795]
	GetHandleVerifier [0x00BBFD26+2683238]
	GetHandleVerifier [0x00BDAA6E+2793134]
	GetHandleVerifier [0x00956945+155013]
	GetHandleVerifier [0x0095D02D+181357]
	GetHandleVerifier [0x009474D8+92440]
	GetHandleVerifier [0x00947680+92864]
	GetHandleVerifier [0x00932070+5296]
	BaseThreadInitThunk [0x76995D49+25]
	RtlInitializeExceptionChain [0x7747D03B+107]
	RtlGetAppContainerNamedObjectPath [0x7747CFC1+561]

2025-05-21 11:28:32,020 - ERROR - Timeout al esperar el elemento con 'xpath' = '//td[b[normalize-space(text())='Dirección Sede:']]'
2025-05-21 11:28:32,021 - ERROR - Error al leer el campo 'Dirección Sede:': Message: 
Stacktrace:
	GetHandleVerifier [0x0093FC83+61635]
	GetHandleVerifier [0x0093FCC4+61700]
	(No symbol) [0x007605D3]
	(No symbol) [0x007A899E]
	(No symbol) [0x007A8D3B]
	(No symbol) [0x007F0E12]
	(No symbol) [0x007CD2E4]
	(No symbol) [0x007EE61B]
	(No symbol) [0x007CD096]
	(No symbol) [0x0079C840]
	(No symbol) [0x0079D6A4]
	GetHandleVerifier [0x00BC45A3+2701795]
	GetHandleVerifier [0x00BBFD26+2683238]
	GetHandleVerifier [0x00BDAA6E+2793134]
	GetHandleVerifier [0x00956945+155013]
	GetHandleVerifier [0x0095D02D+181357]
	GetHandleVerifier [0x009474D8+92440]
	GetHandleVerifier [0x00947680+92864]
	GetHandleVerifier [0x00932070+5296]
	BaseThreadInitThunk [0x76995D49+25]
	RtlInitializeExceptionChain [0x7747D03B+107]
	RtlGetAppContainerNamedObjectPath [0x7747CFC1+561]

2025-05-21 11:28:37,121 - ERROR - Timeout al esperar el elemento con 'xpath' = '//td[b[normalize-space(text())='Municipio:']]'
2025-05-21 11:28:37,121 - ERROR - Error al leer el campo 'Municipio:': Message: 
Stacktrace:
	GetHandleVerifier [0x0093FC83+61635]
	GetHandleVerifier [0x0093FCC4+61700]
	(No symbol) [0x007605D3]
	(No symbol) [0x007A899E]
	(No symbol) [0x007A8D3B]
	(No symbol) [0x007F0E12]
	(No symbol) [0x007CD2E4]
	(No symbol) [0x007EE61B]
	(No symbol) [0x007CD096]
	(No symbol) [0x0079C840]
	(No symbol) [0x0079D6A4]
	GetHandleVerifier [0x00BC45A3+2701795]
	GetHandleVerifier [0x00BBFD26+2683238]
	GetHandleVerifier [0x00BDAA6E+2793134]
	GetHandleVerifier [0x00956945+155013]
	GetHandleVerifier [0x0095D02D+181357]
	GetHandleVerifier [0x009474D8+92440]
	GetHandleVerifier [0x00947680+92864]
	GetHandleVerifier [0x00932070+5296]
	BaseThreadInitThunk [0x76995D49+25]
	RtlInitializeExceptionChain [0x7747D03B+107]
	RtlGetAppContainerNamedObjectPath [0x7747CFC1+561]

2025-05-21 11:28:42,220 - ERROR - Timeout al esperar el elemento con 'xpath' = '//td[b[normalize-space(text())='Código INE Municipio:']]'
2025-05-21 11:28:42,220 - ERROR - Error al leer el campo 'Código INE Municipio:': Message: 
Stacktrace:
	GetHandleVerifier [0x0093FC83+61635]
	GetHandleVerifier [0x0093FCC4+61700]
	(No symbol) [0x007605D3]
	(No symbol) [0x007A899E]
	(No symbol) [0x007A8D3B]
	(No symbol) [0x007F0E12]
	(No symbol) [0x007CD2E4]
	(No symbol) [0x007EE61B]
	(No symbol) [0x007CD096]
	(No symbol) [0x0079C840]
	(No symbol) [0x0079D6A4]
	GetHandleVerifier [0x00BC45A3+2701795]
	GetHandleVerifier [0x00BBFD26+2683238]
	GetHandleVerifier [0x00BDAA6E+2793134]
	GetHandleVerifier [0x00956945+155013]
	GetHandleVerifier [0x0095D02D+181357]
	GetHandleVerifier [0x009474D8+92440]
	GetHandleVerifier [0x00947680+92864]
	GetHandleVerifier [0x00932070+5296]
	BaseThreadInitThunk [0x76995D49+25]
	RtlInitializeExceptionChain [0x7747D03B+107]
	RtlGetAppContainerNamedObjectPath [0x7747CFC1+561]

2025-05-21 11:28:47,327 - ERROR - Timeout al esperar el elemento con 'xpath' = '//td[b[normalize-space(text())='CP:']]'
2025-05-21 11:28:47,327 - ERROR - Error al leer el campo 'CP:': Message: 
Stacktrace:
	GetHandleVerifier [0x0093FC83+61635]
	GetHandleVerifier [0x0093FCC4+61700]
	(No symbol) [0x007605D3]
	(No symbol) [0x007A899E]
	(No symbol) [0x007A8D3B]
	(No symbol) [0x007F0E12]
	(No symbol) [0x007CD2E4]
	(No symbol) [0x007EE61B]
	(No symbol) [0x007CD096]
	(No symbol) [0x0079C840]
	(No symbol) [0x0079D6A4]
	GetHandleVerifier [0x00BC45A3+2701795]
	GetHandleVerifier [0x00BBFD26+2683238]
	GetHandleVerifier [0x00BDAA6E+2793134]
	GetHandleVerifier [0x00956945+155013]
	GetHandleVerifier [0x0095D02D+181357]
	GetHandleVerifier [0x009474D8+92440]
	GetHandleVerifier [0x00947680+92864]
	GetHandleVerifier [0x00932070+5296]
	BaseThreadInitThunk [0x76995D49+25]
	RtlInitializeExceptionChain [0x7747D03B+107]
	RtlGetAppContainerNamedObjectPath [0x7747CFC1+561]

2025-05-21 11:28:52,423 - ERROR - Timeout al esperar el elemento con 'xpath' = '//td[b[normalize-space(text())='Provincia:']]'
2025-05-21 11:28:52,424 - ERROR - Error al leer el campo 'Provincia:': Message: 
Stacktrace:
	GetHandleVerifier [0x0093FC83+61635]
	GetHandleVerifier [0x0093FCC4+61700]
	(No symbol) [0x007605D3]
	(No symbol) [0x007A899E]
	(No symbol) [0x007A8D3B]
	(No symbol) [0x007F0E12]
	(No symbol) [0x007CD2E4]
	(No symbol) [0x007EE61B]
	(No symbol) [0x007CD096]
	(No symbol) [0x0079C840]
	(No symbol) [0x0079D6A4]
	GetHandleVerifier [0x00BC45A3+2701795]
	GetHandleVerifier [0x00BBFD26+2683238]
	GetHandleVerifier [0x00BDAA6E+2793134]
	GetHandleVerifier [0x00956945+155013]
	GetHandleVerifier [0x0095D02D+181357]
	GetHandleVerifier [0x009474D8+92440]
	GetHandleVerifier [0x00947680+92864]
	GetHandleVerifier [0x00932070+5296]
	BaseThreadInitThunk [0x76995D49+25]
	RtlInitializeExceptionChain [0x7747D03B+107]
	RtlGetAppContainerNamedObjectPath [0x7747CFC1+561]

2025-05-21 11:28:57,526 - ERROR - Timeout al esperar el elemento con 'xpath' = '//td[b[normalize-space(text())='Código INE Provincia:']]'
2025-05-21 11:28:57,526 - ERROR - Error al leer el campo 'Código INE Provincia:': Message: 
Stacktrace:
	GetHandleVerifier [0x0093FC83+61635]
	GetHandleVerifier [0x0093FCC4+61700]
	(No symbol) [0x007605D3]
	(No symbol) [0x007A899E]
	(No symbol) [0x007A8D3B]
	(No symbol) [0x007F0E12]
	(No symbol) [0x007CD2E4]
	(No symbol) [0x007EE61B]
	(No symbol) [0x007CD096]
	(No symbol) [0x0079C840]
	(No symbol) [0x0079D6A4]
	GetHandleVerifier [0x00BC45A3+2701795]
	GetHandleVerifier [0x00BBFD26+2683238]
	GetHandleVerifier [0x00BDAA6E+2793134]
	GetHandleVerifier [0x00956945+155013]
	GetHandleVerifier [0x0095D02D+181357]
	GetHandleVerifier [0x009474D8+92440]
	GetHandleVerifier [0x00947680+92864]
	GetHandleVerifier [0x00932070+5296]
	BaseThreadInitThunk [0x76995D49+25]
	RtlInitializeExceptionChain [0x7747D03B+107]
	RtlGetAppContainerNamedObjectPath [0x7747CFC1+561]

2025-05-21 11:29:02,648 - ERROR - Timeout al esperar el elemento con 'xpath' = '//td[b[normalize-space(text())='Denominación del Centro:']]'
2025-05-21 11:29:02,648 - ERROR - Error al leer el campo 'Denominación del Centro:': Message: 
Stacktrace:
	GetHandleVerifier [0x0093FC83+61635]
	GetHandleVerifier [0x0093FCC4+61700]
	(No symbol) [0x007605D3]
	(No symbol) [0x007A899E]
	(No symbol) [0x007A8D3B]
	(No symbol) [0x007F0E12]
	(No symbol) [0x007CD2E4]
	(No symbol) [0x007EE61B]
	(No symbol) [0x007CD096]
	(No symbol) [0x0079C840]
	(No symbol) [0x0079D6A4]
	GetHandleVerifier [0x00BC45A3+2701795]
	GetHandleVerifier [0x00BBFD26+2683238]
	GetHandleVerifier [0x00BDAA6E+2793134]
	GetHandleVerifier [0x00956945+155013]
	GetHandleVerifier [0x0095D02D+181357]
	GetHandleVerifier [0x009474D8+92440]
	GetHandleVerifier [0x00947680+92864]
	GetHandleVerifier [0x00932070+5296]
	BaseThreadInitThunk [0x76995D49+25]
	RtlInitializeExceptionChain [0x7747D03B+107]
	RtlGetAppContainerNamedObjectPath [0x7747CFC1+561]

2025-05-21 11:29:07,769 - ERROR - Timeout al esperar el elemento con 'xpath' = '//td[b[normalize-space(text())='NIMA:']]'
2025-05-21 11:29:07,769 - ERROR - Error al leer el campo 'NIMA:': Message: 
Stacktrace:
	GetHandleVerifier [0x0093FC83+61635]
	GetHandleVerifier [0x0093FCC4+61700]
	(No symbol) [0x007605D3]
	(No symbol) [0x007A899E]
	(No symbol) [0x007A8D3B]
	(No symbol) [0x007F0E12]
	(No symbol) [0x007CD2E4]
	(No symbol) [0x007EE61B]
	(No symbol) [0x007CD096]
	(No symbol) [0x0079C840]
	(No symbol) [0x0079D6A4]
	GetHandleVerifier [0x00BC45A3+2701795]
	GetHandleVerifier [0x00BBFD26+2683238]
	GetHandleVerifier [0x00BDAA6E+2793134]
	GetHandleVerifier [0x00956945+155013]
	GetHandleVerifier [0x0095D02D+181357]
	GetHandleVerifier [0x009474D8+92440]
	GetHandleVerifier [0x00947680+92864]
	GetHandleVerifier [0x00932070+5296]
	BaseThreadInitThunk [0x76995D49+25]
	RtlInitializeExceptionChain [0x7747D03B+107]
	RtlGetAppContainerNamedObjectPath [0x7747CFC1+561]

2025-05-21 11:29:12,876 - ERROR - Timeout al esperar el elemento con 'xpath' = '//td[b[normalize-space(text())='Dirección Centro:']]'
2025-05-21 11:29:12,876 - ERROR - Error al leer el campo 'Dirección Centro:': Message: 
Stacktrace:
	GetHandleVerifier [0x0093FC83+61635]
	GetHandleVerifier [0x0093FCC4+61700]
	(No symbol) [0x007605D3]
	(No symbol) [0x007A899E]
	(No symbol) [0x007A8D3B]
	(No symbol) [0x007F0E12]
	(No symbol) [0x007CD2E4]
	(No symbol) [0x007EE61B]
	(No symbol) [0x007CD096]
	(No symbol) [0x0079C840]
	(No symbol) [0x0079D6A4]
	GetHandleVerifier [0x00BC45A3+2701795]
	GetHandleVerifier [0x00BBFD26+2683238]
	GetHandleVerifier [0x00BDAA6E+2793134]
	GetHandleVerifier [0x00956945+155013]
	GetHandleVerifier [0x0095D02D+181357]
	GetHandleVerifier [0x009474D8+92440]
	GetHandleVerifier [0x00947680+92864]
	GetHandleVerifier [0x00932070+5296]
	BaseThreadInitThunk [0x76995D49+25]
	RtlInitializeExceptionChain [0x7747D03B+107]
	RtlGetAppContainerNamedObjectPath [0x7747CFC1+561]

2025-05-21 11:29:18,014 - ERROR - Timeout al esperar el elemento con 'xpath' = '//td[b[normalize-space(text())='Municipio:']]'
2025-05-21 11:29:18,015 - ERROR - Error al leer el campo 'Municipio:': Message: 
Stacktrace:
	GetHandleVerifier [0x0093FC83+61635]
	GetHandleVerifier [0x0093FCC4+61700]
	(No symbol) [0x007605D3]
	(No symbol) [0x007A899E]
	(No symbol) [0x007A8D3B]
	(No symbol) [0x007F0E12]
	(No symbol) [0x007CD2E4]
	(No symbol) [0x007EE61B]
	(No symbol) [0x007CD096]
	(No symbol) [0x0079C840]
	(No symbol) [0x0079D6A4]
	GetHandleVerifier [0x00BC45A3+2701795]
	GetHandleVerifier [0x00BBFD26+2683238]
	GetHandleVerifier [0x00BDAA6E+2793134]
	GetHandleVerifier [0x00956945+155013]
	GetHandleVerifier [0x0095D02D+181357]
	GetHandleVerifier [0x009474D8+92440]
	GetHandleVerifier [0x00947680+92864]
	GetHandleVerifier [0x00932070+5296]
	BaseThreadInitThunk [0x76995D49+25]
	RtlInitializeExceptionChain [0x7747D03B+107]
	RtlGetAppContainerNamedObjectPath [0x7747CFC1+561]

2025-05-21 11:29:23,145 - ERROR - Timeout al esperar el elemento con 'xpath' = '//td[b[normalize-space(text())='Código INE Municipio:']]'
2025-05-21 11:29:23,145 - ERROR - Error al leer el campo 'Código INE Municipio:': Message: 
Stacktrace:
	GetHandleVerifier [0x0093FC83+61635]
	GetHandleVerifier [0x0093FCC4+61700]
	(No symbol) [0x007605D3]
	(No symbol) [0x007A899E]
	(No symbol) [0x007A8D3B]
	(No symbol) [0x007F0E12]
	(No symbol) [0x007CD2E4]
	(No symbol) [0x007EE61B]
	(No symbol) [0x007CD096]
	(No symbol) [0x0079C840]
	(No symbol) [0x0079D6A4]
	GetHandleVerifier [0x00BC45A3+2701795]
	GetHandleVerifier [0x00BBFD26+2683238]
	GetHandleVerifier [0x00BDAA6E+2793134]
	GetHandleVerifier [0x00956945+155013]
	GetHandleVerifier [0x0095D02D+181357]
	GetHandleVerifier [0x009474D8+92440]
	GetHandleVerifier [0x00947680+92864]
	GetHandleVerifier [0x00932070+5296]
	BaseThreadInitThunk [0x76995D49+25]
	RtlInitializeExceptionChain [0x7747D03B+107]
	RtlGetAppContainerNamedObjectPath [0x7747CFC1+561]

2025-05-21 11:29:28,232 - ERROR - Timeout al esperar el elemento con 'xpath' = '//td[b[normalize-space(text())='CP:']]'
2025-05-21 11:29:28,232 - ERROR - Error al leer el campo 'CP:': Message: 
Stacktrace:
	GetHandleVerifier [0x0093FC83+61635]
	GetHandleVerifier [0x0093FCC4+61700]
	(No symbol) [0x007605D3]
	(No symbol) [0x007A899E]
	(No symbol) [0x007A8D3B]
	(No symbol) [0x007F0E12]
	(No symbol) [0x007CD2E4]
	(No symbol) [0x007EE61B]
	(No symbol) [0x007CD096]
	(No symbol) [0x0079C840]
	(No symbol) [0x0079D6A4]
	GetHandleVerifier [0x00BC45A3+2701795]
	GetHandleVerifier [0x00BBFD26+2683238]
	GetHandleVerifier [0x00BDAA6E+2793134]
	GetHandleVerifier [0x00956945+155013]
	GetHandleVerifier [0x0095D02D+181357]
	GetHandleVerifier [0x009474D8+92440]
	GetHandleVerifier [0x00947680+92864]
	GetHandleVerifier [0x00932070+5296]
	BaseThreadInitThunk [0x76995D49+25]
	RtlInitializeExceptionChain [0x7747D03B+107]
	RtlGetAppContainerNamedObjectPath [0x7747CFC1+561]

2025-05-21 11:29:33,335 - ERROR - Timeout al esperar el elemento con 'xpath' = '//td[b[normalize-space(text())='Provincia:']]'
2025-05-21 11:29:33,335 - ERROR - Error al leer el campo 'Provincia:': Message: 
Stacktrace:
	GetHandleVerifier [0x0093FC83+61635]
	GetHandleVerifier [0x0093FCC4+61700]
	(No symbol) [0x007605D3]
	(No symbol) [0x007A899E]
	(No symbol) [0x007A8D3B]
	(No symbol) [0x007F0E12]
	(No symbol) [0x007CD2E4]
	(No symbol) [0x007EE61B]
	(No symbol) [0x007CD096]
	(No symbol) [0x0079C840]
	(No symbol) [0x0079D6A4]
	GetHandleVerifier [0x00BC45A3+2701795]
	GetHandleVerifier [0x00BBFD26+2683238]
	GetHandleVerifier [0x00BDAA6E+2793134]
	GetHandleVerifier [0x00956945+155013]
	GetHandleVerifier [0x0095D02D+181357]
	GetHandleVerifier [0x009474D8+92440]
	GetHandleVerifier [0x00947680+92864]
	GetHandleVerifier [0x00932070+5296]
	BaseThreadInitThunk [0x76995D49+25]
	RtlInitializeExceptionChain [0x7747D03B+107]
	RtlGetAppContainerNamedObjectPath [0x7747CFC1+561]

2025-05-21 11:29:38,431 - ERROR - Timeout al esperar el elemento con 'xpath' = '//td[b[normalize-space(text())='Código INE Provincia:']]'
2025-05-21 11:29:38,431 - ERROR - Error al leer el campo 'Código INE Provincia:': Message: 
Stacktrace:
	GetHandleVerifier [0x0093FC83+61635]
	GetHandleVerifier [0x0093FCC4+61700]
	(No symbol) [0x007605D3]
	(No symbol) [0x007A899E]
	(No symbol) [0x007A8D3B]
	(No symbol) [0x007F0E12]
	(No symbol) [0x007CD2E4]
	(No symbol) [0x007EE61B]
	(No symbol) [0x007CD096]
	(No symbol) [0x0079C840]
	(No symbol) [0x0079D6A4]
	GetHandleVerifier [0x00BC45A3+2701795]
	GetHandleVerifier [0x00BBFD26+2683238]
	GetHandleVerifier [0x00BDAA6E+2793134]
	GetHandleVerifier [0x00956945+155013]
	GetHandleVerifier [0x0095D02D+181357]
	GetHandleVerifier [0x009474D8+92440]
	GetHandleVerifier [0x00947680+92864]
	GetHandleVerifier [0x00932070+5296]
	BaseThreadInitThunk [0x76995D49+25]
	RtlInitializeExceptionChain [0x7747D03B+107]
	RtlGetAppContainerNamedObjectPath [0x7747CFC1+561]

2025-05-21 11:29:38,431 - INFO - Datos de la empresa guardados
2025-05-21 11:29:38,532 - INFO - Web 'https://gestiona.comunidad.madrid/pcea_nima_web/html/web/InicioAccion.icm' abierta.
2025-05-21 11:29:38,588 - INFO - Se escribió texto en el elemento localizado por id='nif': '03963262V '
2025-05-21 11:29:38,630 - INFO - Elemento clickado con 'xpath' = '//a[@onclick="buscar('form');"]'.
2025-05-21 11:29:43,740 - ERROR - Timeout al esperar el elemento con 'css selector' = 'input[value='Consultar']'
2025-05-21 11:29:50,856 - ERROR - Timeout al esperar el elemento con 'xpath' = '//td[b[normalize-space(text())='NIF:']]'
2025-05-21 11:29:50,857 - ERROR - Error al leer el campo 'NIF:': Message: 
Stacktrace:
	GetHandleVerifier [0x0093FC83+61635]
	GetHandleVerifier [0x0093FCC4+61700]
	(No symbol) [0x007605D3]
	(No symbol) [0x007A899E]
	(No symbol) [0x007A8D3B]
	(No symbol) [0x007F0E12]
	(No symbol) [0x007CD2E4]
	(No symbol) [0x007EE61B]
	(No symbol) [0x007CD096]
	(No symbol) [0x0079C840]
	(No symbol) [0x0079D6A4]
	GetHandleVerifier [0x00BC45A3+2701795]
	GetHandleVerifier [0x00BBFD26+2683238]
	GetHandleVerifier [0x00BDAA6E+2793134]
	GetHandleVerifier [0x00956945+155013]
	GetHandleVerifier [0x0095D02D+181357]
	GetHandleVerifier [0x009474D8+92440]
	GetHandleVerifier [0x00947680+92864]
	GetHandleVerifier [0x00932070+5296]
	BaseThreadInitThunk [0x76995D49+25]
	RtlInitializeExceptionChain [0x7747D03B+107]
	RtlGetAppContainerNamedObjectPath [0x7747CFC1+561]

2025-05-21 11:29:55,974 - ERROR - Timeout al esperar el elemento con 'xpath' = '//td[b[normalize-space(text())='Razón Social:']]'
2025-05-21 11:29:55,974 - ERROR - Error al leer el campo 'Razón Social:': Message: 
Stacktrace:
	GetHandleVerifier [0x0093FC83+61635]
	GetHandleVerifier [0x0093FCC4+61700]
	(No symbol) [0x007605D3]
	(No symbol) [0x007A899E]
	(No symbol) [0x007A8D3B]
	(No symbol) [0x007F0E12]
	(No symbol) [0x007CD2E4]
	(No symbol) [0x007EE61B]
	(No symbol) [0x007CD096]
	(No symbol) [0x0079C840]
	(No symbol) [0x0079D6A4]
	GetHandleVerifier [0x00BC45A3+2701795]
	GetHandleVerifier [0x00BBFD26+2683238]
	GetHandleVerifier [0x00BDAA6E+2793134]
	GetHandleVerifier [0x00956945+155013]
	GetHandleVerifier [0x0095D02D+181357]
	GetHandleVerifier [0x009474D8+92440]
	GetHandleVerifier [0x00947680+92864]
	GetHandleVerifier [0x00932070+5296]
	BaseThreadInitThunk [0x76995D49+25]
	RtlInitializeExceptionChain [0x7747D03B+107]
	RtlGetAppContainerNamedObjectPath [0x7747CFC1+561]

2025-05-21 11:30:01,069 - ERROR - Timeout al esperar el elemento con 'xpath' = '//td[b[normalize-space(text())='Dirección Sede:']]'
2025-05-21 11:30:01,069 - ERROR - Error al leer el campo 'Dirección Sede:': Message: 
Stacktrace:
	GetHandleVerifier [0x0093FC83+61635]
	GetHandleVerifier [0x0093FCC4+61700]
	(No symbol) [0x007605D3]
	(No symbol) [0x007A899E]
	(No symbol) [0x007A8D3B]
	(No symbol) [0x007F0E12]
	(No symbol) [0x007CD2E4]
	(No symbol) [0x007EE61B]
	(No symbol) [0x007CD096]
	(No symbol) [0x0079C840]
	(No symbol) [0x0079D6A4]
	GetHandleVerifier [0x00BC45A3+2701795]
	GetHandleVerifier [0x00BBFD26+2683238]
	GetHandleVerifier [0x00BDAA6E+2793134]
	GetHandleVerifier [0x00956945+155013]
	GetHandleVerifier [0x0095D02D+181357]
	GetHandleVerifier [0x009474D8+92440]
	GetHandleVerifier [0x00947680+92864]
	GetHandleVerifier [0x00932070+5296]
	BaseThreadInitThunk [0x76995D49+25]
	RtlInitializeExceptionChain [0x7747D03B+107]
	RtlGetAppContainerNamedObjectPath [0x7747CFC1+561]

2025-05-21 11:30:06,188 - ERROR - Timeout al esperar el elemento con 'xpath' = '//td[b[normalize-space(text())='Municipio:']]'
2025-05-21 11:30:06,188 - ERROR - Error al leer el campo 'Municipio:': Message: 
Stacktrace:
	GetHandleVerifier [0x0093FC83+61635]
	GetHandleVerifier [0x0093FCC4+61700]
	(No symbol) [0x007605D3]
	(No symbol) [0x007A899E]
	(No symbol) [0x007A8D3B]
	(No symbol) [0x007F0E12]
	(No symbol) [0x007CD2E4]
	(No symbol) [0x007EE61B]
	(No symbol) [0x007CD096]
	(No symbol) [0x0079C840]
	(No symbol) [0x0079D6A4]
	GetHandleVerifier [0x00BC45A3+2701795]
	GetHandleVerifier [0x00BBFD26+2683238]
	GetHandleVerifier [0x00BDAA6E+2793134]
	GetHandleVerifier [0x00956945+155013]
	GetHandleVerifier [0x0095D02D+181357]
	GetHandleVerifier [0x009474D8+92440]
	GetHandleVerifier [0x00947680+92864]
	GetHandleVerifier [0x00932070+5296]
	BaseThreadInitThunk [0x76995D49+25]
	RtlInitializeExceptionChain [0x7747D03B+107]
	RtlGetAppContainerNamedObjectPath [0x7747CFC1+561]

2025-05-21 11:30:11,307 - ERROR - Timeout al esperar el elemento con 'xpath' = '//td[b[normalize-space(text())='Código INE Municipio:']]'
2025-05-21 11:30:11,308 - ERROR - Error al leer el campo 'Código INE Municipio:': Message: 
Stacktrace:
	GetHandleVerifier [0x0093FC83+61635]
	GetHandleVerifier [0x0093FCC4+61700]
	(No symbol) [0x007605D3]
	(No symbol) [0x007A899E]
	(No symbol) [0x007A8D3B]
	(No symbol) [0x007F0E12]
	(No symbol) [0x007CD2E4]
	(No symbol) [0x007EE61B]
	(No symbol) [0x007CD096]
	(No symbol) [0x0079C840]
	(No symbol) [0x0079D6A4]
	GetHandleVerifier [0x00BC45A3+2701795]
	GetHandleVerifier [0x00BBFD26+2683238]
	GetHandleVerifier [0x00BDAA6E+2793134]
	GetHandleVerifier [0x00956945+155013]
	GetHandleVerifier [0x0095D02D+181357]
	GetHandleVerifier [0x009474D8+92440]
	GetHandleVerifier [0x00947680+92864]
	GetHandleVerifier [0x00932070+5296]
	BaseThreadInitThunk [0x76995D49+25]
	RtlInitializeExceptionChain [0x7747D03B+107]
	RtlGetAppContainerNamedObjectPath [0x7747CFC1+561]

2025-05-21 11:30:16,420 - ERROR - Timeout al esperar el elemento con 'xpath' = '//td[b[normalize-space(text())='CP:']]'
2025-05-21 11:30:16,420 - ERROR - Error al leer el campo 'CP:': Message: 
Stacktrace:
	GetHandleVerifier [0x0093FC83+61635]
	GetHandleVerifier [0x0093FCC4+61700]
	(No symbol) [0x007605D3]
	(No symbol) [0x007A899E]
	(No symbol) [0x007A8D3B]
	(No symbol) [0x007F0E12]
	(No symbol) [0x007CD2E4]
	(No symbol) [0x007EE61B]
	(No symbol) [0x007CD096]
	(No symbol) [0x0079C840]
	(No symbol) [0x0079D6A4]
	GetHandleVerifier [0x00BC45A3+2701795]
	GetHandleVerifier [0x00BBFD26+2683238]
	GetHandleVerifier [0x00BDAA6E+2793134]
	GetHandleVerifier [0x00956945+155013]
	GetHandleVerifier [0x0095D02D+181357]
	GetHandleVerifier [0x009474D8+92440]
	GetHandleVerifier [0x00947680+92864]
	GetHandleVerifier [0x00932070+5296]
	BaseThreadInitThunk [0x76995D49+25]
	RtlInitializeExceptionChain [0x7747D03B+107]
	RtlGetAppContainerNamedObjectPath [0x7747CFC1+561]

2025-05-21 11:30:21,524 - ERROR - Timeout al esperar el elemento con 'xpath' = '//td[b[normalize-space(text())='Provincia:']]'
2025-05-21 11:30:21,524 - ERROR - Error al leer el campo 'Provincia:': Message: 
Stacktrace:
	GetHandleVerifier [0x0093FC83+61635]
	GetHandleVerifier [0x0093FCC4+61700]
	(No symbol) [0x007605D3]
	(No symbol) [0x007A899E]
	(No symbol) [0x007A8D3B]
	(No symbol) [0x007F0E12]
	(No symbol) [0x007CD2E4]
	(No symbol) [0x007EE61B]
	(No symbol) [0x007CD096]
	(No symbol) [0x0079C840]
	(No symbol) [0x0079D6A4]
	GetHandleVerifier [0x00BC45A3+2701795]
	GetHandleVerifier [0x00BBFD26+2683238]
	GetHandleVerifier [0x00BDAA6E+2793134]
	GetHandleVerifier [0x00956945+155013]
	GetHandleVerifier [0x0095D02D+181357]
	GetHandleVerifier [0x009474D8+92440]
	GetHandleVerifier [0x00947680+92864]
	GetHandleVerifier [0x00932070+5296]
	BaseThreadInitThunk [0x76995D49+25]
	RtlInitializeExceptionChain [0x7747D03B+107]
	RtlGetAppContainerNamedObjectPath [0x7747CFC1+561]

2025-05-21 11:30:26,622 - ERROR - Timeout al esperar el elemento con 'xpath' = '//td[b[normalize-space(text())='Código INE Provincia:']]'
2025-05-21 11:30:26,623 - ERROR - Error al leer el campo 'Código INE Provincia:': Message: 
Stacktrace:
	GetHandleVerifier [0x0093FC83+61635]
	GetHandleVerifier [0x0093FCC4+61700]
	(No symbol) [0x007605D3]
	(No symbol) [0x007A899E]
	(No symbol) [0x007A8D3B]
	(No symbol) [0x007F0E12]
	(No symbol) [0x007CD2E4]
	(No symbol) [0x007EE61B]
	(No symbol) [0x007CD096]
	(No symbol) [0x0079C840]
	(No symbol) [0x0079D6A4]
	GetHandleVerifier [0x00BC45A3+2701795]
	GetHandleVerifier [0x00BBFD26+2683238]
	GetHandleVerifier [0x00BDAA6E+2793134]
	GetHandleVerifier [0x00956945+155013]
	GetHandleVerifier [0x0095D02D+181357]
	GetHandleVerifier [0x009474D8+92440]
	GetHandleVerifier [0x00947680+92864]
	GetHandleVerifier [0x00932070+5296]
	BaseThreadInitThunk [0x76995D49+25]
	RtlInitializeExceptionChain [0x7747D03B+107]
	RtlGetAppContainerNamedObjectPath [0x7747CFC1+561]

2025-05-21 11:30:31,758 - ERROR - Timeout al esperar el elemento con 'xpath' = '//td[b[normalize-space(text())='Denominación del Centro:']]'
2025-05-21 11:30:31,758 - ERROR - Error al leer el campo 'Denominación del Centro:': Message: 
Stacktrace:
	GetHandleVerifier [0x0093FC83+61635]
	GetHandleVerifier [0x0093FCC4+61700]
	(No symbol) [0x007605D3]
	(No symbol) [0x007A899E]
	(No symbol) [0x007A8D3B]
	(No symbol) [0x007F0E12]
	(No symbol) [0x007CD2E4]
	(No symbol) [0x007EE61B]
	(No symbol) [0x007CD096]
	(No symbol) [0x0079C840]
	(No symbol) [0x0079D6A4]
	GetHandleVerifier [0x00BC45A3+2701795]
	GetHandleVerifier [0x00BBFD26+2683238]
	GetHandleVerifier [0x00BDAA6E+2793134]
	GetHandleVerifier [0x00956945+155013]
	GetHandleVerifier [0x0095D02D+181357]
	GetHandleVerifier [0x009474D8+92440]
	GetHandleVerifier [0x00947680+92864]
	GetHandleVerifier [0x00932070+5296]
	BaseThreadInitThunk [0x76995D49+25]
	RtlInitializeExceptionChain [0x7747D03B+107]
	RtlGetAppContainerNamedObjectPath [0x7747CFC1+561]

2025-05-21 11:30:36,854 - ERROR - Timeout al esperar el elemento con 'xpath' = '//td[b[normalize-space(text())='NIMA:']]'
2025-05-21 11:30:36,854 - ERROR - Error al leer el campo 'NIMA:': Message: 
Stacktrace:
	GetHandleVerifier [0x0093FC83+61635]
	GetHandleVerifier [0x0093FCC4+61700]
	(No symbol) [0x007605D3]
	(No symbol) [0x007A899E]
	(No symbol) [0x007A8D3B]
	(No symbol) [0x007F0E12]
	(No symbol) [0x007CD2E4]
	(No symbol) [0x007EE61B]
	(No symbol) [0x007CD096]
	(No symbol) [0x0079C840]
	(No symbol) [0x0079D6A4]
	GetHandleVerifier [0x00BC45A3+2701795]
	GetHandleVerifier [0x00BBFD26+2683238]
	GetHandleVerifier [0x00BDAA6E+2793134]
	GetHandleVerifier [0x00956945+155013]
	GetHandleVerifier [0x0095D02D+181357]
	GetHandleVerifier [0x009474D8+92440]
	GetHandleVerifier [0x00947680+92864]
	GetHandleVerifier [0x00932070+5296]
	BaseThreadInitThunk [0x76995D49+25]
	RtlInitializeExceptionChain [0x7747D03B+107]
	RtlGetAppContainerNamedObjectPath [0x7747CFC1+561]

2025-05-21 11:30:42,009 - ERROR - Timeout al esperar el elemento con 'xpath' = '//td[b[normalize-space(text())='Dirección Centro:']]'
2025-05-21 11:30:42,009 - ERROR - Error al leer el campo 'Dirección Centro:': Message: 
Stacktrace:
	GetHandleVerifier [0x0093FC83+61635]
	GetHandleVerifier [0x0093FCC4+61700]
	(No symbol) [0x007605D3]
	(No symbol) [0x007A899E]
	(No symbol) [0x007A8D3B]
	(No symbol) [0x007F0E12]
	(No symbol) [0x007CD2E4]
	(No symbol) [0x007EE61B]
	(No symbol) [0x007CD096]
	(No symbol) [0x0079C840]
	(No symbol) [0x0079D6A4]
	GetHandleVerifier [0x00BC45A3+2701795]
	GetHandleVerifier [0x00BBFD26+2683238]
	GetHandleVerifier [0x00BDAA6E+2793134]
	GetHandleVerifier [0x00956945+155013]
	GetHandleVerifier [0x0095D02D+181357]
	GetHandleVerifier [0x009474D8+92440]
	GetHandleVerifier [0x00947680+92864]
	GetHandleVerifier [0x00932070+5296]
	BaseThreadInitThunk [0x76995D49+25]
	RtlInitializeExceptionChain [0x7747D03B+107]
	RtlGetAppContainerNamedObjectPath [0x7747CFC1+561]

2025-05-21 11:30:47,176 - ERROR - Timeout al esperar el elemento con 'xpath' = '//td[b[normalize-space(text())='Municipio:']]'
2025-05-21 11:30:47,176 - ERROR - Error al leer el campo 'Municipio:': Message: 
Stacktrace:
	GetHandleVerifier [0x0093FC83+61635]
	GetHandleVerifier [0x0093FCC4+61700]
	(No symbol) [0x007605D3]
	(No symbol) [0x007A899E]
	(No symbol) [0x007A8D3B]
	(No symbol) [0x007F0E12]
	(No symbol) [0x007CD2E4]
	(No symbol) [0x007EE61B]
	(No symbol) [0x007CD096]
	(No symbol) [0x0079C840]
	(No symbol) [0x0079D6A4]
	GetHandleVerifier [0x00BC45A3+2701795]
	GetHandleVerifier [0x00BBFD26+2683238]
	GetHandleVerifier [0x00BDAA6E+2793134]
	GetHandleVerifier [0x00956945+155013]
	GetHandleVerifier [0x0095D02D+181357]
	GetHandleVerifier [0x009474D8+92440]
	GetHandleVerifier [0x00947680+92864]
	GetHandleVerifier [0x00932070+5296]
	BaseThreadInitThunk [0x76995D49+25]
	RtlInitializeExceptionChain [0x7747D03B+107]
	RtlGetAppContainerNamedObjectPath [0x7747CFC1+561]

2025-05-21 11:30:52,304 - ERROR - Timeout al esperar el elemento con 'xpath' = '//td[b[normalize-space(text())='Código INE Municipio:']]'
2025-05-21 11:30:52,304 - ERROR - Error al leer el campo 'Código INE Municipio:': Message: 
Stacktrace:
	GetHandleVerifier [0x0093FC83+61635]
	GetHandleVerifier [0x0093FCC4+61700]
	(No symbol) [0x007605D3]
	(No symbol) [0x007A899E]
	(No symbol) [0x007A8D3B]
	(No symbol) [0x007F0E12]
	(No symbol) [0x007CD2E4]
	(No symbol) [0x007EE61B]
	(No symbol) [0x007CD096]
	(No symbol) [0x0079C840]
	(No symbol) [0x0079D6A4]
	GetHandleVerifier [0x00BC45A3+2701795]
	GetHandleVerifier [0x00BBFD26+2683238]
	GetHandleVerifier [0x00BDAA6E+2793134]
	GetHandleVerifier [0x00956945+155013]
	GetHandleVerifier [0x0095D02D+181357]
	GetHandleVerifier [0x009474D8+92440]
	GetHandleVerifier [0x00947680+92864]
	GetHandleVerifier [0x00932070+5296]
	BaseThreadInitThunk [0x76995D49+25]
	RtlInitializeExceptionChain [0x7747D03B+107]
	RtlGetAppContainerNamedObjectPath [0x7747CFC1+561]

2025-05-21 11:30:57,446 - ERROR - Timeout al esperar el elemento con 'xpath' = '//td[b[normalize-space(text())='CP:']]'
2025-05-21 11:30:57,446 - ERROR - Error al leer el campo 'CP:': Message: 
Stacktrace:
	GetHandleVerifier [0x0093FC83+61635]
	GetHandleVerifier [0x0093FCC4+61700]
	(No symbol) [0x007605D3]
	(No symbol) [0x007A899E]
	(No symbol) [0x007A8D3B]
	(No symbol) [0x007F0E12]
	(No symbol) [0x007CD2E4]
	(No symbol) [0x007EE61B]
	(No symbol) [0x007CD096]
	(No symbol) [0x0079C840]
	(No symbol) [0x0079D6A4]
	GetHandleVerifier [0x00BC45A3+2701795]
	GetHandleVerifier [0x00BBFD26+2683238]
	GetHandleVerifier [0x00BDAA6E+2793134]
	GetHandleVerifier [0x00956945+155013]
	GetHandleVerifier [0x0095D02D+181357]
	GetHandleVerifier [0x009474D8+92440]
	GetHandleVerifier [0x00947680+92864]
	GetHandleVerifier [0x00932070+5296]
	BaseThreadInitThunk [0x76995D49+25]
	RtlInitializeExceptionChain [0x7747D03B+107]
	RtlGetAppContainerNamedObjectPath [0x7747CFC1+561]

2025-05-21 11:31:02,567 - ERROR - Timeout al esperar el elemento con 'xpath' = '//td[b[normalize-space(text())='Provincia:']]'
2025-05-21 11:31:02,567 - ERROR - Error al leer el campo 'Provincia:': Message: 
Stacktrace:
	GetHandleVerifier [0x0093FC83+61635]
	GetHandleVerifier [0x0093FCC4+61700]
	(No symbol) [0x007605D3]
	(No symbol) [0x007A899E]
	(No symbol) [0x007A8D3B]
	(No symbol) [0x007F0E12]
	(No symbol) [0x007CD2E4]
	(No symbol) [0x007EE61B]
	(No symbol) [0x007CD096]
	(No symbol) [0x0079C840]
	(No symbol) [0x0079D6A4]
	GetHandleVerifier [0x00BC45A3+2701795]
	GetHandleVerifier [0x00BBFD26+2683238]
	GetHandleVerifier [0x00BDAA6E+2793134]
	GetHandleVerifier [0x00956945+155013]
	GetHandleVerifier [0x0095D02D+181357]
	GetHandleVerifier [0x009474D8+92440]
	GetHandleVerifier [0x00947680+92864]
	GetHandleVerifier [0x00932070+5296]
	BaseThreadInitThunk [0x76995D49+25]
	RtlInitializeExceptionChain [0x7747D03B+107]
	RtlGetAppContainerNamedObjectPath [0x7747CFC1+561]

2025-05-21 11:31:07,708 - ERROR - Timeout al esperar el elemento con 'xpath' = '//td[b[normalize-space(text())='Código INE Provincia:']]'
2025-05-21 11:31:07,708 - ERROR - Error al leer el campo 'Código INE Provincia:': Message: 
Stacktrace:
	GetHandleVerifier [0x0093FC83+61635]
	GetHandleVerifier [0x0093FCC4+61700]
	(No symbol) [0x007605D3]
	(No symbol) [0x007A899E]
	(No symbol) [0x007A8D3B]
	(No symbol) [0x007F0E12]
	(No symbol) [0x007CD2E4]
	(No symbol) [0x007EE61B]
	(No symbol) [0x007CD096]
	(No symbol) [0x0079C840]
	(No symbol) [0x0079D6A4]
	GetHandleVerifier [0x00BC45A3+2701795]
	GetHandleVerifier [0x00BBFD26+2683238]
	GetHandleVerifier [0x00BDAA6E+2793134]
	GetHandleVerifier [0x00956945+155013]
	GetHandleVerifier [0x0095D02D+181357]
	GetHandleVerifier [0x009474D8+92440]
	GetHandleVerifier [0x00947680+92864]
	GetHandleVerifier [0x00932070+5296]
	BaseThreadInitThunk [0x76995D49+25]
	RtlInitializeExceptionChain [0x7747D03B+107]
	RtlGetAppContainerNamedObjectPath [0x7747CFC1+561]

2025-05-21 11:31:07,709 - INFO - Datos de la empresa guardados
2025-05-21 11:31:07,797 - INFO - Web 'https://gestiona.comunidad.madrid/pcea_nima_web/html/web/InicioAccion.icm' abierta.
2025-05-21 11:31:07,852 - INFO - Se escribió texto en el elemento localizado por id='nif': 'B82820945'
2025-05-21 11:31:07,896 - INFO - Elemento clickado con 'xpath' = '//a[@onclick="buscar('form');"]'.
2025-05-21 11:31:08,658 - INFO - Elemento clickado con 'css selector' = 'input[value='Consultar']'.
2025-05-21 11:31:10,898 - INFO - Datos de la empresa guardados
2025-05-21 11:31:10,951 - INFO - Web 'https://gestiona.comunidad.madrid/pcea_nima_web/html/web/InicioAccion.icm' abierta.
2025-05-21 11:31:11,007 - INFO - Se escribió texto en el elemento localizado por id='nif': 'B02929503'
2025-05-21 11:31:11,047 - INFO - Elemento clickado con 'xpath' = '//a[@onclick="buscar('form');"]'.
2025-05-21 11:31:11,822 - INFO - Elemento clickado con 'css selector' = 'input[value='Consultar']'.
