2025-07-28 16:01:57,463 - INFO - Imported existing <module 'comtypes.gen' from 'C:\\Users\\Usuario\\AppData\\Local\\Programs\\Python\\Python313\\Lib\\site-packages\\comtypes\\gen\\__init__.py'>
2025-07-28 16:01:57,464 - INFO - Using writeable comtypes cache directory: 'C:\Users\Usuario\AppData\Local\Programs\Python\Python313\Lib\site-packages\comtypes\gen'
2025-07-28 16:01:59,639 - INFO - Navegando a la configuración de seguridad de Chrome
2025-07-28 16:01:59,639 - INFO - Buscando ventana: 'Chrome'
2025-07-28 16:02:00,308 - INFO - Ventana encontrada: Configuración: Seguridad - Google Chrome
2025-07-28 16:02:00,809 - INFO - Ventana de Chrome encontrada
2025-07-28 16:02:02,317 - INFO - Protección mejorada activada correctamente
2025-07-28 16:02:02,913 - INFO - Web 'https://portal.nubelus.es' abierta.
2025-07-28 16:02:02,986 - INFO - Se escribió texto en el elemento localizado por id='pNick_gestor': 'ecotitan'
2025-07-28 16:02:03,039 - INFO - Elemento clickado con 'id' = 'btContinuar'.
2025-07-28 16:02:03,094 - INFO - Se escribió texto en el elemento localizado por xpath='//*[@placeholder='Usuario']': 'dani'
2025-07-28 16:02:03,156 - INFO - Se escribió texto en el elemento localizado por xpath='//*[@placeholder='Contraseña']': '123456'
2025-07-28 16:02:03,209 - INFO - Elemento clickado con 'id' = 'btAceptar'.
2025-07-28 16:02:03,209 - INFO - Buscando popup de Google...
2025-07-28 16:02:03,209 - INFO - Buscando ventana: 'Chrome'
2025-07-28 16:02:03,769 - INFO - Ventana encontrada: NUBELUS - Google Chrome
2025-07-28 16:02:04,270 - INFO - Ventana de Chrome encontrada
2025-07-28 16:02:05,250 - INFO - Popup de Google aceptado correctamente
2025-07-28 16:02:05,251 - INFO - Inicio de sesión completado exitosamente
2025-07-28 16:02:05,762 - INFO - Web 'https://portal.nubelus.es/?clave=waster2_gestionEntidadesMedioambientales' abierta.
2025-07-28 16:02:05,818 - INFO - Elemento clickado con 'css selector' = '.miBoton.mas_opciones'.
2025-07-28 16:02:05,878 - INFO - Elemento clickado con 'id' = 'moa_bGenerar_excel'.
2025-07-28 16:02:06,093 - INFO - Archivo descargado: C:\Users\Usuario\Downloads\Entidades medioambientales.xlsx
2025-07-28 16:02:06,346 - ERROR - No se pudo eliminar el archivo: C:\Users\Usuario\Downloads\Entidades medioambientales.xlsx. Error: [WinError 32] El proceso no tiene acceso al archivo porque está siendo utilizado por otro proceso: 'C:\\Users\\Usuario\\Downloads\\Entidades medioambientales.xlsx'
2025-07-28 16:02:06,828 - INFO - Web 'https://portal.nubelus.es/?clave=waster2_gestionEntidadesMedioambientalesCentros' abierta.
2025-07-28 16:02:06,882 - INFO - Elemento clickado con 'css selector' = '.miBoton.mas_opciones'.
2025-07-28 16:02:06,941 - INFO - Elemento clickado con 'id' = 'moa_bGenerar_excel'.
2025-07-28 16:02:08,152 - INFO - Archivo descargado: C:\Users\Usuario\Downloads\Centros de entidades medioambientales.xlsx
2025-07-28 16:02:08,195 - INFO - Archivo eliminado: C:\Users\Usuario\Downloads\Centros de entidades medioambientales.xlsx
2025-07-28 16:02:08,663 - INFO - Web 'https://portal.nubelus.es/?clave=factucit2_gestionClientes_n1' abierta.
2025-07-28 16:02:08,734 - INFO - Elemento clickado con 'css selector' = '.miBoton.mas_opciones'.
2025-07-28 16:02:08,796 - INFO - Elemento clickado con 'id' = 'moa_bGenerar_excel'.
2025-07-28 16:02:10,181 - INFO - Archivo descargado: C:\Users\Usuario\Downloads\Clientes.xlsx
2025-07-28 16:02:10,276 - INFO - Archivo eliminado: C:\Users\Usuario\Downloads\Clientes.xlsx
2025-07-28 16:02:10,786 - INFO - Web 'https://portal.nubelus.es/?clave=nubelus_gestionUsuarios' abierta.
2025-07-28 16:02:10,841 - INFO - Elemento clickado con 'css selector' = '.miBoton.mas_opciones'.
2025-07-28 16:02:10,890 - INFO - Elemento clickado con 'id' = 'moa_bGenerar_excel'.
2025-07-28 16:02:12,213 - INFO - Archivo descargado: C:\Users\Usuario\Downloads\Usuarios.xlsx
2025-07-28 16:02:12,277 - INFO - Archivo eliminado: C:\Users\Usuario\Downloads\Usuarios.xlsx
2025-07-28 16:02:12,716 - INFO - Web 'https://portal.nubelus.es/?clave=waster2_gestionAcuerdosRepresentacion' abierta.
2025-07-28 16:02:12,791 - INFO - Elemento clickado con 'css selector' = '.miBoton.mas_opciones'.
2025-07-28 16:02:12,865 - INFO - Elemento clickado con 'id' = 'moa_bGenerar_excel'.
2025-07-28 16:02:14,139 - INFO - Archivo descargado: C:\Users\Usuario\Downloads\Acuerdos de representación.xlsx
2025-07-28 16:02:14,194 - INFO - Archivo eliminado: C:\Users\Usuario\Downloads\Acuerdos de representación.xlsx
2025-07-28 16:02:14,779 - INFO - Web 'https://portal.nubelus.es/?clave=waster2_gestionContratosTratamiento' abierta.
2025-07-28 16:02:14,856 - INFO - Elemento clickado con 'css selector' = '.miBoton.mas_opciones'.
2025-07-28 16:02:14,906 - INFO - Elemento clickado con 'id' = 'moa_bGenerar_excel'.
2025-07-28 16:02:18,320 - INFO - Archivo descargado: C:\Users\Usuario\Downloads\Contratos tratamiento.xlsx
2025-07-28 16:02:18,805 - INFO - Archivo eliminado: C:\Users\Usuario\Downloads\Contratos tratamiento.xlsx
2025-07-28 16:02:19,293 - INFO - Web 'https://portal.nubelus.es/?clave=waster2_gestionContratosTratamiento&pAccion=NUEVO' abierta.
2025-07-28 16:02:19,416 - INFO - Se escribió texto en el elemento localizado por name='pFecha': '28-07-2025'
2025-07-28 16:02:21,434 - INFO - Se escribió texto y se pulsó Enter en el elemento con name 'pFecha'.
2025-07-28 16:02:22,022 - INFO - Se escribió texto en el elemento localizado por name='pFecha_caducidad': '27-07-2028'
2025-07-28 16:02:24,053 - INFO - Se escribió texto y se pulsó Enter en el elemento con name 'pFecha_caducidad'.
2025-07-28 16:02:24,661 - INFO - Se escribió texto en el elemento localizado por name='pDenominacion_origen': 'LOS CAMIONEROS DE NOBLEJAS, S.L.'
2025-07-28 16:02:26,701 - INFO - Se escribió texto y se pulsó Enter en el elemento con name 'pDenominacion_origen'.
2025-07-28 16:02:27,295 - INFO - Se escribió texto en el elemento localizado por name='pDenominacion_origen_centro': 'LOS CAMIONEROS DE NOBLEJAS, S.L.'
2025-07-28 16:02:29,347 - INFO - Se escribió texto y se pulsó Enter en el elemento con name 'pDenominacion_origen_centro'.
2025-07-28 16:02:29,930 - INFO - Se escribió texto en el elemento localizado por name='pDenominacion_destino': 'METALLS DEL CAMP, S.L.'
2025-07-28 16:02:31,958 - INFO - Se escribió texto y se pulsó Enter en el elemento con name 'pDenominacion_destino'.
2025-07-28 16:02:32,555 - INFO - Se escribió texto en el elemento localizado por name='pDenominacion_destino_centro': 'METALLS DEL CAMP, S.L.U. (EL ROMERAL)'
2025-07-28 16:02:34,584 - INFO - Se escribió texto y se pulsó Enter en el elemento con name 'pDenominacion_destino_centro'.
2025-07-28 16:02:35,645 - INFO - Se escribió texto en el elemento localizado por name='pDenominacion_autorizacion_destino': '4570002919'
2025-07-28 16:02:37,663 - INFO - Se escribió texto y se pulsó Enter en el elemento con name 'pDenominacion_autorizacion_destino'.
2025-07-28 16:02:38,739 - INFO - Se escribió texto en el elemento localizado por name='pDenominacion_operador_traslados': 'ECO TITAN S.L.'
2025-07-28 16:02:40,770 - INFO - Se escribió texto y se pulsó Enter en el elemento con name 'pDenominacion_operador_traslados'.
2025-07-28 16:02:41,836 - INFO - Se escribió texto en el elemento localizado por name='pDenominacion_autorizacion_operador_traslados': '87/A01/CV'
2025-07-28 16:02:43,863 - INFO - Se escribió texto y se pulsó Enter en el elemento con name 'pDenominacion_autorizacion_operador_traslados'.
2025-07-28 16:02:43,941 - INFO - Se escribió texto en el elemento localizado por name='pDenominacion_residuo': 'ACEITE USADO*'
2025-07-28 16:02:45,968 - INFO - Se escribió texto y se pulsó Enter en el elemento con name 'pDenominacion_residuo'.
2025-07-28 16:02:46,023 - INFO - Se escribió texto en el elemento localizado por name='pKilos_totales': '8000'
2025-07-28 16:02:48,044 - INFO - Se escribió texto y se pulsó Enter en el elemento con name 'pKilos_totales'.
2025-07-28 16:02:48,090 - INFO - Elemento clickado con 'css selector' = '.miBoton.aceptar'.
2025-07-28 16:02:49,188 - INFO - Opción 'Tratamientos' seleccionada en el elemento con 'id' = 'fContenido_seleccionado'.
2025-07-28 16:02:50,254 - INFO - Elemento clickado con 'css selector' = '.miBoton.editar.editar_1.sinTexto.dcha'.
2025-07-28 16:02:50,860 - INFO - Se escribió texto en el elemento localizado por name='pDenominacion_ema_1': 'INGAROIL, S.L.U.'
2025-07-28 16:02:52,899 - INFO - Se escribió texto y se pulsó Enter en el elemento con name 'pDenominacion_ema_1'.
2025-07-28 16:02:53,466 - INFO - Se escribió texto en el elemento localizado por name='pTratamiento_posterior_1_codigo_ler_2': 'R9'
2025-07-28 16:02:55,493 - INFO - Se escribió texto y se pulsó Enter en el elemento con name 'pTratamiento_posterior_1_codigo_ler_2'.
2025-07-28 16:02:55,550 - INFO - Elemento clickado con 'css selector' = '.icon-ok'.
2025-07-28 16:02:57,633 - INFO - Opción 'Notificación' seleccionada en el elemento con 'id' = 'fContenido_seleccionado'.
2025-07-28 16:02:58,695 - INFO - Elemento clickado con 'css selector' = '.icon-magic'.
2025-07-28 16:02:59,698 - INFO - Archivo nuevo detectado: NT30460004811420250013121.xml
2025-07-28 16:02:59,699 - INFO - Archivo de notificación descargado en: NT30460004811420250013121.xml
2025-07-28 16:03:00,752 - INFO - Opción 'Facturación' seleccionada en el elemento con 'id' = 'fContenido_seleccionado'.
2025-07-28 16:03:02,919 - INFO - Se escribió texto en el elemento localizado por name='pNombre_cliente': 'LOS CAMIONEROS DE NOBLEJAS, S.L.'
2025-07-28 16:03:04,944 - INFO - Se escribió texto y se pulsó Enter en el elemento con name 'pNombre_cliente'.
2025-07-28 16:03:05,017 - INFO - Se escribió texto en el elemento localizado por name='pDenominacion_producto': 'ACEITE USADO*'
2025-07-28 16:03:07,042 - INFO - Se escribió texto y se pulsó Enter en el elemento con name 'pDenominacion_producto'.
2025-07-28 16:03:09,098 - INFO - Elemento clickado con 'css selector' = '.miBoton.aceptar'.
2025-07-28 16:03:11,625 - INFO - Web 'https://portal.nubelus.es/?clave=waster2_gestionContratosTratamiento&pAccion=NUEVO' abierta.
2025-07-28 16:03:11,723 - INFO - Se escribió texto en el elemento localizado por name='pFecha': '28-07-2025'
2025-07-28 16:03:13,746 - INFO - Se escribió texto y se pulsó Enter en el elemento con name 'pFecha'.
2025-07-28 16:03:14,334 - INFO - Se escribió texto en el elemento localizado por name='pFecha_caducidad': '27-07-2028'
2025-07-28 16:03:16,376 - INFO - Se escribió texto y se pulsó Enter en el elemento con name 'pFecha_caducidad'.
2025-07-28 16:03:16,966 - INFO - Se escribió texto en el elemento localizado por name='pDenominacion_origen': 'LOS CAMIONEROS DE NOBLEJAS, S.L.'
2025-07-28 16:03:18,997 - INFO - Se escribió texto y se pulsó Enter en el elemento con name 'pDenominacion_origen'.
2025-07-28 16:03:19,600 - INFO - Se escribió texto en el elemento localizado por name='pDenominacion_origen_centro': 'LOS CAMIONEROS DE NOBLEJAS, S.L.'
2025-07-28 16:03:21,633 - INFO - Se escribió texto y se pulsó Enter en el elemento con name 'pDenominacion_origen_centro'.
2025-07-28 16:03:22,219 - INFO - Se escribió texto en el elemento localizado por name='pDenominacion_destino': 'METALLS DEL CAMP, S.L.'
2025-07-28 16:03:24,247 - INFO - Se escribió texto y se pulsó Enter en el elemento con name 'pDenominacion_destino'.
2025-07-28 16:03:24,855 - INFO - Se escribió texto en el elemento localizado por name='pDenominacion_destino_centro': 'METALLS DEL CAMP, S.L.U. (EL ROMERAL)'
2025-07-28 16:03:26,883 - INFO - Se escribió texto y se pulsó Enter en el elemento con name 'pDenominacion_destino_centro'.
2025-07-28 16:03:27,944 - INFO - Se escribió texto en el elemento localizado por name='pDenominacion_autorizacion_destino': '4570002919'
2025-07-28 16:03:29,968 - INFO - Se escribió texto y se pulsó Enter en el elemento con name 'pDenominacion_autorizacion_destino'.
2025-07-28 16:03:31,049 - INFO - Se escribió texto en el elemento localizado por name='pDenominacion_operador_traslados': 'ECO TITAN S.L.'
2025-07-28 16:03:33,075 - INFO - Se escribió texto y se pulsó Enter en el elemento con name 'pDenominacion_operador_traslados'.
2025-07-28 16:03:34,139 - INFO - Se escribió texto en el elemento localizado por name='pDenominacion_autorizacion_operador_traslados': '87/A01/CV'
2025-07-28 16:03:36,162 - INFO - Se escribió texto y se pulsó Enter en el elemento con name 'pDenominacion_autorizacion_operador_traslados'.
2025-07-28 16:03:36,231 - INFO - Se escribió texto en el elemento localizado por name='pDenominacion_residuo': 'LÍQUIDO DE FRENOS*'
2025-07-28 16:03:38,264 - INFO - Se escribió texto y se pulsó Enter en el elemento con name 'pDenominacion_residuo'.
2025-07-28 16:03:38,321 - INFO - Se escribió texto en el elemento localizado por name='pKilos_totales': '1000'
2025-07-28 16:03:40,343 - INFO - Se escribió texto y se pulsó Enter en el elemento con name 'pKilos_totales'.
2025-07-28 16:03:40,392 - INFO - Elemento clickado con 'css selector' = '.miBoton.aceptar'.
2025-07-28 16:03:41,576 - INFO - Opción 'Tratamientos' seleccionada en el elemento con 'id' = 'fContenido_seleccionado'.
2025-07-28 16:03:42,640 - INFO - Elemento clickado con 'css selector' = '.miBoton.editar.editar_1.sinTexto.dcha'.
2025-07-28 16:03:43,273 - INFO - Se escribió texto en el elemento localizado por name='pDenominacion_ema_1': 'LAFARGEHOLCIM ESPA'
2025-07-28 16:03:45,308 - INFO - Se escribió texto y se pulsó Enter en el elemento con name 'pDenominacion_ema_1'.
2025-07-28 16:03:45,896 - INFO - Se escribió texto en el elemento localizado por name='pTratamiento_posterior_1_codigo_ler_2': 'R1'
2025-07-28 16:03:47,923 - INFO - Se escribió texto y se pulsó Enter en el elemento con name 'pTratamiento_posterior_1_codigo_ler_2'.
2025-07-28 16:03:47,978 - INFO - Elemento clickado con 'css selector' = '.icon-ok'.
2025-07-28 16:03:50,050 - INFO - Opción 'Notificación' seleccionada en el elemento con 'id' = 'fContenido_seleccionado'.
2025-07-28 16:03:51,137 - INFO - Elemento clickado con 'css selector' = '.icon-magic'.
2025-07-28 16:03:52,139 - INFO - Archivo nuevo detectado: NT30460004811420250013122.xml
2025-07-28 16:03:52,140 - INFO - Archivo de notificación descargado en: NT30460004811420250013122.xml
2025-07-28 16:03:53,221 - INFO - Opción 'Facturación' seleccionada en el elemento con 'id' = 'fContenido_seleccionado'.
2025-07-28 16:03:55,410 - INFO - Se escribió texto en el elemento localizado por name='pNombre_cliente': 'LOS CAMIONEROS DE NOBLEJAS, S.L.'
2025-07-28 16:03:57,432 - INFO - Se escribió texto y se pulsó Enter en el elemento con name 'pNombre_cliente'.
2025-07-28 16:03:57,508 - INFO - Se escribió texto en el elemento localizado por name='pDenominacion_producto': 'LÍQUIDO DE FRENOS*'
2025-07-28 16:03:59,534 - INFO - Se escribió texto y se pulsó Enter en el elemento con name 'pDenominacion_producto'.
2025-07-28 16:04:01,615 - INFO - Elemento clickado con 'css selector' = '.miBoton.aceptar'.
2025-07-28 16:04:04,986 - INFO - Web 'https://portal.nubelus.es/?clave=waster2_gestionContratosTratamiento&pAccion=NUEVO' abierta.
2025-07-28 16:04:05,080 - INFO - Se escribió texto en el elemento localizado por name='pFecha': '28-07-2025'
2025-07-28 16:04:07,109 - INFO - Se escribió texto y se pulsó Enter en el elemento con name 'pFecha'.
2025-07-28 16:04:07,699 - INFO - Se escribió texto en el elemento localizado por name='pFecha_caducidad': '27-07-2028'
2025-07-28 16:04:09,717 - INFO - Se escribió texto y se pulsó Enter en el elemento con name 'pFecha_caducidad'.
2025-07-28 16:04:10,313 - INFO - Se escribió texto en el elemento localizado por name='pDenominacion_origen': 'LOS CAMIONEROS DE NOBLEJAS, S.L.'
2025-07-28 16:04:12,391 - INFO - Se escribió texto y se pulsó Enter en el elemento con name 'pDenominacion_origen'.
2025-07-28 16:04:12,976 - INFO - Se escribió texto en el elemento localizado por name='pDenominacion_origen_centro': 'LOS CAMIONEROS DE NOBLEJAS, S.L.'
2025-07-28 16:04:15,009 - INFO - Se escribió texto y se pulsó Enter en el elemento con name 'pDenominacion_origen_centro'.
2025-07-28 16:04:15,615 - INFO - Se escribió texto en el elemento localizado por name='pDenominacion_destino': 'METALLS DEL CAMP, S.L.'
2025-07-28 16:04:17,644 - INFO - Se escribió texto y se pulsó Enter en el elemento con name 'pDenominacion_destino'.
2025-07-28 16:04:18,252 - INFO - Se escribió texto en el elemento localizado por name='pDenominacion_destino_centro': 'METALLS DEL CAMP, S.L.U. (EL ROMERAL)'
2025-07-28 16:04:20,281 - INFO - Se escribió texto y se pulsó Enter en el elemento con name 'pDenominacion_destino_centro'.
2025-07-28 16:04:21,352 - INFO - Se escribió texto en el elemento localizado por name='pDenominacion_autorizacion_destino': '4570002919'
2025-07-28 16:04:23,377 - INFO - Se escribió texto y se pulsó Enter en el elemento con name 'pDenominacion_autorizacion_destino'.
2025-07-28 16:04:24,449 - INFO - Se escribió texto en el elemento localizado por name='pDenominacion_operador_traslados': 'ECO TITAN S.L.'
2025-07-28 16:04:26,478 - INFO - Se escribió texto y se pulsó Enter en el elemento con name 'pDenominacion_operador_traslados'.
2025-07-28 16:04:27,543 - INFO - Se escribió texto en el elemento localizado por name='pDenominacion_autorizacion_operador_traslados': '87/A01/CV'
2025-07-28 16:04:29,569 - INFO - Se escribió texto y se pulsó Enter en el elemento con name 'pDenominacion_autorizacion_operador_traslados'.
2025-07-28 16:04:29,651 - INFO - Se escribió texto en el elemento localizado por name='pDenominacion_residuo': 'ANTICONGELANTE*'
2025-07-28 16:04:31,676 - INFO - Se escribió texto y se pulsó Enter en el elemento con name 'pDenominacion_residuo'.
2025-07-28 16:04:31,735 - INFO - Se escribió texto en el elemento localizado por name='pKilos_totales': '5000'
2025-07-28 16:04:33,756 - INFO - Se escribió texto y se pulsó Enter en el elemento con name 'pKilos_totales'.
2025-07-28 16:04:33,819 - INFO - Elemento clickado con 'css selector' = '.miBoton.aceptar'.
2025-07-28 16:04:34,907 - INFO - Opción 'Tratamientos' seleccionada en el elemento con 'id' = 'fContenido_seleccionado'.
2025-07-28 16:04:35,973 - INFO - Elemento clickado con 'css selector' = '.miBoton.editar.editar_1.sinTexto.dcha'.
2025-07-28 16:04:36,642 - INFO - Se escribió texto en el elemento localizado por name='pDenominacion_ema_1': 'EUROPEA DEL TRATAMIENTO DE RESIDUOS COSTA AZAHAR 18, S.L.'
2025-07-28 16:04:38,673 - INFO - Se escribió texto y se pulsó Enter en el elemento con name 'pDenominacion_ema_1'.
2025-07-28 16:04:39,243 - INFO - Se escribió texto en el elemento localizado por name='pTratamiento_posterior_1_codigo_ler_2': 'R3'
2025-07-28 16:04:41,264 - INFO - Se escribió texto y se pulsó Enter en el elemento con name 'pTratamiento_posterior_1_codigo_ler_2'.
2025-07-28 16:04:41,319 - INFO - Elemento clickado con 'css selector' = '.icon-ok'.
2025-07-28 16:04:43,405 - INFO - Opción 'Notificación' seleccionada en el elemento con 'id' = 'fContenido_seleccionado'.
2025-07-28 16:04:44,470 - INFO - Elemento clickado con 'css selector' = '.icon-magic'.
2025-07-28 16:04:45,471 - INFO - Archivo nuevo detectado: NT30460004811420250013123.xml
2025-07-28 16:04:45,471 - INFO - Archivo de notificación descargado en: NT30460004811420250013123.xml
2025-07-28 16:04:46,550 - INFO - Opción 'Facturación' seleccionada en el elemento con 'id' = 'fContenido_seleccionado'.
2025-07-28 16:04:48,726 - INFO - Se escribió texto en el elemento localizado por name='pNombre_cliente': 'LOS CAMIONEROS DE NOBLEJAS, S.L.'
2025-07-28 16:04:50,753 - INFO - Se escribió texto y se pulsó Enter en el elemento con name 'pNombre_cliente'.
2025-07-28 16:04:50,827 - INFO - Se escribió texto en el elemento localizado por name='pDenominacion_producto': 'ANTICONGELANTE*'
2025-07-28 16:04:52,850 - INFO - Se escribió texto y se pulsó Enter en el elemento con name 'pDenominacion_producto'.
2025-07-28 16:04:54,897 - INFO - Elemento clickado con 'css selector' = '.miBoton.aceptar'.
2025-07-28 16:04:58,260 - INFO - Web 'https://portal.nubelus.es/?clave=waster2_gestionContratosTratamiento&pAccion=NUEVO' abierta.
2025-07-28 16:04:58,358 - INFO - Se escribió texto en el elemento localizado por name='pFecha': '28-07-2025'
2025-07-28 16:05:00,388 - INFO - Se escribió texto y se pulsó Enter en el elemento con name 'pFecha'.
2025-07-28 16:05:00,991 - INFO - Se escribió texto en el elemento localizado por name='pFecha_caducidad': '27-07-2028'
2025-07-28 16:05:03,008 - INFO - Se escribió texto y se pulsó Enter en el elemento con name 'pFecha_caducidad'.
2025-07-28 16:05:03,600 - INFO - Se escribió texto en el elemento localizado por name='pDenominacion_origen': 'LOS CAMIONEROS DE NOBLEJAS, S.L.'
2025-07-28 16:05:05,624 - INFO - Se escribió texto y se pulsó Enter en el elemento con name 'pDenominacion_origen'.
2025-07-28 16:05:06,228 - INFO - Se escribió texto en el elemento localizado por name='pDenominacion_origen_centro': 'LOS CAMIONEROS DE NOBLEJAS, S.L.'
2025-07-28 16:05:08,259 - INFO - Se escribió texto y se pulsó Enter en el elemento con name 'pDenominacion_origen_centro'.
2025-07-28 16:05:08,844 - INFO - Se escribió texto en el elemento localizado por name='pDenominacion_destino': 'METALLS DEL CAMP, S.L.'
2025-07-28 16:05:10,871 - INFO - Se escribió texto y se pulsó Enter en el elemento con name 'pDenominacion_destino'.
2025-07-28 16:05:11,463 - INFO - Se escribió texto en el elemento localizado por name='pDenominacion_destino_centro': 'METALLS DEL CAMP, S.L.U. (EL ROMERAL)'
2025-07-28 16:05:13,491 - INFO - Se escribió texto y se pulsó Enter en el elemento con name 'pDenominacion_destino_centro'.
2025-07-28 16:05:14,561 - INFO - Se escribió texto en el elemento localizado por name='pDenominacion_autorizacion_destino': '4570002919'
2025-07-28 16:05:16,582 - INFO - Se escribió texto y se pulsó Enter en el elemento con name 'pDenominacion_autorizacion_destino'.
2025-07-28 16:05:17,659 - INFO - Se escribió texto en el elemento localizado por name='pDenominacion_operador_traslados': 'ECO TITAN S.L.'
2025-07-28 16:05:19,712 - INFO - Se escribió texto y se pulsó Enter en el elemento con name 'pDenominacion_operador_traslados'.
2025-07-28 16:05:20,777 - INFO - Se escribió texto en el elemento localizado por name='pDenominacion_autorizacion_operador_traslados': '87/A01/CV'
2025-07-28 16:05:22,798 - INFO - Se escribió texto y se pulsó Enter en el elemento con name 'pDenominacion_autorizacion_operador_traslados'.
2025-07-28 16:05:22,887 - INFO - Se escribió texto en el elemento localizado por name='pDenominacion_residuo': 'ENVASES METALICOS CONTAMINADOS*'
2025-07-28 16:05:24,907 - INFO - Se escribió texto y se pulsó Enter en el elemento con name 'pDenominacion_residuo'.
2025-07-28 16:05:24,970 - INFO - Se escribió texto en el elemento localizado por name='pKilos_totales': '1000'
2025-07-28 16:05:26,991 - INFO - Se escribió texto y se pulsó Enter en el elemento con name 'pKilos_totales'.
2025-07-28 16:05:27,044 - INFO - Elemento clickado con 'css selector' = '.miBoton.aceptar'.
2025-07-28 16:05:28,120 - INFO - Opción 'Tratamientos' seleccionada en el elemento con 'id' = 'fContenido_seleccionado'.
2025-07-28 16:05:29,187 - INFO - Elemento clickado con 'css selector' = '.miBoton.editar.editar_1.sinTexto.dcha'.
2025-07-28 16:05:29,802 - INFO - Se escribió texto en el elemento localizado por name='pDenominacion_ema_1': 'SERVICIOS ECOLOGICOS ACITAIN, S.L.'
2025-07-28 16:05:31,827 - INFO - Se escribió texto y se pulsó Enter en el elemento con name 'pDenominacion_ema_1'.
2025-07-28 16:05:32,397 - INFO - Se escribió texto en el elemento localizado por name='pTratamiento_posterior_1_codigo_ler_2': 'R4'
2025-07-28 16:05:34,421 - INFO - Se escribió texto y se pulsó Enter en el elemento con name 'pTratamiento_posterior_1_codigo_ler_2'.
2025-07-28 16:05:34,494 - INFO - Elemento clickado con 'css selector' = '.icon-ok'.
2025-07-28 16:05:36,563 - INFO - Opción 'Notificación' seleccionada en el elemento con 'id' = 'fContenido_seleccionado'.
2025-07-28 16:05:37,632 - INFO - Elemento clickado con 'css selector' = '.icon-magic'.
2025-07-28 16:05:38,633 - INFO - Archivo nuevo detectado: NT30460004811420250013124.xml
2025-07-28 16:05:38,633 - INFO - Archivo de notificación descargado en: NT30460004811420250013124.xml
2025-07-28 16:05:39,713 - INFO - Opción 'Facturación' seleccionada en el elemento con 'id' = 'fContenido_seleccionado'.
2025-07-28 16:05:41,917 - INFO - Se escribió texto en el elemento localizado por name='pNombre_cliente': 'LOS CAMIONEROS DE NOBLEJAS, S.L.'
2025-07-28 16:05:43,941 - INFO - Se escribió texto y se pulsó Enter en el elemento con name 'pNombre_cliente'.
2025-07-28 16:05:44,041 - INFO - Se escribió texto en el elemento localizado por name='pDenominacion_producto': 'ENVASES METALICOS CONTAMINADOS*'
2025-07-28 16:05:46,063 - INFO - Se escribió texto y se pulsó Enter en el elemento con name 'pDenominacion_producto'.
2025-07-28 16:05:48,119 - INFO - Elemento clickado con 'css selector' = '.miBoton.aceptar'.
2025-07-28 16:05:50,659 - INFO - Web 'https://portal.nubelus.es/?clave=waster2_gestionContratosTratamiento&pAccion=NUEVO' abierta.
2025-07-28 16:05:50,776 - INFO - Se escribió texto en el elemento localizado por name='pFecha': '28-07-2025'
2025-07-28 16:05:52,802 - INFO - Se escribió texto y se pulsó Enter en el elemento con name 'pFecha'.
2025-07-28 16:05:53,395 - INFO - Se escribió texto en el elemento localizado por name='pFecha_caducidad': '27-07-2028'
2025-07-28 16:05:55,430 - INFO - Se escribió texto y se pulsó Enter en el elemento con name 'pFecha_caducidad'.
2025-07-28 16:05:56,033 - INFO - Se escribió texto en el elemento localizado por name='pDenominacion_origen': 'LOS CAMIONEROS DE NOBLEJAS, S.L.'
2025-07-28 16:05:58,058 - INFO - Se escribió texto y se pulsó Enter en el elemento con name 'pDenominacion_origen'.
2025-07-28 16:05:58,646 - INFO - Se escribió texto en el elemento localizado por name='pDenominacion_origen_centro': 'LOS CAMIONEROS DE NOBLEJAS, S.L.'
2025-07-28 16:06:00,688 - INFO - Se escribió texto y se pulsó Enter en el elemento con name 'pDenominacion_origen_centro'.
2025-07-28 16:06:01,270 - INFO - Se escribió texto en el elemento localizado por name='pDenominacion_destino': 'METALLS DEL CAMP, S.L.'
2025-07-28 16:06:03,300 - INFO - Se escribió texto y se pulsó Enter en el elemento con name 'pDenominacion_destino'.
2025-07-28 16:06:03,918 - INFO - Se escribió texto en el elemento localizado por name='pDenominacion_destino_centro': 'METALLS DEL CAMP, S.L.U. (EL ROMERAL)'
2025-07-28 16:06:05,948 - INFO - Se escribió texto y se pulsó Enter en el elemento con name 'pDenominacion_destino_centro'.
2025-07-28 16:06:07,020 - INFO - Se escribió texto en el elemento localizado por name='pDenominacion_autorizacion_destino': '4570002919'
2025-07-28 16:06:09,044 - INFO - Se escribió texto y se pulsó Enter en el elemento con name 'pDenominacion_autorizacion_destino'.
2025-07-28 16:06:10,131 - INFO - Se escribió texto en el elemento localizado por name='pDenominacion_operador_traslados': 'ECO TITAN S.L.'
2025-07-28 16:06:12,155 - INFO - Se escribió texto y se pulsó Enter en el elemento con name 'pDenominacion_operador_traslados'.
2025-07-28 16:06:13,233 - INFO - Se escribió texto en el elemento localizado por name='pDenominacion_autorizacion_operador_traslados': '87/A01/CV'
2025-07-28 16:06:15,256 - INFO - Se escribió texto y se pulsó Enter en el elemento con name 'pDenominacion_autorizacion_operador_traslados'.
2025-07-28 16:06:15,348 - INFO - Se escribió texto en el elemento localizado por name='pDenominacion_residuo': 'ENVASES PLASTICOS CONTAMINADOS*'
2025-07-28 16:06:17,367 - INFO - Se escribió texto y se pulsó Enter en el elemento con name 'pDenominacion_residuo'.
2025-07-28 16:06:17,424 - INFO - Se escribió texto en el elemento localizado por name='pKilos_totales': '1000'
2025-07-28 16:06:19,439 - INFO - Se escribió texto y se pulsó Enter en el elemento con name 'pKilos_totales'.
2025-07-28 16:06:19,493 - INFO - Elemento clickado con 'css selector' = '.miBoton.aceptar'.
2025-07-28 16:06:20,562 - INFO - Opción 'Tratamientos' seleccionada en el elemento con 'id' = 'fContenido_seleccionado'.
2025-07-28 16:06:21,631 - INFO - Elemento clickado con 'css selector' = '.miBoton.editar.editar_1.sinTexto.dcha'.
2025-07-28 16:06:22,280 - INFO - Se escribió texto en el elemento localizado por name='pDenominacion_ema_1': 'MANC RECYCLAPLAST, S.L.'
2025-07-28 16:06:24,306 - INFO - Se escribió texto y se pulsó Enter en el elemento con name 'pDenominacion_ema_1'.
2025-07-28 16:06:24,869 - INFO - Se escribió texto en el elemento localizado por name='pTratamiento_posterior_1_codigo_ler_2': 'R3'
2025-07-28 16:06:26,905 - INFO - Se escribió texto y se pulsó Enter en el elemento con name 'pTratamiento_posterior_1_codigo_ler_2'.
2025-07-28 16:06:26,991 - INFO - Elemento clickado con 'css selector' = '.icon-ok'.
2025-07-28 16:06:29,090 - INFO - Opción 'Notificación' seleccionada en el elemento con 'id' = 'fContenido_seleccionado'.
2025-07-28 16:06:30,156 - INFO - Elemento clickado con 'css selector' = '.icon-magic'.
2025-07-28 16:06:31,157 - INFO - Archivo nuevo detectado: NT30460004811420250013125.xml
2025-07-28 16:06:31,158 - INFO - Archivo de notificación descargado en: NT30460004811420250013125.xml
2025-07-28 16:06:32,249 - INFO - Opción 'Facturación' seleccionada en el elemento con 'id' = 'fContenido_seleccionado'.
2025-07-28 16:06:34,422 - INFO - Se escribió texto en el elemento localizado por name='pNombre_cliente': 'LOS CAMIONEROS DE NOBLEJAS, S.L.'
2025-07-28 16:06:36,443 - INFO - Se escribió texto y se pulsó Enter en el elemento con name 'pNombre_cliente'.
2025-07-28 16:06:36,535 - INFO - Se escribió texto en el elemento localizado por name='pDenominacion_producto': 'ENVASES PLASTICOS CONTAMINADOS*'
2025-07-28 16:06:38,558 - INFO - Se escribió texto y se pulsó Enter en el elemento con name 'pDenominacion_producto'.
2025-07-28 16:06:38,627 - INFO - Opción 'Valor fijo' seleccionada en el elemento con 'name' = 'pCantidad_modo'.
2025-07-28 16:06:38,678 - INFO - Opción 'T/Precio 1' seleccionada en el elemento con 'name' = 'pPrecio_modo_venta'.
2025-07-28 16:06:38,733 - INFO - Se escribió texto en el elemento localizado por name='pCantidad_valor': '1'
2025-07-28 16:06:40,754 - INFO - Se escribió texto y se pulsó Enter en el elemento con name 'pCantidad_valor'.
2025-07-28 16:06:42,805 - INFO - Elemento clickado con 'css selector' = '.miBoton.aceptar'.
2025-07-28 16:06:45,313 - INFO - Web 'https://portal.nubelus.es/?clave=waster2_gestionContratosTratamiento&pAccion=NUEVO' abierta.
2025-07-28 16:06:45,419 - INFO - Se escribió texto en el elemento localizado por name='pFecha': '28-07-2025'
2025-07-28 16:06:47,441 - INFO - Se escribió texto y se pulsó Enter en el elemento con name 'pFecha'.
2025-07-28 16:06:48,034 - INFO - Se escribió texto en el elemento localizado por name='pFecha_caducidad': '27-07-2028'
2025-07-28 16:06:50,053 - INFO - Se escribió texto y se pulsó Enter en el elemento con name 'pFecha_caducidad'.
2025-07-28 16:06:50,660 - INFO - Se escribió texto en el elemento localizado por name='pDenominacion_origen': 'LOS CAMIONEROS DE NOBLEJAS, S.L.'
2025-07-28 16:06:52,710 - INFO - Se escribió texto y se pulsó Enter en el elemento con name 'pDenominacion_origen'.
2025-07-28 16:06:53,306 - INFO - Se escribió texto en el elemento localizado por name='pDenominacion_origen_centro': 'LOS CAMIONEROS DE NOBLEJAS, S.L.'
2025-07-28 16:06:55,340 - INFO - Se escribió texto y se pulsó Enter en el elemento con name 'pDenominacion_origen_centro'.
2025-07-28 16:06:55,917 - INFO - Se escribió texto en el elemento localizado por name='pDenominacion_destino': 'METALLS DEL CAMP, S.L.'
2025-07-28 16:06:57,948 - INFO - Se escribió texto y se pulsó Enter en el elemento con name 'pDenominacion_destino'.
2025-07-28 16:06:58,535 - INFO - Se escribió texto en el elemento localizado por name='pDenominacion_destino_centro': 'METALLS DEL CAMP, S.L.U. (EL ROMERAL)'
2025-07-28 16:07:00,560 - INFO - Se escribió texto y se pulsó Enter en el elemento con name 'pDenominacion_destino_centro'.
2025-07-28 16:07:01,630 - INFO - Se escribió texto en el elemento localizado por name='pDenominacion_autorizacion_destino': '4570002919'
2025-07-28 16:07:03,655 - INFO - Se escribió texto y se pulsó Enter en el elemento con name 'pDenominacion_autorizacion_destino'.
2025-07-28 16:07:04,726 - INFO - Se escribió texto en el elemento localizado por name='pDenominacion_operador_traslados': 'ECO TITAN S.L.'
2025-07-28 16:07:06,753 - INFO - Se escribió texto y se pulsó Enter en el elemento con name 'pDenominacion_operador_traslados'.
2025-07-28 16:07:07,814 - INFO - Se escribió texto en el elemento localizado por name='pDenominacion_autorizacion_operador_traslados': '87/A01/CV'
2025-07-28 16:07:09,843 - INFO - Se escribió texto y se pulsó Enter en el elemento con name 'pDenominacion_autorizacion_operador_traslados'.
2025-07-28 16:07:09,922 - INFO - Se escribió texto en el elemento localizado por name='pDenominacion_residuo': 'TRAPOS Y ABSORBENTES CONTAMINADOS*'
2025-07-28 16:07:11,948 - INFO - Se escribió texto y se pulsó Enter en el elemento con name 'pDenominacion_residuo'.
2025-07-28 16:07:12,024 - INFO - Se escribió texto en el elemento localizado por name='pKilos_totales': '2000'
2025-07-28 16:07:14,046 - INFO - Se escribió texto y se pulsó Enter en el elemento con name 'pKilos_totales'.
2025-07-28 16:07:14,095 - INFO - Elemento clickado con 'css selector' = '.miBoton.aceptar'.
2025-07-28 16:07:15,189 - INFO - Opción 'Tratamientos' seleccionada en el elemento con 'id' = 'fContenido_seleccionado'.
2025-07-28 16:07:16,251 - INFO - Elemento clickado con 'css selector' = '.miBoton.editar.editar_1.sinTexto.dcha'.
2025-07-28 16:07:16,854 - INFO - Se escribió texto en el elemento localizado por name='pDenominacion_ema_1': 'CTR MEDITERRANEO, S.L.'
2025-07-28 16:07:18,882 - INFO - Se escribió texto y se pulsó Enter en el elemento con name 'pDenominacion_ema_1'.
2025-07-28 16:07:19,456 - INFO - Se escribió texto en el elemento localizado por name='pTratamiento_posterior_1_codigo_ler_2': 'R3'
2025-07-28 16:07:21,484 - INFO - Se escribió texto y se pulsó Enter en el elemento con name 'pTratamiento_posterior_1_codigo_ler_2'.
2025-07-28 16:07:21,538 - INFO - Elemento clickado con 'css selector' = '.icon-ok'.
2025-07-28 16:07:23,622 - INFO - Opción 'Notificación' seleccionada en el elemento con 'id' = 'fContenido_seleccionado'.
2025-07-28 16:07:24,689 - INFO - Elemento clickado con 'css selector' = '.icon-magic'.
2025-07-28 16:07:25,690 - INFO - Archivo nuevo detectado: NT30460004811420250013126.xml
2025-07-28 16:07:25,690 - INFO - Archivo de notificación descargado en: NT30460004811420250013126.xml
2025-07-28 16:07:26,800 - INFO - Opción 'Facturación' seleccionada en el elemento con 'id' = 'fContenido_seleccionado'.
2025-07-28 16:07:29,035 - INFO - Se escribió texto en el elemento localizado por name='pNombre_cliente': 'LOS CAMIONEROS DE NOBLEJAS, S.L.'
2025-07-28 16:07:31,072 - INFO - Se escribió texto y se pulsó Enter en el elemento con name 'pNombre_cliente'.
2025-07-28 16:07:31,228 - INFO - Se escribió texto en el elemento localizado por name='pDenominacion_producto': 'TRAPOS Y ABSORBENTES CONTAMINADOS*'
2025-07-28 16:07:33,275 - INFO - Se escribió texto y se pulsó Enter en el elemento con name 'pDenominacion_producto'.
2025-07-28 16:07:35,369 - INFO - Elemento clickado con 'css selector' = '.miBoton.aceptar'.
2025-07-28 16:07:37,949 - INFO - Web 'https://portal.nubelus.es/?clave=waster2_gestionContratosTratamiento&pAccion=NUEVO' abierta.
2025-07-28 16:07:38,072 - INFO - Se escribió texto en el elemento localizado por name='pFecha': '28-07-2025'
2025-07-28 16:07:40,097 - INFO - Se escribió texto y se pulsó Enter en el elemento con name 'pFecha'.
2025-07-28 16:07:40,711 - INFO - Se escribió texto en el elemento localizado por name='pFecha_caducidad': '27-07-2028'
2025-07-28 16:07:42,741 - INFO - Se escribió texto y se pulsó Enter en el elemento con name 'pFecha_caducidad'.
2025-07-28 16:07:43,360 - INFO - Se escribió texto en el elemento localizado por name='pDenominacion_origen': 'LOS CAMIONEROS DE NOBLEJAS, S.L.'
2025-07-28 16:07:45,413 - INFO - Se escribió texto y se pulsó Enter en el elemento con name 'pDenominacion_origen'.
2025-07-28 16:07:46,024 - INFO - Se escribió texto en el elemento localizado por name='pDenominacion_origen_centro': 'LOS CAMIONEROS DE NOBLEJAS, S.L.'
2025-07-28 16:07:48,052 - INFO - Se escribió texto y se pulsó Enter en el elemento con name 'pDenominacion_origen_centro'.
2025-07-28 16:07:48,634 - INFO - Se escribió texto en el elemento localizado por name='pDenominacion_destino': 'METALLS DEL CAMP, S.L.'
2025-07-28 16:07:50,664 - INFO - Se escribió texto y se pulsó Enter en el elemento con name 'pDenominacion_destino'.
2025-07-28 16:07:51,266 - INFO - Se escribió texto en el elemento localizado por name='pDenominacion_destino_centro': 'METALLS DEL CAMP, S.L.U. (EL ROMERAL)'
2025-07-28 16:07:53,293 - INFO - Se escribió texto y se pulsó Enter en el elemento con name 'pDenominacion_destino_centro'.
2025-07-28 16:07:54,355 - INFO - Se escribió texto en el elemento localizado por name='pDenominacion_autorizacion_destino': '4570002919'
2025-07-28 16:07:56,392 - INFO - Se escribió texto y se pulsó Enter en el elemento con name 'pDenominacion_autorizacion_destino'.
2025-07-28 16:07:57,465 - INFO - Se escribió texto en el elemento localizado por name='pDenominacion_operador_traslados': 'ECO TITAN S.L.'
2025-07-28 16:07:59,505 - INFO - Se escribió texto y se pulsó Enter en el elemento con name 'pDenominacion_operador_traslados'.
2025-07-28 16:08:00,566 - INFO - Se escribió texto en el elemento localizado por name='pDenominacion_autorizacion_operador_traslados': '87/A01/CV'
2025-07-28 16:08:02,589 - INFO - Se escribió texto y se pulsó Enter en el elemento con name 'pDenominacion_autorizacion_operador_traslados'.
2025-07-28 16:08:02,654 - INFO - Se escribió texto en el elemento localizado por name='pDenominacion_residuo': 'BATERÍAS DE PLOMO*'
2025-07-28 16:08:04,681 - INFO - Se escribió texto y se pulsó Enter en el elemento con name 'pDenominacion_residuo'.
2025-07-28 16:08:04,738 - INFO - Se escribió texto en el elemento localizado por name='pKilos_totales': '10000'
2025-07-28 16:08:06,759 - INFO - Se escribió texto y se pulsó Enter en el elemento con name 'pKilos_totales'.
2025-07-28 16:08:06,822 - INFO - Elemento clickado con 'css selector' = '.miBoton.aceptar'.
2025-07-28 16:08:07,914 - INFO - Opción 'Tratamientos' seleccionada en el elemento con 'id' = 'fContenido_seleccionado'.
2025-07-28 16:08:08,984 - INFO - Elemento clickado con 'css selector' = '.miBoton.editar.editar_1.sinTexto.dcha'.
2025-07-28 16:08:09,576 - INFO - Se escribió texto en el elemento localizado por name='pDenominacion_ema_1': 'JOSE JARE'
2025-07-28 16:08:11,615 - INFO - Se escribió texto y se pulsó Enter en el elemento con name 'pDenominacion_ema_1'.
2025-07-28 16:08:12,196 - INFO - Se escribió texto en el elemento localizado por name='pTratamiento_posterior_1_codigo_ler_2': 'R13'
2025-07-28 16:08:14,230 - INFO - Se escribió texto y se pulsó Enter en el elemento con name 'pTratamiento_posterior_1_codigo_ler_2'.
2025-07-28 16:08:14,287 - INFO - Elemento clickado con 'css selector' = '.icon-ok'.
2025-07-28 16:08:15,354 - INFO - Elemento clickado con 'css selector' = '.miBoton.editar.editar_2.sinTexto.dcha'.
2025-07-28 16:08:15,971 - INFO - Se escribió texto en el elemento localizado por name='pDenominacion_ema_2': 'METALURGICA DE MEDINA, S.A.'
2025-07-28 16:08:17,995 - INFO - Se escribió texto y se pulsó Enter en el elemento con name 'pDenominacion_ema_2'.
2025-07-28 16:08:18,554 - INFO - Se escribió texto en el elemento localizado por name='pTratamiento_posterior_2_codigo_ler_2': 'R4'
2025-07-28 16:08:20,578 - INFO - Se escribió texto y se pulsó Enter en el elemento con name 'pTratamiento_posterior_2_codigo_ler_2'.
2025-07-28 16:08:20,634 - INFO - Elemento clickado con 'css selector' = '.icon-ok'.
2025-07-28 16:08:22,708 - INFO - Opción 'Notificación' seleccionada en el elemento con 'id' = 'fContenido_seleccionado'.
2025-07-28 16:08:23,768 - INFO - Elemento clickado con 'css selector' = '.icon-magic'.
2025-07-28 16:08:24,769 - INFO - Archivo nuevo detectado: NT30460004811420250013127.xml
2025-07-28 16:08:24,770 - INFO - Archivo de notificación descargado en: NT30460004811420250013127.xml
2025-07-28 16:08:25,851 - INFO - Opción 'Facturación' seleccionada en el elemento con 'id' = 'fContenido_seleccionado'.
2025-07-28 16:08:28,023 - INFO - Se escribió texto en el elemento localizado por name='pNombre_cliente': 'LOS CAMIONEROS DE NOBLEJAS, S.L.'
2025-07-28 16:08:30,049 - INFO - Se escribió texto y se pulsó Enter en el elemento con name 'pNombre_cliente'.
2025-07-28 16:08:30,139 - INFO - Se escribió texto en el elemento localizado por name='pDenominacion_producto': 'BATERÍAS DE PLOMO*'
2025-07-28 16:08:32,159 - INFO - Se escribió texto y se pulsó Enter en el elemento con name 'pDenominacion_producto'.
2025-07-28 16:08:34,206 - INFO - Elemento clickado con 'css selector' = '.miBoton.aceptar'.
2025-07-28 16:08:36,742 - INFO - Web 'https://portal.nubelus.es/?clave=waster2_gestionContratosTratamiento&pAccion=NUEVO' abierta.
2025-07-28 16:08:36,835 - INFO - Se escribió texto en el elemento localizado por name='pFecha': '28-07-2025'
2025-07-28 16:08:38,862 - INFO - Se escribió texto y se pulsó Enter en el elemento con name 'pFecha'.
2025-07-28 16:08:39,450 - INFO - Se escribió texto en el elemento localizado por name='pFecha_caducidad': '27-07-2028'
2025-07-28 16:08:41,483 - INFO - Se escribió texto y se pulsó Enter en el elemento con name 'pFecha_caducidad'.
2025-07-28 16:08:42,076 - INFO - Se escribió texto en el elemento localizado por name='pDenominacion_origen': 'LOS CAMIONEROS DE NOBLEJAS, S.L.'
2025-07-28 16:08:44,103 - INFO - Se escribió texto y se pulsó Enter en el elemento con name 'pDenominacion_origen'.
2025-07-28 16:08:44,697 - INFO - Se escribió texto en el elemento localizado por name='pDenominacion_origen_centro': 'LOS CAMIONEROS DE NOBLEJAS, S.L.'
2025-07-28 16:08:46,725 - INFO - Se escribió texto y se pulsó Enter en el elemento con name 'pDenominacion_origen_centro'.
2025-07-28 16:08:47,307 - INFO - Se escribió texto en el elemento localizado por name='pDenominacion_destino': 'METALLS DEL CAMP, S.L.'
2025-07-28 16:08:49,333 - INFO - Se escribió texto y se pulsó Enter en el elemento con name 'pDenominacion_destino'.
2025-07-28 16:08:49,924 - INFO - Se escribió texto en el elemento localizado por name='pDenominacion_destino_centro': 'METALLS DEL CAMP, S.L.U. (EL ROMERAL)'
2025-07-28 16:08:51,953 - INFO - Se escribió texto y se pulsó Enter en el elemento con name 'pDenominacion_destino_centro'.
2025-07-28 16:08:53,017 - INFO - Se escribió texto en el elemento localizado por name='pDenominacion_autorizacion_destino': '4570002919'
2025-07-28 16:08:55,042 - INFO - Se escribió texto y se pulsó Enter en el elemento con name 'pDenominacion_autorizacion_destino'.
2025-07-28 16:08:56,117 - INFO - Se escribió texto en el elemento localizado por name='pDenominacion_operador_traslados': 'ECO TITAN S.L.'
2025-07-28 16:08:58,147 - INFO - Se escribió texto y se pulsó Enter en el elemento con name 'pDenominacion_operador_traslados'.
2025-07-28 16:08:59,208 - INFO - Se escribió texto en el elemento localizado por name='pDenominacion_autorizacion_operador_traslados': '87/A01/CV'
2025-07-28 16:09:01,235 - INFO - Se escribió texto y se pulsó Enter en el elemento con name 'pDenominacion_autorizacion_operador_traslados'.
2025-07-28 16:09:01,313 - INFO - Se escribió texto en el elemento localizado por name='pDenominacion_residuo': 'ABSORBENTES (SEPIOLITA)*'
2025-07-28 16:09:03,339 - INFO - Se escribió texto y se pulsó Enter en el elemento con name 'pDenominacion_residuo'.
2025-07-28 16:09:03,420 - INFO - Se escribió texto en el elemento localizado por name='pKilos_totales': '1500'
2025-07-28 16:09:05,449 - INFO - Se escribió texto y se pulsó Enter en el elemento con name 'pKilos_totales'.
2025-07-28 16:09:05,512 - INFO - Elemento clickado con 'css selector' = '.miBoton.aceptar'.
2025-07-28 16:09:06,604 - INFO - Opción 'Tratamientos' seleccionada en el elemento con 'id' = 'fContenido_seleccionado'.
2025-07-28 16:09:07,670 - INFO - Elemento clickado con 'css selector' = '.miBoton.editar.editar_1.sinTexto.dcha'.
2025-07-28 16:09:08,303 - INFO - Se escribió texto en el elemento localizado por name='pDenominacion_ema_1': 'CTR MEDITERRANEO, S.L.'
2025-07-28 16:09:10,331 - INFO - Se escribió texto y se pulsó Enter en el elemento con name 'pDenominacion_ema_1'.
2025-07-28 16:09:10,893 - INFO - Se escribió texto en el elemento localizado por name='pTratamiento_posterior_1_codigo_ler_2': 'R3'
2025-07-28 16:09:12,919 - INFO - Se escribió texto y se pulsó Enter en el elemento con name 'pTratamiento_posterior_1_codigo_ler_2'.
2025-07-28 16:09:12,992 - INFO - Elemento clickado con 'css selector' = '.icon-ok'.
2025-07-28 16:09:15,071 - INFO - Opción 'Notificación' seleccionada en el elemento con 'id' = 'fContenido_seleccionado'.
2025-07-28 16:09:16,135 - INFO - Elemento clickado con 'css selector' = '.icon-magic'.
2025-07-28 16:09:17,137 - INFO - Archivo nuevo detectado: NT30460004811420250013128.xml
2025-07-28 16:09:17,137 - INFO - Archivo de notificación descargado en: NT30460004811420250013128.xml
2025-07-28 16:09:18,216 - INFO - Opción 'Facturación' seleccionada en el elemento con 'id' = 'fContenido_seleccionado'.
2025-07-28 16:09:20,388 - INFO - Se escribió texto en el elemento localizado por name='pNombre_cliente': 'LOS CAMIONEROS DE NOBLEJAS, S.L.'
2025-07-28 16:09:22,408 - INFO - Se escribió texto y se pulsó Enter en el elemento con name 'pNombre_cliente'.
2025-07-28 16:09:22,484 - INFO - Se escribió texto en el elemento localizado por name='pDenominacion_producto': 'ABSORBENTES (SEPIOLITA)*'
2025-07-28 16:09:24,512 - INFO - Se escribió texto y se pulsó Enter en el elemento con name 'pDenominacion_producto'.
2025-07-28 16:09:26,576 - INFO - Elemento clickado con 'css selector' = '.miBoton.aceptar'.
2025-07-28 16:09:29,094 - INFO - Web 'https://portal.nubelus.es/?clave=waster2_gestionContratosTratamiento&pAccion=NUEVO' abierta.
2025-07-28 16:09:29,198 - INFO - Se escribió texto en el elemento localizado por name='pFecha': '28-07-2025'
2025-07-28 16:09:31,218 - INFO - Se escribió texto y se pulsó Enter en el elemento con name 'pFecha'.
2025-07-28 16:09:31,808 - INFO - Se escribió texto en el elemento localizado por name='pFecha_caducidad': '27-07-2028'
2025-07-28 16:09:33,831 - INFO - Se escribió texto y se pulsó Enter en el elemento con name 'pFecha_caducidad'.
2025-07-28 16:09:34,424 - INFO - Se escribió texto en el elemento localizado por name='pDenominacion_origen': 'LOS CAMIONEROS DE NOBLEJAS, S.L.'
2025-07-28 16:09:36,451 - INFO - Se escribió texto y se pulsó Enter en el elemento con name 'pDenominacion_origen'.
2025-07-28 16:09:37,029 - INFO - Se escribió texto en el elemento localizado por name='pDenominacion_origen_centro': 'LOS CAMIONEROS DE NOBLEJAS, S.L.'
2025-07-28 16:09:39,054 - INFO - Se escribió texto y se pulsó Enter en el elemento con name 'pDenominacion_origen_centro'.
2025-07-28 16:09:39,659 - INFO - Se escribió texto en el elemento localizado por name='pDenominacion_destino': 'METALLS DEL CAMP, S.L.'
2025-07-28 16:09:41,690 - INFO - Se escribió texto y se pulsó Enter en el elemento con name 'pDenominacion_destino'.
2025-07-28 16:09:42,288 - INFO - Se escribió texto en el elemento localizado por name='pDenominacion_destino_centro': 'METALLS DEL CAMP, S.L.U. (EL ROMERAL)'
2025-07-28 16:09:44,327 - INFO - Se escribió texto y se pulsó Enter en el elemento con name 'pDenominacion_destino_centro'.
2025-07-28 16:09:45,389 - INFO - Se escribió texto en el elemento localizado por name='pDenominacion_autorizacion_destino': '4570002919'
2025-07-28 16:09:47,417 - INFO - Se escribió texto y se pulsó Enter en el elemento con name 'pDenominacion_autorizacion_destino'.
2025-07-28 16:09:48,491 - INFO - Se escribió texto en el elemento localizado por name='pDenominacion_operador_traslados': 'ECO TITAN S.L.'
2025-07-28 16:09:50,521 - INFO - Se escribió texto y se pulsó Enter en el elemento con name 'pDenominacion_operador_traslados'.
2025-07-28 16:09:51,619 - INFO - Se escribió texto en el elemento localizado por name='pDenominacion_autorizacion_operador_traslados': '87/A01/CV'
2025-07-28 16:09:53,646 - INFO - Se escribió texto y se pulsó Enter en el elemento con name 'pDenominacion_autorizacion_operador_traslados'.
2025-07-28 16:09:53,708 - INFO - Se escribió texto en el elemento localizado por name='pDenominacion_residuo': 'AEROSOLES*'
2025-07-28 16:09:55,735 - INFO - Se escribió texto y se pulsó Enter en el elemento con name 'pDenominacion_residuo'.
2025-07-28 16:09:55,787 - INFO - Se escribió texto en el elemento localizado por name='pKilos_totales': '1000'
2025-07-28 16:09:57,810 - INFO - Se escribió texto y se pulsó Enter en el elemento con name 'pKilos_totales'.
2025-07-28 16:09:57,855 - INFO - Elemento clickado con 'css selector' = '.miBoton.aceptar'.
2025-07-28 16:09:58,936 - INFO - Opción 'Tratamientos' seleccionada en el elemento con 'id' = 'fContenido_seleccionado'.
2025-07-28 16:10:00,007 - INFO - Elemento clickado con 'css selector' = '.miBoton.editar.editar_1.sinTexto.dcha'.
2025-07-28 16:10:00,626 - INFO - Se escribió texto en el elemento localizado por name='pDenominacion_ema_1': 'SERVICIOS ECOLOGICOS ACITAIN, S.L.'
2025-07-28 16:10:02,661 - INFO - Se escribió texto y se pulsó Enter en el elemento con name 'pDenominacion_ema_1'.
2025-07-28 16:10:03,224 - INFO - Se escribió texto en el elemento localizado por name='pTratamiento_posterior_1_codigo_ler_2': 'R4'
2025-07-28 16:10:05,247 - INFO - Se escribió texto y se pulsó Enter en el elemento con name 'pTratamiento_posterior_1_codigo_ler_2'.
2025-07-28 16:10:05,312 - INFO - Elemento clickado con 'css selector' = '.icon-ok'.
2025-07-28 16:10:07,394 - INFO - Opción 'Notificación' seleccionada en el elemento con 'id' = 'fContenido_seleccionado'.
2025-07-28 16:10:08,460 - INFO - Elemento clickado con 'css selector' = '.icon-magic'.
2025-07-28 16:10:09,462 - INFO - Archivo nuevo detectado: NT30460004811420250013129.xml
2025-07-28 16:10:09,463 - INFO - Archivo de notificación descargado en: NT30460004811420250013129.xml
2025-07-28 16:10:10,538 - INFO - Opción 'Facturación' seleccionada en el elemento con 'id' = 'fContenido_seleccionado'.
2025-07-28 16:10:12,701 - INFO - Se escribió texto en el elemento localizado por name='pNombre_cliente': 'LOS CAMIONEROS DE NOBLEJAS, S.L.'
2025-07-28 16:10:14,725 - INFO - Se escribió texto y se pulsó Enter en el elemento con name 'pNombre_cliente'.
2025-07-28 16:10:14,804 - INFO - Se escribió texto en el elemento localizado por name='pDenominacion_producto': 'AEROSOLES*'
2025-07-28 16:10:16,829 - INFO - Se escribió texto y se pulsó Enter en el elemento con name 'pDenominacion_producto'.
2025-07-28 16:10:18,886 - INFO - Elemento clickado con 'css selector' = '.miBoton.aceptar'.
2025-07-28 16:10:21,426 - INFO - Web 'https://portal.nubelus.es/?clave=waster2_gestionContratosTratamiento&pAccion=NUEVO' abierta.
2025-07-28 16:10:21,528 - INFO - Se escribió texto en el elemento localizado por name='pFecha': '28-07-2025'
2025-07-28 16:10:23,548 - INFO - Se escribió texto y se pulsó Enter en el elemento con name 'pFecha'.
2025-07-28 16:10:24,155 - INFO - Se escribió texto en el elemento localizado por name='pFecha_caducidad': '27-07-2028'
2025-07-28 16:10:26,178 - INFO - Se escribió texto y se pulsó Enter en el elemento con name 'pFecha_caducidad'.
2025-07-28 16:10:26,768 - INFO - Se escribió texto en el elemento localizado por name='pDenominacion_origen': 'LOS CAMIONEROS DE NOBLEJAS, S.L.'
2025-07-28 16:10:28,802 - INFO - Se escribió texto y se pulsó Enter en el elemento con name 'pDenominacion_origen'.
2025-07-28 16:10:29,408 - INFO - Se escribió texto en el elemento localizado por name='pDenominacion_origen_centro': 'LOS CAMIONEROS DE NOBLEJAS, S.L.'
2025-07-28 16:10:31,443 - INFO - Se escribió texto y se pulsó Enter en el elemento con name 'pDenominacion_origen_centro'.
2025-07-28 16:10:32,032 - INFO - Se escribió texto en el elemento localizado por name='pDenominacion_destino': 'METALLS DEL CAMP, S.L.'
2025-07-28 16:10:34,059 - INFO - Se escribió texto y se pulsó Enter en el elemento con name 'pDenominacion_destino'.
2025-07-28 16:10:34,652 - INFO - Se escribió texto en el elemento localizado por name='pDenominacion_destino_centro': 'METALLS DEL CAMP ( SERRA D'
2025-07-28 16:10:36,681 - INFO - Se escribió texto y se pulsó Enter en el elemento con name 'pDenominacion_destino_centro'.
2025-07-28 16:10:37,743 - INFO - Se escribió texto en el elemento localizado por name='pDenominacion_autorizacion_destino': '157/G02/CV'
2025-07-28 16:10:39,762 - INFO - Se escribió texto y se pulsó Enter en el elemento con name 'pDenominacion_autorizacion_destino'.
2025-07-28 16:10:40,834 - INFO - Se escribió texto en el elemento localizado por name='pDenominacion_operador_traslados': 'ECO TITAN S.L.'
2025-07-28 16:10:42,868 - INFO - Se escribió texto y se pulsó Enter en el elemento con name 'pDenominacion_operador_traslados'.
2025-07-28 16:10:43,934 - INFO - Se escribió texto en el elemento localizado por name='pDenominacion_autorizacion_operador_traslados': '87/A01/CV'
2025-07-28 16:10:45,957 - INFO - Se escribió texto y se pulsó Enter en el elemento con name 'pDenominacion_autorizacion_operador_traslados'.
2025-07-28 16:10:46,034 - INFO - Se escribió texto en el elemento localizado por name='pDenominacion_residuo': 'HIDROCARBUROS CON AGUA*'
2025-07-28 16:10:48,072 - INFO - Se escribió texto y se pulsó Enter en el elemento con name 'pDenominacion_residuo'.
2025-07-28 16:10:48,140 - INFO - Se escribió texto en el elemento localizado por name='pKilos_totales': '2000'
2025-07-28 16:10:50,164 - INFO - Se escribió texto y se pulsó Enter en el elemento con name 'pKilos_totales'.
2025-07-28 16:10:50,212 - INFO - Elemento clickado con 'css selector' = '.miBoton.aceptar'.
2025-07-28 16:10:51,311 - INFO - Opción 'Tratamientos' seleccionada en el elemento con 'id' = 'fContenido_seleccionado'.
2025-07-28 16:10:52,384 - INFO - Elemento clickado con 'css selector' = '.miBoton.editar.editar_1.sinTexto.dcha'.
2025-07-28 16:10:53,016 - INFO - Se escribió texto en el elemento localizado por name='pDenominacion_ema_1': 'EUROPEA DEL TRATAMIENTO DE RESIDUOS COSTA AZAHAR 18, S.L.'
2025-07-28 16:10:55,043 - INFO - Se escribió texto y se pulsó Enter en el elemento con name 'pDenominacion_ema_1'.
2025-07-28 16:10:55,606 - INFO - Se escribió texto en el elemento localizado por name='pTratamiento_posterior_1_codigo_ler_2': 'R3'
2025-07-28 16:10:57,630 - INFO - Se escribió texto y se pulsó Enter en el elemento con name 'pTratamiento_posterior_1_codigo_ler_2'.
2025-07-28 16:10:57,691 - INFO - Elemento clickado con 'css selector' = '.icon-ok'.
2025-07-28 16:10:59,767 - INFO - Opción 'Notificación' seleccionada en el elemento con 'id' = 'fContenido_seleccionado'.
2025-07-28 16:11:00,835 - INFO - Elemento clickado con 'css selector' = '.icon-magic'.
2025-07-28 16:11:01,837 - INFO - Archivo nuevo detectado: NT30460004811420250013130.xml
2025-07-28 16:11:01,838 - INFO - Archivo de notificación descargado en: NT30460004811420250013130.xml
2025-07-28 16:11:02,916 - INFO - Opción 'Facturación' seleccionada en el elemento con 'id' = 'fContenido_seleccionado'.
2025-07-28 16:11:05,079 - INFO - Se escribió texto en el elemento localizado por name='pNombre_cliente': 'LOS CAMIONEROS DE NOBLEJAS, S.L.'
2025-07-28 16:11:07,107 - INFO - Se escribió texto y se pulsó Enter en el elemento con name 'pNombre_cliente'.
2025-07-28 16:11:07,188 - INFO - Se escribió texto en el elemento localizado por name='pDenominacion_producto': 'HIDROCARBUROS CON AGUA*'
2025-07-28 16:11:09,214 - INFO - Se escribió texto y se pulsó Enter en el elemento con name 'pDenominacion_producto'.
2025-07-28 16:11:11,266 - INFO - Elemento clickado con 'css selector' = '.miBoton.aceptar'.
2025-07-28 16:11:13,790 - INFO - Web 'https://portal.nubelus.es/?clave=waster2_gestionContratosTratamiento&pAccion=NUEVO' abierta.
2025-07-28 16:11:13,889 - INFO - Se escribió texto en el elemento localizado por name='pFecha': '28-07-2025'
2025-07-28 16:11:15,914 - INFO - Se escribió texto y se pulsó Enter en el elemento con name 'pFecha'.
2025-07-28 16:11:16,496 - INFO - Se escribió texto en el elemento localizado por name='pFecha_caducidad': '27-07-2028'
2025-07-28 16:11:18,523 - INFO - Se escribió texto y se pulsó Enter en el elemento con name 'pFecha_caducidad'.
2025-07-28 16:11:19,111 - INFO - Se escribió texto en el elemento localizado por name='pDenominacion_origen': 'LOS CAMIONEROS DE NOBLEJAS, S.L.'
2025-07-28 16:11:21,160 - INFO - Se escribió texto y se pulsó Enter en el elemento con name 'pDenominacion_origen'.
2025-07-28 16:11:21,747 - INFO - Se escribió texto en el elemento localizado por name='pDenominacion_origen_centro': 'LOS CAMIONEROS DE NOBLEJAS, S.L.'
2025-07-28 16:11:23,778 - INFO - Se escribió texto y se pulsó Enter en el elemento con name 'pDenominacion_origen_centro'.
2025-07-28 16:11:24,365 - INFO - Se escribió texto en el elemento localizado por name='pDenominacion_destino': 'METALLS DEL CAMP, S.L.'
2025-07-28 16:11:26,395 - INFO - Se escribió texto y se pulsó Enter en el elemento con name 'pDenominacion_destino'.
2025-07-28 16:11:26,985 - INFO - Se escribió texto en el elemento localizado por name='pDenominacion_destino_centro': 'METALLS DEL CAMP, S.L.U. (EL ROMERAL)'
2025-07-28 16:11:29,015 - INFO - Se escribió texto y se pulsó Enter en el elemento con name 'pDenominacion_destino_centro'.
2025-07-28 16:11:30,096 - INFO - Se escribió texto en el elemento localizado por name='pDenominacion_autorizacion_destino': 'G04'
2025-07-28 16:11:32,123 - INFO - Se escribió texto y se pulsó Enter en el elemento con name 'pDenominacion_autorizacion_destino'.
2025-07-28 16:11:33,196 - INFO - Se escribió texto en el elemento localizado por name='pDenominacion_operador_traslados': 'ECO TITAN S.L.'
2025-07-28 16:11:35,226 - INFO - Se escribió texto y se pulsó Enter en el elemento con name 'pDenominacion_operador_traslados'.
2025-07-28 16:11:36,291 - INFO - Se escribió texto en el elemento localizado por name='pDenominacion_autorizacion_operador_traslados': '305/A02/CV'
2025-07-28 16:11:38,319 - INFO - Se escribió texto y se pulsó Enter en el elemento con name 'pDenominacion_autorizacion_operador_traslados'.
2025-07-28 16:11:38,379 - INFO - Se escribió texto en el elemento localizado por name='pDenominacion_residuo': 'CHATARRA MECANICA'
2025-07-28 16:11:40,409 - INFO - Se escribió texto y se pulsó Enter en el elemento con name 'pDenominacion_residuo'.
2025-07-28 16:11:40,466 - INFO - Se escribió texto en el elemento localizado por name='pKilos_totales': '10000'
2025-07-28 16:11:42,490 - INFO - Se escribió texto y se pulsó Enter en el elemento con name 'pKilos_totales'.
2025-07-28 16:11:42,536 - INFO - Elemento clickado con 'css selector' = '.miBoton.aceptar'.
2025-07-28 16:11:43,626 - INFO - Opción 'Tratamientos' seleccionada en el elemento con 'id' = 'fContenido_seleccionado'.
2025-07-28 16:11:44,692 - INFO - Elemento clickado con 'css selector' = '.miBoton.editar.editar_1.sinTexto.dcha'.
2025-07-28 16:11:45,286 - INFO - Se escribió texto en el elemento localizado por name='pDenominacion_ema_1': 'JOSE JARE'
2025-07-28 16:11:47,321 - INFO - Se escribió texto y se pulsó Enter en el elemento con name 'pDenominacion_ema_1'.
2025-07-28 16:11:47,884 - INFO - Se escribió texto en el elemento localizado por name='pTratamiento_posterior_1_codigo_ler_2': 'R12'
2025-07-28 16:11:49,920 - INFO - Se escribió texto y se pulsó Enter en el elemento con name 'pTratamiento_posterior_1_codigo_ler_2'.
2025-07-28 16:11:49,972 - INFO - Elemento clickado con 'css selector' = '.icon-ok'.
2025-07-28 16:11:51,060 - INFO - Elemento clickado con 'css selector' = '.miBoton.editar.editar_2.sinTexto.dcha'.
2025-07-28 16:11:51,658 - INFO - Se escribió texto en el elemento localizado por name='pDenominacion_ema_2': 'ARCELORMITTAL SESTAO, S.L.U.'
2025-07-28 16:11:53,690 - INFO - Se escribió texto y se pulsó Enter en el elemento con name 'pDenominacion_ema_2'.
2025-07-28 16:11:54,261 - INFO - Se escribió texto en el elemento localizado por name='pTratamiento_posterior_2_codigo_ler_2': 'R04'
2025-07-28 16:11:56,289 - INFO - Se escribió texto y se pulsó Enter en el elemento con name 'pTratamiento_posterior_2_codigo_ler_2'.
2025-07-28 16:11:56,339 - INFO - Elemento clickado con 'css selector' = '.icon-ok'.
2025-07-28 16:11:57,423 - INFO - Opción 'Facturación' seleccionada en el elemento con 'id' = 'fContenido_seleccionado'.
2025-07-28 16:11:59,588 - INFO - Se escribió texto en el elemento localizado por name='pNombre_cliente': 'LOS CAMIONEROS DE NOBLEJAS, S.L.'
2025-07-28 16:12:01,613 - INFO - Se escribió texto y se pulsó Enter en el elemento con name 'pNombre_cliente'.
2025-07-28 16:12:01,678 - INFO - Se escribió texto en el elemento localizado por name='pDenominacion_producto': 'CHATARRA MECANICA'
2025-07-28 16:12:03,704 - INFO - Se escribió texto y se pulsó Enter en el elemento con name 'pDenominacion_producto'.
2025-07-28 16:12:05,764 - INFO - Elemento clickado con 'css selector' = '.miBoton.aceptar'.
2025-07-28 16:12:08,275 - INFO - Web 'https://portal.nubelus.es/?clave=waster2_gestionContratosTratamiento&pAccion=NUEVO' abierta.
2025-07-28 16:12:08,368 - INFO - Se escribió texto en el elemento localizado por name='pFecha': '28-07-2025'
2025-07-28 16:12:10,392 - INFO - Se escribió texto y se pulsó Enter en el elemento con name 'pFecha'.
2025-07-28 16:12:10,979 - INFO - Se escribió texto en el elemento localizado por name='pFecha_caducidad': '27-07-2028'
2025-07-28 16:12:13,000 - INFO - Se escribió texto y se pulsó Enter en el elemento con name 'pFecha_caducidad'.
2025-07-28 16:12:13,588 - INFO - Se escribió texto en el elemento localizado por name='pDenominacion_origen': 'LOS CAMIONEROS DE NOBLEJAS, S.L.'
2025-07-28 16:12:15,618 - INFO - Se escribió texto y se pulsó Enter en el elemento con name 'pDenominacion_origen'.
2025-07-28 16:12:16,202 - INFO - Se escribió texto en el elemento localizado por name='pDenominacion_origen_centro': 'LOS CAMIONEROS DE NOBLEJAS, S.L.'
2025-07-28 16:12:18,228 - INFO - Se escribió texto y se pulsó Enter en el elemento con name 'pDenominacion_origen_centro'.
2025-07-28 16:12:18,807 - INFO - Se escribió texto en el elemento localizado por name='pDenominacion_destino': 'METALLS DEL CAMP, S.L.'
2025-07-28 16:12:20,834 - INFO - Se escribió texto y se pulsó Enter en el elemento con name 'pDenominacion_destino'.
2025-07-28 16:12:21,417 - INFO - Se escribió texto en el elemento localizado por name='pDenominacion_destino_centro': 'METALLS DEL CAMP, S.L.U. (EL ROMERAL)'
2025-07-28 16:12:23,445 - INFO - Se escribió texto y se pulsó Enter en el elemento con name 'pDenominacion_destino_centro'.
2025-07-28 16:12:24,505 - INFO - Se escribió texto en el elemento localizado por name='pDenominacion_autorizacion_destino': 'G04'
2025-07-28 16:12:26,532 - INFO - Se escribió texto y se pulsó Enter en el elemento con name 'pDenominacion_autorizacion_destino'.
2025-07-28 16:12:27,602 - INFO - Se escribió texto en el elemento localizado por name='pDenominacion_operador_traslados': 'ECO TITAN S.L.'
2025-07-28 16:12:29,635 - INFO - Se escribió texto y se pulsó Enter en el elemento con name 'pDenominacion_operador_traslados'.
2025-07-28 16:12:30,705 - INFO - Se escribió texto en el elemento localizado por name='pDenominacion_autorizacion_operador_traslados': '305/A02/CV'
2025-07-28 16:12:32,724 - INFO - Se escribió texto y se pulsó Enter en el elemento con name 'pDenominacion_autorizacion_operador_traslados'.
2025-07-28 16:12:32,790 - INFO - Se escribió texto en el elemento localizado por name='pDenominacion_residuo': 'FILTROS DE AIRE'
2025-07-28 16:12:34,814 - INFO - Se escribió texto y se pulsó Enter en el elemento con name 'pDenominacion_residuo'.
2025-07-28 16:12:34,866 - INFO - Se escribió texto en el elemento localizado por name='pKilos_totales': '1500'
2025-07-28 16:12:36,888 - INFO - Se escribió texto y se pulsó Enter en el elemento con name 'pKilos_totales'.
2025-07-28 16:12:36,939 - INFO - Elemento clickado con 'css selector' = '.miBoton.aceptar'.
2025-07-28 16:12:38,045 - INFO - Opción 'Tratamientos' seleccionada en el elemento con 'id' = 'fContenido_seleccionado'.
2025-07-28 16:12:39,110 - INFO - Elemento clickado con 'css selector' = '.miBoton.editar.editar_1.sinTexto.dcha'.
2025-07-28 16:12:39,722 - INFO - Se escribió texto en el elemento localizado por name='pDenominacion_ema_1': 'RECICLATGES FENGOAL, S.L.'
2025-07-28 16:12:41,751 - INFO - Se escribió texto y se pulsó Enter en el elemento con name 'pDenominacion_ema_1'.
2025-07-28 16:12:42,329 - INFO - Se escribió texto en el elemento localizado por name='pTratamiento_posterior_1_codigo_ler_2': 'R12'
2025-07-28 16:12:44,353 - INFO - Se escribió texto y se pulsó Enter en el elemento con name 'pTratamiento_posterior_1_codigo_ler_2'.
2025-07-28 16:12:44,419 - INFO - Elemento clickado con 'css selector' = '.icon-ok'.
2025-07-28 16:12:45,483 - INFO - Elemento clickado con 'css selector' = '.miBoton.editar.editar_2.sinTexto.dcha'.
2025-07-28 16:12:46,086 - INFO - Se escribió texto en el elemento localizado por name='pDenominacion_ema_2': 'PAPELERA DE LA ALQUERIA, S.L.U.'
2025-07-28 16:12:48,142 - INFO - Se escribió texto y se pulsó Enter en el elemento con name 'pDenominacion_ema_2'.
2025-07-28 16:12:48,701 - INFO - Se escribió texto en el elemento localizado por name='pTratamiento_posterior_2_codigo_ler_2': 'R03'
2025-07-28 16:12:50,723 - INFO - Se escribió texto y se pulsó Enter en el elemento con name 'pTratamiento_posterior_2_codigo_ler_2'.
2025-07-28 16:12:50,772 - INFO - Elemento clickado con 'css selector' = '.icon-ok'.
2025-07-28 16:12:51,855 - INFO - Opción 'Facturación' seleccionada en el elemento con 'id' = 'fContenido_seleccionado'.
2025-07-28 16:12:54,016 - INFO - Se escribió texto en el elemento localizado por name='pNombre_cliente': 'LOS CAMIONEROS DE NOBLEJAS, S.L.'
2025-07-28 16:12:56,041 - INFO - Se escribió texto y se pulsó Enter en el elemento con name 'pNombre_cliente'.
2025-07-28 16:12:56,109 - INFO - Se escribió texto en el elemento localizado por name='pDenominacion_producto': 'FILTROS DE AIRE'
2025-07-28 16:12:58,135 - INFO - Se escribió texto y se pulsó Enter en el elemento con name 'pDenominacion_producto'.
2025-07-28 16:12:58,189 - INFO - Opción 'Valor fijo' seleccionada en el elemento con 'name' = 'pCantidad_modo'.
2025-07-28 16:12:58,241 - INFO - Opción 'T/Precio 1' seleccionada en el elemento con 'name' = 'pPrecio_modo_venta'.
2025-07-28 16:12:58,305 - INFO - Se escribió texto en el elemento localizado por name='pCantidad_valor': '1'
2025-07-28 16:13:00,329 - INFO - Se escribió texto y se pulsó Enter en el elemento con name 'pCantidad_valor'.
2025-07-28 16:13:02,382 - INFO - Elemento clickado con 'css selector' = '.miBoton.aceptar'.
2025-07-28 16:13:06,614 - INFO - Contratos faltantes creados correctamente.
