2025-05-21 11:12:57,545 - INFO - Inicializando navegador...
2025-05-21 11:12:57,792 - INFO - Web 'https://ireno.castillalamancha.es/forms/geref000.htm' abierta.
2025-05-21 11:12:58,364 - INFO - Elemento clickado con 'id' = 'enlace_gestores'.
2025-05-21 11:12:58,943 - INFO - Se escribió texto en el elemento localizado por id='input_NIF_CIF': 'B81400491'
2025-05-21 11:12:58,993 - INFO - Elemento clickado con 'id' = 'boton_buscar'.
2025-05-21 11:13:19,472 - ERROR - ERROR: No se encontró la imagen para generar el EXCEL.
2025-05-21 11:13:19,496 - INFO - Web 'https://ireno.castillalamancha.es/forms/geref000.htm' abierta.
2025-05-21 11:13:20,049 - INFO - Elemento clickado con 'id' = 'enlace_gestores'.
2025-05-21 11:13:20,608 - INFO - Se escribió texto en el elemento localizado por id='input_NIF_CIF': '03889931X'
2025-05-21 11:13:20,653 - INFO - Elemento clickado con 'id' = 'boton_buscar'.
2025-05-21 11:13:41,098 - ERROR - ERROR: No se encontró la imagen para generar el EXCEL.
2025-05-21 11:13:41,117 - INFO - Web 'https://ireno.castillalamancha.es/forms/geref000.htm' abierta.
2025-05-21 11:13:41,674 - INFO - Elemento clickado con 'id' = 'enlace_gestores'.
2025-05-21 11:13:42,238 - INFO - Se escribió texto en el elemento localizado por id='input_NIF_CIF': '04247131C'
2025-05-21 11:13:42,280 - INFO - Elemento clickado con 'id' = 'boton_buscar'.
2025-05-21 11:14:02,698 - ERROR - ERROR: No se encontró la imagen para generar el EXCEL.
2025-05-21 11:14:02,716 - INFO - Web 'https://ireno.castillalamancha.es/forms/geref000.htm' abierta.
2025-05-21 11:14:03,269 - INFO - Elemento clickado con 'id' = 'enlace_gestores'.
2025-05-21 11:14:03,827 - INFO - Se escribió texto en el elemento localizado por id='input_NIF_CIF': '03879645M'
2025-05-21 11:14:03,871 - INFO - Elemento clickado con 'id' = 'boton_buscar'.
2025-05-21 11:14:24,271 - ERROR - ERROR: No se encontró la imagen para generar el EXCEL.
2025-05-21 11:14:24,292 - INFO - Web 'https://ireno.castillalamancha.es/forms/geref000.htm' abierta.
