2025-05-21 12:26:41,563 - INFO - Inicializando navegador...
2025-05-21 12:26:41,915 - INFO - Web 'https://residuos.gva.es/RES_BUSCAWEB/buscador_residuos_avanzado.aspx' abierta.
2025-05-21 12:26:42,006 - INFO - Se escribió texto en el elemento localizado por id='ctl00_ContentPlaceHolder1_txtNIF': 'B19811983'
2025-05-21 12:26:42,067 - INFO - Elemento clickado con 'id' = 'ctl00_ContentPlaceHolder1_btBuscar'.
2025-05-21 12:26:43,157 - INFO - Web 'https://residuos.gva.es/RES_BUSCAWEB/ficha.aspx?id=Wf6f1IOLN7OC0YLXp7yPB4xuQX8lH9%2fH' abierta.
2025-05-21 12:26:43,157 - INFO - Enlace 'https://residuos.gva.es/RES_BUSCAWEB/ficha.aspx?id=Wf6f1IOLN7OC0YLXp7yPB4xuQX8lH9%2fH' abierto por el botón con ID 'ctl00_ContentPlaceHolder1_gvResultados_ctl03_hypGestor'.
2025-05-21 12:26:43,207 - INFO - Texto obtenido del elemento con ID 'NOMBREEMPRESA1-0': ECO TITAN, S.L.
2025-05-21 12:26:43,238 - INFO - Texto obtenido del elemento con ID 'ENIF1-0': B19811983
2025-05-21 12:26:43,267 - INFO - Texto obtenido del elemento con ID 'EDIRECCION1-0': CALLE PINTOR BENLLIURE 6     C
2025-05-21 12:26:43,301 - INFO - Texto obtenido del elemento con ID 'ECODIPOS1-0': 46111
2025-05-21 12:26:43,333 - INFO - Texto obtenido del elemento con ID 'Text8-0': ROCAFORT - VALENCIA/VALÈNCIA
2025-05-21 12:26:43,364 - INFO - Texto obtenido del elemento con ID 'ETELEFONO1-0': 960703322
2025-05-21 12:26:43,397 - INFO - Texto obtenido del elemento con ID 'NOMBRECENTRO1-0-0': ECO TITAN, S.L.
2025-05-21 12:26:43,429 - INFO - Texto obtenido del elemento con ID 'FCENCODCENTRO1-0-0': 4600048114
2025-05-21 12:26:43,459 - INFO - Texto obtenido del elemento con ID 'FDIRECCION1-0-0': CALLE PINTOR BENLLIURE 6     C
2025-05-21 12:26:43,490 - INFO - Texto obtenido del elemento con ID 'Text7-0-0': ROCAFORT - VALENCIA/VALÈNCIA
2025-05-21 12:26:43,521 - INFO - Texto obtenido del elemento con ID 'FCODINE1-0-0': 462166
2025-05-21 12:26:43,572 - INFO - Texto obtenido del elemento con ID 'FTELEFONO1-0-0': 960703322
2025-05-21 12:26:43,617 - INFO - Texto obtenido del elemento con ID 'Text10-0-0-0': 305/A02/CV - AGENTE RESIDUOS NO PELIGROSOS
2025-05-21 12:26:43,647 - INFO - Texto obtenido del elemento con ID 'Text10-0-0-1': 87/A01/CV - AGENTE RESIDUOS PELIGROSOS
2025-05-21 12:26:43,649 - INFO - Datos de la empresa guardados en datos_empresa.json
