2025-07-01 12:21:00,326 - INFO - Web 'chrome://settings/security' abierta.
2025-07-01 12:21:07,612 - INFO - Web 'https://portal.nubelus.es' abierta.
2025-07-01 12:21:07,693 - INFO - Se escribió texto en el elemento localizado por id='pNick_gestor': 'ecotitan'
2025-07-01 12:21:07,755 - INFO - Elemento clickado con 'id' = 'btContinuar'.
2025-07-01 12:21:07,812 - INFO - Se escribió texto en el elemento localizado por xpath='//*[@placeholder='Usuario']': 'dani'
2025-07-01 12:21:07,886 - INFO - Se escribió texto en el elemento localizado por xpath='//*[@placeholder='Contraseña']': '123456'
2025-07-01 12:21:07,933 - INFO - Elemento clickado con 'id' = 'btAceptar'.
2025-07-01 12:21:13,419 - INFO - Web 'https://portal.nubelus.es/?clave=waster2_gestionEntidadesMedioambientales' abierta.
2025-07-01 12:21:13,476 - INFO - Elemento clickado con 'css selector' = '.miBoton.mas_opciones'.
2025-07-01 12:21:13,527 - INFO - Elemento clickado con 'id' = 'moa_bGenerar_excel'.
2025-07-01 12:21:14,743 - INFO - Archivo descargado: C:\Users\Usuario\Downloads\Entidades medioambientales.xlsx
2025-07-01 12:21:14,907 - INFO - Archivo eliminado: C:\Users\Usuario\Downloads\Entidades medioambientales.xlsx
2025-07-01 12:21:15,346 - INFO - Web 'https://portal.nubelus.es/?clave=waster2_gestionEntidadesMedioambientalesCentros' abierta.
2025-07-01 12:21:15,395 - INFO - Elemento clickado con 'css selector' = '.miBoton.mas_opciones'.
2025-07-01 12:21:15,447 - INFO - Elemento clickado con 'id' = 'moa_bGenerar_excel'.
2025-07-01 12:21:16,643 - INFO - Archivo descargado: C:\Users\Usuario\Downloads\Centros de entidades medioambientales.xlsx
2025-07-01 12:21:16,682 - INFO - Archivo eliminado: C:\Users\Usuario\Downloads\Centros de entidades medioambientales.xlsx
2025-07-01 12:21:17,127 - INFO - Web 'https://portal.nubelus.es/?clave=factucit2_gestionClientes_n1' abierta.
2025-07-01 12:21:17,195 - INFO - Elemento clickado con 'css selector' = '.miBoton.mas_opciones'.
2025-07-01 12:21:17,244 - INFO - Elemento clickado con 'id' = 'moa_bGenerar_excel'.
2025-07-01 12:21:18,614 - INFO - Archivo descargado: C:\Users\Usuario\Downloads\Clientes.xlsx
2025-07-01 12:21:18,692 - INFO - Archivo eliminado: C:\Users\Usuario\Downloads\Clientes.xlsx
2025-07-01 12:21:19,176 - INFO - Web 'https://portal.nubelus.es/?clave=nubelus_gestionUsuarios' abierta.
2025-07-01 12:21:19,223 - INFO - Elemento clickado con 'css selector' = '.miBoton.mas_opciones'.
2025-07-01 12:21:19,267 - INFO - Elemento clickado con 'id' = 'moa_bGenerar_excel'.
2025-07-01 12:21:20,562 - INFO - Archivo descargado: C:\Users\Usuario\Downloads\Usuarios.xlsx
2025-07-01 12:21:20,623 - INFO - Archivo eliminado: C:\Users\Usuario\Downloads\Usuarios.xlsx
2025-07-01 12:21:21,051 - INFO - Web 'https://portal.nubelus.es/?clave=waster2_gestionAcuerdosRepresentacion' abierta.
2025-07-01 12:21:21,103 - INFO - Elemento clickado con 'css selector' = '.miBoton.mas_opciones'.
2025-07-01 12:21:21,149 - INFO - Elemento clickado con 'id' = 'moa_bGenerar_excel'.
2025-07-01 12:21:22,413 - INFO - Archivo descargado: C:\Users\Usuario\Downloads\Acuerdos de representación.xlsx
2025-07-01 12:21:22,461 - INFO - Archivo eliminado: C:\Users\Usuario\Downloads\Acuerdos de representación.xlsx
2025-07-01 12:21:22,981 - INFO - Web 'https://portal.nubelus.es/?clave=waster2_gestionContratosTratamiento' abierta.
2025-07-01 12:21:23,038 - INFO - Elemento clickado con 'css selector' = '.miBoton.mas_opciones'.
2025-07-01 12:21:23,091 - INFO - Elemento clickado con 'id' = 'moa_bGenerar_excel'.
2025-07-01 12:21:26,280 - INFO - Archivo descargado: C:\Users\Usuario\Downloads\Contratos tratamiento.xlsx
2025-07-01 12:21:26,719 - INFO - Archivo eliminado: C:\Users\Usuario\Downloads\Contratos tratamiento.xlsx
2025-07-01 12:21:27,162 - INFO - Web 'https://portal.nubelus.es/?clave=waster2_gestionContratosTratamiento&pAccion=NUEVO' abierta.
2025-07-01 12:21:27,251 - INFO - Se escribió texto en el elemento localizado por name='pFecha': '11-06-2025'
2025-07-01 12:21:29,271 - INFO - Se escribió texto y se pulsó Enter en el elemento con name 'pFecha'.
2025-07-01 12:21:29,843 - INFO - Se escribió texto en el elemento localizado por name='pFecha_caducidad': '10-06-2028'
2025-07-01 12:21:31,872 - INFO - Se escribió texto y se pulsó Enter en el elemento con name 'pFecha_caducidad'.
2025-07-01 12:21:32,455 - INFO - Se escribió texto en el elemento localizado por name='pDenominacion_origen': 'PRUEBA PRUEBA PRUEBA'
2025-07-01 12:21:34,480 - INFO - Se escribió texto y se pulsó Enter en el elemento con name 'pDenominacion_origen'.
2025-07-01 12:21:35,061 - INFO - Se escribió texto en el elemento localizado por name='pDenominacion_destino': 'METALLS DEL CAMP, S.L.'
2025-07-01 12:21:37,089 - INFO - Se escribió texto y se pulsó Enter en el elemento con name 'pDenominacion_destino'.
2025-07-01 12:21:37,674 - INFO - Se escribió texto en el elemento localizado por name='pDenominacion_destino_centro': 'METALLS DEL CAMP ( SERRA D'
2025-07-01 12:21:39,697 - INFO - Se escribió texto y se pulsó Enter en el elemento con name 'pDenominacion_destino_centro'.
2025-07-01 12:21:40,762 - INFO - Se escribió texto en el elemento localizado por name='pDenominacion_autorizacion_destino': '157/G02/CV'
2025-07-01 12:21:42,785 - INFO - Se escribió texto y se pulsó Enter en el elemento con name 'pDenominacion_autorizacion_destino'.
2025-07-01 12:21:43,853 - INFO - Se escribió texto en el elemento localizado por name='pDenominacion_operador_traslados': 'ECO TITAN S.L.'
2025-07-01 12:21:45,882 - INFO - Se escribió texto y se pulsó Enter en el elemento con name 'pDenominacion_operador_traslados'.
2025-07-01 12:21:46,942 - INFO - Se escribió texto en el elemento localizado por name='pDenominacion_autorizacion_operador_traslados': '87/A01/CV'
2025-07-01 12:21:48,967 - INFO - Se escribió texto y se pulsó Enter en el elemento con name 'pDenominacion_autorizacion_operador_traslados'.
2025-07-01 12:21:49,035 - INFO - Se escribió texto en el elemento localizado por name='pDenominacion_residuo': 'HIDROCARBUROS CON AGUA*'
2025-07-01 12:21:51,062 - INFO - Se escribió texto y se pulsó Enter en el elemento con name 'pDenominacion_residuo'.
2025-07-01 12:21:51,115 - INFO - Se escribió texto en el elemento localizado por name='pKilos_totales': '2000'
2025-07-01 12:21:53,162 - INFO - Se escribió texto y se pulsó Enter en el elemento con name 'pKilos_totales'.
2025-07-01 12:21:53,206 - INFO - Elemento clickado con 'css selector' = '.miBoton.aceptar'.
2025-07-01 12:21:54,282 - INFO - Opción 'Tratamientos' seleccionada en el elemento con 'id' = 'fContenido_seleccionado'.
2025-07-01 12:21:55,340 - INFO - Elemento clickado con 'css selector' = '.miBoton.editar.editar_1.sinTexto.dcha'.
2025-07-01 12:21:55,958 - INFO - Se escribió texto en el elemento localizado por name='pDenominacion_ema_1': 'EUROPEA DEL TRATAMIENTO DE RESIDUOS COSTA AZAHAR 18, S.L.'
2025-07-01 12:21:57,986 - INFO - Se escribió texto y se pulsó Enter en el elemento con name 'pDenominacion_ema_1'.
2025-07-01 12:21:58,547 - INFO - Se escribió texto en el elemento localizado por name='pTratamiento_posterior_1_codigo_ler_2': 'R3'
2025-07-01 12:22:00,576 - INFO - Se escribió texto y se pulsó Enter en el elemento con name 'pTratamiento_posterior_1_codigo_ler_2'.
2025-07-01 12:22:00,631 - INFO - Elemento clickado con 'css selector' = '.icon-ok'.
2025-07-01 12:22:02,692 - INFO - Opción 'Notificación' seleccionada en el elemento con 'id' = 'fContenido_seleccionado'.
2025-07-01 12:22:03,743 - INFO - Elemento clickado con 'css selector' = '.icon-magic'.
2025-07-01 12:22:04,745 - INFO - Archivo nuevo detectado: NT30460004811420250011865.xml
2025-07-01 12:22:04,746 - INFO - Archivo de notificación descargado en: NT30460004811420250011865.xml
2025-07-01 12:22:05,810 - INFO - Opción 'Facturación' seleccionada en el elemento con 'id' = 'fContenido_seleccionado'.
2025-07-01 12:22:07,943 - INFO - Se escribió texto en el elemento localizado por name='pNombre_cliente': 'PRUEBA PRUEBA PRUEBA'
2025-07-01 12:22:09,969 - INFO - Se escribió texto y se pulsó Enter en el elemento con name 'pNombre_cliente'.
2025-07-01 12:22:10,043 - INFO - Se escribió texto en el elemento localizado por name='pDenominacion_producto': 'HIDROCARBUROS CON AGUA*'
2025-07-01 12:22:12,070 - INFO - Se escribió texto y se pulsó Enter en el elemento con name 'pDenominacion_producto'.
2025-07-01 12:22:14,126 - INFO - Elemento clickado con 'css selector' = '.miBoton.aceptar'.
2025-07-01 12:22:16,127 - INFO - Contratos faltantes creados correctamente.
