2025-07-01 12:20:05,258 - INFO - Web 'chrome://settings/security' abierta.
2025-07-01 12:20:11,203 - INFO - Web 'https://portal.nubelus.es' abierta.
2025-07-01 12:20:11,311 - INFO - Se escribió texto en el elemento localizado por id='pNick_gestor': 'ecotitan'
2025-07-01 12:20:11,360 - INFO - Elemento clickado con 'id' = 'btContinuar'.
2025-07-01 12:20:11,413 - INFO - Se escribió texto en el elemento localizado por xpath='//*[@placeholder='Usuario']': 'dani'
2025-07-01 12:20:11,467 - INFO - Se escribió texto en el elemento localizado por xpath='//*[@placeholder='Contraseña']': '123456'
2025-07-01 12:20:11,518 - INFO - Elemento clickado con 'id' = 'btAceptar'.
2025-07-01 12:20:17,073 - INFO - Web 'https://portal.nubelus.es/?clave=waster2_gestionEntidadesMedioambientales' abierta.
2025-07-01 12:20:17,132 - INFO - Elemento clickado con 'css selector' = '.miBoton.mas_opciones'.
2025-07-01 12:20:17,183 - INFO - Elemento clickado con 'id' = 'moa_bGenerar_excel'.
2025-07-01 12:20:18,419 - INFO - Archivo descargado: C:\Users\Usuario\Downloads\Entidades medioambientales.xlsx
2025-07-01 12:20:18,699 - INFO - Archivo eliminado: C:\Users\Usuario\Downloads\Entidades medioambientales.xlsx
2025-07-01 12:20:19,149 - INFO - Web 'https://portal.nubelus.es/?clave=waster2_gestionEntidadesMedioambientalesCentros' abierta.
2025-07-01 12:20:19,197 - INFO - Elemento clickado con 'css selector' = '.miBoton.mas_opciones'.
2025-07-01 12:20:19,250 - INFO - Elemento clickado con 'id' = 'moa_bGenerar_excel'.
2025-07-01 12:20:20,449 - INFO - Archivo descargado: C:\Users\Usuario\Downloads\Centros de entidades medioambientales.xlsx
2025-07-01 12:20:20,489 - INFO - Archivo eliminado: C:\Users\Usuario\Downloads\Centros de entidades medioambientales.xlsx
2025-07-01 12:20:20,954 - INFO - Web 'https://portal.nubelus.es/?clave=factucit2_gestionClientes_n1' abierta.
2025-07-01 12:20:21,008 - INFO - Elemento clickado con 'css selector' = '.miBoton.mas_opciones'.
2025-07-01 12:20:21,056 - INFO - Elemento clickado con 'id' = 'moa_bGenerar_excel'.
2025-07-01 12:20:22,413 - INFO - Archivo descargado: C:\Users\Usuario\Downloads\Clientes.xlsx
2025-07-01 12:20:22,490 - INFO - Archivo eliminado: C:\Users\Usuario\Downloads\Clientes.xlsx
2025-07-01 12:20:23,022 - INFO - Web 'https://portal.nubelus.es/?clave=nubelus_gestionUsuarios' abierta.
2025-07-01 12:20:23,082 - INFO - Elemento clickado con 'css selector' = '.miBoton.mas_opciones'.
2025-07-01 12:20:23,126 - INFO - Elemento clickado con 'id' = 'moa_bGenerar_excel'.
2025-07-01 12:20:24,426 - INFO - Archivo descargado: C:\Users\Usuario\Downloads\Usuarios.xlsx
2025-07-01 12:20:24,492 - INFO - Archivo eliminado: C:\Users\Usuario\Downloads\Usuarios.xlsx
2025-07-01 12:20:24,949 - INFO - Web 'https://portal.nubelus.es/?clave=waster2_gestionAcuerdosRepresentacion' abierta.
2025-07-01 12:20:25,015 - INFO - Elemento clickado con 'css selector' = '.miBoton.mas_opciones'.
2025-07-01 12:20:25,060 - INFO - Elemento clickado con 'id' = 'moa_bGenerar_excel'.
2025-07-01 12:20:26,323 - INFO - Archivo descargado: C:\Users\Usuario\Downloads\Acuerdos de representación.xlsx
2025-07-01 12:20:26,386 - INFO - Archivo eliminado: C:\Users\Usuario\Downloads\Acuerdos de representación.xlsx
2025-07-01 12:20:26,981 - INFO - Web 'https://portal.nubelus.es/?clave=waster2_gestionContratosTratamiento' abierta.
2025-07-01 12:20:27,035 - INFO - Elemento clickado con 'css selector' = '.miBoton.mas_opciones'.
2025-07-01 12:20:27,079 - INFO - Elemento clickado con 'id' = 'moa_bGenerar_excel'.
2025-07-01 12:20:30,295 - INFO - Archivo descargado: C:\Users\Usuario\Downloads\Contratos tratamiento.xlsx
2025-07-01 12:20:30,740 - INFO - Archivo eliminado: C:\Users\Usuario\Downloads\Contratos tratamiento.xlsx
2025-07-01 12:20:30,752 - INFO - Todos los contratos de tratamiento ya están creados para esta empresa.
