2025-05-12 08:30:12,754 - INFO - Imported existing <module 'comtypes.gen' from 'C:\\Users\\Usuario\\PycharmProjects\\PythonProject\\.venv\\Lib\\site-packages\\comtypes\\gen\\__init__.py'>
2025-05-12 08:30:12,754 - INFO - Using writeable comtypes cache directory: 'C:\Users\Usuario\PycharmProjects\PythonProject\.venv\Lib\site-packages\comtypes\gen'
2025-05-12 08:30:17,217 - ERROR - Error al iniciar el navegador: Message: session not created
from unknown error: cannot create default profile directory
Stacktrace:
	GetHandleVerifier [0x0082FC53+61635]
	GetHandleVerifier [0x0082FC94+61700]
	(No symbol) [0x006505D3]
	(No symbol) [0x00688273]
	(No symbol) [0x006826EB]
	(No symbol) [0x0067F6C9]
	(No symbol) [0x006C8DF3]
	(No symbol) [0x006C880A]
	(No symbol) [0x006BD096]
	(No symbol) [0x0068C840]
	(No symbol) [0x0068D6A4]
	GetHandleVerifier [0x00AB4573+2701795]
	GetHandleVerifier [0x00AAFCF6+2683238]
	GetHandleVerifier [0x00ACAA3E+2793134]
	GetHandleVerifier [0x00846915+155013]
	GetHandleVerifier [0x0084CFFD+181357]
	GetHandleVerifier [0x008374A8+92440]
	GetHandleVerifier [0x00837650+92864]
	GetHandleVerifier [0x00822040+5296]
	BaseThreadInitThunk [0x7706FCC9+25]
	RtlGetAppContainerNamedObjectPath [0x773882AE+286]
	RtlGetAppContainerNamedObjectPath [0x7738827E+238]

