2025-05-26 08:37:29,473 - INFO - Inicializando navegador...
2025-05-26 08:37:29,475 - INFO - Inicializando navegador...
2025-05-26 08:37:29,527 - INFO - Inicializando navegador...
2025-05-26 08:37:29,589 - INFO - Inicializando navegador...
2025-05-26 08:37:29,695 - INFO - Web 'https://sdr.arc.cat/sdr/ListNimas.do?menu=G' abierta.
2025-05-26 08:37:29,763 - INFO - Web 'https://gestiona.comunidad.madrid/pcea_nima_web/html/web/InicioAccion.icm' abierta.
2025-05-26 08:37:29,822 - INFO - Web 'https://ireno.castillalamancha.es/forms/geref000.htm' abierta.
2025-05-26 08:37:29,943 - INFO - Se escribió texto en el elemento localizado por id='nif': 'X8352225M'
2025-05-26 08:37:29,978 - INFO - Elemento clickado con 'id' = 'enlace_gestores'.
2025-05-26 08:37:30,015 - INFO - Web 'https://residuos.gva.es/RES_BUSCAWEB/buscador_residuos_avanzado.aspx' abierta.
2025-05-26 08:37:30,173 - INFO - Se escribió texto en el elemento localizado por id='ctl00_ContentPlaceHolder1_txtNIF': 'X8352225M'
2025-05-26 08:37:30,269 - INFO - Elemento clickado con 'id' = 'ctl00_ContentPlaceHolder1_btBuscar'.
2025-05-26 08:37:30,564 - INFO - Se escribió texto en el elemento localizado por id='input_NIF_CIF': 'X8352225M'
2025-05-26 08:37:30,620 - INFO - Elemento clickado con 'id' = 'boton_buscar'.
2025-05-26 08:37:30,851 - INFO - Se escribió texto en el elemento localizado por name='cercaNif': 'X8352225M'
2025-05-26 08:37:31,178 - INFO - Elemento clickado con 'xpath' = '//a[@onclick="buscar('form');"]'.
2025-05-26 08:37:31,808 - INFO - Elemento clickado con 'xpath' = '//button[contains(., 'CERCAR')]'.
2025-05-26 08:37:35,476 - ERROR - Timeout al esperar el elemento con 'id' = 'ctl00_ContentPlaceHolder1_gvResultados_ctl03_hypGestor'
2025-05-26 08:37:35,477 - INFO - ERROR: No se ha encontrado el enlace del gestor en la página.
2025-05-26 08:37:36,266 - ERROR - Timeout al esperar el elemento con 'css selector' = 'input[value='Consultar']'
2025-05-26 08:37:36,266 - INFO - ERROR: El botón Consultar NO está presente en la página.
2025-05-26 08:37:37,200 - ERROR - Timeout al esperar el elemento con 'xpath' = '//div[contains(@class, 'col-xs-4') and b[normalize-space(text())='Nif:'] and contains(., 'X8352225M')]'
2025-05-26 08:37:37,200 - INFO - ERROR: No se ha encontrado el div con el NIF buscado en la página.
2025-05-26 08:37:50,973 - ERROR - ERROR: No se encontró la imagen para generar el EXCEL.
2025-05-26 08:37:50,973 - INFO - ERROR: No se ha encontrado la imagen para generar el Excel.
2025-05-26 08:37:56,891 - INFO - Inicializando navegador...
2025-05-26 08:37:56,894 - INFO - Inicializando navegador...
2025-05-26 08:37:56,928 - INFO - Inicializando navegador...
2025-05-26 08:37:56,941 - INFO - Inicializando navegador...
2025-05-26 08:37:57,003 - INFO - Web 'https://ireno.castillalamancha.es/forms/geref000.htm' abierta.
2025-05-26 08:37:57,159 - INFO - Web 'https://gestiona.comunidad.madrid/pcea_nima_web/html/web/InicioAccion.icm' abierta.
2025-05-26 08:37:57,343 - INFO - Se escribió texto en el elemento localizado por id='nif': 'B97983837'
2025-05-26 08:37:57,377 - INFO - Web 'https://residuos.gva.es/RES_BUSCAWEB/buscador_residuos_avanzado.aspx' abierta.
2025-05-26 08:37:57,506 - INFO - Se escribió texto en el elemento localizado por id='ctl00_ContentPlaceHolder1_txtNIF': 'B97983837'
2025-05-26 08:37:57,558 - INFO - Elemento clickado con 'id' = 'ctl00_ContentPlaceHolder1_btBuscar'.
2025-05-26 08:37:57,770 - INFO - Elemento clickado con 'id' = 'enlace_gestores'.
2025-05-26 08:37:57,773 - INFO - Elemento clickado con 'xpath' = '//a[@onclick="buscar('form');"]'.
2025-05-26 08:37:57,987 - INFO - Web 'https://sdr.arc.cat/sdr/ListNimas.do?menu=G' abierta.
2025-05-26 08:37:58,069 - INFO - Se escribió texto en el elemento localizado por name='cercaNif': 'B97983837'
2025-05-26 08:37:58,340 - INFO - Se escribió texto en el elemento localizado por id='input_NIF_CIF': 'B97983837'
2025-05-26 08:37:58,392 - INFO - Elemento clickado con 'id' = 'boton_buscar'.
2025-05-26 08:37:59,064 - INFO - Elemento clickado con 'xpath' = '//button[contains(., 'CERCAR')]'.
2025-05-26 08:37:59,111 - INFO - Web 'https://residuos.gva.es/RES_BUSCAWEB/ficha.aspx?id=KWsBFQ2YnfQUms1Zz%2byjVkqiNcQoznrr' abierta.
2025-05-26 08:37:59,111 - INFO - Enlace 'https://residuos.gva.es/RES_BUSCAWEB/ficha.aspx?id=KWsBFQ2YnfQUms1Zz%2byjVkqiNcQoznrr' abierto por el botón con ID 'ctl00_ContentPlaceHolder1_gvResultados_ctl03_hypGestor'.
2025-05-26 08:37:59,129 - INFO - Elemento encontrado con 'tag name' = 'iframe'.
2025-05-26 08:37:59,160 - INFO - Elemento encontrado con 'xpath' = '//*[@id='NOMBREEMPRESA1-0']//span'.
2025-05-26 08:37:59,171 - INFO - Texto obtenido del elemento con ID 'NOMBREEMPRESA1-0': ROMERO NEUMATICOS, S.L.
2025-05-26 08:37:59,185 - INFO - Elemento encontrado con 'tag name' = 'iframe'.
2025-05-26 08:37:59,229 - INFO - Elemento encontrado con 'xpath' = '//*[@id='ENIF1-0']//span'.
2025-05-26 08:37:59,237 - INFO - Texto obtenido del elemento con ID 'ENIF1-0': B97983837
2025-05-26 08:37:59,252 - INFO - Elemento encontrado con 'tag name' = 'iframe'.
2025-05-26 08:37:59,276 - INFO - Elemento encontrado con 'xpath' = '//*[@id='EDIRECCION1-0']//span'.
2025-05-26 08:37:59,283 - INFO - Texto obtenido del elemento con ID 'EDIRECCION1-0': POLÍGONO INDUSTRIAL TISNERES, AV. DEMOCRACIA 23
2025-05-26 08:37:59,298 - INFO - Elemento encontrado con 'tag name' = 'iframe'.
2025-05-26 08:37:59,334 - INFO - Elemento encontrado con 'xpath' = '//*[@id='ECODIPOS1-0']//span'.
2025-05-26 08:37:59,340 - INFO - Texto obtenido del elemento con ID 'ECODIPOS1-0': 46600
2025-05-26 08:37:59,355 - INFO - Elemento encontrado con 'tag name' = 'iframe'.
2025-05-26 08:37:59,392 - INFO - Elemento encontrado con 'xpath' = '//*[@id='Text8-0']//span'.
2025-05-26 08:37:59,398 - INFO - Texto obtenido del elemento con ID 'Text8-0': ALZIRA - VALENCIA/VALÈNCIA
2025-05-26 08:37:59,415 - INFO - Elemento encontrado con 'tag name' = 'iframe'.
2025-05-26 08:37:59,443 - INFO - Elemento encontrado con 'xpath' = '//*[@id='ETELEFONO1-0']//span'.
2025-05-26 08:37:59,450 - INFO - Texto obtenido del elemento con ID 'ETELEFONO1-0': 962416111
2025-05-26 08:37:59,463 - INFO - Elemento encontrado con 'tag name' = 'iframe'.
2025-05-26 08:37:59,489 - INFO - Elemento encontrado con 'xpath' = '//*[@id='NOMBRECENTRO1-0-0']//span'.
2025-05-26 08:37:59,493 - INFO - Texto obtenido del elemento con ID 'NOMBRECENTRO1-0-0': ROMERO NEUMATICOS,S.L.
2025-05-26 08:37:59,509 - INFO - Elemento encontrado con 'tag name' = 'iframe'.
2025-05-26 08:37:59,533 - INFO - Elemento encontrado con 'xpath' = '//*[@id='FCENCODCENTRO1-0-0']//span'.
2025-05-26 08:37:59,537 - INFO - Texto obtenido del elemento con ID 'FCENCODCENTRO1-0-0': 4600015332
2025-05-26 08:37:59,550 - INFO - Elemento encontrado con 'tag name' = 'iframe'.
2025-05-26 08:37:59,572 - INFO - Elemento encontrado con 'xpath' = '//*[@id='FDIRECCION1-0-0']//span'.
2025-05-26 08:37:59,577 - INFO - Texto obtenido del elemento con ID 'FDIRECCION1-0-0': POLÍGONO INDUSTRIAL TISNERES, AV. DEMOCRACIA 23
2025-05-26 08:37:59,590 - INFO - Elemento encontrado con 'tag name' = 'iframe'.
2025-05-26 08:37:59,612 - INFO - Elemento encontrado con 'xpath' = '//*[@id='Text7-0-0']//span'.
2025-05-26 08:37:59,623 - INFO - Texto obtenido del elemento con ID 'Text7-0-0': ALZIRA - VALENCIA/VALÈNCIA
2025-05-26 08:37:59,635 - INFO - Elemento encontrado con 'tag name' = 'iframe'.
2025-05-26 08:37:59,659 - INFO - Elemento encontrado con 'xpath' = '//*[@id='FCODINE1-0-0']//span'.
2025-05-26 08:37:59,663 - INFO - Texto obtenido del elemento con ID 'FCODINE1-0-0': 460174
2025-05-26 08:37:59,675 - INFO - Elemento encontrado con 'tag name' = 'iframe'.
2025-05-26 08:37:59,696 - INFO - Elemento encontrado con 'xpath' = '//*[@id='FTELEFONO1-0-0']//span'.
2025-05-26 08:37:59,701 - INFO - Texto obtenido del elemento con ID 'FTELEFONO1-0-0': 962416111
2025-05-26 08:37:59,712 - INFO - Elemento encontrado con 'tag name' = 'iframe'.
2025-05-26 08:37:59,736 - INFO - Elemento encontrado con 'xpath' = '//*[@id='Text10-0-0-0']//span'.
2025-05-26 08:37:59,740 - INFO - Texto obtenido del elemento con ID 'Text10-0-0-0': 1903/P04/CV - PEQUEÑO PRODUCT.RESID.NO PELIGROSOS
2025-05-26 08:37:59,752 - INFO - Elemento encontrado con 'tag name' = 'iframe'.
2025-05-26 08:37:59,774 - INFO - Elemento encontrado con 'xpath' = '//*[@id='Text10-0-0-1']//span'.
2025-05-26 08:37:59,778 - INFO - Texto obtenido del elemento con ID 'Text10-0-0-1': 24884/P02/CV - PEQUEÑO PRODUCTOR RESID.PELIGROSOS
2025-05-26 08:37:59,779 - INFO - Datos de la empresa encontrados y extraídos correctamente.
2025-05-26 08:38:02,885 - ERROR - Timeout al esperar el elemento con 'css selector' = 'input[value='Consultar']'
2025-05-26 08:38:02,886 - INFO - ERROR: El botón Consultar NO está presente en la página.
2025-05-26 08:38:04,493 - ERROR - Timeout al esperar el elemento con 'xpath' = '//div[contains(@class, 'col-xs-4') and b[normalize-space(text())='Nif:'] and contains(., 'B97983837')]'
2025-05-26 08:38:04,493 - INFO - ERROR: No se ha encontrado el div con el NIF buscado en la página.
2025-05-26 08:38:18,754 - ERROR - ERROR: No se encontró la imagen para generar el EXCEL.
2025-05-26 08:38:18,754 - INFO - ERROR: No se ha encontrado la imagen para generar el Excel.
2025-05-26 08:38:22,710 - INFO - Inicializando navegador...
2025-05-26 08:38:22,758 - INFO - Inicializando navegador...
2025-05-26 08:38:22,759 - INFO - Inicializando navegador...
2025-05-26 08:38:22,775 - INFO - Inicializando navegador...
2025-05-26 08:38:23,024 - INFO - Web 'https://gestiona.comunidad.madrid/pcea_nima_web/html/web/InicioAccion.icm' abierta.
2025-05-26 08:38:23,072 - INFO - Web 'https://ireno.castillalamancha.es/forms/geref000.htm' abierta.
2025-05-26 08:38:23,211 - INFO - Web 'https://residuos.gva.es/RES_BUSCAWEB/buscador_residuos_avanzado.aspx' abierta.
2025-05-26 08:38:23,250 - INFO - Se escribió texto en el elemento localizado por id='nif': 'J05340013'
2025-05-26 08:38:23,369 - INFO - Se escribió texto en el elemento localizado por id='ctl00_ContentPlaceHolder1_txtNIF': 'J05340013'
2025-05-26 08:38:23,464 - INFO - Elemento clickado con 'id' = 'ctl00_ContentPlaceHolder1_btBuscar'.
2025-05-26 08:38:23,695 - INFO - Elemento clickado con 'id' = 'enlace_gestores'.
2025-05-26 08:38:23,761 - INFO - Elemento clickado con 'xpath' = '//a[@onclick="buscar('form');"]'.
2025-05-26 08:38:23,984 - INFO - Web 'https://sdr.arc.cat/sdr/ListNimas.do?menu=G' abierta.
2025-05-26 08:38:24,055 - INFO - Se escribió texto en el elemento localizado por name='cercaNif': 'J05340013'
2025-05-26 08:38:24,267 - INFO - Se escribió texto en el elemento localizado por id='input_NIF_CIF': 'J05340013'
2025-05-26 08:38:24,317 - INFO - Elemento clickado con 'id' = 'boton_buscar'.
2025-05-26 08:38:25,007 - INFO - Elemento clickado con 'xpath' = '//button[contains(., 'CERCAR')]'.
2025-05-26 08:38:25,021 - INFO - Web 'https://residuos.gva.es/RES_BUSCAWEB/ficha.aspx?id=dczIQGYOQWVcWhCcOZ68wUkMarjuLxRo' abierta.
2025-05-26 08:38:25,021 - INFO - Enlace 'https://residuos.gva.es/RES_BUSCAWEB/ficha.aspx?id=dczIQGYOQWVcWhCcOZ68wUkMarjuLxRo' abierto por el botón con ID 'ctl00_ContentPlaceHolder1_gvResultados_ctl03_hypGestor'.
2025-05-26 08:38:25,044 - INFO - Elemento encontrado con 'tag name' = 'iframe'.
2025-05-26 08:38:25,074 - INFO - Elemento encontrado con 'xpath' = '//*[@id='NOMBREEMPRESA1-0']//span'.
2025-05-26 08:38:25,085 - INFO - Texto obtenido del elemento con ID 'NOMBREEMPRESA1-0': AUTO SPORT MIRAMAR, S.C
2025-05-26 08:38:25,098 - INFO - Elemento encontrado con 'tag name' = 'iframe'.
2025-05-26 08:38:25,125 - INFO - Elemento encontrado con 'xpath' = '//*[@id='ENIF1-0']//span'.
2025-05-26 08:38:25,131 - INFO - Texto obtenido del elemento con ID 'ENIF1-0': J05340013
2025-05-26 08:38:25,147 - INFO - Elemento encontrado con 'tag name' = 'iframe'.
2025-05-26 08:38:25,178 - INFO - Elemento encontrado con 'xpath' = '//*[@id='EDIRECCION1-0']//span'.
2025-05-26 08:38:25,184 - INFO - Texto obtenido del elemento con ID 'EDIRECCION1-0': CALLE GANDIA - PLANTA BAJA  20
2025-05-26 08:38:25,196 - INFO - Elemento encontrado con 'tag name' = 'iframe'.
2025-05-26 08:38:25,222 - INFO - Elemento encontrado con 'xpath' = '//*[@id='ECODIPOS1-0']//span'.
2025-05-26 08:38:25,227 - INFO - Texto obtenido del elemento con ID 'ECODIPOS1-0': 46711
2025-05-26 08:38:25,242 - INFO - Elemento encontrado con 'tag name' = 'iframe'.
2025-05-26 08:38:25,270 - INFO - Elemento encontrado con 'xpath' = '//*[@id='Text8-0']//span'.
2025-05-26 08:38:25,275 - INFO - Texto obtenido del elemento con ID 'Text8-0': MIRAMAR - VALENCIA/VALÈNCIA
2025-05-26 08:38:25,292 - INFO - Elemento encontrado con 'tag name' = 'iframe'.
2025-05-26 08:38:25,322 - INFO - Elemento encontrado con 'xpath' = '//*[@id='ETELEFONO1-0']//span'.
2025-05-26 08:38:25,327 - INFO - Texto obtenido del elemento con ID 'ETELEFONO1-0': 610944936
2025-05-26 08:38:25,342 - INFO - Elemento encontrado con 'tag name' = 'iframe'.
2025-05-26 08:38:25,366 - INFO - Elemento encontrado con 'xpath' = '//*[@id='NOMBRECENTRO1-0-0']//span'.
2025-05-26 08:38:25,371 - INFO - Texto obtenido del elemento con ID 'NOMBRECENTRO1-0-0': AUTO SPORT MIRAMAR, S.C
2025-05-26 08:38:25,383 - INFO - Elemento encontrado con 'tag name' = 'iframe'.
2025-05-26 08:38:25,408 - INFO - Elemento encontrado con 'xpath' = '//*[@id='FCENCODCENTRO1-0-0']//span'.
2025-05-26 08:38:25,413 - INFO - Texto obtenido del elemento con ID 'FCENCODCENTRO1-0-0': 4600041571
2025-05-26 08:38:25,427 - INFO - Elemento encontrado con 'tag name' = 'iframe'.
2025-05-26 08:38:25,469 - INFO - Elemento encontrado con 'xpath' = '//*[@id='FDIRECCION1-0-0']//span'.
2025-05-26 08:38:25,474 - INFO - Texto obtenido del elemento con ID 'FDIRECCION1-0-0': CALLE GANDIA - PLANTA BAJA 20
2025-05-26 08:38:25,489 - INFO - Elemento encontrado con 'tag name' = 'iframe'.
2025-05-26 08:38:25,518 - INFO - Elemento encontrado con 'xpath' = '//*[@id='Text7-0-0']//span'.
2025-05-26 08:38:25,522 - INFO - Texto obtenido del elemento con ID 'Text7-0-0': MIRAMAR - VALENCIA/VALÈNCIA
2025-05-26 08:38:25,535 - INFO - Elemento encontrado con 'tag name' = 'iframe'.
2025-05-26 08:38:25,558 - INFO - Elemento encontrado con 'xpath' = '//*[@id='FCODINE1-0-0']//span'.
2025-05-26 08:38:25,562 - INFO - Texto obtenido del elemento con ID 'FCODINE1-0-0': 461688
2025-05-26 08:38:25,574 - INFO - Elemento encontrado con 'tag name' = 'iframe'.
2025-05-26 08:38:25,597 - INFO - Elemento encontrado con 'xpath' = '//*[@id='FTELEFONO1-0-0']//span'.
2025-05-26 08:38:25,603 - INFO - Texto obtenido del elemento con ID 'FTELEFONO1-0-0': 610944936
2025-05-26 08:38:25,614 - INFO - Elemento encontrado con 'tag name' = 'iframe'.
2025-05-26 08:38:25,637 - INFO - Elemento encontrado con 'xpath' = '//*[@id='Text10-0-0-0']//span'.
2025-05-26 08:38:25,641 - INFO - Texto obtenido del elemento con ID 'Text10-0-0-0': 40699/P02/CV - PEQUEÑO PRODUCTOR RESID.PELIGROSOS
2025-05-26 08:38:25,653 - INFO - Elemento encontrado con 'tag name' = 'iframe'.
2025-05-26 08:38:28,878 - ERROR - Timeout al esperar el elemento con 'css selector' = 'input[value='Consultar']'
2025-05-26 08:38:28,878 - INFO - ERROR: El botón Consultar NO está presente en la página.
2025-05-26 08:38:30,405 - ERROR - Timeout al esperar el elemento con 'xpath' = '//div[contains(@class, 'col-xs-4') and b[normalize-space(text())='Nif:'] and contains(., 'J05340013')]'
2025-05-26 08:38:30,405 - INFO - ERROR: No se ha encontrado el div con el NIF buscado en la página.
2025-05-26 08:38:30,760 - ERROR - Timeout al esperar el elemento con 'xpath' = '//*[@id='Text10-0-0-1']//span'
2025-05-26 08:38:30,762 - ERROR - No se pudo encontrar el código de residuo 2
2025-05-26 08:38:30,762 - INFO - Datos de la empresa encontrados y extraídos correctamente.
2025-05-26 08:38:44,701 - ERROR - ERROR: No se encontró la imagen para generar el EXCEL.
2025-05-26 08:38:44,702 - INFO - ERROR: No se ha encontrado la imagen para generar el Excel.
2025-05-26 08:38:48,727 - INFO - Inicializando navegador...
2025-05-26 08:38:48,727 - INFO - Inicializando navegador...
2025-05-26 08:38:48,749 - INFO - Inicializando navegador...
2025-05-26 08:38:48,781 - INFO - Inicializando navegador...
2025-05-26 08:38:48,942 - INFO - Web 'https://gestiona.comunidad.madrid/pcea_nima_web/html/web/InicioAccion.icm' abierta.
2025-05-26 08:38:49,020 - INFO - Web 'https://ireno.castillalamancha.es/forms/geref000.htm' abierta.
2025-05-26 08:38:49,115 - INFO - Se escribió texto en el elemento localizado por id='nif': 'B98648751'
2025-05-26 08:38:49,221 - INFO - Web 'https://residuos.gva.es/RES_BUSCAWEB/buscador_residuos_avanzado.aspx' abierta.
2025-05-26 08:38:49,315 - INFO - Se escribió texto en el elemento localizado por id='ctl00_ContentPlaceHolder1_txtNIF': 'B98648751'
2025-05-26 08:38:49,390 - INFO - Elemento clickado con 'id' = 'ctl00_ContentPlaceHolder1_btBuscar'.
2025-05-26 08:38:49,535 - INFO - Elemento clickado con 'xpath' = '//a[@onclick="buscar('form');"]'.
2025-05-26 08:38:49,654 - INFO - Elemento clickado con 'id' = 'enlace_gestores'.
2025-05-26 08:38:49,829 - INFO - Web 'https://sdr.arc.cat/sdr/ListNimas.do?menu=G' abierta.
2025-05-26 08:38:49,921 - INFO - Se escribió texto en el elemento localizado por name='cercaNif': 'B98648751'
2025-05-26 08:38:50,244 - INFO - Se escribió texto en el elemento localizado por id='input_NIF_CIF': 'B98648751'
2025-05-26 08:38:50,292 - INFO - Elemento clickado con 'id' = 'boton_buscar'.
2025-05-26 08:38:50,856 - INFO - Elemento clickado con 'xpath' = '//button[contains(., 'CERCAR')]'.
2025-05-26 08:38:50,928 - INFO - Web 'https://residuos.gva.es/RES_BUSCAWEB/ficha.aspx?id=szcf6JvmiIor5Qbm7bI29pvt5UZvn8AI' abierta.
2025-05-26 08:38:50,928 - INFO - Enlace 'https://residuos.gva.es/RES_BUSCAWEB/ficha.aspx?id=szcf6JvmiIor5Qbm7bI29pvt5UZvn8AI' abierto por el botón con ID 'ctl00_ContentPlaceHolder1_gvResultados_ctl03_hypGestor'.
2025-05-26 08:38:50,952 - INFO - Elemento encontrado con 'tag name' = 'iframe'.
2025-05-26 08:38:50,985 - INFO - Elemento encontrado con 'xpath' = '//*[@id='NOMBREEMPRESA1-0']//span'.
2025-05-26 08:38:50,993 - INFO - Texto obtenido del elemento con ID 'NOMBREEMPRESA1-0': MYM GESTIONA ADMINISTRACIÓN, S.L
2025-05-26 08:38:51,010 - INFO - Elemento encontrado con 'tag name' = 'iframe'.
2025-05-26 08:38:51,045 - INFO - Elemento encontrado con 'xpath' = '//*[@id='ENIF1-0']//span'.
2025-05-26 08:38:51,052 - INFO - Texto obtenido del elemento con ID 'ENIF1-0': B98648751
2025-05-26 08:38:51,063 - INFO - Elemento encontrado con 'tag name' = 'iframe'.
2025-05-26 08:38:51,096 - INFO - Elemento encontrado con 'xpath' = '//*[@id='EDIRECCION1-0']//span'.
2025-05-26 08:38:51,103 - INFO - Texto obtenido del elemento con ID 'EDIRECCION1-0': CARRETERA ESCRIVA 26
2025-05-26 08:38:51,120 - INFO - Elemento encontrado con 'tag name' = 'iframe'.
2025-05-26 08:38:51,153 - INFO - Elemento encontrado con 'xpath' = '//*[@id='ECODIPOS1-0']//span'.
2025-05-26 08:38:51,159 - INFO - Texto obtenido del elemento con ID 'ECODIPOS1-0': 46007
2025-05-26 08:38:51,177 - INFO - Elemento encontrado con 'tag name' = 'iframe'.
2025-05-26 08:38:51,209 - INFO - Elemento encontrado con 'xpath' = '//*[@id='Text8-0']//span'.
2025-05-26 08:38:51,217 - INFO - Texto obtenido del elemento con ID 'Text8-0': VALÈNCIA - VALENCIA/VALÈNCIA
2025-05-26 08:38:51,236 - INFO - Elemento encontrado con 'tag name' = 'iframe'.
2025-05-26 08:38:51,264 - INFO - Elemento encontrado con 'xpath' = '//*[@id='ETELEFONO1-0']//span'.
2025-05-26 08:38:51,271 - INFO - Texto obtenido del elemento con ID 'ETELEFONO1-0': 693421239
2025-05-26 08:38:51,290 - INFO - Elemento encontrado con 'tag name' = 'iframe'.
2025-05-26 08:38:51,315 - INFO - Elemento encontrado con 'xpath' = '//*[@id='NOMBRECENTRO1-0-0']//span'.
2025-05-26 08:38:51,321 - INFO - Texto obtenido del elemento con ID 'NOMBRECENTRO1-0-0': MYM GESTIONA ADMINISTRACIÓN, S.L
2025-05-26 08:38:51,333 - INFO - Elemento encontrado con 'tag name' = 'iframe'.
2025-05-26 08:38:51,357 - INFO - Elemento encontrado con 'xpath' = '//*[@id='FCENCODCENTRO1-0-0']//span'.
2025-05-26 08:38:51,361 - INFO - Texto obtenido del elemento con ID 'FCENCODCENTRO1-0-0': 4600028925
2025-05-26 08:38:51,391 - INFO - Elemento encontrado con 'tag name' = 'iframe'.
2025-05-26 08:38:51,417 - INFO - Elemento encontrado con 'xpath' = '//*[@id='FDIRECCION1-0-0']//span'.
2025-05-26 08:38:51,421 - INFO - Texto obtenido del elemento con ID 'FDIRECCION1-0-0': CARRETERA ESCRIVA 26
2025-05-26 08:38:51,435 - INFO - Elemento encontrado con 'tag name' = 'iframe'.
2025-05-26 08:38:51,458 - INFO - Elemento encontrado con 'xpath' = '//*[@id='Text7-0-0']//span'.
2025-05-26 08:38:51,462 - INFO - Texto obtenido del elemento con ID 'Text7-0-0': VALÈNCIA - VALENCIA/VALÈNCIA
2025-05-26 08:38:51,475 - INFO - Elemento encontrado con 'tag name' = 'iframe'.
2025-05-26 08:38:51,501 - INFO - Elemento encontrado con 'xpath' = '//*[@id='FCODINE1-0-0']//span'.
2025-05-26 08:38:51,505 - INFO - Texto obtenido del elemento con ID 'FCODINE1-0-0': 462508
2025-05-26 08:38:51,518 - INFO - Elemento encontrado con 'tag name' = 'iframe'.
2025-05-26 08:38:51,541 - INFO - Elemento encontrado con 'xpath' = '//*[@id='FTELEFONO1-0-0']//span'.
2025-05-26 08:38:51,545 - INFO - Texto obtenido del elemento con ID 'FTELEFONO1-0-0': 963421239
2025-05-26 08:38:51,558 - INFO - Elemento encontrado con 'tag name' = 'iframe'.
2025-05-26 08:38:51,580 - INFO - Elemento encontrado con 'xpath' = '//*[@id='Text10-0-0-0']//span'.
2025-05-26 08:38:51,586 - INFO - Texto obtenido del elemento con ID 'Text10-0-0-0': 18060/P02/CV - PEQUEÑO PRODUCTOR RESID.PELIGROSOS
2025-05-26 08:38:51,597 - INFO - Elemento encontrado con 'tag name' = 'iframe'.
2025-05-26 08:38:54,638 - ERROR - Timeout al esperar el elemento con 'css selector' = 'input[value='Consultar']'
2025-05-26 08:38:54,638 - INFO - ERROR: El botón Consultar NO está presente en la página.
2025-05-26 08:38:56,261 - ERROR - Timeout al esperar el elemento con 'xpath' = '//div[contains(@class, 'col-xs-4') and b[normalize-space(text())='Nif:'] and contains(., 'B98648751')]'
2025-05-26 08:38:56,261 - INFO - ERROR: No se ha encontrado el div con el NIF buscado en la página.
2025-05-26 08:38:56,716 - ERROR - Timeout al esperar el elemento con 'xpath' = '//*[@id='Text10-0-0-1']//span'
2025-05-26 08:38:56,718 - ERROR - No se pudo encontrar el código de residuo 2
2025-05-26 08:38:56,718 - INFO - Datos de la empresa encontrados y extraídos correctamente.
2025-05-26 08:39:10,627 - ERROR - ERROR: No se encontró la imagen para generar el EXCEL.
2025-05-26 08:39:10,628 - INFO - ERROR: No se ha encontrado la imagen para generar el Excel.
2025-05-26 08:39:14,595 - INFO - Inicializando navegador...
2025-05-26 08:39:14,599 - INFO - Inicializando navegador...
2025-05-26 08:39:14,599 - INFO - Inicializando navegador...
2025-05-26 08:39:14,601 - INFO - Inicializando navegador...
2025-05-26 08:39:14,795 - INFO - Web 'https://gestiona.comunidad.madrid/pcea_nima_web/html/web/InicioAccion.icm' abierta.
2025-05-26 08:39:14,829 - INFO - Web 'https://ireno.castillalamancha.es/forms/geref000.htm' abierta.
2025-05-26 08:39:14,951 - INFO - Se escribió texto en el elemento localizado por id='nif': '19082642W'
2025-05-26 08:39:15,018 - INFO - Web 'https://residuos.gva.es/RES_BUSCAWEB/buscador_residuos_avanzado.aspx' abierta.
2025-05-26 08:39:15,159 - INFO - Se escribió texto en el elemento localizado por id='ctl00_ContentPlaceHolder1_txtNIF': '19082642W'
2025-05-26 08:39:15,222 - INFO - Elemento clickado con 'id' = 'ctl00_ContentPlaceHolder1_btBuscar'.
2025-05-26 08:39:15,372 - INFO - Elemento clickado con 'xpath' = '//a[@onclick="buscar('form');"]'.
2025-05-26 08:39:15,443 - INFO - Elemento clickado con 'id' = 'enlace_gestores'.
2025-05-26 08:39:15,601 - INFO - Web 'https://sdr.arc.cat/sdr/ListNimas.do?menu=G' abierta.
2025-05-26 08:39:15,751 - INFO - Se escribió texto en el elemento localizado por name='cercaNif': '19082642W'
2025-05-26 08:39:16,012 - INFO - Se escribió texto en el elemento localizado por id='input_NIF_CIF': '19082642W'
2025-05-26 08:39:16,063 - INFO - Elemento clickado con 'id' = 'boton_buscar'.
2025-05-26 08:39:16,744 - INFO - Elemento clickado con 'xpath' = '//button[contains(., 'CERCAR')]'.
2025-05-26 08:39:16,791 - INFO - Web 'https://residuos.gva.es/RES_BUSCAWEB/ficha.aspx?id=wNuOqw6oBal2CYV%2bvg2h36QDeOEb56R%2b' abierta.
2025-05-26 08:39:16,791 - INFO - Enlace 'https://residuos.gva.es/RES_BUSCAWEB/ficha.aspx?id=wNuOqw6oBal2CYV%2bvg2h36QDeOEb56R%2b' abierto por el botón con ID 'ctl00_ContentPlaceHolder1_gvResultados_ctl03_hypGestor'.
2025-05-26 08:39:16,838 - INFO - Elemento encontrado con 'tag name' = 'iframe'.
2025-05-26 08:39:16,877 - INFO - Elemento encontrado con 'xpath' = '//*[@id='NOMBREEMPRESA1-0']//span'.
2025-05-26 08:39:16,887 - INFO - Texto obtenido del elemento con ID 'NOMBREEMPRESA1-0': JESUS  FERNANDO SANCHO SORIANO
2025-05-26 08:39:16,908 - INFO - Elemento encontrado con 'tag name' = 'iframe'.
2025-05-26 08:39:16,944 - INFO - Elemento encontrado con 'xpath' = '//*[@id='ENIF1-0']//span'.
2025-05-26 08:39:16,952 - INFO - Texto obtenido del elemento con ID 'ENIF1-0': 19082642W
2025-05-26 08:39:16,968 - INFO - Elemento encontrado con 'tag name' = 'iframe'.
2025-05-26 08:39:16,995 - INFO - Elemento encontrado con 'xpath' = '//*[@id='EDIRECCION1-0']//span'.
2025-05-26 08:39:17,021 - INFO - Texto obtenido del elemento con ID 'EDIRECCION1-0': AUSIAS MARCH, 8-BAJO
2025-05-26 08:39:17,044 - INFO - Elemento encontrado con 'tag name' = 'iframe'.
2025-05-26 08:39:17,088 - INFO - Elemento encontrado con 'xpath' = '//*[@id='ECODIPOS1-0']//span'.
2025-05-26 08:39:17,093 - INFO - Texto obtenido del elemento con ID 'ECODIPOS1-0': 46530
2025-05-26 08:39:17,110 - INFO - Elemento encontrado con 'tag name' = 'iframe'.
2025-05-26 08:39:17,134 - INFO - Elemento encontrado con 'xpath' = '//*[@id='Text8-0']//span'.
2025-05-26 08:39:17,139 - INFO - Texto obtenido del elemento con ID 'Text8-0': PUÇOL - VALENCIA/VALÈNCIA
2025-05-26 08:39:17,152 - INFO - Elemento encontrado con 'tag name' = 'iframe'.
2025-05-26 08:39:17,175 - INFO - Elemento encontrado con 'xpath' = '//*[@id='ETELEFONO1-0']//span'.
2025-05-26 08:39:17,179 - INFO - Texto obtenido del elemento con ID 'ETELEFONO1-0': 961422602
2025-05-26 08:39:17,193 - INFO - Elemento encontrado con 'tag name' = 'iframe'.
2025-05-26 08:39:17,219 - INFO - Elemento encontrado con 'xpath' = '//*[@id='NOMBRECENTRO1-0-0']//span'.
2025-05-26 08:39:17,223 - INFO - Texto obtenido del elemento con ID 'NOMBRECENTRO1-0-0': SANCHO SORIANO, JESUS FERNANDO
2025-05-26 08:39:17,236 - INFO - Elemento encontrado con 'tag name' = 'iframe'.
2025-05-26 08:39:17,273 - INFO - Elemento encontrado con 'xpath' = '//*[@id='FCENCODCENTRO1-0-0']//span'.
2025-05-26 08:39:17,283 - INFO - Texto obtenido del elemento con ID 'FCENCODCENTRO1-0-0': 4600000140
2025-05-26 08:39:17,304 - INFO - Elemento encontrado con 'tag name' = 'iframe'.
2025-05-26 08:39:17,334 - INFO - Elemento encontrado con 'xpath' = '//*[@id='FDIRECCION1-0-0']//span'.
2025-05-26 08:39:17,338 - INFO - Texto obtenido del elemento con ID 'FDIRECCION1-0-0': AUSIAS MARCH, 8-BAJO
2025-05-26 08:39:17,350 - INFO - Elemento encontrado con 'tag name' = 'iframe'.
2025-05-26 08:39:17,373 - INFO - Elemento encontrado con 'xpath' = '//*[@id='Text7-0-0']//span'.
2025-05-26 08:39:17,377 - INFO - Texto obtenido del elemento con ID 'Text7-0-0': PUÇOL - VALENCIA/VALÈNCIA
2025-05-26 08:39:17,390 - INFO - Elemento encontrado con 'tag name' = 'iframe'.
2025-05-26 08:39:17,412 - INFO - Elemento encontrado con 'xpath' = '//*[@id='FCODINE1-0-0']//span'.
2025-05-26 08:39:17,418 - INFO - Texto obtenido del elemento con ID 'FCODINE1-0-0': 462055
2025-05-26 08:39:17,429 - INFO - Elemento encontrado con 'tag name' = 'iframe'.
2025-05-26 08:39:17,450 - INFO - Elemento encontrado con 'xpath' = '//*[@id='FTELEFONO1-0-0']//span'.
2025-05-26 08:39:17,454 - INFO - Texto obtenido del elemento con ID 'FTELEFONO1-0-0': 961422602
2025-05-26 08:39:17,466 - INFO - Elemento encontrado con 'tag name' = 'iframe'.
2025-05-26 08:39:17,489 - INFO - Elemento encontrado con 'xpath' = '//*[@id='Text10-0-0-0']//span'.
2025-05-26 08:39:17,494 - INFO - Texto obtenido del elemento con ID 'Text10-0-0-0': 23653/P02/CV - PEQUEÑO PRODUCTOR RESID.PELIGROSOS
2025-05-26 08:39:17,507 - INFO - Elemento encontrado con 'tag name' = 'iframe'.
2025-05-26 08:39:20,452 - ERROR - Timeout al esperar el elemento con 'css selector' = 'input[value='Consultar']'
2025-05-26 08:39:20,452 - INFO - ERROR: El botón Consultar NO está presente en la página.
2025-05-26 08:39:22,203 - ERROR - Timeout al esperar el elemento con 'xpath' = '//div[contains(@class, 'col-xs-4') and b[normalize-space(text())='Nif:'] and contains(., '19082642W')]'
2025-05-26 08:39:22,204 - INFO - ERROR: No se ha encontrado el div con el NIF buscado en la página.
2025-05-26 08:39:22,629 - ERROR - Timeout al esperar el elemento con 'xpath' = '//*[@id='Text10-0-0-1']//span'
2025-05-26 08:39:22,631 - ERROR - No se pudo encontrar el código de residuo 2
2025-05-26 08:39:22,631 - INFO - Datos de la empresa encontrados y extraídos correctamente.
2025-05-26 08:39:36,441 - ERROR - ERROR: No se encontró la imagen para generar el EXCEL.
2025-05-26 08:39:36,442 - INFO - ERROR: No se ha encontrado la imagen para generar el Excel.
2025-05-26 08:39:40,324 - INFO - Inicializando navegador...
2025-05-26 08:39:40,402 - INFO - Inicializando navegador...
2025-05-26 08:39:40,475 - INFO - Inicializando navegador...
2025-05-26 08:39:40,475 - INFO - Inicializando navegador...
2025-05-26 08:39:40,673 - INFO - Web 'https://gestiona.comunidad.madrid/pcea_nima_web/html/web/InicioAccion.icm' abierta.
2025-05-26 08:39:40,715 - INFO - Web 'https://ireno.castillalamancha.es/forms/geref000.htm' abierta.
2025-05-26 08:39:40,812 - INFO - Se escribió texto en el elemento localizado por id='nif': 'A08359960'
2025-05-26 08:39:40,829 - INFO - Web 'https://residuos.gva.es/RES_BUSCAWEB/buscador_residuos_avanzado.aspx' abierta.
2025-05-26 08:39:40,945 - INFO - Se escribió texto en el elemento localizado por id='ctl00_ContentPlaceHolder1_txtNIF': 'A08359960'
2025-05-26 08:39:41,005 - INFO - Elemento clickado con 'id' = 'ctl00_ContentPlaceHolder1_btBuscar'.
2025-05-26 08:39:41,276 - INFO - Elemento clickado con 'xpath' = '//a[@onclick="buscar('form');"]'.
2025-05-26 08:39:41,284 - INFO - Elemento clickado con 'id' = 'enlace_gestores'.
2025-05-26 08:39:41,328 - INFO - Web 'https://sdr.arc.cat/sdr/ListNimas.do?menu=G' abierta.
2025-05-26 08:39:41,489 - INFO - Se escribió texto en el elemento localizado por name='cercaNif': 'A08359960'
2025-05-26 08:39:41,856 - INFO - Se escribió texto en el elemento localizado por id='input_NIF_CIF': 'A08359960'
2025-05-26 08:39:41,905 - INFO - Elemento clickado con 'id' = 'boton_buscar'.
2025-05-26 08:39:46,095 - ERROR - Timeout al esperar el elemento con 'id' = 'ctl00_ContentPlaceHolder1_gvResultados_ctl03_hypGestor'
2025-05-26 08:39:46,095 - INFO - ERROR: No se ha encontrado el enlace del gestor en la página.
2025-05-26 08:39:46,214 - INFO - Elemento clickado con 'xpath' = '//button[contains(., 'CERCAR')]'.
2025-05-26 08:39:46,243 - INFO - Texto obtenido: Nif: A08359960
2025-05-26 08:39:46,261 - INFO - Texto obtenido: Nima: 0800531803
2025-05-26 08:39:46,278 - INFO - Texto obtenido: Raó social: DISTILLER, SA
2025-05-26 08:39:46,387 - ERROR - Timeout al esperar el elemento con 'css selector' = 'input[value='Consultar']'
2025-05-26 08:39:46,388 - INFO - ERROR: El botón Consultar NO está presente en la página.
2025-05-26 08:40:02,282 - ERROR - ERROR: No se encontró la imagen para generar el EXCEL.
2025-05-26 08:40:02,283 - INFO - ERROR: No se ha encontrado la imagen para generar el Excel.
2025-05-26 08:40:06,179 - INFO - Inicializando navegador...
2025-05-26 08:40:06,190 - INFO - Inicializando navegador...
2025-05-26 08:40:06,225 - INFO - Inicializando navegador...
2025-05-26 08:40:06,273 - INFO - Inicializando navegador...
2025-05-26 08:40:06,425 - INFO - Web 'https://ireno.castillalamancha.es/forms/geref000.htm' abierta.
2025-05-26 08:40:06,484 - INFO - Web 'https://gestiona.comunidad.madrid/pcea_nima_web/html/web/InicioAccion.icm' abierta.
2025-05-26 08:40:06,608 - INFO - Se escribió texto en el elemento localizado por id='nif': 'X5409454S'
2025-05-26 08:40:06,623 - INFO - Web 'https://residuos.gva.es/RES_BUSCAWEB/buscador_residuos_avanzado.aspx' abierta.
2025-05-26 08:40:06,693 - INFO - Elemento clickado con 'xpath' = '//a[@onclick="buscar('form');"]'.
2025-05-26 08:40:06,729 - INFO - Se escribió texto en el elemento localizado por id='ctl00_ContentPlaceHolder1_txtNIF': 'X5409454S'
2025-05-26 08:40:06,820 - INFO - Elemento clickado con 'id' = 'ctl00_ContentPlaceHolder1_btBuscar'.
2025-05-26 08:40:07,033 - INFO - Elemento clickado con 'id' = 'enlace_gestores'.
2025-05-26 08:40:07,229 - INFO - Web 'https://sdr.arc.cat/sdr/ListNimas.do?menu=G' abierta.
2025-05-26 08:40:07,375 - INFO - Se escribió texto en el elemento localizado por name='cercaNif': 'X5409454S'
2025-05-26 08:40:07,636 - INFO - Se escribió texto en el elemento localizado por id='input_NIF_CIF': 'X5409454S'
2025-05-26 08:40:07,708 - INFO - Elemento clickado con 'id' = 'boton_buscar'.
2025-05-26 08:40:08,388 - INFO - Elemento clickado con 'xpath' = '//button[contains(., 'CERCAR')]'.
2025-05-26 08:40:11,973 - ERROR - Timeout al esperar el elemento con 'id' = 'ctl00_ContentPlaceHolder1_gvResultados_ctl03_hypGestor'
2025-05-26 08:40:11,973 - INFO - ERROR: No se ha encontrado el enlace del gestor en la página.
2025-05-26 08:40:12,142 - ERROR - Timeout al esperar el elemento con 'css selector' = 'input[value='Consultar']'
2025-05-26 08:40:12,142 - INFO - ERROR: El botón Consultar NO está presente en la página.
2025-05-26 08:40:13,788 - ERROR - Timeout al esperar el elemento con 'xpath' = '//div[contains(@class, 'col-xs-4') and b[normalize-space(text())='Nif:'] and contains(., 'X5409454S')]'
2025-05-26 08:40:13,788 - INFO - ERROR: No se ha encontrado el div con el NIF buscado en la página.
2025-05-26 08:40:28,095 - ERROR - ERROR: No se encontró la imagen para generar el EXCEL.
2025-05-26 08:40:28,095 - INFO - ERROR: No se ha encontrado la imagen para generar el Excel.
2025-05-26 08:40:34,073 - INFO - Inicializando navegador...
2025-05-26 08:40:34,074 - INFO - Inicializando navegador...
2025-05-26 08:40:34,074 - INFO - Inicializando navegador...
2025-05-26 08:40:34,075 - INFO - Inicializando navegador...
2025-05-26 08:40:34,219 - INFO - Web 'https://residuos.gva.es/RES_BUSCAWEB/buscador_residuos_avanzado.aspx' abierta.
2025-05-26 08:40:34,292 - INFO - Web 'https://gestiona.comunidad.madrid/pcea_nima_web/html/web/InicioAccion.icm' abierta.
2025-05-26 08:40:34,325 - INFO - Web 'https://ireno.castillalamancha.es/forms/geref000.htm' abierta.
2025-05-26 08:40:34,461 - INFO - Se escribió texto en el elemento localizado por id='nif': '07507362R'
2025-05-26 08:40:34,609 - INFO - Se escribió texto en el elemento localizado por id='ctl00_ContentPlaceHolder1_txtNIF': '07507362R'
2025-05-26 08:40:34,689 - INFO - Elemento clickado con 'id' = 'ctl00_ContentPlaceHolder1_btBuscar'.
2025-05-26 08:40:34,894 - INFO - Elemento clickado con 'id' = 'enlace_gestores'.
2025-05-26 08:40:35,103 - INFO - Web 'https://sdr.arc.cat/sdr/ListNimas.do?menu=G' abierta.
2025-05-26 08:40:35,216 - INFO - Elemento clickado con 'xpath' = '//a[@onclick="buscar('form');"]'.
2025-05-26 08:40:35,261 - INFO - Se escribió texto en el elemento localizado por name='cercaNif': '07507362R'
2025-05-26 08:40:35,302 - INFO - Elemento clickado con 'css selector' = 'input[value='Consultar']'.
2025-05-26 08:40:35,302 - INFO - Click realizado en el botón Consultar.
2025-05-26 08:40:35,329 - INFO - Elemento encontrado con 'xpath' = '//td[b[normalize-space(text())='NIF:']]'.
2025-05-26 08:40:35,357 - INFO - Elemento encontrado con 'xpath' = '//td[b[normalize-space(text())='Razón Social:']]'.
2025-05-26 08:40:35,377 - INFO - Elemento encontrado con 'xpath' = '//td[b[normalize-space(text())='Dirección Sede:']]'.
2025-05-26 08:40:35,395 - INFO - Elemento encontrado con 'xpath' = '//td[b[normalize-space(text())='Municipio:']]'.
2025-05-26 08:40:35,417 - INFO - Elemento encontrado con 'xpath' = '//td[b[normalize-space(text())='Código INE Municipio:']]'.
2025-05-26 08:40:35,437 - INFO - Elemento encontrado con 'xpath' = '//td[b[normalize-space(text())='CP:']]'.
2025-05-26 08:40:35,457 - INFO - Elemento encontrado con 'xpath' = '//td[b[normalize-space(text())='Provincia:']]'.
2025-05-26 08:40:35,471 - INFO - Se escribió texto en el elemento localizado por id='input_NIF_CIF': '07507362R'
2025-05-26 08:40:35,478 - INFO - Elemento encontrado con 'xpath' = '//td[b[normalize-space(text())='Código INE Provincia:']]'.
2025-05-26 08:40:35,500 - INFO - Elemento encontrado con 'xpath' = '//td[b[normalize-space(text())='Denominación del Centro:']]'.
2025-05-26 08:40:35,524 - INFO - Elemento clickado con 'id' = 'boton_buscar'.
2025-05-26 08:40:35,547 - INFO - Elemento encontrado con 'xpath' = '//td[b[normalize-space(text())='NIMA:']]'.
2025-05-26 08:40:35,569 - INFO - Elemento encontrado con 'xpath' = '//td[b[normalize-space(text())='Dirección Centro:']]'.
2025-05-26 08:40:35,585 - INFO - Elemento encontrado con 'xpath' = '//td[b[normalize-space(text())='Municipio:']]'.
2025-05-26 08:40:35,601 - INFO - Elemento encontrado con 'xpath' = '//td[b[normalize-space(text())='Código INE Municipio:']]'.
2025-05-26 08:40:35,617 - INFO - Elemento encontrado con 'xpath' = '//td[b[normalize-space(text())='CP:']]'.
2025-05-26 08:40:35,632 - INFO - Elemento encontrado con 'xpath' = '//td[b[normalize-space(text())='Provincia:']]'.
2025-05-26 08:40:35,649 - INFO - Elemento encontrado con 'xpath' = '//td[b[normalize-space(text())='Código INE Provincia:']]'.
2025-05-26 08:40:35,654 - INFO - Datos de la empresa guardados
2025-05-26 08:40:36,251 - INFO - Elemento clickado con 'xpath' = '//button[contains(., 'CERCAR')]'.
2025-05-26 08:40:39,767 - ERROR - Timeout al esperar el elemento con 'id' = 'ctl00_ContentPlaceHolder1_gvResultados_ctl03_hypGestor'
2025-05-26 08:40:39,767 - INFO - ERROR: No se ha encontrado el enlace del gestor en la página.
2025-05-26 08:40:41,603 - ERROR - Timeout al esperar el elemento con 'xpath' = '//div[contains(@class, 'col-xs-4') and b[normalize-space(text())='Nif:'] and contains(., '07507362R')]'
2025-05-26 08:40:41,603 - INFO - ERROR: No se ha encontrado el div con el NIF buscado en la página.
2025-05-26 08:40:55,871 - ERROR - ERROR: No se encontró la imagen para generar el EXCEL.
2025-05-26 08:40:55,871 - INFO - ERROR: No se ha encontrado la imagen para generar el Excel.
2025-05-26 08:40:59,773 - INFO - Inicializando navegador...
2025-05-26 08:40:59,879 - INFO - Inicializando navegador...
2025-05-26 08:40:59,879 - INFO - Inicializando navegador...
2025-05-26 08:40:59,895 - INFO - Inicializando navegador...
2025-05-26 08:41:00,000 - INFO - Web 'https://gestiona.comunidad.madrid/pcea_nima_web/html/web/InicioAccion.icm' abierta.
2025-05-26 08:41:00,037 - INFO - Web 'https://residuos.gva.es/RES_BUSCAWEB/buscador_residuos_avanzado.aspx' abierta.
2025-05-26 08:41:00,124 - INFO - Web 'https://ireno.castillalamancha.es/forms/geref000.htm' abierta.
2025-05-26 08:41:00,299 - INFO - Elemento clickado con 'id' = 'enlace_gestores'.
2025-05-26 08:41:00,310 - INFO - Se escribió texto en el elemento localizado por id='nif': 'B10959203'
2025-05-26 08:41:00,453 - INFO - Se escribió texto en el elemento localizado por id='ctl00_ContentPlaceHolder1_txtNIF': 'B10959203'
2025-05-26 08:41:00,495 - INFO - Elemento clickado con 'xpath' = '//a[@onclick="buscar('form');"]'.
2025-05-26 08:41:00,546 - INFO - Elemento clickado con 'id' = 'ctl00_ContentPlaceHolder1_btBuscar'.
2025-05-26 08:41:00,904 - INFO - Se escribió texto en el elemento localizado por id='input_NIF_CIF': 'B10959203'
2025-05-26 08:41:00,907 - INFO - Web 'https://sdr.arc.cat/sdr/ListNimas.do?menu=G' abierta.
2025-05-26 08:41:00,958 - INFO - Elemento clickado con 'id' = 'boton_buscar'.
2025-05-26 08:41:01,063 - INFO - Se escribió texto en el elemento localizado por name='cercaNif': 'B10959203'
2025-05-26 08:41:01,602 - INFO - Web 'https://residuos.gva.es/RES_BUSCAWEB/ficha.aspx?id=wVJJdGHQHPALTgDiYaaUXsKOVeHM2FTg' abierta.
2025-05-26 08:41:01,602 - INFO - Enlace 'https://residuos.gva.es/RES_BUSCAWEB/ficha.aspx?id=wVJJdGHQHPALTgDiYaaUXsKOVeHM2FTg' abierto por el botón con ID 'ctl00_ContentPlaceHolder1_gvResultados_ctl03_hypGestor'.
2025-05-26 08:41:01,617 - INFO - Elemento encontrado con 'tag name' = 'iframe'.
2025-05-26 08:41:01,662 - INFO - Elemento encontrado con 'xpath' = '//*[@id='NOMBREEMPRESA1-0']//span'.
2025-05-26 08:41:01,672 - INFO - Texto obtenido del elemento con ID 'NOMBREEMPRESA1-0': TALLERES PRICARS  S.L.
2025-05-26 08:41:01,686 - INFO - Elemento encontrado con 'tag name' = 'iframe'.
2025-05-26 08:41:01,709 - INFO - Elemento encontrado con 'xpath' = '//*[@id='ENIF1-0']//span'.
2025-05-26 08:41:01,713 - INFO - Texto obtenido del elemento con ID 'ENIF1-0': B10959203
2025-05-26 08:41:01,727 - INFO - Elemento encontrado con 'tag name' = 'iframe'.
2025-05-26 08:41:01,753 - INFO - Elemento encontrado con 'xpath' = '//*[@id='EDIRECCION1-0']//span'.
2025-05-26 08:41:01,757 - INFO - Texto obtenido del elemento con ID 'EDIRECCION1-0': CALLE BERLIN 20
2025-05-26 08:41:01,771 - INFO - Elemento encontrado con 'tag name' = 'iframe'.
2025-05-26 08:41:01,794 - INFO - Elemento encontrado con 'xpath' = '//*[@id='ECODIPOS1-0']//span'.
2025-05-26 08:41:01,799 - INFO - Texto obtenido del elemento con ID 'ECODIPOS1-0': 46185
2025-05-26 08:41:01,811 - INFO - Elemento encontrado con 'tag name' = 'iframe'.
2025-05-26 08:41:01,837 - INFO - Elemento encontrado con 'xpath' = '//*[@id='Text8-0']//span'.
2025-05-26 08:41:01,841 - INFO - Texto obtenido del elemento con ID 'Text8-0': POBLA DE VALLBONA, LA - VALENCIA/VALÈNCIA
2025-05-26 08:41:01,854 - INFO - Elemento encontrado con 'tag name' = 'iframe'.
2025-05-26 08:41:01,879 - INFO - Elemento encontrado con 'xpath' = '//*[@id='ETELEFONO1-0']//span'.
2025-05-26 08:41:01,885 - INFO - Texto obtenido del elemento con ID 'ETELEFONO1-0': 647928570
2025-05-26 08:41:01,897 - INFO - Elemento encontrado con 'tag name' = 'iframe'.
2025-05-26 08:41:01,923 - INFO - Elemento encontrado con 'xpath' = '//*[@id='NOMBRECENTRO1-0-0']//span'.
2025-05-26 08:41:01,928 - INFO - Texto obtenido del elemento con ID 'NOMBRECENTRO1-0-0': TALLERES PRICARS  S.L.
2025-05-26 08:41:01,940 - INFO - Elemento encontrado con 'tag name' = 'iframe'.
2025-05-26 08:41:01,963 - INFO - Elemento encontrado con 'xpath' = '//*[@id='FCENCODCENTRO1-0-0']//span'.
2025-05-26 08:41:01,968 - INFO - Texto obtenido del elemento con ID 'FCENCODCENTRO1-0-0': 4600043522
2025-05-26 08:41:01,979 - INFO - Elemento encontrado con 'tag name' = 'iframe'.
2025-05-26 08:41:02,004 - INFO - Elemento encontrado con 'xpath' = '//*[@id='FDIRECCION1-0-0']//span'.
2025-05-26 08:41:02,008 - INFO - Texto obtenido del elemento con ID 'FDIRECCION1-0-0': CALLE BERLIN 20
2025-05-26 08:41:02,021 - INFO - Elemento encontrado con 'tag name' = 'iframe'.
2025-05-26 08:41:02,054 - INFO - Elemento encontrado con 'xpath' = '//*[@id='Text7-0-0']//span'.
2025-05-26 08:41:02,059 - INFO - Texto obtenido del elemento con ID 'Text7-0-0': POBLA DE VALLBONA, LA - VALENCIA/VALÈNCIA
2025-05-26 08:41:02,073 - INFO - Elemento encontrado con 'tag name' = 'iframe'.
2025-05-26 08:41:02,102 - INFO - Elemento encontrado con 'xpath' = '//*[@id='FCODINE1-0-0']//span'.
2025-05-26 08:41:02,106 - INFO - Texto obtenido del elemento con ID 'FCODINE1-0-0': 462021
2025-05-26 08:41:02,118 - INFO - Elemento encontrado con 'tag name' = 'iframe'.
2025-05-26 08:41:02,120 - INFO - Elemento clickado con 'xpath' = '//button[contains(., 'CERCAR')]'.
2025-05-26 08:41:02,147 - INFO - Elemento encontrado con 'xpath' = '//*[@id='FTELEFONO1-0-0']//span'.
2025-05-26 08:41:02,154 - INFO - Texto obtenido del elemento con ID 'FTELEFONO1-0-0': 647928570
2025-05-26 08:41:02,173 - INFO - Elemento encontrado con 'tag name' = 'iframe'.
2025-05-26 08:41:02,203 - INFO - Elemento encontrado con 'xpath' = '//*[@id='Text10-0-0-0']//span'.
2025-05-26 08:41:02,210 - INFO - Texto obtenido del elemento con ID 'Text10-0-0-0': 42689/P02/CV - PEQUEÑO PRODUCTOR RESID.PELIGROSOS
2025-05-26 08:41:02,241 - INFO - Elemento encontrado con 'tag name' = 'iframe'.
2025-05-26 08:41:02,270 - INFO - Elemento encontrado con 'xpath' = '//*[@id='Text10-0-0-1']//span'.
2025-05-26 08:41:02,275 - INFO - Texto obtenido del elemento con ID 'Text10-0-0-1': 8842/P04/CV - PEQUEÑO PRODUCT.RESID.NO PELIGROSOS
2025-05-26 08:41:02,277 - INFO - Datos de la empresa encontrados y extraídos correctamente.
2025-05-26 08:41:05,576 - ERROR - Timeout al esperar el elemento con 'css selector' = 'input[value='Consultar']'
2025-05-26 08:41:05,576 - INFO - ERROR: El botón Consultar NO está presente en la página.
2025-05-26 08:41:07,518 - ERROR - Timeout al esperar el elemento con 'xpath' = '//div[contains(@class, 'col-xs-4') and b[normalize-space(text())='Nif:'] and contains(., 'B10959203')]'
2025-05-26 08:41:07,519 - INFO - ERROR: No se ha encontrado el div con el NIF buscado en la página.
2025-05-26 08:41:21,309 - ERROR - ERROR: No se encontró la imagen para generar el EXCEL.
2025-05-26 08:41:21,309 - INFO - ERROR: No se ha encontrado la imagen para generar el Excel.
2025-05-26 08:41:25,274 - INFO - Inicializando navegador...
2025-05-26 08:41:25,318 - INFO - Inicializando navegador...
2025-05-26 08:41:25,323 - INFO - Inicializando navegador...
2025-05-26 08:41:25,323 - INFO - Inicializando navegador...
2025-05-26 08:41:25,550 - INFO - Web 'https://ireno.castillalamancha.es/forms/geref000.htm' abierta.
2025-05-26 08:41:25,592 - INFO - Web 'https://gestiona.comunidad.madrid/pcea_nima_web/html/web/InicioAccion.icm' abierta.
2025-05-26 08:41:25,719 - INFO - Se escribió texto en el elemento localizado por id='nif': 'B12444832'
2025-05-26 08:41:25,733 - INFO - Web 'https://residuos.gva.es/RES_BUSCAWEB/buscador_residuos_avanzado.aspx' abierta.
2025-05-26 08:41:25,875 - INFO - Se escribió texto en el elemento localizado por id='ctl00_ContentPlaceHolder1_txtNIF': 'B12444832'
2025-05-26 08:41:25,932 - INFO - Elemento clickado con 'id' = 'ctl00_ContentPlaceHolder1_btBuscar'.
2025-05-26 08:41:26,145 - INFO - Elemento clickado con 'id' = 'enlace_gestores'.
2025-05-26 08:41:26,183 - INFO - Elemento clickado con 'xpath' = '//a[@onclick="buscar('form');"]'.
2025-05-26 08:41:26,270 - INFO - Web 'https://sdr.arc.cat/sdr/ListNimas.do?menu=G' abierta.
2025-05-26 08:41:26,424 - INFO - Se escribió texto en el elemento localizado por name='cercaNif': 'B12444832'
2025-05-26 08:41:26,717 - INFO - Se escribió texto en el elemento localizado por id='input_NIF_CIF': 'B12444832'
2025-05-26 08:41:26,765 - INFO - Elemento clickado con 'id' = 'boton_buscar'.
2025-05-26 08:41:27,116 - INFO - Web 'https://residuos.gva.es/RES_BUSCAWEB/ficha.aspx?id=2A9dabSPRDSyMc8sLHY6guW1AEo5DIW4' abierta.
2025-05-26 08:41:27,117 - INFO - Enlace 'https://residuos.gva.es/RES_BUSCAWEB/ficha.aspx?id=2A9dabSPRDSyMc8sLHY6guW1AEo5DIW4' abierto por el botón con ID 'ctl00_ContentPlaceHolder1_gvResultados_ctl03_hypGestor'.
2025-05-26 08:41:27,137 - INFO - Elemento encontrado con 'tag name' = 'iframe'.
2025-05-26 08:41:27,163 - INFO - Elemento encontrado con 'xpath' = '//*[@id='NOMBREEMPRESA1-0']//span'.
2025-05-26 08:41:27,173 - INFO - Texto obtenido del elemento con ID 'NOMBREEMPRESA1-0': AUTOMOCIO GERMANS SANCHO, SL
2025-05-26 08:41:27,188 - INFO - Elemento encontrado con 'tag name' = 'iframe'.
2025-05-26 08:41:27,212 - INFO - Elemento encontrado con 'xpath' = '//*[@id='ENIF1-0']//span'.
2025-05-26 08:41:27,219 - INFO - Texto obtenido del elemento con ID 'ENIF1-0': B12444832
2025-05-26 08:41:27,233 - INFO - Elemento encontrado con 'tag name' = 'iframe'.
2025-05-26 08:41:27,257 - INFO - Elemento encontrado con 'xpath' = '//*[@id='EDIRECCION1-0']//span'.
2025-05-26 08:41:27,261 - INFO - Texto obtenido del elemento con ID 'EDIRECCION1-0': CARRETERA CASTELLON, S/N
2025-05-26 08:41:27,277 - INFO - Elemento encontrado con 'tag name' = 'iframe'.
2025-05-26 08:41:27,309 - INFO - Elemento encontrado con 'xpath' = '//*[@id='ECODIPOS1-0']//span'.
2025-05-26 08:41:27,313 - INFO - Texto obtenido del elemento con ID 'ECODIPOS1-0': 12110
2025-05-26 08:41:27,328 - INFO - Elemento encontrado con 'tag name' = 'iframe'.
2025-05-26 08:41:27,355 - INFO - Elemento encontrado con 'xpath' = '//*[@id='Text8-0']//span'.
2025-05-26 08:41:27,360 - INFO - Texto obtenido del elemento con ID 'Text8-0': ALCORA, L' - CASTELLÓN/CASTELLÓ
2025-05-26 08:41:27,374 - INFO - Elemento encontrado con 'tag name' = 'iframe'.
2025-05-26 08:41:27,403 - INFO - Elemento encontrado con 'xpath' = '//*[@id='ETELEFONO1-0']//span'.
2025-05-26 08:41:27,408 - INFO - Texto obtenido del elemento con ID 'ETELEFONO1-0': 964361264
2025-05-26 08:41:27,428 - INFO - Elemento clickado con 'xpath' = '//button[contains(., 'CERCAR')]'.
2025-05-26 08:41:27,445 - INFO - Elemento encontrado con 'tag name' = 'iframe'.
2025-05-26 08:41:27,479 - INFO - Elemento encontrado con 'xpath' = '//*[@id='NOMBRECENTRO1-0-0']//span'.
2025-05-26 08:41:27,488 - INFO - Texto obtenido del elemento con ID 'NOMBRECENTRO1-0-0': AUTOMOCIO GERMANS SANCHO, SL
2025-05-26 08:41:27,507 - INFO - Elemento encontrado con 'tag name' = 'iframe'.
2025-05-26 08:41:27,533 - INFO - Elemento encontrado con 'xpath' = '//*[@id='FCENCODCENTRO1-0-0']//span'.
2025-05-26 08:41:27,539 - INFO - Texto obtenido del elemento con ID 'FCENCODCENTRO1-0-0': 1200002366
2025-05-26 08:41:27,552 - INFO - Elemento encontrado con 'tag name' = 'iframe'.
2025-05-26 08:41:27,578 - INFO - Elemento encontrado con 'xpath' = '//*[@id='FDIRECCION1-0-0']//span'.
2025-05-26 08:41:27,587 - INFO - Texto obtenido del elemento con ID 'FDIRECCION1-0-0': CARRETERA CASTELLON, S/N
2025-05-26 08:41:27,604 - INFO - Elemento encontrado con 'tag name' = 'iframe'.
2025-05-26 08:41:27,626 - INFO - Elemento encontrado con 'xpath' = '//*[@id='Text7-0-0']//span'.
2025-05-26 08:41:27,630 - INFO - Texto obtenido del elemento con ID 'Text7-0-0': ALCORA, L' - CASTELLÓN/CASTELLÓ
2025-05-26 08:41:27,642 - INFO - Elemento encontrado con 'tag name' = 'iframe'.
2025-05-26 08:41:27,670 - INFO - Elemento encontrado con 'xpath' = '//*[@id='FCODINE1-0-0']//span'.
2025-05-26 08:41:27,674 - INFO - Texto obtenido del elemento con ID 'FCODINE1-0-0': 120056
2025-05-26 08:41:27,688 - INFO - Elemento encontrado con 'tag name' = 'iframe'.
2025-05-26 08:41:27,717 - INFO - Elemento encontrado con 'xpath' = '//*[@id='FTELEFONO1-0-0']//span'.
2025-05-26 08:41:27,722 - INFO - Texto obtenido del elemento con ID 'FTELEFONO1-0-0': 964361264
2025-05-26 08:41:27,737 - INFO - Elemento encontrado con 'tag name' = 'iframe'.
2025-05-26 08:41:27,760 - INFO - Elemento encontrado con 'xpath' = '//*[@id='Text10-0-0-0']//span'.
2025-05-26 08:41:27,767 - INFO - Texto obtenido del elemento con ID 'Text10-0-0-0': 1999/P04/CV - PEQUEÑO PRODUCT.RESID.NO PELIGROSOS
2025-05-26 08:41:27,779 - INFO - Elemento encontrado con 'tag name' = 'iframe'.
2025-05-26 08:41:27,803 - INFO - Elemento encontrado con 'xpath' = '//*[@id='Text10-0-0-1']//span'.
2025-05-26 08:41:27,808 - INFO - Texto obtenido del elemento con ID 'Text10-0-0-1': 24474/P02/CV - PEQUEÑO PRODUCTOR RESID.PELIGROSOS
2025-05-26 08:41:27,810 - INFO - Datos de la empresa encontrados y extraídos correctamente.
2025-05-26 08:41:31,308 - ERROR - Timeout al esperar el elemento con 'css selector' = 'input[value='Consultar']'
2025-05-26 08:41:31,308 - INFO - ERROR: El botón Consultar NO está presente en la página.
2025-05-26 08:41:32,849 - ERROR - Timeout al esperar el elemento con 'xpath' = '//div[contains(@class, 'col-xs-4') and b[normalize-space(text())='Nif:'] and contains(., 'B12444832')]'
2025-05-26 08:41:32,850 - INFO - ERROR: No se ha encontrado el div con el NIF buscado en la página.
2025-05-26 08:41:47,176 - ERROR - ERROR: No se encontró la imagen para generar el EXCEL.
2025-05-26 08:41:47,176 - INFO - ERROR: No se ha encontrado la imagen para generar el Excel.
