2025-05-21 17:48:04,985 - INFO - Inicializando navegador...
2025-05-21 17:48:06,024 - INFO - Se escribió texto en el elemento localizado por id='34deehen4search-text': '27368619E'
2025-05-21 17:48:06,523 - INFO - Se escribió texto y se pulsó Enter en el elemento con ID '34deehen4search-text'.
2025-05-21 17:48:08,502 - INFO - Web 'https://residuos.gva.es/RES_BUSCAWEB/buscador_residuos_avanzado.aspx' abierta.
2025-05-21 17:48:08,589 - INFO - Se escribió texto en el elemento localizado por id='ctl00_ContentPlaceHolder1_txtNIF': '27368619E'
2025-05-21 17:48:08,648 - INFO - Elemento clickado con 'id' = 'ctl00_ContentPlaceHolder1_btBuscar'.
2025-05-21 17:48:10,604 - INFO - Web 'https://residuos.gva.es/RES_BUSCAWEB/ficha.aspx?id=Wkr%2bBuK2N5rgxlmVksqn8MiuOQ%2bLkQpi' abierta.
2025-05-21 17:48:10,605 - INFO - Enlace 'https://residuos.gva.es/RES_BUSCAWEB/ficha.aspx?id=Wkr%2bBuK2N5rgxlmVksqn8MiuOQ%2bLkQpi' abierto por el botón con ID 'ctl00_ContentPlaceHolder1_gvResultados_ctl03_hypGestor'.
2025-05-21 17:48:10,660 - INFO - Texto obtenido del elemento con ID 'NOMBREEMPRESA1-0': GABRIELA PATRICIA CARRERA SARAGOSIN
2025-05-21 17:48:10,715 - INFO - Texto obtenido del elemento con ID 'ENIF1-0': 27368619E
2025-05-21 17:48:10,751 - INFO - Texto obtenido del elemento con ID 'EDIRECCION1-0': CARRETERA ALDAIA-XIRIVELLA 41
2025-05-21 17:48:10,784 - INFO - Texto obtenido del elemento con ID 'ECODIPOS1-0': 46960
2025-05-21 17:48:10,819 - INFO - Texto obtenido del elemento con ID 'Text8-0': ALDAIA - VALENCIA/VALÈNCIA
2025-05-21 17:48:10,854 - INFO - Texto obtenido del elemento con ID 'ETELEFONO1-0': 963836388
2025-05-21 17:48:10,890 - INFO - Texto obtenido del elemento con ID 'NOMBRECENTRO1-0-0': TALLERES EL CANO
2025-05-21 17:48:10,923 - INFO - Texto obtenido del elemento con ID 'FCENCODCENTRO1-0-0': 4600039311
2025-05-21 17:48:10,958 - INFO - Texto obtenido del elemento con ID 'FDIRECCION1-0-0': CARRETERA ALDAIA-XIRIVELLA 41
2025-05-21 17:48:10,988 - INFO - Texto obtenido del elemento con ID 'Text7-0-0': ALDAIA - VALENCIA/VALÈNCIA
2025-05-21 17:48:11,020 - INFO - Texto obtenido del elemento con ID 'FCODINE1-0-0': 460214
2025-05-21 17:48:11,055 - INFO - Texto obtenido del elemento con ID 'FTELEFONO1-0-0': 963832597
2025-05-21 17:48:11,089 - INFO - Texto obtenido del elemento con ID 'Text10-0-0-0': 38376/P02/CV - PEQUEÑO PRODUCTOR RESID.PELIGROSOS
2025-05-21 17:48:11,118 - INFO - Texto obtenido del elemento con ID 'Text10-0-0-1': 5969/P04/CV - PEQUEÑO PRODUCT.RESID.NO PELIGROSOS
2025-05-21 17:48:13,273 - INFO - Datos de la empresa guardados en datos_empresa.json
