2025-06-20 08:45:09,521 - INFO - Web 'chrome://settings/security' abierta.
2025-06-20 08:45:15,478 - INFO - Web 'https://portal.nubelus.es' abierta.
2025-06-20 08:45:15,591 - INFO - Se escribió texto en el elemento localizado por id='pNick_gestor': 'ecotitan'
2025-06-20 08:45:15,665 - INFO - Elemento clickado con 'id' = 'btContinuar'.
2025-06-20 08:45:15,724 - INFO - Se escribió texto en el elemento localizado por xpath='//*[@placeholder='Usuario']': 'dani'
2025-06-20 08:45:15,790 - INFO - Se escribió texto en el elemento localizado por xpath='//*[@placeholder='Contraseña']': '123456'
2025-06-20 08:45:15,842 - INFO - Elemento clickado con 'id' = 'btAceptar'.
2025-06-20 08:45:21,429 - INFO - Web 'https://portal.nubelus.es/?clave=waster2_gestionEntidadesMedioambientales' abierta.
2025-06-20 08:45:21,509 - INFO - Elemento clickado con 'css selector' = '.miBoton.mas_opciones'.
2025-06-20 08:45:21,575 - INFO - Elemento clickado con 'id' = 'moa_bGenerar_excel'.
2025-06-20 08:45:22,793 - INFO - Archivo descargado: C:\Users\Usuario\Downloads\Entidades medioambientales.xlsx
2025-06-20 08:45:23,093 - INFO - Archivo eliminado: C:\Users\Usuario\Downloads\Entidades medioambientales.xlsx
2025-06-20 08:45:23,617 - INFO - Web 'https://portal.nubelus.es/?clave=waster2_gestionEntidadesMedioambientales&pAccion=NUEVO' abierta.
2025-06-20 08:45:23,618 - INFO - Añadiendo empresa: PRUEBA PRUEBA PRUEBA
2025-06-20 08:45:23,702 - INFO - Se escribió texto en el elemento localizado por id='pDenominacion': 'PRUEBA PRUEBA PRUEBA'
2025-06-20 08:45:23,762 - INFO - Se escribió texto en el elemento localizado por name='pNif': 'B45318888'
2025-06-20 08:45:23,828 - INFO - Opción 'Jurídica' seleccionada en el elemento con 'name' = 'pForma_fiscal'.
2025-06-20 08:45:25,916 - INFO - Se escribió texto en el elemento localizado por name='pDenominacion_forma_juridica': 'Sociedades de responsabilidad limitada'
2025-06-20 08:45:27,968 - INFO - Se escribió texto y se pulsó Enter en el elemento con name 'pDenominacion_forma_juridica'.
2025-06-20 08:45:28,544 - INFO - Se escribió texto en el elemento localizado por name='pNombre_fiscal': 'PRUEBA PRUEBA PRUEBA'
2025-06-20 08:45:28,560 - INFO - Se escribió texto y se pulsó Enter en el elemento con name 'pNombre_fiscal'.
2025-06-20 08:45:28,633 - INFO - Se escribió texto en el elemento localizado por name='pDomicilio': 'C/ REAL, 66'
2025-06-20 08:45:28,703 - INFO - Se escribió texto en el elemento localizado por name='pDenominacion_ine_municipio': 'YUNCOS'
2025-06-20 08:45:29,755 - INFO - Elemento clickado con 'css selector' = '.BUSCAR_INE_MUNICIPIO.noref.ui-menu-item'.
2025-06-20 08:45:29,825 - INFO - Se escribió texto en el elemento localizado por name='pPoblacion': 'TOLEDO'
2025-06-20 08:45:29,877 - INFO - Se escribió texto en el elemento localizado por name='pCodigoPostal': '45210'
2025-06-20 08:45:29,931 - INFO - Se escribió texto en el elemento localizado por name='pTelefono': '999999999'
2025-06-20 08:45:30,001 - INFO - Se escribió texto en el elemento localizado por name='pEmail': 'PRUEBA@MORENOYRODRIGUEZ.ES'
2025-06-20 08:45:30,058 - INFO - Se escribió texto en el elemento localizado por name='pAutorizacion_medioambiental': 'CM/5TO164T'
2025-06-20 08:45:30,110 - INFO - Se escribió texto en el elemento localizado por name='pDenominacion_ema': 'P02'
2025-06-20 08:45:32,134 - INFO - Se escribió texto y se pulsó Enter en el elemento con name 'pDenominacion_ema'.
2025-06-20 08:45:32,178 - INFO - Elemento clickado con 'css selector' = '.miBoton.aceptar'.
2025-06-20 08:45:33,305 - INFO - Elemento clickado con 'css selector' = '.miBoton_cuadrado.aceptar'.
2025-06-20 08:45:33,588 - ERROR - Falló al clickar el elemento con 'xpath' = '//button[contains(., 'Crear cliente')]' (intento 1): Message: stale element reference: stale element not found in the current frame
  (Session info: chrome=137.0.7151.103); For documentation on this error, please visit: https://www.selenium.dev/documentation/webdriver/troubleshooting/errors#stale-element-reference-exception
Stacktrace:
	GetHandleVerifier [0x0x7ff7d32ccda5+78885]
	GetHandleVerifier [0x0x7ff7d32cce00+78976]
	(No symbol) [0x0x7ff7d3089bca]
	(No symbol) [0x0x7ff7d30915bd]
	(No symbol) [0x0x7ff7d309460c]
	(No symbol) [0x0x7ff7d30946df]
	(No symbol) [0x0x7ff7d30e865b]
	(No symbol) [0x0x7ff7d30e6112]
	(No symbol) [0x0x7ff7d30e3151]
	(No symbol) [0x0x7ff7d30e2041]
	(No symbol) [0x0x7ff7d30d3654]
	(No symbol) [0x0x7ff7d3108b8a]
	(No symbol) [0x0x7ff7d30d2f06]
	(No symbol) [0x0x7ff7d3108da0]
	(No symbol) [0x0x7ff7d313122f]
	(No symbol) [0x0x7ff7d3108963]
	(No symbol) [0x0x7ff7d30d16b1]
	(No symbol) [0x0x7ff7d30d2443]
	GetHandleVerifier [0x0x7ff7d35a4eed+3061101]
	GetHandleVerifier [0x0x7ff7d359f33d+3037629]
	GetHandleVerifier [0x0x7ff7d35be592+3165202]
	GetHandleVerifier [0x0x7ff7d32e730e+186766]
	GetHandleVerifier [0x0x7ff7d32eeb3f+217535]
	GetHandleVerifier [0x0x7ff7d32d59b4+114740]
	GetHandleVerifier [0x0x7ff7d32d5b69+115177]
	GetHandleVerifier [0x0x7ff7d32bc368+10728]
	BaseThreadInitThunk [0x0x7ffef3a2e8d7+23]
	RtlUserThreadStart [0x0x7ffef3bfc34c+44]

2025-06-20 08:45:34,134 - INFO - Elemento clickado con 'xpath' = '//button[contains(., 'Crear cliente')]'.
2025-06-20 08:45:34,197 - INFO - Elemento clickado con 'css selector' = '.miBoton_cuadrado.aceptar'.
2025-06-20 08:45:34,768 - INFO - Web 'https://portal.nubelus.es/?clave=waster2_gestionEntidadesMedioambientalesCentros' abierta.
2025-06-20 08:45:34,843 - INFO - Elemento clickado con 'css selector' = '.icon-bolt'.
2025-06-20 08:45:34,929 - INFO - Se escribió texto en el elemento localizado por name='pDenominacion': 'PRUEBA PRUEBA PRUEBA'
2025-06-20 08:45:36,431 - ERROR - No se pudo pulsar Enter en el elemento con name='pDenominacion': Message: invalid session id: session deleted as the browser has closed the connection
from disconnected: not connected to DevTools
  (Session info: chrome=137.0.7151.103)
Stacktrace:
	GetHandleVerifier [0x0x7ff7d32ccda5+78885]
	GetHandleVerifier [0x0x7ff7d32cce00+78976]
	(No symbol) [0x0x7ff7d3089bca]
	(No symbol) [0x0x7ff7d30759b5]
	(No symbol) [0x0x7ff7d309a9ca]
	(No symbol) [0x0x7ff7d31105e5]
	(No symbol) [0x0x7ff7d3130b42]
	(No symbol) [0x0x7ff7d3108963]
	(No symbol) [0x0x7ff7d30d16b1]
	(No symbol) [0x0x7ff7d30d2443]
	GetHandleVerifier [0x0x7ff7d35a4eed+3061101]
	GetHandleVerifier [0x0x7ff7d359f33d+3037629]
	GetHandleVerifier [0x0x7ff7d35be592+3165202]
	GetHandleVerifier [0x0x7ff7d32e730e+186766]
	GetHandleVerifier [0x0x7ff7d32eeb3f+217535]
	GetHandleVerifier [0x0x7ff7d32d59b4+114740]
	GetHandleVerifier [0x0x7ff7d32d5b69+115177]
	GetHandleVerifier [0x0x7ff7d32bc368+10728]
	BaseThreadInitThunk [0x0x7ffef3a2e8d7+23]
	RtlUserThreadStart [0x0x7ffef3bfc34c+44]

2025-06-20 08:45:36,431 - ERROR - Error al completar datos del centro para la empresa PRUEBA PRUEBA PRUEBA: Message: invalid session id: session deleted as the browser has closed the connection
from disconnected: not connected to DevTools
  (Session info: chrome=137.0.7151.103)
Stacktrace:
	GetHandleVerifier [0x0x7ff7d32ccda5+78885]
	GetHandleVerifier [0x0x7ff7d32cce00+78976]
	(No symbol) [0x0x7ff7d3089bca]
	(No symbol) [0x0x7ff7d30759b5]
	(No symbol) [0x0x7ff7d309a9ca]
	(No symbol) [0x0x7ff7d31105e5]
	(No symbol) [0x0x7ff7d3130b42]
	(No symbol) [0x0x7ff7d3108963]
	(No symbol) [0x0x7ff7d30d16b1]
	(No symbol) [0x0x7ff7d30d2443]
	GetHandleVerifier [0x0x7ff7d35a4eed+3061101]
	GetHandleVerifier [0x0x7ff7d359f33d+3037629]
	GetHandleVerifier [0x0x7ff7d35be592+3165202]
	GetHandleVerifier [0x0x7ff7d32e730e+186766]
	GetHandleVerifier [0x0x7ff7d32eeb3f+217535]
	GetHandleVerifier [0x0x7ff7d32d59b4+114740]
	GetHandleVerifier [0x0x7ff7d32d5b69+115177]
	GetHandleVerifier [0x0x7ff7d32bc368+10728]
	BaseThreadInitThunk [0x0x7ffef3a2e8d7+23]
	RtlUserThreadStart [0x0x7ffef3bfc34c+44]

2025-06-20 08:46:19,520 - INFO - Saliendo del proceso de adición de centros.
