2025-06-17 16:04:55,549 - INFO - Inicializando navegador...
2025-06-17 16:04:55,550 - INFO - Inicializando navegador...
2025-06-17 16:04:55,550 - INFO - Inicializando navegador...
2025-06-17 16:04:55,694 - INFO - Inicializando navegador...
2025-06-17 16:04:55,881 - INFO - Web 'https://residuos.gva.es/RES_BUSCAWEB/buscador_residuos_avanzado.aspx' abierta.
2025-06-17 16:04:55,882 - INFO - Web 'https://ireno.castillalamancha.es/forms/geref000.htm' abierta.
2025-06-17 16:04:55,942 - INFO - Web 'https://gestiona.comunidad.madrid/pcea_nima_web/html/web/InicioAccion.icm' abierta.
2025-06-17 16:04:56,065 - INFO - Elemento clickado con 'id' = 'enlace_gestores'.
2025-06-17 16:04:56,118 - INFO - Se escribió texto en el elemento localizado por id='nif': 'B43693274'
2025-06-17 16:04:56,318 - INFO - Elemento clickado con 'xpath' = '//a[@onclick="buscar('form');"]'.
2025-06-17 16:04:56,321 - INFO - Se escribió texto en el elemento localizado por id='ctl00_ContentPlaceHolder1_txtNIF': 'B43693274'
2025-06-17 16:04:56,547 - INFO - Elemento clickado con 'id' = 'ctl00_ContentPlaceHolder1_btBuscar'.
2025-06-17 16:04:56,588 - INFO - 4 elementos encontrados con 'xpath' = '//a[starts-with(@id, 'ctl00_ContentPlaceHolder1_gvResultados_ctl') and contains(@id, '_hypGestor')]'.
2025-06-17 16:04:56,589 - INFO - Encontrados 4 centros para el NIF B43693274.
2025-06-17 16:04:56,666 - INFO - Se escribió texto en el elemento localizado por id='input_NIF_CIF': 'B43693274'
2025-06-17 16:04:56,737 - INFO - Elemento clickado con 'id' = 'boton_buscar'.
2025-06-17 16:04:56,884 - INFO - Web 'https://sdr.arc.cat/sdr/ListNimas.do?menu=G' abierta.
2025-06-17 16:04:56,964 - INFO - Se escribió texto en el elemento localizado por name='cercaNif': 'B43693274'
2025-06-17 16:04:57,518 - INFO - Elemento clickado con 'xpath' = '//button[contains(., 'CERCAR')]'.
2025-06-17 16:04:57,518 - INFO - Buscando NIF: B43693274
2025-06-17 16:04:57,533 - INFO - Elemento NIF encontrado
2025-06-17 16:04:57,563 - INFO - Texto obtenido: Nif: B43693274
2025-06-17 16:04:57,898 - INFO - Elemento encontrado con 'tag name' = 'iframe'.
2025-06-17 16:04:57,936 - INFO - Elemento encontrado con 'xpath' = '//*[@id='NOMBREEMPRESA1-0']//span'.
2025-06-17 16:04:57,947 - INFO - Texto obtenido del elemento con ID 'NOMBREEMPRESA1-0': METALLS DEL CAMP, S.L.
2025-06-17 16:04:57,962 - INFO - Elemento encontrado con 'tag name' = 'iframe'.
2025-06-17 16:04:58,003 - INFO - Elemento encontrado con 'xpath' = '//*[@id='ENIF1-0']//span'.
2025-06-17 16:04:58,011 - INFO - Texto obtenido del elemento con ID 'ENIF1-0': B43693274
2025-06-17 16:04:58,041 - INFO - Elemento encontrado con 'tag name' = 'iframe'.
2025-06-17 16:04:58,076 - INFO - Elemento encontrado con 'xpath' = '//*[@id='EDIRECCION1-0']//span'.
2025-06-17 16:04:58,110 - INFO - Texto obtenido del elemento con ID 'EDIRECCION1-0': POLÍGONO INDUSTRIAL LA LLOMA, C/ SERRA D' ESPADA 6     8
2025-06-17 16:04:58,127 - INFO - Elemento encontrado con 'tag name' = 'iframe'.
2025-06-17 16:04:58,157 - INFO - Elemento encontrado con 'xpath' = '//*[@id='ECODIPOS1-0']//span'.
2025-06-17 16:04:58,163 - INFO - Texto obtenido del elemento con ID 'ECODIPOS1-0': 46960
2025-06-17 16:04:58,181 - INFO - Elemento encontrado con 'tag name' = 'iframe'.
2025-06-17 16:04:58,212 - INFO - Elemento encontrado con 'xpath' = '//*[@id='Text8-0']//span'.
2025-06-17 16:04:58,216 - INFO - Texto obtenido del elemento con ID 'Text8-0': ALDAIA - VALENCIA/VALÈNCIA
2025-06-17 16:04:58,234 - INFO - Elemento encontrado con 'tag name' = 'iframe'.
2025-06-17 16:04:58,268 - INFO - Elemento encontrado con 'xpath' = '//*[@id='ETELEFONO1-0']//span'.
2025-06-17 16:04:58,276 - INFO - Texto obtenido del elemento con ID 'ETELEFONO1-0': 961501110
2025-06-17 16:04:58,290 - INFO - Elemento encontrado con 'tag name' = 'iframe'.
2025-06-17 16:04:58,319 - INFO - Elemento encontrado con 'xpath' = '//*[@id='NOMBRECENTRO1-0-0']//span'.
2025-06-17 16:04:58,324 - INFO - Texto obtenido del elemento con ID 'NOMBRECENTRO1-0-0': METALLS DEL CAMP, S.L.
2025-06-17 16:04:58,345 - INFO - Elemento encontrado con 'tag name' = 'iframe'.
2025-06-17 16:04:58,375 - INFO - Elemento encontrado con 'xpath' = '//*[@id='FCENCODCENTRO1-0-0']//span'.
2025-06-17 16:04:58,380 - INFO - Texto obtenido del elemento con ID 'FCENCODCENTRO1-0-0': 4600014035
2025-06-17 16:04:58,393 - INFO - Elemento encontrado con 'tag name' = 'iframe'.
2025-06-17 16:04:58,420 - INFO - Elemento encontrado con 'xpath' = '//*[@id='FDIRECCION1-0-0']//span'.
2025-06-17 16:04:58,426 - INFO - Texto obtenido del elemento con ID 'FDIRECCION1-0-0': POLÍGONO INDUSTRIAL LA LLOMA, C/ SERRA D' ESPADA 6     8
2025-06-17 16:04:58,438 - INFO - Elemento encontrado con 'tag name' = 'iframe'.
2025-06-17 16:04:58,466 - INFO - Elemento encontrado con 'xpath' = '//*[@id='Text7-0-0']//span'.
2025-06-17 16:04:58,470 - INFO - Texto obtenido del elemento con ID 'Text7-0-0': ALDAIA - VALENCIA/VALÈNCIA
2025-06-17 16:04:58,488 - INFO - Elemento encontrado con 'tag name' = 'iframe'.
2025-06-17 16:04:58,519 - INFO - Elemento encontrado con 'xpath' = '//*[@id='FCODINE1-0-0']//span'.
2025-06-17 16:04:58,525 - INFO - Texto obtenido del elemento con ID 'FCODINE1-0-0': 460214
2025-06-17 16:04:58,536 - INFO - Elemento encontrado con 'tag name' = 'iframe'.
2025-06-17 16:04:58,564 - INFO - Elemento encontrado con 'xpath' = '//*[@id='FTELEFONO1-0-0']//span'.
2025-06-17 16:04:58,568 - INFO - Texto obtenido del elemento con ID 'FTELEFONO1-0-0': 961501110
2025-06-17 16:04:59,937 - INFO - Elemento encontrado con 'tag name' = 'iframe'.
2025-06-17 16:04:59,966 - INFO - Elemento encontrado con 'xpath' = '//*[@id='NOMBREEMPRESA1-0']//span'.
2025-06-17 16:04:59,969 - INFO - Texto obtenido del elemento con ID 'NOMBREEMPRESA1-0': METALLS DEL CAMP, S.L.
2025-06-17 16:04:59,982 - INFO - Elemento encontrado con 'tag name' = 'iframe'.
2025-06-17 16:05:00,006 - INFO - Elemento encontrado con 'xpath' = '//*[@id='ENIF1-0']//span'.
2025-06-17 16:05:00,013 - INFO - Texto obtenido del elemento con ID 'ENIF1-0': B43693274
2025-06-17 16:05:00,029 - INFO - Elemento encontrado con 'tag name' = 'iframe'.
2025-06-17 16:05:00,053 - INFO - Elemento encontrado con 'xpath' = '//*[@id='EDIRECCION1-0']//span'.
2025-06-17 16:05:00,059 - INFO - Texto obtenido del elemento con ID 'EDIRECCION1-0': POLÍGONO INDUSTRIAL LA LLOMA, C/ SERRA D' ESPADA 6     8
2025-06-17 16:05:00,069 - INFO - Elemento encontrado con 'tag name' = 'iframe'.
2025-06-17 16:05:00,095 - INFO - Elemento encontrado con 'xpath' = '//*[@id='ECODIPOS1-0']//span'.
2025-06-17 16:05:00,100 - INFO - Texto obtenido del elemento con ID 'ECODIPOS1-0': 46960
2025-06-17 16:05:00,115 - INFO - Elemento encontrado con 'tag name' = 'iframe'.
2025-06-17 16:05:00,138 - INFO - Elemento encontrado con 'xpath' = '//*[@id='Text8-0']//span'.
2025-06-17 16:05:00,145 - INFO - Texto obtenido del elemento con ID 'Text8-0': ALDAIA - VALENCIA/VALÈNCIA
2025-06-17 16:05:00,161 - INFO - Elemento encontrado con 'tag name' = 'iframe'.
2025-06-17 16:05:00,185 - INFO - Elemento encontrado con 'xpath' = '//*[@id='ETELEFONO1-0']//span'.
2025-06-17 16:05:00,191 - INFO - Texto obtenido del elemento con ID 'ETELEFONO1-0': 961501110
2025-06-17 16:05:00,202 - INFO - Elemento encontrado con 'tag name' = 'iframe'.
2025-06-17 16:05:00,228 - INFO - Elemento encontrado con 'xpath' = '//*[@id='NOMBRECENTRO1-0-0']//span'.
2025-06-17 16:05:00,232 - INFO - Texto obtenido del elemento con ID 'NOMBRECENTRO1-0-0': METALLS DEL CAMP, S.L.
2025-06-17 16:05:00,246 - INFO - Elemento encontrado con 'tag name' = 'iframe'.
2025-06-17 16:05:00,268 - INFO - Elemento encontrado con 'xpath' = '//*[@id='FCENCODCENTRO1-0-0']//span'.
2025-06-17 16:05:00,272 - INFO - Texto obtenido del elemento con ID 'FCENCODCENTRO1-0-0': 4600038986
2025-06-17 16:05:00,288 - INFO - Elemento encontrado con 'tag name' = 'iframe'.
2025-06-17 16:05:00,313 - INFO - Elemento encontrado con 'xpath' = '//*[@id='FDIRECCION1-0-0']//span'.
2025-06-17 16:05:00,319 - INFO - Texto obtenido del elemento con ID 'FDIRECCION1-0-0': CALLE COMARQUES DE L'HORTA 4
2025-06-17 16:05:00,333 - INFO - Elemento encontrado con 'tag name' = 'iframe'.
2025-06-17 16:05:00,352 - INFO - Elemento encontrado con 'xpath' = '//*[@id='Text7-0-0']//span'.
2025-06-17 16:05:00,374 - INFO - Texto obtenido del elemento con ID 'Text7-0-0': ALDAIA - VALENCIA/VALÈNCIA
2025-06-17 16:05:00,386 - INFO - Elemento encontrado con 'tag name' = 'iframe'.
2025-06-17 16:05:00,410 - INFO - Elemento encontrado con 'xpath' = '//*[@id='FCODINE1-0-0']//span'.
2025-06-17 16:05:00,417 - INFO - Texto obtenido del elemento con ID 'FCODINE1-0-0': 460214
2025-06-17 16:05:00,432 - INFO - Elemento encontrado con 'tag name' = 'iframe'.
2025-06-17 16:05:00,456 - INFO - Elemento encontrado con 'xpath' = '//*[@id='FTELEFONO1-0-0']//span'.
2025-06-17 16:05:00,462 - INFO - Texto obtenido del elemento con ID 'FTELEFONO1-0-0': 961501110
2025-06-17 16:05:01,412 - WARNING - No se encontraron elementos con 'xpath' = '//input[@type='button' and @value='Consultar' and contains(@onclick, 'consultar(')]' en el tiempo especificado.
2025-06-17 16:05:01,413 - INFO - Encontrados 0 centros para el NIF B43693274.
2025-06-17 16:05:02,109 - INFO - Elemento encontrado con 'tag name' = 'iframe'.
2025-06-17 16:05:02,132 - INFO - Elemento encontrado con 'xpath' = '//*[@id='NOMBREEMPRESA1-0']//span'.
2025-06-17 16:05:02,138 - INFO - Texto obtenido del elemento con ID 'NOMBREEMPRESA1-0': METALLS DEL CAMP, S.L.
2025-06-17 16:05:02,150 - INFO - Elemento encontrado con 'tag name' = 'iframe'.
2025-06-17 16:05:02,177 - INFO - Elemento encontrado con 'xpath' = '//*[@id='ENIF1-0']//span'.
2025-06-17 16:05:02,181 - INFO - Texto obtenido del elemento con ID 'ENIF1-0': B43693274
2025-06-17 16:05:02,196 - INFO - Elemento encontrado con 'tag name' = 'iframe'.
2025-06-17 16:05:02,222 - INFO - Elemento encontrado con 'xpath' = '//*[@id='EDIRECCION1-0']//span'.
2025-06-17 16:05:02,229 - INFO - Texto obtenido del elemento con ID 'EDIRECCION1-0': POLÍGONO INDUSTRIAL LA LLOMA, C/ SERRA D' ESPADA 6     8
2025-06-17 16:05:02,245 - INFO - Elemento encontrado con 'tag name' = 'iframe'.
2025-06-17 16:05:02,265 - INFO - Elemento encontrado con 'xpath' = '//*[@id='ECODIPOS1-0']//span'.
2025-06-17 16:05:02,269 - INFO - Texto obtenido del elemento con ID 'ECODIPOS1-0': 46960
2025-06-17 16:05:02,283 - INFO - Elemento encontrado con 'tag name' = 'iframe'.
2025-06-17 16:05:02,303 - INFO - Elemento encontrado con 'xpath' = '//*[@id='Text8-0']//span'.
2025-06-17 16:05:02,310 - INFO - Texto obtenido del elemento con ID 'Text8-0': ALDAIA - VALENCIA/VALÈNCIA
2025-06-17 16:05:02,320 - INFO - Elemento encontrado con 'tag name' = 'iframe'.
2025-06-17 16:05:02,345 - INFO - Elemento encontrado con 'xpath' = '//*[@id='ETELEFONO1-0']//span'.
2025-06-17 16:05:02,349 - INFO - Texto obtenido del elemento con ID 'ETELEFONO1-0': 961501110
2025-06-17 16:05:02,363 - INFO - Elemento encontrado con 'tag name' = 'iframe'.
2025-06-17 16:05:02,384 - INFO - Elemento encontrado con 'xpath' = '//*[@id='NOMBRECENTRO1-0-0']//span'.
2025-06-17 16:05:02,390 - INFO - Texto obtenido del elemento con ID 'NOMBRECENTRO1-0-0': METALLS DEL CAMP, S.L.
2025-06-17 16:05:02,401 - INFO - Elemento encontrado con 'tag name' = 'iframe'.
2025-06-17 16:05:02,429 - INFO - Elemento encontrado con 'xpath' = '//*[@id='FCENCODCENTRO1-0-0']//span'.
2025-06-17 16:05:02,433 - INFO - Texto obtenido del elemento con ID 'FCENCODCENTRO1-0-0': 4600014035
2025-06-17 16:05:02,445 - INFO - Elemento encontrado con 'tag name' = 'iframe'.
2025-06-17 16:05:02,468 - INFO - Elemento encontrado con 'xpath' = '//*[@id='FDIRECCION1-0-0']//span'.
2025-06-17 16:05:02,475 - INFO - Texto obtenido del elemento con ID 'FDIRECCION1-0-0': POLÍGONO INDUSTRIAL LA LLOMA, C/ SERRA D' ESPADA 6     8
2025-06-17 16:05:02,487 - INFO - Elemento encontrado con 'tag name' = 'iframe'.
2025-06-17 16:05:02,512 - INFO - Elemento encontrado con 'xpath' = '//*[@id='Text7-0-0']//span'.
2025-06-17 16:05:02,516 - INFO - Texto obtenido del elemento con ID 'Text7-0-0': ALDAIA - VALENCIA/VALÈNCIA
2025-06-17 16:05:02,530 - INFO - Elemento encontrado con 'tag name' = 'iframe'.
2025-06-17 16:05:02,552 - INFO - Elemento encontrado con 'xpath' = '//*[@id='FCODINE1-0-0']//span'.
2025-06-17 16:05:02,558 - INFO - Texto obtenido del elemento con ID 'FCODINE1-0-0': 460214
2025-06-17 16:05:02,575 - INFO - Elemento encontrado con 'tag name' = 'iframe'.
2025-06-17 16:05:02,600 - INFO - Elemento encontrado con 'xpath' = '//*[@id='FTELEFONO1-0-0']//span'.
2025-06-17 16:05:02,605 - INFO - Texto obtenido del elemento con ID 'FTELEFONO1-0-0': 961501110
2025-06-17 16:05:02,668 - ERROR - Timeout al esperar el elemento con 'xpath' = '//div[contains(@class, 'col-xs-4') and b[normalize-space(text())='Nima:']]'
2025-06-17 16:05:02,668 - ERROR - Error al obtener texto del elemento con 'xpath' = '//div[contains(@class, 'col-xs-4') and b[normalize-space(text())='Nima:']]': Message: 
Stacktrace:
	GetHandleVerifier [0x0x343783+63299]
	GetHandleVerifier [0x0x3437c4+63364]
	(No symbol) [0x0x171113]
	(No symbol) [0x0x1b987e]
	(No symbol) [0x0x1b9c1b]
	(No symbol) [0x0x202212]
	(No symbol) [0x0x1de5c4]
	(No symbol) [0x0x1ffa4a]
	(No symbol) [0x0x1de376]
	(No symbol) [0x0x1ad6e0]
	(No symbol) [0x0x1ae544]
	GetHandleVerifier [0x0x59e073+2531379]
	GetHandleVerifier [0x0x599372+2511666]
	GetHandleVerifier [0x0x369efa+220858]
	GetHandleVerifier [0x0x35a548+156936]
	GetHandleVerifier [0x0x360c7d+183357]
	GetHandleVerifier [0x0x34b6e8+95912]
	GetHandleVerifier [0x0x34b890+96336]
	GetHandleVerifier [0x0x33666a+9770]
	BaseThreadInitThunk [0x0x772c5d49+25]
	RtlInitializeExceptionChain [0x0x77b8d09b+107]
	RtlGetAppContainerNamedObjectPath [0x0x77b8d021+561]
	(No symbol) [0x0]

2025-06-17 16:05:02,696 - INFO - Texto obtenido: Raó social: METALLS DEL CAMP, SLU
2025-06-17 16:05:02,731 - INFO - 5 elementos encontrados con 'xpath' = '//tr[contains(@class, 'llistaopen1') or contains(@class, 'llistaopen2')]'.
2025-06-17 16:05:02,737 - INFO - Elemento clickado con 'xpath' = '//img[@id='imagen_generarPDF_todos' and contains(@title, 'EXCEL')]'.
2025-06-17 16:05:02,737 - INFO - Click realizado en la imagen para generar el EXCEL.
2025-06-17 16:05:02,737 - INFO - Esperando la descarga del EXCEL...
2025-06-17 16:05:04,162 - INFO - Elemento encontrado con 'tag name' = 'iframe'.
2025-06-17 16:05:04,186 - INFO - Elemento encontrado con 'xpath' = '//*[@id='NOMBREEMPRESA1-0']//span'.
2025-06-17 16:05:04,193 - INFO - Texto obtenido del elemento con ID 'NOMBREEMPRESA1-0': METALLS DEL CAMP, S.L.
2025-06-17 16:05:04,210 - INFO - Elemento encontrado con 'tag name' = 'iframe'.
2025-06-17 16:05:04,238 - INFO - Elemento encontrado con 'xpath' = '//*[@id='ENIF1-0']//span'.
2025-06-17 16:05:04,244 - INFO - Texto obtenido del elemento con ID 'ENIF1-0': B43693274
2025-06-17 16:05:04,261 - INFO - Elemento encontrado con 'tag name' = 'iframe'.
2025-06-17 16:05:04,284 - INFO - Elemento encontrado con 'xpath' = '//*[@id='EDIRECCION1-0']//span'.
2025-06-17 16:05:04,289 - INFO - Texto obtenido del elemento con ID 'EDIRECCION1-0': POLÍGONO INDUSTRIAL LA LLOMA, C/ SERRA D' ESPADA 6     8
2025-06-17 16:05:04,325 - INFO - Elemento encontrado con 'tag name' = 'iframe'.
2025-06-17 16:05:04,346 - INFO - Elemento encontrado con 'xpath' = '//*[@id='ECODIPOS1-0']//span'.
2025-06-17 16:05:04,351 - INFO - Texto obtenido del elemento con ID 'ECODIPOS1-0': 46960
2025-06-17 16:05:04,364 - INFO - Elemento encontrado con 'tag name' = 'iframe'.
2025-06-17 16:05:04,386 - INFO - Elemento encontrado con 'xpath' = '//*[@id='Text8-0']//span'.
2025-06-17 16:05:04,392 - INFO - Texto obtenido del elemento con ID 'Text8-0': ALDAIA - VALENCIA/VALÈNCIA
2025-06-17 16:05:04,403 - INFO - Elemento encontrado con 'tag name' = 'iframe'.
2025-06-17 16:05:04,451 - INFO - Elemento encontrado con 'xpath' = '//*[@id='ETELEFONO1-0']//span'.
2025-06-17 16:05:04,459 - INFO - Texto obtenido del elemento con ID 'ETELEFONO1-0': 961501110
2025-06-17 16:05:04,477 - INFO - Elemento encontrado con 'tag name' = 'iframe'.
2025-06-17 16:05:04,499 - INFO - Elemento encontrado con 'xpath' = '//*[@id='NOMBRECENTRO1-0-0']//span'.
2025-06-17 16:05:04,502 - INFO - Texto obtenido del elemento con ID 'NOMBRECENTRO1-0-0': METALLS DEL CAMP, S.L.
2025-06-17 16:05:04,519 - INFO - Elemento encontrado con 'tag name' = 'iframe'.
2025-06-17 16:05:04,541 - INFO - Elemento encontrado con 'xpath' = '//*[@id='FCENCODCENTRO1-0-0']//span'.
2025-06-17 16:05:04,546 - INFO - Texto obtenido del elemento con ID 'FCENCODCENTRO1-0-0': 4600014035
2025-06-17 16:05:04,558 - INFO - Elemento encontrado con 'tag name' = 'iframe'.
2025-06-17 16:05:04,582 - INFO - Elemento encontrado con 'xpath' = '//*[@id='FDIRECCION1-0-0']//span'.
2025-06-17 16:05:04,586 - INFO - Texto obtenido del elemento con ID 'FDIRECCION1-0-0': POLÍGONO INDUSTRIAL LA LLOMA, C/ SERRA D' ESPADA 6     8
2025-06-17 16:05:04,601 - INFO - Elemento encontrado con 'tag name' = 'iframe'.
2025-06-17 16:05:04,623 - INFO - Elemento encontrado con 'xpath' = '//*[@id='Text7-0-0']//span'.
2025-06-17 16:05:04,630 - INFO - Texto obtenido del elemento con ID 'Text7-0-0': ALDAIA - VALENCIA/VALÈNCIA
2025-06-17 16:05:04,645 - INFO - Elemento encontrado con 'tag name' = 'iframe'.
2025-06-17 16:05:04,667 - INFO - Elemento encontrado con 'xpath' = '//*[@id='FCODINE1-0-0']//span'.
2025-06-17 16:05:04,672 - INFO - Texto obtenido del elemento con ID 'FCODINE1-0-0': 460214
2025-06-17 16:05:04,684 - INFO - Elemento encontrado con 'tag name' = 'iframe'.
2025-06-17 16:05:04,726 - INFO - Elemento encontrado con 'xpath' = '//*[@id='FTELEFONO1-0-0']//span'.
2025-06-17 16:05:04,732 - INFO - Texto obtenido del elemento con ID 'FTELEFONO1-0-0': 961501110
2025-06-17 16:05:04,740 - INFO - Archivo descargado: C:\Users\Usuario\Downloads\Resumen.xls
2025-06-17 16:05:04,939 - INFO - Datos extraídos del Excel y convertidos a JSON.
2025-06-17 16:05:04,939 - INFO - Archivo eliminado: C:\Users\Usuario\Downloads\Resumen.xls
2025-06-17 16:05:04,940 - INFO - Archivo eliminado: C:\Users\Usuario\Downloads\Resumen.xlsx
2025-06-17 16:05:04,940 - INFO - Datos extraídos del Excel en Castilla.
