2025-05-21 12:27:31,497 - INFO - Inicializando navegador...
2025-05-21 12:27:31,898 - INFO - Web 'https://residuos.gva.es/RES_BUSCAWEB/buscador_residuos_avanzado.aspx' abierta.
2025-05-21 12:27:31,979 - INFO - Se escribió texto en el elemento localizado por id='ctl00_ContentPlaceHolder1_txtNIF': 'B98237548'
2025-05-21 12:27:32,047 - INFO - Elemento clickado con 'id' = 'ctl00_ContentPlaceHolder1_btBuscar'.
2025-05-21 12:27:33,578 - INFO - Web 'https://residuos.gva.es/RES_BUSCAWEB/ficha.aspx?id=EClmtNMijr8mZgQhYMWdyeehcuBDKQMZ' abierta.
2025-05-21 12:27:33,578 - INFO - Enlace 'https://residuos.gva.es/RES_BUSCAWEB/ficha.aspx?id=EClmtNMijr8mZgQhYMWdyeehcuBDKQMZ' abierto por el botón con ID 'ctl00_ContentPlaceHolder1_gvResultados_ctl03_hypGestor'.
2025-05-21 12:27:33,624 - INFO - Texto obtenido del elemento con ID 'NOMBREEMPRESA1-0': NEIRA MOTOR SPORT, S.L.U.
2025-05-21 12:27:33,659 - INFO - Texto obtenido del elemento con ID 'ENIF1-0': B98237548
2025-05-21 12:27:33,694 - INFO - Texto obtenido del elemento con ID 'EDIRECCION1-0': CALLE VALENCIA 4
2025-05-21 12:27:33,726 - INFO - Texto obtenido del elemento con ID 'ECODIPOS1-0': 46920
2025-05-21 12:27:33,758 - INFO - Texto obtenido del elemento con ID 'Text8-0': MISLATA - VALENCIA/VALÈNCIA
2025-05-21 12:27:33,789 - INFO - Texto obtenido del elemento con ID 'ETELEFONO1-0': 963213734
2025-05-21 12:27:33,818 - INFO - Texto obtenido del elemento con ID 'NOMBRECENTRO1-0-0': NEIRA MOTOR SPORT, S.L.U.
2025-05-21 12:27:33,849 - INFO - Texto obtenido del elemento con ID 'FCENCODCENTRO1-0-0': 4600022973
2025-05-21 12:27:33,882 - INFO - Texto obtenido del elemento con ID 'FDIRECCION1-0-0': CALLE VALENCIA 4
2025-05-21 12:27:33,911 - INFO - Texto obtenido del elemento con ID 'Text7-0-0': MISLATA - VALENCIA/VALÈNCIA
2025-05-21 12:27:33,941 - INFO - Texto obtenido del elemento con ID 'FCODINE1-0-0': 461691
2025-05-21 12:27:33,969 - INFO - Texto obtenido del elemento con ID 'FTELEFONO1-0-0': 963213734
2025-05-21 12:27:34,001 - INFO - Texto obtenido del elemento con ID 'Text10-0-0-0': 7753/P02/CV - PEQUEÑO PRODUCTOR RESID.PELIGROSOS
2025-05-21 12:27:34,050 - INFO - Texto obtenido del elemento con ID 'Text10-0-0-1': 839/P03/CV - PRODUCTOR RESIDUOS NO PELIGROSOS
2025-05-21 12:27:34,052 - INFO - Datos de la empresa guardados en datos_empresa.json
