2025-07-10 11:39:20,518 - INFO - Web 'chrome://settings/security' abierta.
2025-07-10 11:39:27,354 - INFO - Web 'https://portal.nubelus.es' abierta.
2025-07-10 11:39:27,418 - INFO - Se escribió texto en el elemento localizado por id='pNick_gestor': 'ecotitan'
2025-07-10 11:39:27,469 - INFO - Elemento clickado con 'id' = 'btContinuar'.
2025-07-10 11:39:27,522 - INFO - Se escribió texto en el elemento localizado por xpath='//*[@placeholder='Usuario']': 'dani'
2025-07-10 11:39:27,576 - INFO - Se escribió texto en el elemento localizado por xpath='//*[@placeholder='Contraseña']': '123456'
2025-07-10 11:39:27,627 - INFO - Elemento clickado con 'id' = 'btAceptar'.
2025-07-10 11:39:33,360 - INFO - Web 'https://portal.nubelus.es/?clave=waster2_gestionEntidadesMedioambientales' abierta.
2025-07-10 11:39:33,432 - INFO - Elemento clickado con 'css selector' = '.miBoton.mas_opciones'.
2025-07-10 11:39:33,502 - INFO - Elemento clickado con 'id' = 'moa_bGenerar_excel'.
2025-07-10 11:39:33,766 - INFO - Archivo descargado: C:\Users\Usuario\Downloads\Entidades medioambientales.xlsx
2025-07-10 11:39:33,949 - INFO - Archivo eliminado: C:\Users\Usuario\Downloads\Entidades medioambientales.xlsx
2025-07-10 11:39:34,715 - INFO - Web 'https://portal.nubelus.es/?clave=waster2_gestionEntidadesMedioambientalesCentros' abierta.
2025-07-10 11:39:34,766 - INFO - Elemento clickado con 'css selector' = '.miBoton.mas_opciones'.
2025-07-10 11:39:34,819 - INFO - Elemento clickado con 'id' = 'moa_bGenerar_excel'.
2025-07-10 11:39:36,083 - INFO - Archivo descargado: C:\Users\Usuario\Downloads\Centros de entidades medioambientales.xlsx
2025-07-10 11:39:36,130 - INFO - Archivo eliminado: C:\Users\Usuario\Downloads\Centros de entidades medioambientales.xlsx
2025-07-10 11:39:37,220 - INFO - Web 'https://portal.nubelus.es/?clave=waster2_gestionEntidadesMedioambientalesCentros&pAccion=NUEVO' abierta.
2025-07-10 11:39:37,220 - INFO - Añadiendo centro: PRUEBA PRUEBA PRUEBA 2
2025-07-10 11:39:37,290 - INFO - Se escribió texto en el elemento localizado por id='pDenominacion': 'PRUEBA PRUEBA PRUEBA 2'
2025-07-10 11:39:37,365 - INFO - Se escribió texto en el elemento localizado por name='pDenominacion_ema': 'PRUEBA PRUEBA PRUEBA 2'
2025-07-10 11:39:39,382 - INFO - Se escribió texto y se pulsó Enter en el elemento con name 'pDenominacion_ema'.
2025-07-10 11:39:39,443 - INFO - Se escribió texto en el elemento localizado por name='pDomicilio': 'C/ REAL, 66'
2025-07-10 11:39:39,515 - INFO - Se escribió texto en el elemento localizado por name='pDenominacion_ine_municipio': '45210'
2025-07-10 11:39:41,537 - INFO - Se escribió texto y se pulsó Enter en el elemento con name 'pDenominacion_ine_municipio'.
2025-07-10 11:39:41,607 - INFO - Se escribió texto en el elemento localizado por name='pPoblacion': 'VALENCIA'
2025-07-10 11:39:41,656 - INFO - Se escribió texto en el elemento localizado por name='pCodigoPostal': '45210'
2025-07-10 11:39:41,709 - INFO - Se escribió texto en el elemento localizado por name='pTelefono': '999999999'
2025-07-10 11:39:41,775 - INFO - Se escribió texto en el elemento localizado por name='pEmail': 'PRUEBA@MORENOYRODRIGUEZ.ES'
2025-07-10 11:39:41,826 - INFO - Se escribió texto en el elemento localizado por name='pNima': '4528633990'
2025-07-10 11:39:41,895 - INFO - Se escribió texto en el elemento localizado por name='pAutorizacion_medioambiental': 'CM/5TO164T'
2025-07-10 11:39:41,966 - INFO - Se escribió texto en el elemento localizado por name='pDenominacion_ema': 'PEQUEÑO PRODUCTOR DE RESIDUOS PELIGROSOS'
2025-07-10 11:39:43,989 - INFO - Se escribió texto y se pulsó Enter en el elemento con name 'pDenominacion_ema'.
2025-07-10 11:39:44,040 - INFO - Elemento clickado con 'css selector' = '.miBoton.aceptar'.
2025-07-10 11:39:50,138 - ERROR - Timeout al esperar el elemento con 'id' = 'fContenido_seleccionado'
2025-07-10 11:39:50,138 - ERROR - Error al añadir autorización para la empresa PRUEBA PRUEBA PRUEBA 2: Message: 
Stacktrace:
	GetHandleVerifier [0x0x7ff6b4196f75+76917]
	GetHandleVerifier [0x0x7ff6b4196fd0+77008]
	(No symbol) [0x0x7ff6b3f49dea]
	(No symbol) [0x0x7ff6b3fa0256]
	(No symbol) [0x0x7ff6b3fa050c]
	(No symbol) [0x0x7ff6b3ff3887]
	(No symbol) [0x0x7ff6b3fc84af]
	(No symbol) [0x0x7ff6b3ff065c]
	(No symbol) [0x0x7ff6b3fc8243]
	(No symbol) [0x0x7ff6b3f91431]
	(No symbol) [0x0x7ff6b3f921c3]
	GetHandleVerifier [0x0x7ff6b446d2ad+3051437]
	GetHandleVerifier [0x0x7ff6b4467903+3028483]
	GetHandleVerifier [0x0x7ff6b448589d+3151261]
	GetHandleVerifier [0x0x7ff6b41b183e+185662]
	GetHandleVerifier [0x0x7ff6b41b96ff+218111]
	GetHandleVerifier [0x0x7ff6b419faf4+112628]
	GetHandleVerifier [0x0x7ff6b419fca9+113065]
	GetHandleVerifier [0x0x7ff6b4186c78+10616]
	BaseThreadInitThunk [0x0x7ff8dc70e8d7+23]
	RtlUserThreadStart [0x0x7ff8dd13c34c+44]

