2025-05-21 10:46:08,626 - INFO - Inicializando navegador...
2025-05-21 10:46:09,077 - INFO - Web 'https://residuos.gva.es/RES_BUSCAWEB/buscador_residuos_avanzado.aspx' abierta.
2025-05-21 10:46:09,161 - INFO - Se escribió texto en el elemento localizado por id='ctl00_ContentPlaceHolder1_txtNIF': 'B43693274'
2025-05-21 10:46:09,222 - INFO - Elemento clickado con 'id' = 'ctl00_ContentPlaceHolder1_btBuscar'.
2025-05-21 10:46:10,493 - INFO - Web 'https://residuos.gva.es/RES_BUSCAWEB/ficha.aspx?id=mq6PCE%2fOiti2eluqnuHDC%2fV8bdf6e1SZ' abierta.
2025-05-21 10:46:10,493 - INFO - Enlace 'https://residuos.gva.es/RES_BUSCAWEB/ficha.aspx?id=mq6PCE%2fOiti2eluqnuHDC%2fV8bdf6e1SZ' abierto por el botón con ID 'ctl00_ContentPlaceHolder1_gvResultados_ctl03_hypGestor'.
2025-05-21 10:46:10,541 - INFO - Texto obtenido del elemento con ID 'NOMBREEMPRESA1-0': METALLS DEL CAMP, S.L.
2025-05-21 10:46:10,574 - INFO - Texto obtenido del elemento con ID 'ENIF1-0': B43693274
2025-05-21 10:46:10,608 - INFO - Texto obtenido del elemento con ID 'EDIRECCION1-0': POLÍGONO INDUSTRIAL LA LLOMA, C/ SERRA D' ESPADA 6     8
2025-05-21 10:46:10,641 - INFO - Texto obtenido del elemento con ID 'ECODIPOS1-0': 46960
2025-05-21 10:46:10,674 - INFO - Texto obtenido del elemento con ID 'Text8-0': ALDAIA - VALENCIA/VALÈNCIA
2025-05-21 10:46:10,733 - INFO - Texto obtenido del elemento con ID 'ETELEFONO1-0': 961501110
2025-05-21 10:46:10,764 - INFO - Texto obtenido del elemento con ID 'NOMBRECENTRO1-0-0': METALLS DEL CAMP, S.L.
2025-05-21 10:46:10,795 - INFO - Texto obtenido del elemento con ID 'FCENCODCENTRO1-0-0': 4600014035
2025-05-21 10:46:10,827 - INFO - Texto obtenido del elemento con ID 'FDIRECCION1-0-0': POLÍGONO INDUSTRIAL LA LLOMA, C/ SERRA D' ESPADA 6     8
2025-05-21 10:46:10,857 - INFO - Texto obtenido del elemento con ID 'Text7-0-0': ALDAIA - VALENCIA/VALÈNCIA
2025-05-21 10:46:10,889 - INFO - Texto obtenido del elemento con ID 'FCODINE1-0-0': 460214
2025-05-21 10:46:10,922 - INFO - Texto obtenido del elemento con ID 'FTELEFONO1-0-0': 961501110
2025-05-21 10:46:10,955 - INFO - Texto obtenido del elemento con ID 'Text10-0-0-0': 157/G02/CV - ALMACENAMIENTO RESIDUOS PELIGROSOS
2025-05-21 10:46:16,072 - ERROR - Timeout al esperar el elemento con 'xpath' = '//*[@id='Text10-0-0-1']//span'
