2025-05-21 12:29:21,645 - INFO - Inicializando navegador...
2025-05-21 12:29:21,888 - INFO - Web 'https://gestiona.comunidad.madrid/pcea_nima_web/html/web/InicioAccion.icm' abierta.
2025-05-21 12:29:21,964 - INFO - Se escribió texto en el elemento localizado por id='nif': 'E45879897'
2025-05-21 12:29:22,582 - INFO - Elemento clickado con 'xpath' = '//a[@onclick="buscar('form');"]'.
2025-05-21 12:29:24,638 - ERROR - Falló al clickar el elemento con 'css selector' = 'input[value='Consultar']': Message: invalid session id: session deleted as the browser has closed the connection
from disconnected: not connected to DevTools
  (Session info: chrome=136.0.7103.93)
Stacktrace:
	GetHandleVerifier [0x0093FC83+61635]
	GetHandleVerifier [0x0093FCC4+61700]
	(No symbol) [0x007605D3]
	(No symbol) [0x0074FE20]
	(No symbol) [0x0076DD1F]
	(No symbol) [0x007D3E8C]
	(No symbol) [0x007EDF19]
	(No symbol) [0x007CD096]
	(No symbol) [0x0079C840]
	(No symbol) [0x0079D6A4]
	GetHandleVerifier [0x00BC45A3+2701795]
	GetHandleVerifier [0x00BBFD26+2683238]
	GetHandleVerifier [0x00BDAA6E+2793134]
	GetHandleVerifier [0x00956945+155013]
	GetHandleVerifier [0x0095D02D+181357]
	GetHandleVerifier [0x009474D8+92440]
	GetHandleVerifier [0x00947680+92864]
	GetHandleVerifier [0x00932070+5296]
	BaseThreadInitThunk [0x76995D49+25]
	RtlInitializeExceptionChain [0x7747D03B+107]
	RtlGetAppContainerNamedObjectPath [0x7747CFC1+561]

2025-05-21 12:29:24,663 - ERROR - Error al leer el campo 'NIF:': Message: invalid session id
Stacktrace:
	GetHandleVerifier [0x0093FC83+61635]
	GetHandleVerifier [0x0093FCC4+61700]
	(No symbol) [0x0076044E]
	(No symbol) [0x0079BB08]
	(No symbol) [0x007CD156]
	(No symbol) [0x007C8C22]
	(No symbol) [0x007C81B6]
	(No symbol) [0x007336C5]
	(No symbol) [0x00733C1E]
	(No symbol) [0x007340AD]
	GetHandleVerifier [0x00BC45A3+2701795]
	GetHandleVerifier [0x00BBFD26+2683238]
	GetHandleVerifier [0x00BDAA6E+2793134]
	GetHandleVerifier [0x00956945+155013]
	GetHandleVerifier [0x0095D02D+181357]
	(No symbol) [0x00733390]
	(No symbol) [0x00732B9D]
	GetHandleVerifier [0x00CB87FC+3701820]
	BaseThreadInitThunk [0x76995D49+25]
	RtlInitializeExceptionChain [0x7747D03B+107]
	RtlGetAppContainerNamedObjectPath [0x7747CFC1+561]

2025-05-21 12:29:24,664 - ERROR - Error al leer el campo 'Razón Social:': Message: invalid session id
Stacktrace:
	GetHandleVerifier [0x0093FC83+61635]
	GetHandleVerifier [0x0093FCC4+61700]
	(No symbol) [0x0076044E]
	(No symbol) [0x0079BB08]
	(No symbol) [0x007CD156]
	(No symbol) [0x007C8C22]
	(No symbol) [0x007C81B6]
	(No symbol) [0x007336C5]
	(No symbol) [0x00733C1E]
	(No symbol) [0x007340AD]
	GetHandleVerifier [0x00BC45A3+2701795]
	GetHandleVerifier [0x00BBFD26+2683238]
	GetHandleVerifier [0x00BDAA6E+2793134]
	GetHandleVerifier [0x00956945+155013]
	GetHandleVerifier [0x0095D02D+181357]
	(No symbol) [0x00733390]
	(No symbol) [0x00732B9D]
	GetHandleVerifier [0x00CB87FC+3701820]
	BaseThreadInitThunk [0x76995D49+25]
	RtlInitializeExceptionChain [0x7747D03B+107]
	RtlGetAppContainerNamedObjectPath [0x7747CFC1+561]

2025-05-21 12:29:24,664 - ERROR - Error al leer el campo 'Dirección Sede:': Message: invalid session id
Stacktrace:
	GetHandleVerifier [0x0093FC83+61635]
	GetHandleVerifier [0x0093FCC4+61700]
	(No symbol) [0x0076044E]
	(No symbol) [0x0079BB08]
	(No symbol) [0x007CD156]
	(No symbol) [0x007C8C22]
	(No symbol) [0x007C81B6]
	(No symbol) [0x007336C5]
	(No symbol) [0x00733C1E]
	(No symbol) [0x007340AD]
	GetHandleVerifier [0x00BC45A3+2701795]
	GetHandleVerifier [0x00BBFD26+2683238]
	GetHandleVerifier [0x00BDAA6E+2793134]
	GetHandleVerifier [0x00956945+155013]
	GetHandleVerifier [0x0095D02D+181357]
	(No symbol) [0x00733390]
	(No symbol) [0x00732B9D]
	GetHandleVerifier [0x00CB87FC+3701820]
	BaseThreadInitThunk [0x76995D49+25]
	RtlInitializeExceptionChain [0x7747D03B+107]
	RtlGetAppContainerNamedObjectPath [0x7747CFC1+561]

2025-05-21 12:29:24,665 - ERROR - Error al leer el campo 'Municipio:': Message: invalid session id
Stacktrace:
	GetHandleVerifier [0x0093FC83+61635]
	GetHandleVerifier [0x0093FCC4+61700]
	(No symbol) [0x0076044E]
	(No symbol) [0x0079BB08]
	(No symbol) [0x007CD156]
	(No symbol) [0x007C8C22]
	(No symbol) [0x007C81B6]
	(No symbol) [0x007336C5]
	(No symbol) [0x00733C1E]
	(No symbol) [0x007340AD]
	GetHandleVerifier [0x00BC45A3+2701795]
	GetHandleVerifier [0x00BBFD26+2683238]
	GetHandleVerifier [0x00BDAA6E+2793134]
	GetHandleVerifier [0x00956945+155013]
	GetHandleVerifier [0x0095D02D+181357]
	(No symbol) [0x00733390]
	(No symbol) [0x00732B9D]
	GetHandleVerifier [0x00CB87FC+3701820]
	BaseThreadInitThunk [0x76995D49+25]
	RtlInitializeExceptionChain [0x7747D03B+107]
	RtlGetAppContainerNamedObjectPath [0x7747CFC1+561]

2025-05-21 12:29:24,666 - ERROR - Error al leer el campo 'Código INE Municipio:': Message: invalid session id
Stacktrace:
	GetHandleVerifier [0x0093FC83+61635]
	GetHandleVerifier [0x0093FCC4+61700]
	(No symbol) [0x0076044E]
	(No symbol) [0x0079BB08]
	(No symbol) [0x007CD156]
	(No symbol) [0x007C8C22]
	(No symbol) [0x007C81B6]
	(No symbol) [0x007336C5]
	(No symbol) [0x00733C1E]
	(No symbol) [0x007340AD]
	GetHandleVerifier [0x00BC45A3+2701795]
	GetHandleVerifier [0x00BBFD26+2683238]
	GetHandleVerifier [0x00BDAA6E+2793134]
	GetHandleVerifier [0x00956945+155013]
	GetHandleVerifier [0x0095D02D+181357]
	(No symbol) [0x00733390]
	(No symbol) [0x00732B9D]
	GetHandleVerifier [0x00CB87FC+3701820]
	BaseThreadInitThunk [0x76995D49+25]
	RtlInitializeExceptionChain [0x7747D03B+107]
	RtlGetAppContainerNamedObjectPath [0x7747CFC1+561]

2025-05-21 12:29:24,666 - ERROR - Error al leer el campo 'CP:': Message: invalid session id
Stacktrace:
	GetHandleVerifier [0x0093FC83+61635]
	GetHandleVerifier [0x0093FCC4+61700]
	(No symbol) [0x0076044E]
	(No symbol) [0x0079BB08]
	(No symbol) [0x007CD156]
	(No symbol) [0x007C8C22]
	(No symbol) [0x007C81B6]
	(No symbol) [0x007336C5]
	(No symbol) [0x00733C1E]
	(No symbol) [0x007340AD]
	GetHandleVerifier [0x00BC45A3+2701795]
	GetHandleVerifier [0x00BBFD26+2683238]
	GetHandleVerifier [0x00BDAA6E+2793134]
	GetHandleVerifier [0x00956945+155013]
	GetHandleVerifier [0x0095D02D+181357]
	(No symbol) [0x00733390]
	(No symbol) [0x00732B9D]
	GetHandleVerifier [0x00CB87FC+3701820]
	BaseThreadInitThunk [0x76995D49+25]
	RtlInitializeExceptionChain [0x7747D03B+107]
	RtlGetAppContainerNamedObjectPath [0x7747CFC1+561]

2025-05-21 12:29:24,667 - ERROR - Error al leer el campo 'Provincia:': Message: invalid session id
Stacktrace:
	GetHandleVerifier [0x0093FC83+61635]
	GetHandleVerifier [0x0093FCC4+61700]
	(No symbol) [0x0076044E]
	(No symbol) [0x0079BB08]
	(No symbol) [0x007CD156]
	(No symbol) [0x007C8C22]
	(No symbol) [0x007C81B6]
	(No symbol) [0x007336C5]
	(No symbol) [0x00733C1E]
	(No symbol) [0x007340AD]
	GetHandleVerifier [0x00BC45A3+2701795]
	GetHandleVerifier [0x00BBFD26+2683238]
	GetHandleVerifier [0x00BDAA6E+2793134]
	GetHandleVerifier [0x00956945+155013]
	GetHandleVerifier [0x0095D02D+181357]
	(No symbol) [0x00733390]
	(No symbol) [0x00732B9D]
	GetHandleVerifier [0x00CB87FC+3701820]
	BaseThreadInitThunk [0x76995D49+25]
	RtlInitializeExceptionChain [0x7747D03B+107]
	RtlGetAppContainerNamedObjectPath [0x7747CFC1+561]

2025-05-21 12:29:24,668 - ERROR - Error al leer el campo 'Código INE Provincia:': Message: invalid session id
Stacktrace:
	GetHandleVerifier [0x0093FC83+61635]
	GetHandleVerifier [0x0093FCC4+61700]
	(No symbol) [0x0076044E]
	(No symbol) [0x0079BB08]
	(No symbol) [0x007CD156]
	(No symbol) [0x007C8C22]
	(No symbol) [0x007C81B6]
	(No symbol) [0x007336C5]
	(No symbol) [0x00733C1E]
	(No symbol) [0x007340AD]
	GetHandleVerifier [0x00BC45A3+2701795]
	GetHandleVerifier [0x00BBFD26+2683238]
	GetHandleVerifier [0x00BDAA6E+2793134]
	GetHandleVerifier [0x00956945+155013]
	GetHandleVerifier [0x0095D02D+181357]
	(No symbol) [0x00733390]
	(No symbol) [0x00732B9D]
	GetHandleVerifier [0x00CB87FC+3701820]
	BaseThreadInitThunk [0x76995D49+25]
	RtlInitializeExceptionChain [0x7747D03B+107]
	RtlGetAppContainerNamedObjectPath [0x7747CFC1+561]

2025-05-21 12:29:24,668 - ERROR - Error al leer el campo 'Denominación del Centro:': Message: invalid session id
Stacktrace:
	GetHandleVerifier [0x0093FC83+61635]
	GetHandleVerifier [0x0093FCC4+61700]
	(No symbol) [0x0076044E]
	(No symbol) [0x0079BB08]
	(No symbol) [0x007CD156]
	(No symbol) [0x007C8C22]
	(No symbol) [0x007C81B6]
	(No symbol) [0x007336C5]
	(No symbol) [0x00733C1E]
	(No symbol) [0x007340AD]
	GetHandleVerifier [0x00BC45A3+2701795]
	GetHandleVerifier [0x00BBFD26+2683238]
	GetHandleVerifier [0x00BDAA6E+2793134]
	GetHandleVerifier [0x00956945+155013]
	GetHandleVerifier [0x0095D02D+181357]
	(No symbol) [0x00733390]
	(No symbol) [0x00732B9D]
	GetHandleVerifier [0x00CB87FC+3701820]
	BaseThreadInitThunk [0x76995D49+25]
	RtlInitializeExceptionChain [0x7747D03B+107]
	RtlGetAppContainerNamedObjectPath [0x7747CFC1+561]

2025-05-21 12:29:24,669 - ERROR - Error al leer el campo 'NIMA:': Message: invalid session id
Stacktrace:
	GetHandleVerifier [0x0093FC83+61635]
	GetHandleVerifier [0x0093FCC4+61700]
	(No symbol) [0x0076044E]
	(No symbol) [0x0079BB08]
	(No symbol) [0x007CD156]
	(No symbol) [0x007C8C22]
	(No symbol) [0x007C81B6]
	(No symbol) [0x007336C5]
	(No symbol) [0x00733C1E]
	(No symbol) [0x007340AD]
	GetHandleVerifier [0x00BC45A3+2701795]
	GetHandleVerifier [0x00BBFD26+2683238]
	GetHandleVerifier [0x00BDAA6E+2793134]
	GetHandleVerifier [0x00956945+155013]
	GetHandleVerifier [0x0095D02D+181357]
	(No symbol) [0x00733390]
	(No symbol) [0x00732B9D]
	GetHandleVerifier [0x00CB87FC+3701820]
	BaseThreadInitThunk [0x76995D49+25]
	RtlInitializeExceptionChain [0x7747D03B+107]
	RtlGetAppContainerNamedObjectPath [0x7747CFC1+561]

2025-05-21 12:29:24,670 - ERROR - Error al leer el campo 'Dirección Centro:': Message: invalid session id
Stacktrace:
	GetHandleVerifier [0x0093FC83+61635]
	GetHandleVerifier [0x0093FCC4+61700]
	(No symbol) [0x0076044E]
	(No symbol) [0x0079BB08]
	(No symbol) [0x007CD156]
	(No symbol) [0x007C8C22]
	(No symbol) [0x007C81B6]
	(No symbol) [0x007336C5]
	(No symbol) [0x00733C1E]
	(No symbol) [0x007340AD]
	GetHandleVerifier [0x00BC45A3+2701795]
	GetHandleVerifier [0x00BBFD26+2683238]
	GetHandleVerifier [0x00BDAA6E+2793134]
	GetHandleVerifier [0x00956945+155013]
	GetHandleVerifier [0x0095D02D+181357]
	(No symbol) [0x00733390]
	(No symbol) [0x00732B9D]
	GetHandleVerifier [0x00CB87FC+3701820]
	BaseThreadInitThunk [0x76995D49+25]
	RtlInitializeExceptionChain [0x7747D03B+107]
	RtlGetAppContainerNamedObjectPath [0x7747CFC1+561]

2025-05-21 12:29:24,671 - ERROR - Error al leer el campo 'Municipio:': Message: invalid session id
Stacktrace:
	GetHandleVerifier [0x0093FC83+61635]
	GetHandleVerifier [0x0093FCC4+61700]
	(No symbol) [0x0076044E]
	(No symbol) [0x0079BB08]
	(No symbol) [0x007CD156]
	(No symbol) [0x007C8C22]
	(No symbol) [0x007C81B6]
	(No symbol) [0x007336C5]
	(No symbol) [0x00733C1E]
	(No symbol) [0x007340AD]
	GetHandleVerifier [0x00BC45A3+2701795]
	GetHandleVerifier [0x00BBFD26+2683238]
	GetHandleVerifier [0x00BDAA6E+2793134]
	GetHandleVerifier [0x00956945+155013]
	GetHandleVerifier [0x0095D02D+181357]
	(No symbol) [0x00733390]
	(No symbol) [0x00732B9D]
	GetHandleVerifier [0x00CB87FC+3701820]
	BaseThreadInitThunk [0x76995D49+25]
	RtlInitializeExceptionChain [0x7747D03B+107]
	RtlGetAppContainerNamedObjectPath [0x7747CFC1+561]

2025-05-21 12:29:24,672 - ERROR - Error al leer el campo 'Código INE Municipio:': Message: invalid session id
Stacktrace:
	GetHandleVerifier [0x0093FC83+61635]
	GetHandleVerifier [0x0093FCC4+61700]
	(No symbol) [0x0076044E]
	(No symbol) [0x0079BB08]
	(No symbol) [0x007CD156]
	(No symbol) [0x007C8C22]
	(No symbol) [0x007C81B6]
	(No symbol) [0x007336C5]
	(No symbol) [0x00733C1E]
	(No symbol) [0x007340AD]
	GetHandleVerifier [0x00BC45A3+2701795]
	GetHandleVerifier [0x00BBFD26+2683238]
	GetHandleVerifier [0x00BDAA6E+2793134]
	GetHandleVerifier [0x00956945+155013]
	GetHandleVerifier [0x0095D02D+181357]
	(No symbol) [0x00733390]
	(No symbol) [0x00732B9D]
	GetHandleVerifier [0x00CB87FC+3701820]
	BaseThreadInitThunk [0x76995D49+25]
	RtlInitializeExceptionChain [0x7747D03B+107]
	RtlGetAppContainerNamedObjectPath [0x7747CFC1+561]

2025-05-21 12:29:24,673 - ERROR - Error al leer el campo 'CP:': Message: invalid session id
Stacktrace:
	GetHandleVerifier [0x0093FC83+61635]
	GetHandleVerifier [0x0093FCC4+61700]
	(No symbol) [0x0076044E]
	(No symbol) [0x0079BB08]
	(No symbol) [0x007CD156]
	(No symbol) [0x007C8C22]
	(No symbol) [0x007C81B6]
	(No symbol) [0x007336C5]
	(No symbol) [0x00733C1E]
	(No symbol) [0x007340AD]
	GetHandleVerifier [0x00BC45A3+2701795]
	GetHandleVerifier [0x00BBFD26+2683238]
	GetHandleVerifier [0x00BDAA6E+2793134]
	GetHandleVerifier [0x00956945+155013]
	GetHandleVerifier [0x0095D02D+181357]
	(No symbol) [0x00733390]
	(No symbol) [0x00732B9D]
	GetHandleVerifier [0x00CB87FC+3701820]
	BaseThreadInitThunk [0x76995D49+25]
	RtlInitializeExceptionChain [0x7747D03B+107]
	RtlGetAppContainerNamedObjectPath [0x7747CFC1+561]

2025-05-21 12:29:24,674 - ERROR - Error al leer el campo 'Provincia:': Message: invalid session id
Stacktrace:
	GetHandleVerifier [0x0093FC83+61635]
	GetHandleVerifier [0x0093FCC4+61700]
	(No symbol) [0x0076044E]
	(No symbol) [0x0079BB08]
	(No symbol) [0x007CD156]
	(No symbol) [0x007C8C22]
	(No symbol) [0x007C81B6]
	(No symbol) [0x007336C5]
	(No symbol) [0x00733C1E]
	(No symbol) [0x007340AD]
	GetHandleVerifier [0x00BC45A3+2701795]
	GetHandleVerifier [0x00BBFD26+2683238]
	GetHandleVerifier [0x00BDAA6E+2793134]
	GetHandleVerifier [0x00956945+155013]
	GetHandleVerifier [0x0095D02D+181357]
	(No symbol) [0x00733390]
	(No symbol) [0x00732B9D]
	GetHandleVerifier [0x00CB87FC+3701820]
	BaseThreadInitThunk [0x76995D49+25]
	RtlInitializeExceptionChain [0x7747D03B+107]
	RtlGetAppContainerNamedObjectPath [0x7747CFC1+561]

2025-05-21 12:29:24,675 - ERROR - Error al leer el campo 'Código INE Provincia:': Message: invalid session id
Stacktrace:
	GetHandleVerifier [0x0093FC83+61635]
	GetHandleVerifier [0x0093FCC4+61700]
	(No symbol) [0x0076044E]
	(No symbol) [0x0079BB08]
	(No symbol) [0x007CD156]
	(No symbol) [0x007C8C22]
	(No symbol) [0x007C81B6]
	(No symbol) [0x007336C5]
	(No symbol) [0x00733C1E]
	(No symbol) [0x007340AD]
	GetHandleVerifier [0x00BC45A3+2701795]
	GetHandleVerifier [0x00BBFD26+2683238]
	GetHandleVerifier [0x00BDAA6E+2793134]
	GetHandleVerifier [0x00956945+155013]
	GetHandleVerifier [0x0095D02D+181357]
	(No symbol) [0x00733390]
	(No symbol) [0x00732B9D]
	GetHandleVerifier [0x00CB87FC+3701820]
	BaseThreadInitThunk [0x76995D49+25]
	RtlInitializeExceptionChain [0x7747D03B+107]
	RtlGetAppContainerNamedObjectPath [0x7747CFC1+561]

2025-05-21 12:29:24,675 - INFO - Datos de la empresa guardados
