2025-07-28 15:59:41,584 - INFO - Imported existing <module 'comtypes.gen' from 'C:\\Users\\Usuario\\AppData\\Local\\Programs\\Python\\Python313\\Lib\\site-packages\\comtypes\\gen\\__init__.py'>
2025-07-28 15:59:41,584 - INFO - Using writeable comtypes cache directory: 'C:\Users\Usuario\AppData\Local\Programs\Python\Python313\Lib\site-packages\comtypes\gen'
2025-07-28 15:59:43,873 - INFO - Navegando a la configuración de seguridad de Chrome
2025-07-28 15:59:43,873 - INFO - Buscando ventana: 'Chrome'
2025-07-28 15:59:44,542 - INFO - Ventana encontrada: Configuración: Seguridad - Google Chrome
2025-07-28 15:59:45,045 - INFO - Ventana de Chrome encontrada
2025-07-28 15:59:46,549 - INFO - Protección mejorada activada correctamente
2025-07-28 15:59:47,238 - INFO - Web 'https://portal.nubelus.es' abierta.
2025-07-28 15:59:47,308 - INFO - Se escribió texto en el elemento localizado por id='pNick_gestor': 'ecotitan'
2025-07-28 15:59:47,357 - INFO - Elemento clickado con 'id' = 'btContinuar'.
2025-07-28 15:59:47,422 - INFO - Se escribió texto en el elemento localizado por xpath='//*[@placeholder='Usuario']': 'dani'
2025-07-28 15:59:47,480 - INFO - Se escribió texto en el elemento localizado por xpath='//*[@placeholder='Contraseña']': '123456'
2025-07-28 15:59:47,536 - INFO - Elemento clickado con 'id' = 'btAceptar'.
2025-07-28 15:59:47,536 - INFO - Buscando popup de Google...
2025-07-28 15:59:47,536 - INFO - Buscando ventana: 'Chrome'
2025-07-28 15:59:48,094 - INFO - Ventana encontrada: NUBELUS - Google Chrome
2025-07-28 15:59:48,595 - INFO - Ventana de Chrome encontrada
2025-07-28 15:59:49,585 - INFO - Popup de Google aceptado correctamente
2025-07-28 15:59:49,586 - INFO - Inicio de sesión completado exitosamente
2025-07-28 15:59:50,140 - INFO - Web 'https://portal.nubelus.es/?clave=waster2_gestionEntidadesMedioambientales' abierta.
2025-07-28 15:59:50,218 - INFO - Elemento clickado con 'css selector' = '.miBoton.mas_opciones'.
2025-07-28 15:59:50,285 - INFO - Elemento clickado con 'id' = 'moa_bGenerar_excel'.
2025-07-28 15:59:50,551 - INFO - Archivo descargado: C:\Users\Usuario\Downloads\Entidades medioambientales.xlsx
2025-07-28 15:59:50,807 - ERROR - No se pudo eliminar el archivo: C:\Users\Usuario\Downloads\Entidades medioambientales.xlsx. Error: [WinError 32] El proceso no tiene acceso al archivo porque está siendo utilizado por otro proceso: 'C:\\Users\\Usuario\\Downloads\\Entidades medioambientales.xlsx'
2025-07-28 15:59:51,320 - INFO - Web 'https://portal.nubelus.es/?clave=waster2_gestionEntidadesMedioambientalesCentros' abierta.
2025-07-28 15:59:51,411 - INFO - Elemento clickado con 'css selector' = '.miBoton.mas_opciones'.
2025-07-28 15:59:51,459 - INFO - Elemento clickado con 'id' = 'moa_bGenerar_excel'.
2025-07-28 15:59:52,684 - INFO - Archivo descargado: C:\Users\Usuario\Downloads\Centros de entidades medioambientales.xlsx
2025-07-28 15:59:52,724 - INFO - Archivo eliminado: C:\Users\Usuario\Downloads\Centros de entidades medioambientales.xlsx
2025-07-28 15:59:53,222 - INFO - Web 'https://portal.nubelus.es/?clave=factucit2_gestionClientes_n1' abierta.
2025-07-28 15:59:53,287 - INFO - Elemento clickado con 'css selector' = '.miBoton.mas_opciones'.
2025-07-28 15:59:53,363 - INFO - Elemento clickado con 'id' = 'moa_bGenerar_excel'.
2025-07-28 15:59:55,336 - INFO - Archivo descargado: C:\Users\Usuario\Downloads\Clientes.xlsx
2025-07-28 15:59:55,424 - INFO - Archivo eliminado: C:\Users\Usuario\Downloads\Clientes.xlsx
2025-07-28 15:59:56,174 - INFO - Web 'https://portal.nubelus.es/?clave=nubelus_gestionUsuarios' abierta.
2025-07-28 15:59:56,265 - INFO - Elemento clickado con 'css selector' = '.miBoton.mas_opciones'.
2025-07-28 15:59:56,310 - INFO - Elemento clickado con 'id' = 'moa_bGenerar_excel'.
2025-07-28 15:59:57,635 - INFO - Archivo descargado: C:\Users\Usuario\Downloads\Usuarios.xlsx
2025-07-28 15:59:57,699 - INFO - Archivo eliminado: C:\Users\Usuario\Downloads\Usuarios.xlsx
2025-07-28 15:59:58,185 - INFO - Web 'https://portal.nubelus.es/?clave=waster2_gestionAcuerdosRepresentacion' abierta.
2025-07-28 15:59:58,239 - INFO - Elemento clickado con 'css selector' = '.miBoton.mas_opciones'.
2025-07-28 15:59:58,299 - INFO - Elemento clickado con 'id' = 'moa_bGenerar_excel'.
2025-07-28 15:59:59,571 - INFO - Archivo descargado: C:\Users\Usuario\Downloads\Acuerdos de representación.xlsx
2025-07-28 15:59:59,619 - INFO - Archivo eliminado: C:\Users\Usuario\Downloads\Acuerdos de representación.xlsx
2025-07-28 16:00:00,210 - INFO - Web 'https://portal.nubelus.es/?clave=waster2_gestionContratosTratamiento' abierta.
2025-07-28 16:00:00,263 - INFO - Elemento clickado con 'css selector' = '.miBoton.mas_opciones'.
2025-07-28 16:00:00,339 - INFO - Elemento clickado con 'id' = 'moa_bGenerar_excel'.
2025-07-28 16:00:03,782 - INFO - Archivo descargado: C:\Users\Usuario\Downloads\Contratos tratamiento.xlsx
2025-07-28 16:00:04,267 - INFO - Archivo eliminado: C:\Users\Usuario\Downloads\Contratos tratamiento.xlsx
2025-07-28 16:00:04,773 - INFO - Web 'https://portal.nubelus.es/?clave=waster2_gestionContratosTratamiento&pAccion=NUEVO' abierta.
2025-07-28 16:00:04,879 - INFO - Se escribió texto en el elemento localizado por name='pFecha': '28-07-2025'
2025-07-28 16:00:06,908 - INFO - Se escribió texto y se pulsó Enter en el elemento con name 'pFecha'.
2025-07-28 16:00:07,496 - INFO - Se escribió texto en el elemento localizado por name='pFecha_caducidad': '27-07-2028'
2025-07-28 16:00:09,526 - INFO - Se escribió texto y se pulsó Enter en el elemento con name 'pFecha_caducidad'.
2025-07-28 16:00:10,122 - INFO - Se escribió texto en el elemento localizado por name='pDenominacion_origen': 'LOS CAMIONEROS DE NOBLEJAS, S.L.'
2025-07-28 16:00:12,152 - INFO - Se escribió texto y se pulsó Enter en el elemento con name 'pDenominacion_origen'.
2025-07-28 16:00:12,747 - INFO - Se escribió texto en el elemento localizado por name='pDenominacion_origen_centro': 'LOS CAMIONEROS DE NOBLEJAS, S.L.'
2025-07-28 16:00:14,777 - INFO - Se escribió texto y se pulsó Enter en el elemento con name 'pDenominacion_origen_centro'.
2025-07-28 16:00:15,364 - INFO - Se escribió texto en el elemento localizado por name='pDenominacion_destino': 'METALLS DEL CAMP, S.L.'
2025-07-28 16:00:17,393 - INFO - Se escribió texto y se pulsó Enter en el elemento con name 'pDenominacion_destino'.
2025-07-28 16:00:18,001 - INFO - Se escribió texto en el elemento localizado por name='pDenominacion_destino_centro': 'METALLS DEL CAMP, S.L.U. (EL ROMERAL)'
2025-07-28 16:00:20,033 - INFO - Se escribió texto y se pulsó Enter en el elemento con name 'pDenominacion_destino_centro'.
2025-07-28 16:00:21,135 - INFO - Se escribió texto en el elemento localizado por name='pDenominacion_autorizacion_destino': '4570002919'
2025-07-28 16:00:23,164 - INFO - Se escribió texto y se pulsó Enter en el elemento con name 'pDenominacion_autorizacion_destino'.
2025-07-28 16:00:24,236 - INFO - Se escribió texto en el elemento localizado por name='pDenominacion_operador_traslados': 'ECO TITAN S.L.'
2025-07-28 16:00:26,284 - INFO - Se escribió texto y se pulsó Enter en el elemento con name 'pDenominacion_operador_traslados'.
2025-07-28 16:00:27,346 - INFO - Se escribió texto en el elemento localizado por name='pDenominacion_autorizacion_operador_traslados': '87/A01/CV'
2025-07-28 16:00:29,366 - INFO - Se escribió texto y se pulsó Enter en el elemento con name 'pDenominacion_autorizacion_operador_traslados'.
2025-07-28 16:00:29,441 - INFO - Se escribió texto en el elemento localizado por name='pDenominacion_residuo': 'FILTROS DE ACEITE*'
2025-07-28 16:00:31,468 - INFO - Se escribió texto y se pulsó Enter en el elemento con name 'pDenominacion_residuo'.
2025-07-28 16:00:31,522 - INFO - Se escribió texto en el elemento localizado por name='pKilos_totales': '5000'
2025-07-28 16:00:33,546 - INFO - Se escribió texto y se pulsó Enter en el elemento con name 'pKilos_totales'.
2025-07-28 16:00:33,595 - INFO - Elemento clickado con 'css selector' = '.miBoton.aceptar'.
2025-07-28 16:00:34,678 - INFO - Opción 'Tratamientos' seleccionada en el elemento con 'id' = 'fContenido_seleccionado'.
2025-07-28 16:00:35,749 - INFO - Elemento clickado con 'css selector' = '.miBoton.editar.editar_1.sinTexto.dcha'.
2025-07-28 16:00:36,392 - INFO - Se escribió texto en el elemento localizado por name='pDenominacion_ema_1': 'SERVICIOS ECOLOGICOS ACITAIN, S.L.'
2025-07-28 16:00:38,427 - INFO - Se escribió texto y se pulsó Enter en el elemento con name 'pDenominacion_ema_1'.
2025-07-28 16:00:38,990 - INFO - Se escribió texto en el elemento localizado por name='pTratamiento_posterior_1_codigo_ler_2': 'R4'
2025-07-28 16:00:41,017 - INFO - Se escribió texto y se pulsó Enter en el elemento con name 'pTratamiento_posterior_1_codigo_ler_2'.
2025-07-28 16:00:41,072 - INFO - Elemento clickado con 'css selector' = '.icon-ok'.
2025-07-28 16:00:43,195 - INFO - Opción 'Notificación' seleccionada en el elemento con 'id' = 'fContenido_seleccionado'.
2025-07-28 16:00:44,261 - INFO - Elemento clickado con 'css selector' = '.icon-magic'.
2025-07-28 16:00:45,262 - INFO - Archivo nuevo detectado: NT30460004811420250013120.xml
2025-07-28 16:00:45,263 - INFO - Archivo de notificación descargado en: NT30460004811420250013120.xml
2025-07-28 16:00:46,343 - INFO - Opción 'Facturación' seleccionada en el elemento con 'id' = 'fContenido_seleccionado'.
2025-07-28 16:00:48,539 - INFO - Se escribió texto en el elemento localizado por name='pNombre_cliente': 'LOS CAMIONEROS DE NOBLEJAS, S.L.'
2025-07-28 16:00:50,566 - INFO - Se escribió texto y se pulsó Enter en el elemento con name 'pNombre_cliente'.
2025-07-28 16:00:50,669 - INFO - Se escribió texto en el elemento localizado por name='pDenominacion_producto': 'FILTROS DE ACEITE*'
2025-07-28 16:00:52,691 - INFO - Se escribió texto y se pulsó Enter en el elemento con name 'pDenominacion_producto'.
2025-07-28 16:00:54,748 - INFO - Elemento clickado con 'css selector' = '.miBoton.aceptar'.
2025-07-28 16:00:57,258 - INFO - Web 'https://portal.nubelus.es/?clave=waster2_gestionContratosTratamiento&pAccion=NUEVO' abierta.
2025-07-28 16:00:57,369 - INFO - Se escribió texto en el elemento localizado por name='pFecha': '28-07-2025'
2025-07-28 16:00:59,374 - ERROR - No se pudo escribir y pulsar Enter en el elemento con name 'pFecha': Message: invalid session id: session deleted as the browser has closed the connection
from disconnected: not connected to DevTools
  (Session info: chrome=138.0.7204.169)
Stacktrace:
	GetHandleVerifier [0x0x7ff61de9e935+77845]
	GetHandleVerifier [0x0x7ff61de9e990+77936]
	(No symbol) [0x0x7ff61dc59cda]
	(No symbol) [0x0x7ff61dc45f35]
	(No symbol) [0x0x7ff61dc6aabe]
	(No symbol) [0x0x7ff61dcdfeb5]
	(No symbol) [0x0x7ff61dd00432]
	(No symbol) [0x0x7ff61dcd86a3]
	(No symbol) [0x0x7ff61dca1791]
	(No symbol) [0x0x7ff61dca2523]
	GetHandleVerifier [0x0x7ff61e17684d+3059501]
	GetHandleVerifier [0x0x7ff61e170c0d+3035885]
	GetHandleVerifier [0x0x7ff61e190400+3164896]
	GetHandleVerifier [0x0x7ff61deb8c3e+185118]
	GetHandleVerifier [0x0x7ff61dec054f+216111]
	GetHandleVerifier [0x0x7ff61dea72e4+113092]
	GetHandleVerifier [0x0x7ff61dea7499+113529]
	GetHandleVerifier [0x0x7ff61de8e298+10616]
	BaseThreadInitThunk [0x0x7ffa278ce8d7+23]
	RtlUserThreadStart [0x0x7ffa28a3c34c+44]

2025-07-28 16:00:59,374 - ERROR - Error al añadir contrato de tratamiento para la empresa LOS CAMIONEROS DE NOBLEJAS, S.L.: Message: invalid session id: session deleted as the browser has closed the connection
from disconnected: not connected to DevTools
  (Session info: chrome=138.0.7204.169)
Stacktrace:
	GetHandleVerifier [0x0x7ff61de9e935+77845]
	GetHandleVerifier [0x0x7ff61de9e990+77936]
	(No symbol) [0x0x7ff61dc59cda]
	(No symbol) [0x0x7ff61dc45f35]
	(No symbol) [0x0x7ff61dc6aabe]
	(No symbol) [0x0x7ff61dcdfeb5]
	(No symbol) [0x0x7ff61dd00432]
	(No symbol) [0x0x7ff61dcd86a3]
	(No symbol) [0x0x7ff61dca1791]
	(No symbol) [0x0x7ff61dca2523]
	GetHandleVerifier [0x0x7ff61e17684d+3059501]
	GetHandleVerifier [0x0x7ff61e170c0d+3035885]
	GetHandleVerifier [0x0x7ff61e190400+3164896]
	GetHandleVerifier [0x0x7ff61deb8c3e+185118]
	GetHandleVerifier [0x0x7ff61dec054f+216111]
	GetHandleVerifier [0x0x7ff61dea72e4+113092]
	GetHandleVerifier [0x0x7ff61dea7499+113529]
	GetHandleVerifier [0x0x7ff61de8e298+10616]
	BaseThreadInitThunk [0x0x7ffa278ce8d7+23]
	RtlUserThreadStart [0x0x7ffa28a3c34c+44]

2025-07-28 16:01:02,952 - INFO - Saliendo del proceso de adición de contratos de tratamiento.
