2025-05-16 10:21:47,130 - INFO - Inicializando navegador...
2025-05-16 10:21:47,754 - INFO - Web 'https://portal.nubelus.es' abierta.
2025-05-16 10:21:47,813 - INFO - Se escribió texto en el elemento localizado por id='pNick_gestor': 'ecotitan'
2025-05-16 10:21:47,873 - INFO - Elemento clickado con 'id' = 'btContinuar'.
2025-05-16 10:21:47,919 - INFO - Se escribió texto en el elemento localizado por xpath='//*[@placeholder='Usuario']': 'dani'
2025-05-16 10:21:47,962 - INFO - Se escribió texto en el elemento localizado por xpath='//*[@placeholder='Contraseña']': '123456'
2025-05-16 10:21:48,019 - INFO - Elemento clickado con 'id' = 'btAceptar'.
2025-05-16 10:21:53,072 - INFO - Elemento clickado con 'xpath' = '//a[contains(text(), 'Ficheros')]'.
2025-05-16 10:21:53,365 - INFO - Elemento clickado con 'xpath' = '//a[contains(text(), 'Entidades medioambientales')]'.
2025-05-16 10:21:53,368 - ERROR - Falló al clickar el elemento con 'css selector' = '.icon-ellipsis-vertical': 'Message: no such window: target window already closed
from unknown error: web view not found
  (Session info: chrome=136.0.7103.93)
Stacktrace:
	GetHandleVerifier [0x007EFC83+61635]
	GetHandleVerifier [0x007EFCC4+61700]
	(No symbol) [0x006105D3]
	(No symbol) [0x005EFBC9]
	(No symbol) [0x00683CBE]
	(No symbol) [0x0069DF19]
	(No symbol) [0x0067D096]
	(No symbol) [0x0064C840]
	(No symbol) [0x0064D6A4]
	GetHandleVerifier [0x00A745A3+2701795]
	GetHandleVerifier [0x00A6FD26+2683238]
	GetHandleVerifier [0x00A8AA6E+2793134]
	GetHandleVerifier [0x00806945+155013]
	GetHandleVerifier [0x0080D02D+181357]
	GetHandleVerifier [0x007F74D8+92440]
	GetHandleVerifier [0x007F7680+92864]
	GetHandleVerifier [0x007E2070+5296]
	BaseThreadInitThunk [0x76995D49+25]
	RtlInitializeExceptionChain [0x7747D03B+107]
	RtlGetAppContainerNamedObjectPath [0x7747CFC1+561]
'
