2025-05-28 13:26:33,305 - INFO - Imported existing <module 'comtypes.gen' from 'C:\\Users\\Metalls1\\Documents\\GitHub\\PythonProject\\.venv\\Lib\\site-packages\\comtypes\\gen\\__init__.py'>
2025-05-28 13:26:33,306 - INFO - Using writeable comtypes cache directory: 'C:\Users\Metalls1\Documents\GitHub\PythonProject\.venv\Lib\site-packages\comtypes\gen'
2025-05-28 13:26:35,423 - INFO - Inicializando navegador...
2025-05-28 13:26:36,446 - INFO - Web 'https://sede.miteco.gob.es/portal/site/seMITECO/login?urlLoginRedirect=L3BvcnRhbC9zaXRlL3NlTUlURUNPL3BvcnRsZXRfYnVzP2lkX3Byb2NlZGltaWVudG89NzM2JmlkZW50aWZpY2Fkb3JfcGFzbz1QUkVJTklDSU8mc3ViX29yZ2Fubz0xMSZwcmV2aW9fbG9naW49MQ==' abierta.
2025-05-28 13:26:37,015 - INFO - Elemento clickado con 'css selector' = 'input[value='acceder']'.
2025-05-28 13:26:38,551 - INFO - Elemento clickado con 'xpath' = '//button[contains(., 'Acceso DNIe / Certificado electrónico')]'.
2025-05-28 13:26:38,551 - INFO - Buscando ventana de Chrome...
2025-05-28 13:26:39,150 - INFO - Ventana de Chrome encontrada: Cl@ve - Google Chrome
2025-05-28 13:26:39,651 - INFO - Esperando popup de certificado...
2025-05-28 13:26:39,669 - INFO - Popup de certificado detectado.
2025-05-28 13:26:39,697 - INFO - Nombres de certificados encontrados: ['52304124P RICARDO ESCUDE (R: B21661046)', 'AC Representación', '69C3999FFE15A7F867E50206DCC17186']
2025-05-28 13:26:39,698 - INFO - Primer certificado encontrado: 52304124P RICARDO ESCUDE (R: B21661046)
2025-05-28 13:26:42,701 - ERROR - No hay certificados con el nombre 'FRANCISCO JAV'.
2025-05-28 13:26:42,701 - INFO - Buscando botón 'Aceptar'...
2025-05-28 13:26:42,747 - INFO - ¡Botón 'Aceptar' encontrado! Haciendo click...
2025-05-28 13:26:49,757 - INFO - Se escribió texto en el elemento localizado por id='id_direccion': 'Direccion'
2025-05-28 13:26:49,810 - INFO - Opción 'España' seleccionada en el elemento con 'id' = 'id_pais'.
2025-05-28 13:26:50,304 - INFO - Opción 'València/Valencia' seleccionada en el elemento con 'id' = 'id_provincia'.
2025-05-28 13:26:50,692 - INFO - Opción 'Aldaia' seleccionada en el elemento con 'id' = 'id_municipio'.
2025-05-28 13:26:50,750 - INFO - Se escribió texto en el elemento localizado por id='id_codigo_postal': '46003'
2025-05-28 13:26:50,805 - INFO - Se escribió texto en el elemento localizado por id='id_telefono': '912345678'
2025-05-28 13:26:50,879 - INFO - Se escribió texto en el elemento localizado por id='id_telefono_movil': '612345678'
2025-05-28 13:26:50,959 - INFO - Se escribió texto en el elemento localizado por id='id_correo_electronico': 'correo@electronico.com'
2025-05-28 13:26:51,012 - INFO - Se escribió texto en el elemento localizado por id='id_fax': '012345678'
2025-05-28 13:26:53,185 - INFO - Elemento clickado con 'id' = 'btnForm'.
2025-05-28 13:26:58,297 - INFO - Elemento clickado con 'id' = 'tipoEnvioNtA'.
2025-05-28 13:26:58,329 - ERROR - Error inesperado al escribir en el elemento: Message: invalid argument: File not found : C:/Users/Metalls1/Documents/GitHub/PythonProject/NotificacionTraslado.xml
  (Session info: chrome=136.0.7103.114)
Stacktrace:
	GetHandleVerifier [0x0124FC03+61635]
	GetHandleVerifier [0x0124FC44+61700]
	(No symbol) [0x010705D3]
	(No symbol) [0x010B1E51]
	(No symbol) [0x010DD29C]
	(No symbol) [0x010AE034]
	(No symbol) [0x010DD514]
	(No symbol) [0x010FE61B]
	(No symbol) [0x010DD096]
	(No symbol) [0x010AC840]
	(No symbol) [0x010AD6A4]
	GetHandleVerifier [0x014D4523+2701795]
	GetHandleVerifier [0x014CFCA6+2683238]
	GetHandleVerifier [0x014EA9EE+2793134]
	GetHandleVerifier [0x012668C5+155013]
	GetHandleVerifier [0x0126CFAD+181357]
	GetHandleVerifier [0x01257458+92440]
	GetHandleVerifier [0x01257600+92864]
	GetHandleVerifier [0x01241FF0+5296]
	BaseThreadInitThunk [0x75705D49+25]
	RtlInitializeExceptionChain [0x775ED03B+107]
	RtlGetAppContainerNamedObjectPath [0x775ECFC1+561]

2025-05-28 13:26:58,329 - ERROR - No se pudo escribir en el elemento con ID 'file': Message: invalid argument: File not found : C:/Users/Metalls1/Documents/GitHub/PythonProject/NotificacionTraslado.xml
  (Session info: chrome=136.0.7103.114)
Stacktrace:
	GetHandleVerifier [0x0124FC03+61635]
	GetHandleVerifier [0x0124FC44+61700]
	(No symbol) [0x010705D3]
	(No symbol) [0x010B1E51]
	(No symbol) [0x010DD29C]
	(No symbol) [0x010AE034]
	(No symbol) [0x010DD514]
	(No symbol) [0x010FE61B]
	(No symbol) [0x010DD096]
	(No symbol) [0x010AC840]
	(No symbol) [0x010AD6A4]
	GetHandleVerifier [0x014D4523+2701795]
	GetHandleVerifier [0x014CFCA6+2683238]
	GetHandleVerifier [0x014EA9EE+2793134]
	GetHandleVerifier [0x012668C5+155013]
	GetHandleVerifier [0x0126CFAD+181357]
	GetHandleVerifier [0x01257458+92440]
	GetHandleVerifier [0x01257600+92864]
	GetHandleVerifier [0x01241FF0+5296]
	BaseThreadInitThunk [0x75705D49+25]
	RtlInitializeExceptionChain [0x775ED03B+107]
	RtlGetAppContainerNamedObjectPath [0x775ECFC1+561]

