2025-07-10 11:56:44,909 - INFO - Web 'chrome://settings/security' abierta.
2025-07-10 11:56:51,240 - INFO - Web 'https://portal.nubelus.es' abierta.
2025-07-10 11:56:51,300 - INFO - Se escribió texto en el elemento localizado por id='pNick_gestor': 'ecotitan'
2025-07-10 11:56:51,353 - INFO - Elemento clickado con 'id' = 'btContinuar'.
2025-07-10 11:56:51,411 - INFO - Se escribió texto en el elemento localizado por xpath='//*[@placeholder='Usuario']': 'dani'
2025-07-10 11:56:51,496 - INFO - Se escribió texto en el elemento localizado por xpath='//*[@placeholder='Contraseña']': '123456'
2025-07-10 11:56:51,543 - INFO - Elemento clickado con 'id' = 'btAceptar'.
2025-07-10 11:56:57,290 - INFO - Web 'https://portal.nubelus.es/?clave=waster2_gestionEntidadesMedioambientales' abierta.
2025-07-10 11:56:57,347 - INFO - Elemento clickado con 'css selector' = '.miBoton.mas_opciones'.
2025-07-10 11:56:57,400 - INFO - Elemento clickado con 'id' = 'moa_bGenerar_excel'.
2025-07-10 11:56:58,662 - INFO - Archivo descargado: C:\Users\Usuario\Downloads\Entidades medioambientales.xlsx
2025-07-10 11:56:58,827 - INFO - Archivo eliminado: C:\Users\Usuario\Downloads\Entidades medioambientales.xlsx
2025-07-10 11:56:59,464 - INFO - Web 'https://portal.nubelus.es/?clave=waster2_gestionEntidadesMedioambientalesCentros' abierta.
2025-07-10 11:56:59,515 - INFO - Elemento clickado con 'css selector' = '.miBoton.mas_opciones'.
2025-07-10 11:56:59,564 - INFO - Elemento clickado con 'id' = 'moa_bGenerar_excel'.
2025-07-10 11:57:01,398 - INFO - Archivo descargado: C:\Users\Usuario\Downloads\Centros de entidades medioambientales.xlsx
2025-07-10 11:57:01,439 - INFO - Archivo eliminado: C:\Users\Usuario\Downloads\Centros de entidades medioambientales.xlsx
2025-07-10 11:57:02,429 - INFO - Web 'https://portal.nubelus.es/?clave=waster2_gestionEntidadesMedioambientalesCentros&pAccion=NUEVO' abierta.
2025-07-10 11:57:02,429 - INFO - Añadiendo centro: TEST
2025-07-10 11:57:02,481 - INFO - Se escribió texto en el elemento localizado por id='pDenominacion': 'TEST'
2025-07-10 11:57:02,536 - INFO - Se escribió texto en el elemento localizado por name='pDenominacion_ema': 'TEST'
2025-07-10 11:57:04,561 - INFO - Se escribió texto y se pulsó Enter en el elemento con name 'pDenominacion_ema'.
2025-07-10 11:57:04,618 - INFO - Se escribió texto en el elemento localizado por name='pDomicilio': 'C/ REAL, 66'
2025-07-10 11:57:04,668 - INFO - Se escribió texto en el elemento localizado por name='pDenominacion_ine_municipio': '451685'
2025-07-10 11:57:06,691 - INFO - Se escribió texto y se pulsó Enter en el elemento con name 'pDenominacion_ine_municipio'.
2025-07-10 11:57:06,759 - INFO - Se escribió texto en el elemento localizado por name='pPoblacion': 'TOLEDO'
2025-07-10 11:57:06,808 - INFO - Se escribió texto en el elemento localizado por name='pCodigoPostal': '451685'
2025-07-10 11:57:06,860 - INFO - Se escribió texto en el elemento localizado por name='pTelefono': '999999999'
2025-07-10 11:57:06,933 - INFO - Se escribió texto en el elemento localizado por name='pEmail': 'PRUEBA@MORENOYRODRIGUEZ.ES'
2025-07-10 11:57:06,988 - INFO - Se escribió texto en el elemento localizado por name='pNima': '4528633990'
2025-07-10 11:57:07,046 - INFO - Se escribió texto en el elemento localizado por name='pAutorizacion_medioambiental': 'CM/5TO164T'
2025-07-10 11:57:07,130 - INFO - Se escribió texto en el elemento localizado por name='pDenominacion_ema': 'PEQUEÑO PRODUCTOR DE RESIDUOS PELIGROSOS'
2025-07-10 11:57:09,151 - INFO - Se escribió texto y se pulsó Enter en el elemento con name 'pDenominacion_ema'.
2025-07-10 11:57:09,207 - INFO - Elemento clickado con 'css selector' = '.miBoton.aceptar'.
2025-07-10 11:57:15,302 - ERROR - Timeout al esperar el elemento con 'id' = 'fContenido_seleccionado'
2025-07-10 11:57:15,302 - ERROR - Error al añadir autorización para la empresa TEST: Message: 
Stacktrace:
	GetHandleVerifier [0x0x7ff6b4196f75+76917]
	GetHandleVerifier [0x0x7ff6b4196fd0+77008]
	(No symbol) [0x0x7ff6b3f49dea]
	(No symbol) [0x0x7ff6b3fa0256]
	(No symbol) [0x0x7ff6b3fa050c]
	(No symbol) [0x0x7ff6b3ff3887]
	(No symbol) [0x0x7ff6b3fc84af]
	(No symbol) [0x0x7ff6b3ff065c]
	(No symbol) [0x0x7ff6b3fc8243]
	(No symbol) [0x0x7ff6b3f91431]
	(No symbol) [0x0x7ff6b3f921c3]
	GetHandleVerifier [0x0x7ff6b446d2ad+3051437]
	GetHandleVerifier [0x0x7ff6b4467903+3028483]
	GetHandleVerifier [0x0x7ff6b448589d+3151261]
	GetHandleVerifier [0x0x7ff6b41b183e+185662]
	GetHandleVerifier [0x0x7ff6b41b96ff+218111]
	GetHandleVerifier [0x0x7ff6b419faf4+112628]
	GetHandleVerifier [0x0x7ff6b419fca9+113065]
	GetHandleVerifier [0x0x7ff6b4186c78+10616]
	BaseThreadInitThunk [0x0x7ff8dc70e8d7+23]
	RtlUserThreadStart [0x0x7ff8dd13c34c+44]

