2025-05-26 09:47:16,785 - INFO - Inicializando navegador...
2025-05-26 09:47:17,129 - INFO - Web 'https://residuos.gva.es/RES_BUSCAWEB/buscador_residuos_avanzado.aspx' abierta.
2025-05-26 09:47:17,199 - INFO - Se escribió texto en el elemento localizado por id='ctl00_ContentPlaceHolder1_txtNIF': 'B43693274'
2025-05-26 09:47:17,254 - INFO - Elemento clickado con 'id' = 'ctl00_ContentPlaceHolder1_btBuscar'.
2025-05-26 09:47:17,386 - INFO - 4 elementos encontrados con 'xpath' = '//a[starts-with(@id, 'ctl00_ContentPlaceHolder1_gvResultados_ctl') and contains(@id, '_hypGestor')]'.
2025-05-26 09:47:17,387 - INFO - Encontrados 4 centros asociados al NIF B43693274.
2025-05-26 09:47:18,620 - INFO - Web 'https://residuos.gva.es/RES_BUSCAWEB/ficha.aspx?id=mq6PCE%2fOiti2eluqnuHDC%2fV8bdf6e1SZ' abierta.
2025-05-26 09:47:18,621 - INFO - Enlace 'https://residuos.gva.es/RES_BUSCAWEB/ficha.aspx?id=mq6PCE%2fOiti2eluqnuHDC%2fV8bdf6e1SZ' abierto por el botón con ID 'ctl00_ContentPlaceHolder1_gvResultados_ctl03_hypGestor'.
2025-05-26 09:47:18,638 - INFO - Elemento encontrado con 'tag name' = 'iframe'.
2025-05-26 09:47:18,664 - INFO - Elemento encontrado con 'xpath' = '//*[@id='NOMBREEMPRESA1-0']//span'.
2025-05-26 09:47:18,674 - INFO - Texto obtenido del elemento con ID 'NOMBREEMPRESA1-0': METALLS DEL CAMP, S.L.
2025-05-26 09:47:18,687 - INFO - Elemento encontrado con 'tag name' = 'iframe'.
2025-05-26 09:47:18,709 - INFO - Elemento encontrado con 'xpath' = '//*[@id='ENIF1-0']//span'.
2025-05-26 09:47:18,713 - INFO - Texto obtenido del elemento con ID 'ENIF1-0': B43693274
2025-05-26 09:47:18,725 - INFO - Elemento encontrado con 'tag name' = 'iframe'.
2025-05-26 09:47:18,749 - INFO - Elemento encontrado con 'xpath' = '//*[@id='EDIRECCION1-0']//span'.
2025-05-26 09:47:18,754 - INFO - Texto obtenido del elemento con ID 'EDIRECCION1-0': POLÍGONO INDUSTRIAL LA LLOMA, C/ SERRA D' ESPADA 6     8
2025-05-26 09:47:18,766 - INFO - Elemento encontrado con 'tag name' = 'iframe'.
2025-05-26 09:47:18,791 - INFO - Elemento encontrado con 'xpath' = '//*[@id='ECODIPOS1-0']//span'.
2025-05-26 09:47:18,795 - INFO - Texto obtenido del elemento con ID 'ECODIPOS1-0': 46960
2025-05-26 09:47:18,807 - INFO - Elemento encontrado con 'tag name' = 'iframe'.
2025-05-26 09:47:18,831 - INFO - Elemento encontrado con 'xpath' = '//*[@id='Text8-0']//span'.
2025-05-26 09:47:18,838 - INFO - Texto obtenido del elemento con ID 'Text8-0': ALDAIA - VALENCIA/VALÈNCIA
2025-05-26 09:47:18,850 - INFO - Elemento encontrado con 'tag name' = 'iframe'.
2025-05-26 09:47:18,873 - INFO - Elemento encontrado con 'xpath' = '//*[@id='ETELEFONO1-0']//span'.
2025-05-26 09:47:18,877 - INFO - Texto obtenido del elemento con ID 'ETELEFONO1-0': 961501110
2025-05-26 09:47:18,891 - INFO - Elemento encontrado con 'tag name' = 'iframe'.
2025-05-26 09:47:18,914 - INFO - Elemento encontrado con 'xpath' = '//*[@id='NOMBRECENTRO1-0-0']//span'.
2025-05-26 09:47:18,919 - INFO - Texto obtenido del elemento con ID 'NOMBRECENTRO1-0-0': METALLS DEL CAMP, S.L.
2025-05-26 09:47:18,930 - INFO - Elemento encontrado con 'tag name' = 'iframe'.
2025-05-26 09:47:18,953 - INFO - Elemento encontrado con 'xpath' = '//*[@id='FCENCODCENTRO1-0-0']//span'.
2025-05-26 09:47:18,957 - INFO - Texto obtenido del elemento con ID 'FCENCODCENTRO1-0-0': 4600014035
2025-05-26 09:47:18,970 - INFO - Elemento encontrado con 'tag name' = 'iframe'.
2025-05-26 09:47:18,991 - INFO - Elemento encontrado con 'xpath' = '//*[@id='FDIRECCION1-0-0']//span'.
2025-05-26 09:47:18,995 - INFO - Texto obtenido del elemento con ID 'FDIRECCION1-0-0': POLÍGONO INDUSTRIAL LA LLOMA, C/ SERRA D' ESPADA 6     8
2025-05-26 09:47:19,007 - INFO - Elemento encontrado con 'tag name' = 'iframe'.
2025-05-26 09:47:19,029 - INFO - Elemento encontrado con 'xpath' = '//*[@id='Text7-0-0']//span'.
2025-05-26 09:47:19,034 - INFO - Texto obtenido del elemento con ID 'Text7-0-0': ALDAIA - VALENCIA/VALÈNCIA
2025-05-26 09:47:19,046 - INFO - Elemento encontrado con 'tag name' = 'iframe'.
2025-05-26 09:47:19,091 - INFO - Elemento encontrado con 'xpath' = '//*[@id='FCODINE1-0-0']//span'.
2025-05-26 09:47:19,096 - INFO - Texto obtenido del elemento con ID 'FCODINE1-0-0': 460214
2025-05-26 09:47:19,108 - INFO - Elemento encontrado con 'tag name' = 'iframe'.
2025-05-26 09:47:19,129 - INFO - Elemento encontrado con 'xpath' = '//*[@id='FTELEFONO1-0-0']//span'.
2025-05-26 09:47:19,138 - INFO - Texto obtenido del elemento con ID 'FTELEFONO1-0-0': 961501110
2025-05-26 09:47:19,149 - INFO - Elemento encontrado con 'tag name' = 'iframe'.
2025-05-26 09:47:19,171 - INFO - Elemento encontrado con 'xpath' = '//*[@id='Text10-0-0-0']//span'.
2025-05-26 09:47:19,175 - INFO - Texto obtenido del elemento con ID 'Text10-0-0-0': 157/G02/CV - ALMACENAMIENTO RESIDUOS PELIGROSOS
2025-05-26 09:47:19,187 - INFO - Elemento encontrado con 'tag name' = 'iframe'.
2025-05-26 09:47:24,309 - ERROR - Timeout al esperar el elemento con 'xpath' = '//*[@id='Text10-0-0-1']//span'
2025-05-26 09:47:24,310 - ERROR - No se pudo encontrar el código de residuo 2
2025-05-26 09:47:24,347 - ERROR - ERROR: No se han podido procesar los centros asociados: Message: stale element reference: stale element not found
  (Session info: chrome=136.0.7103.114); For documentation on this error, please visit: https://www.selenium.dev/documentation/webdriver/troubleshooting/errors#stale-element-reference-exception
Stacktrace:
	GetHandleVerifier [0x011FFC03+61635]
	GetHandleVerifier [0x011FFC44+61700]
	(No symbol) [0x010205D3]
	(No symbol) [0x01032061]
	(No symbol) [0x01031140]
	(No symbol) [0x01027880]
	(No symbol) [0x0102795C]
	(No symbol) [0x01025D81]
	(No symbol) [0x01029335]
	(No symbol) [0x010AF531]
	(No symbol) [0x0108D29C]
	(No symbol) [0x010AE61B]
	(No symbol) [0x0108D096]
	(No symbol) [0x0105C840]
	(No symbol) [0x0105D6A4]
	GetHandleVerifier [0x01484523+2701795]
	GetHandleVerifier [0x0147FCA6+2683238]
	GetHandleVerifier [0x0149A9EE+2793134]
	GetHandleVerifier [0x012168C5+155013]
	GetHandleVerifier [0x0121CFAD+181357]
	GetHandleVerifier [0x01207458+92440]
	GetHandleVerifier [0x01207600+92864]
	GetHandleVerifier [0x011F1FF0+5296]
	BaseThreadInitThunk [0x76D95D49+25]
	RtlInitializeExceptionChain [0x775DD03B+107]
	RtlGetAppContainerNamedObjectPath [0x775DCFC1+561]

