2025-06-20 09:15:55,775 - INFO - Web 'chrome://settings/security' abierta.
2025-06-20 09:16:01,456 - INFO - Web 'https://portal.nubelus.es' abierta.
2025-06-20 09:16:01,539 - INFO - Se escribió texto en el elemento localizado por id='pNick_gestor': 'ecotitan'
2025-06-20 09:16:01,591 - INFO - Elemento clickado con 'id' = 'btContinuar'.
2025-06-20 09:16:01,653 - INFO - Se escribió texto en el elemento localizado por xpath='//*[@placeholder='Usuario']': 'dani'
2025-06-20 09:16:01,716 - INFO - Se escribió texto en el elemento localizado por xpath='//*[@placeholder='Contraseña']': '123456'
2025-06-20 09:16:01,773 - INFO - Elemento clickado con 'id' = 'btAceptar'.
2025-06-20 09:16:07,330 - INFO - Web 'https://portal.nubelus.es/?clave=waster2_gestionEntidadesMedioambientales' abierta.
2025-06-20 09:16:07,389 - INFO - Elemento clickado con 'css selector' = '.miBoton.mas_opciones'.
2025-06-20 09:16:07,459 - INFO - Elemento clickado con 'id' = 'moa_bGenerar_excel'.
2025-06-20 09:16:08,676 - INFO - Archivo descargado: C:\Users\Usuario\Downloads\Entidades medioambientales.xlsx
2025-06-20 09:16:08,849 - INFO - Archivo eliminado: C:\Users\Usuario\Downloads\Entidades medioambientales.xlsx
2025-06-20 09:16:09,330 - INFO - Web 'https://portal.nubelus.es/?clave=waster2_gestionEntidadesMedioambientalesCentros' abierta.
2025-06-20 09:16:09,405 - INFO - Elemento clickado con 'css selector' = '.miBoton.mas_opciones'.
2025-06-20 09:16:09,469 - INFO - Elemento clickado con 'id' = 'moa_bGenerar_excel'.
2025-06-20 09:16:10,670 - INFO - Archivo descargado: C:\Users\Usuario\Downloads\Centros de entidades medioambientales.xlsx
2025-06-20 09:16:10,707 - INFO - Archivo eliminado: C:\Users\Usuario\Downloads\Centros de entidades medioambientales.xlsx
2025-06-20 09:16:11,233 - INFO - Web 'https://portal.nubelus.es/?clave=factucit2_gestionClientes_n1' abierta.
2025-06-20 09:16:11,323 - INFO - Elemento clickado con 'css selector' = '.miBoton.mas_opciones'.
2025-06-20 09:16:11,384 - INFO - Elemento clickado con 'id' = 'moa_bGenerar_excel'.
2025-06-20 09:16:12,783 - INFO - Archivo descargado: C:\Users\Usuario\Downloads\Clientes.xlsx
2025-06-20 09:16:12,866 - INFO - Archivo eliminado: C:\Users\Usuario\Downloads\Clientes.xlsx
2025-06-20 09:16:13,423 - INFO - Web 'https://portal.nubelus.es/?clave=nubelus_gestionUsuarios' abierta.
2025-06-20 09:16:13,500 - INFO - Elemento clickado con 'css selector' = '.miBoton.mas_opciones'.
2025-06-20 09:16:13,579 - INFO - Elemento clickado con 'id' = 'moa_bGenerar_excel'.
2025-06-20 09:16:14,878 - INFO - Archivo descargado: C:\Users\Usuario\Downloads\Usuarios.xlsx
2025-06-20 09:16:14,935 - INFO - Archivo eliminado: C:\Users\Usuario\Downloads\Usuarios.xlsx
2025-06-20 09:16:15,420 - INFO - Web 'https://portal.nubelus.es/?clave=waster2_gestionAcuerdosRepresentacion' abierta.
2025-06-20 09:16:15,509 - INFO - Elemento clickado con 'css selector' = '.miBoton.mas_opciones'.
2025-06-20 09:16:15,582 - INFO - Elemento clickado con 'id' = 'moa_bGenerar_excel'.
2025-06-20 09:16:16,840 - INFO - Archivo descargado: C:\Users\Usuario\Downloads\Acuerdos de representación.xlsx
2025-06-20 09:16:16,888 - INFO - Archivo eliminado: C:\Users\Usuario\Downloads\Acuerdos de representación.xlsx
2025-06-20 09:16:17,488 - INFO - Web 'https://portal.nubelus.es/?clave=waster2_gestionContratosTratamiento' abierta.
2025-06-20 09:16:17,566 - INFO - Elemento clickado con 'css selector' = '.miBoton.mas_opciones'.
2025-06-20 09:16:17,645 - INFO - Elemento clickado con 'id' = 'moa_bGenerar_excel'.
2025-06-20 09:16:20,781 - INFO - Archivo descargado: C:\Users\Usuario\Downloads\Contratos tratamiento.xlsx
2025-06-20 09:16:21,189 - INFO - Archivo eliminado: C:\Users\Usuario\Downloads\Contratos tratamiento.xlsx
2025-06-20 09:16:21,683 - INFO - Web 'https://portal.nubelus.es/?clave=waster2_gestionContratosTratamiento&pAccion=NUEVO' abierta.
2025-06-20 09:16:21,796 - INFO - Se escribió texto en el elemento localizado por name='pFecha': '11-06-2025'
2025-06-20 09:16:23,829 - INFO - Se escribió texto y se pulsó Enter en el elemento con name 'pFecha'.
2025-06-20 09:16:24,423 - INFO - Se escribió texto en el elemento localizado por name='pFecha_caducidad': '10-06-2028'
2025-06-20 09:16:26,454 - INFO - Se escribió texto y se pulsó Enter en el elemento con name 'pFecha_caducidad'.
2025-06-20 09:16:27,041 - INFO - Se escribió texto en el elemento localizado por name='pDenominacion_origen': 'PRUEBA PRUEBA PRUEBA'
2025-06-20 09:16:29,076 - INFO - Se escribió texto y se pulsó Enter en el elemento con name 'pDenominacion_origen'.
2025-06-20 09:16:29,686 - INFO - Se escribió texto en el elemento localizado por name='pDenominacion_destino': 'METALLS DEL CAMP, S.L.'
2025-06-20 09:16:31,725 - INFO - Se escribió texto y se pulsó Enter en el elemento con name 'pDenominacion_destino'.
2025-06-20 09:16:32,337 - INFO - Se escribió texto en el elemento localizado por name='pDenominacion_destino_centro': 'METALLS DEL CAMP, S.L.U. (EL ROMERAL)'
2025-06-20 09:16:34,364 - INFO - Se escribió texto y se pulsó Enter en el elemento con name 'pDenominacion_destino_centro'.
2025-06-20 09:16:35,427 - INFO - Se escribió texto en el elemento localizado por name='pDenominacion_autorizacion_destino': '4570002919'
2025-06-20 09:16:37,460 - INFO - Se escribió texto y se pulsó Enter en el elemento con name 'pDenominacion_autorizacion_destino'.
2025-06-20 09:16:38,530 - INFO - Se escribió texto en el elemento localizado por name='pDenominacion_operador_traslados': 'ECO TITAN S.L.'
2025-06-20 09:16:40,579 - INFO - Se escribió texto y se pulsó Enter en el elemento con name 'pDenominacion_operador_traslados'.
2025-06-20 09:16:41,637 - INFO - Se escribió texto en el elemento localizado por name='pDenominacion_autorizacion_operador_traslados': '87/A01/CV'
2025-06-20 09:16:43,671 - INFO - Se escribió texto y se pulsó Enter en el elemento con name 'pDenominacion_autorizacion_operador_traslados'.
2025-06-20 09:16:43,753 - INFO - Se escribió texto en el elemento localizado por name='pDenominacion_residuo': 'TRAPOS Y ABSORBENTES CONTAMINADOS*'
2025-06-20 09:16:45,791 - INFO - Se escribió texto y se pulsó Enter en el elemento con name 'pDenominacion_residuo'.
2025-06-20 09:16:45,844 - INFO - Se escribió texto en el elemento localizado por name='pKilos_totales': '2000'
2025-06-20 09:16:47,879 - INFO - Se escribió texto y se pulsó Enter en el elemento con name 'pKilos_totales'.
2025-06-20 09:16:47,930 - INFO - Elemento clickado con 'css selector' = '.miBoton.aceptar'.
2025-06-20 09:16:49,019 - INFO - Opción 'Tratamientos' seleccionada en el elemento con 'id' = 'fContenido_seleccionado'.
2025-06-20 09:16:50,093 - INFO - Elemento clickado con 'css selector' = '.miBoton.editar.editar_1.sinTexto.dcha'.
2025-06-20 09:16:50,710 - INFO - Se escribió texto en el elemento localizado por name='pDenominacion_ema_1': 'CTR MEDITERRANEO, S.L.'
2025-06-20 09:16:52,749 - INFO - Se escribió texto y se pulsó Enter en el elemento con name 'pDenominacion_ema_1'.
2025-06-20 09:16:53,313 - INFO - Se escribió texto en el elemento localizado por name='pTratamiento_posterior_1_codigo_ler_2': 'R3'
2025-06-20 09:16:55,333 - INFO - Se escribió texto y se pulsó Enter en el elemento con name 'pTratamiento_posterior_1_codigo_ler_2'.
2025-06-20 09:16:55,393 - INFO - Elemento clickado con 'css selector' = '.icon-ok'.
2025-06-20 09:16:57,480 - INFO - Opción 'Notificación' seleccionada en el elemento con 'id' = 'fContenido_seleccionado'.
2025-06-20 09:16:58,547 - INFO - Elemento clickado con 'css selector' = '.icon-magic'.
2025-06-20 09:16:59,549 - INFO - Archivo nuevo detectado: NT30460004811420250011252.xml
2025-06-20 09:16:59,550 - INFO - Archivo de notificación descargado en: NT30460004811420250011252.xml
2025-06-20 09:17:00,634 - INFO - Opción 'Facturación' seleccionada en el elemento con 'id' = 'fContenido_seleccionado'.
2025-06-20 09:17:02,794 - INFO - Se escribió texto en el elemento localizado por name='pNombre_cliente': 'PRUEBA PRUEBA PRUEBA'
2025-06-20 09:17:04,834 - INFO - Se escribió texto y se pulsó Enter en el elemento con name 'pNombre_cliente'.
2025-06-20 09:17:04,922 - INFO - Se escribió texto en el elemento localizado por name='pDenominacion_producto': 'TRAPOS Y ABSORBENTES CONTAMINADOS*'
2025-06-20 09:17:06,961 - INFO - Se escribió texto y se pulsó Enter en el elemento con name 'pDenominacion_producto'.
2025-06-20 09:17:09,011 - INFO - Elemento clickado con 'css selector' = '.miBoton.aceptar'.
2025-06-20 09:17:11,012 - INFO - Contratos faltantes creados correctamente.
