2025-05-28 13:28:25,088 - INFO - Imported existing <module 'comtypes.gen' from 'C:\\Users\\Metalls1\\Documents\\GitHub\\PythonProject\\.venv\\Lib\\site-packages\\comtypes\\gen\\__init__.py'>
2025-05-28 13:28:25,088 - INFO - Using writeable comtypes cache directory: 'C:\Users\Metalls1\Documents\GitHub\PythonProject\.venv\Lib\site-packages\comtypes\gen'
2025-05-28 13:28:27,152 - INFO - Inicializando navegador...
2025-05-28 13:28:28,064 - INFO - Web 'https://sede.miteco.gob.es/portal/site/seMITECO/login?urlLoginRedirect=L3BvcnRhbC9zaXRlL3NlTUlURUNPL3BvcnRsZXRfYnVzP2lkX3Byb2NlZGltaWVudG89NzM2JmlkZW50aWZpY2Fkb3JfcGFzbz1QUkVJTklDSU8mc3ViX29yZ2Fubz0xMSZwcmV2aW9fbG9naW49MQ==' abierta.
2025-05-28 13:28:28,138 - INFO - Elemento clickado con 'css selector' = 'input[value='acceder']'.
2025-05-28 13:28:30,216 - INFO - Elemento clickado con 'xpath' = '//button[contains(., 'Acceso DNIe / Certificado electrónico')]'.
2025-05-28 13:28:30,216 - INFO - Buscando ventana de Chrome...
2025-05-28 13:28:30,786 - INFO - Ventana de Chrome encontrada: Cl@ve - Google Chrome
2025-05-28 13:28:31,287 - INFO - Esperando popup de certificado...
2025-05-28 13:28:31,308 - INFO - Popup de certificado detectado.
2025-05-28 13:28:31,338 - INFO - Nombres de certificados encontrados: ['52304124P RICARDO ESCUDE (R: B21661046)', 'AC Representación', '69C3999FFE15A7F867E50206DCC17186']
2025-05-28 13:28:31,339 - INFO - Primer certificado encontrado: 52304124P RICARDO ESCUDE (R: B21661046)
2025-05-28 13:28:34,342 - ERROR - No hay certificados con el nombre 'FRANCISCO JAV'.
2025-05-28 13:28:34,342 - INFO - Buscando botón 'Aceptar'...
2025-05-28 13:28:34,389 - INFO - ¡Botón 'Aceptar' encontrado! Haciendo click...
2025-05-28 13:28:42,349 - INFO - Se escribió texto en el elemento localizado por id='id_direccion': 'Direccion'
2025-05-28 13:28:42,402 - INFO - Opción 'España' seleccionada en el elemento con 'id' = 'id_pais'.
2025-05-28 13:28:42,832 - INFO - Opción 'València/Valencia' seleccionada en el elemento con 'id' = 'id_provincia'.
2025-05-28 13:28:43,254 - INFO - Opción 'Aldaia' seleccionada en el elemento con 'id' = 'id_municipio'.
2025-05-28 13:28:43,313 - INFO - Se escribió texto en el elemento localizado por id='id_codigo_postal': '46003'
2025-05-28 13:28:43,369 - INFO - Se escribió texto en el elemento localizado por id='id_telefono': '912345678'
2025-05-28 13:28:43,424 - INFO - Se escribió texto en el elemento localizado por id='id_telefono_movil': '612345678'
2025-05-28 13:28:43,495 - INFO - Se escribió texto en el elemento localizado por id='id_correo_electronico': 'correo@electronico.com'
2025-05-28 13:28:43,545 - INFO - Se escribió texto en el elemento localizado por id='id_fax': '012345678'
2025-05-28 13:28:45,309 - INFO - Elemento clickado con 'id' = 'btnForm'.
2025-05-28 13:28:50,422 - INFO - Elemento clickado con 'id' = 'tipoEnvioNtA'.
2025-05-28 13:28:50,458 - ERROR - Error inesperado al escribir en el elemento: Message: unknown error: path is not absolute: data/NotificacionTraslado.xml
  (Session info: chrome=136.0.7103.114)
Stacktrace:
	GetHandleVerifier [0x0124FC03+61635]
	GetHandleVerifier [0x0124FC44+61700]
	(No symbol) [0x010705D3]
	(No symbol) [0x0107F455]
	(No symbol) [0x010B1B6B]
	(No symbol) [0x010DD29C]
	(No symbol) [0x010AE034]
	(No symbol) [0x010DD514]
	(No symbol) [0x010FE61B]
	(No symbol) [0x010DD096]
	(No symbol) [0x010AC840]
	(No symbol) [0x010AD6A4]
	GetHandleVerifier [0x014D4523+2701795]
	GetHandleVerifier [0x014CFCA6+2683238]
	GetHandleVerifier [0x014EA9EE+2793134]
	GetHandleVerifier [0x012668C5+155013]
	GetHandleVerifier [0x0126CFAD+181357]
	GetHandleVerifier [0x01257458+92440]
	GetHandleVerifier [0x01257600+92864]
	GetHandleVerifier [0x01241FF0+5296]
	BaseThreadInitThunk [0x75705D49+25]
	RtlInitializeExceptionChain [0x775ED03B+107]
	RtlGetAppContainerNamedObjectPath [0x775ECFC1+561]

2025-05-28 13:28:50,458 - ERROR - No se pudo escribir en el elemento con ID 'file': Message: unknown error: path is not absolute: data/NotificacionTraslado.xml
  (Session info: chrome=136.0.7103.114)
Stacktrace:
	GetHandleVerifier [0x0124FC03+61635]
	GetHandleVerifier [0x0124FC44+61700]
	(No symbol) [0x010705D3]
	(No symbol) [0x0107F455]
	(No symbol) [0x010B1B6B]
	(No symbol) [0x010DD29C]
	(No symbol) [0x010AE034]
	(No symbol) [0x010DD514]
	(No symbol) [0x010FE61B]
	(No symbol) [0x010DD096]
	(No symbol) [0x010AC840]
	(No symbol) [0x010AD6A4]
	GetHandleVerifier [0x014D4523+2701795]
	GetHandleVerifier [0x014CFCA6+2683238]
	GetHandleVerifier [0x014EA9EE+2793134]
	GetHandleVerifier [0x012668C5+155013]
	GetHandleVerifier [0x0126CFAD+181357]
	GetHandleVerifier [0x01257458+92440]
	GetHandleVerifier [0x01257600+92864]
	GetHandleVerifier [0x01241FF0+5296]
	BaseThreadInitThunk [0x75705D49+25]
	RtlInitializeExceptionChain [0x775ED03B+107]
	RtlGetAppContainerNamedObjectPath [0x775ECFC1+561]

