2025-07-22 15:49:29,930 - INFO - Imported existing <module 'comtypes.gen' from 'C:\\Users\\apert\\Documents\\GitHub\\PythonProject\\.venv\\Lib\\site-packages\\comtypes\\gen\\__init__.py'>
2025-07-22 15:49:29,930 - INFO - Using writeable comtypes cache directory: 'C:\Users\apert\Documents\GitHub\PythonProject\.venv\Lib\site-packages\comtypes\gen'
2025-07-22 15:49:31,990 - INFO - Web 'https://ireno.castillalamancha.es/forms/geref000.htm' abierta.
2025-07-22 15:49:32,041 - INFO - Elemento clickado con 'id' = 'enlace_productores'.
2025-07-22 15:49:32,596 - INFO - Se escribió texto en el elemento localizado por id='input_NIF_CIF': '70345107K'
2025-07-22 15:49:32,637 - INFO - Elemento clickado con 'id' = 'boton_buscar'.
2025-07-22 15:49:46,904 - INFO - Elemento clickado con 'xpath' = '//img[@id='imagen_generarPDF_todos' and contains(@title, 'EXCEL')]'.
2025-07-22 15:49:46,904 - INFO - Click realizado en la imagen para generar el EXCEL.
2025-07-22 15:49:46,905 - INFO - Esperando la descarga del EXCEL...
2025-07-22 15:50:15,965 - INFO - Archivo descargado: C:\Users\apert\Downloads\Resumen.xls
2025-07-22 15:50:15,965 - INFO - Procesando archivo Excel: C:\Users\apert\Downloads\Resumen.xls
2025-07-22 15:50:15,983 - INFO -    Unnamed: 0         NIMA  Nº AUTORIZACIÓN         TIPO EXPEDIENTEs                        NOMBRE PROVINCIA  ... E-MAIL             COORDENADAS  Unnamed: 11  CODIGO LER CODIGO RAEE  DESCRICPCION CODIGO 
0         NaN           NaN             NaN                      NaN                           NaN       NaN  ...    NaN                     NaN          NaN         NaN         NaN                   NaN
1         1.0  4.520124e+09      4520123923  P02  (000000047732)      LUIS MIGUEL NOVILLO MOLINA      TOLEDO  ...    NaN  500153.42 - 4373710.38          NaN         NaN         NaN                   NaN
2         2.0  4.520432e+09      CM/5TO345T  P02  (000000030258)      LUIS MIGUEL NOVILLO MOLINA      TOLEDO  ...    NaN                      -           NaN         NaN         NaN                   NaN

[3 rows x 15 columns]
2025-07-22 15:50:15,983 - INFO - Guardando datos en: C:\Users\apert\Downloads\Resumen.xlsx
2025-07-22 15:50:16,099 - INFO - Datos extraídos del Excel.
2025-07-22 15:50:16,099 - INFO - Archivo eliminado: C:\Users\apert\Downloads\Resumen.xls
2025-07-22 15:50:16,099 - INFO - Archivo eliminado: C:\Users\apert\Downloads\Resumen.xlsx
