2025-05-28 13:29:17,532 - INFO - Imported existing <module 'comtypes.gen' from 'C:\\Users\\Metalls1\\Documents\\GitHub\\PythonProject\\.venv\\Lib\\site-packages\\comtypes\\gen\\__init__.py'>
2025-05-28 13:29:17,532 - INFO - Using writeable comtypes cache directory: 'C:\Users\Metalls1\Documents\GitHub\PythonProject\.venv\Lib\site-packages\comtypes\gen'
2025-05-28 13:29:19,601 - INFO - Inicializando navegador...
2025-05-28 13:29:20,717 - INFO - Web 'https://sede.miteco.gob.es/portal/site/seMITECO/login?urlLoginRedirect=L3BvcnRhbC9zaXRlL3NlTUlURUNPL3BvcnRsZXRfYnVzP2lkX3Byb2NlZGltaWVudG89NzM2JmlkZW50aWZpY2Fkb3JfcGFzbz1QUkVJTklDSU8mc3ViX29yZ2Fubz0xMSZwcmV2aW9fbG9naW49MQ==' abierta.
2025-05-28 13:29:20,786 - INFO - Elemento clickado con 'css selector' = 'input[value='acceder']'.
2025-05-28 13:29:23,055 - INFO - Elemento clickado con 'xpath' = '//button[contains(., 'Acceso DNIe / Certificado electrónico')]'.
2025-05-28 13:29:23,055 - INFO - Buscando ventana de Chrome...
2025-05-28 13:29:23,622 - INFO - Ventana de Chrome encontrada: Cl@ve - Google Chrome
2025-05-28 13:29:24,123 - INFO - Esperando popup de certificado...
2025-05-28 13:29:24,144 - INFO - Popup de certificado detectado.
2025-05-28 13:29:24,169 - INFO - Nombres de certificados encontrados: ['52304124P RICARDO ESCUDE (R: B21661046)', 'AC Representación', '69C3999FFE15A7F867E50206DCC17186']
2025-05-28 13:29:24,169 - INFO - Primer certificado encontrado: 52304124P RICARDO ESCUDE (R: B21661046)
2025-05-28 13:29:27,173 - ERROR - No hay certificados con el nombre 'FRANCISCO JAV'.
2025-05-28 13:29:27,173 - INFO - Buscando botón 'Aceptar'...
2025-05-28 13:29:27,222 - INFO - ¡Botón 'Aceptar' encontrado! Haciendo click...
2025-05-28 13:29:34,130 - INFO - Se escribió texto en el elemento localizado por id='id_direccion': 'Direccion'
2025-05-28 13:29:34,183 - INFO - Opción 'España' seleccionada en el elemento con 'id' = 'id_pais'.
2025-05-28 13:29:34,654 - INFO - Opción 'València/Valencia' seleccionada en el elemento con 'id' = 'id_provincia'.
2025-05-28 13:29:35,066 - INFO - Opción 'Aldaia' seleccionada en el elemento con 'id' = 'id_municipio'.
2025-05-28 13:29:35,121 - INFO - Se escribió texto en el elemento localizado por id='id_codigo_postal': '46003'
2025-05-28 13:29:35,175 - INFO - Se escribió texto en el elemento localizado por id='id_telefono': '912345678'
2025-05-28 13:29:35,230 - INFO - Se escribió texto en el elemento localizado por id='id_telefono_movil': '612345678'
2025-05-28 13:29:35,296 - INFO - Se escribió texto en el elemento localizado por id='id_correo_electronico': 'correo@electronico.com'
2025-05-28 13:29:35,349 - INFO - Se escribió texto en el elemento localizado por id='id_fax': '012345678'
2025-05-28 13:29:37,356 - INFO - Elemento clickado con 'id' = 'btnForm'.
2025-05-28 13:29:42,473 - INFO - Elemento clickado con 'id' = 'tipoEnvioNtA'.
2025-05-28 13:29:42,507 - INFO - Se escribió texto en el elemento localizado por id='file': 'C:/Users/Metalls1/Documents/GitHub/PythonProject/data/NotificacionTraslado.xml'
2025-05-28 13:29:42,550 - INFO - Elemento clickado con 'css selector' = '.loginBtn'.
