2025-07-28 15:54:17,600 - INFO - Imported existing <module 'comtypes.gen' from 'C:\\Users\\Usuario\\AppData\\Local\\Programs\\Python\\Python313\\Lib\\site-packages\\comtypes\\gen\\__init__.py'>
2025-07-28 15:54:17,600 - INFO - Using writeable comtypes cache directory: 'C:\Users\Usuario\AppData\Local\Programs\Python\Python313\Lib\site-packages\comtypes\gen'
2025-07-28 15:54:21,803 - INFO - Navegando a la configuración de seguridad de Chrome
2025-07-28 15:54:21,803 - INFO - Buscando ventana: 'Chrome'
2025-07-28 15:54:22,578 - INFO - Ventana encontrada: Configuración: Seguridad - Google Chrome
2025-07-28 15:54:23,081 - INFO - Ventana de Chrome encontrada
2025-07-28 15:54:24,684 - INFO - Protección mejorada activada correctamente
2025-07-28 15:54:25,235 - INFO - Web 'https://portal.nubelus.es' abierta.
2025-07-28 15:54:25,341 - INFO - Se escribió texto en el elemento localizado por id='pNick_gestor': 'ecotitan'
2025-07-28 15:54:25,424 - INFO - Elemento clickado con 'id' = 'btContinuar'.
2025-07-28 15:54:25,482 - INFO - Se escribió texto en el elemento localizado por xpath='//*[@placeholder='Usuario']': 'dani'
2025-07-28 15:54:25,570 - INFO - Se escribió texto en el elemento localizado por xpath='//*[@placeholder='Contraseña']': '123456'
2025-07-28 15:54:25,621 - INFO - Elemento clickado con 'id' = 'btAceptar'.
2025-07-28 15:54:25,621 - INFO - Buscando popup de Google...
2025-07-28 15:54:25,622 - INFO - Buscando ventana: 'Chrome'
2025-07-28 15:54:26,182 - INFO - Ventana encontrada: NUBELUS - Google Chrome
2025-07-28 15:54:26,683 - INFO - Ventana de Chrome encontrada
2025-07-28 15:54:27,667 - INFO - Popup de Google aceptado correctamente
2025-07-28 15:54:27,669 - INFO - Inicio de sesión completado exitosamente
2025-07-28 15:54:28,540 - INFO - Web 'https://portal.nubelus.es/?clave=waster2_gestionEntidadesMedioambientales' abierta.
2025-07-28 15:54:28,616 - INFO - Elemento clickado con 'css selector' = '.miBoton.mas_opciones'.
2025-07-28 15:54:28,679 - INFO - Elemento clickado con 'id' = 'moa_bGenerar_excel'.
2025-07-28 15:54:28,904 - INFO - Archivo descargado: C:\Users\Usuario\Downloads\Entidades medioambientales.xlsx
2025-07-28 15:54:29,105 - ERROR - No se pudo eliminar el archivo: C:\Users\Usuario\Downloads\Entidades medioambientales.xlsx. Error: [WinError 32] El proceso no tiene acceso al archivo porque está siendo utilizado por otro proceso: 'C:\\Users\\Usuario\\Downloads\\Entidades medioambientales.xlsx'
2025-07-28 15:54:29,603 - INFO - Web 'https://portal.nubelus.es/?clave=waster2_gestionEntidadesMedioambientalesCentros' abierta.
2025-07-28 15:54:29,660 - INFO - Elemento clickado con 'css selector' = '.miBoton.mas_opciones'.
2025-07-28 15:54:29,707 - INFO - Elemento clickado con 'id' = 'moa_bGenerar_excel'.
2025-07-28 15:54:30,930 - INFO - Archivo descargado: C:\Users\Usuario\Downloads\Centros de entidades medioambientales.xlsx
2025-07-28 15:54:30,971 - INFO - Archivo eliminado: C:\Users\Usuario\Downloads\Centros de entidades medioambientales.xlsx
2025-07-28 15:54:31,498 - INFO - Web 'https://portal.nubelus.es/?clave=factucit2_gestionClientes_n1' abierta.
2025-07-28 15:54:31,592 - INFO - Elemento clickado con 'css selector' = '.miBoton.mas_opciones'.
2025-07-28 15:54:31,662 - INFO - Elemento clickado con 'id' = 'moa_bGenerar_excel'.
2025-07-28 15:54:33,099 - INFO - Archivo descargado: C:\Users\Usuario\Downloads\Clientes.xlsx
2025-07-28 15:54:33,185 - INFO - Archivo eliminado: C:\Users\Usuario\Downloads\Clientes.xlsx
2025-07-28 15:54:33,706 - INFO - Web 'https://portal.nubelus.es/?clave=nubelus_gestionUsuarios' abierta.
2025-07-28 15:54:33,770 - INFO - Elemento clickado con 'css selector' = '.miBoton.mas_opciones'.
2025-07-28 15:54:33,832 - INFO - Elemento clickado con 'id' = 'moa_bGenerar_excel'.
2025-07-28 15:54:35,129 - INFO - Archivo descargado: C:\Users\Usuario\Downloads\Usuarios.xlsx
2025-07-28 15:54:35,193 - INFO - Archivo eliminado: C:\Users\Usuario\Downloads\Usuarios.xlsx
2025-07-28 15:54:35,669 - INFO - Web 'https://portal.nubelus.es/?clave=waster2_gestionAcuerdosRepresentacion' abierta.
2025-07-28 15:54:35,747 - INFO - Elemento clickado con 'css selector' = '.miBoton.mas_opciones'.
2025-07-28 15:54:35,821 - INFO - Elemento clickado con 'id' = 'moa_bGenerar_excel'.
2025-07-28 15:54:37,103 - INFO - Archivo descargado: C:\Users\Usuario\Downloads\Acuerdos de representación.xlsx
2025-07-28 15:54:37,156 - INFO - Archivo eliminado: C:\Users\Usuario\Downloads\Acuerdos de representación.xlsx
2025-07-28 15:54:37,774 - INFO - Web 'https://portal.nubelus.es/?clave=waster2_gestionContratosTratamiento' abierta.
2025-07-28 15:54:37,867 - INFO - Elemento clickado con 'css selector' = '.miBoton.mas_opciones'.
2025-07-28 15:54:37,927 - INFO - Elemento clickado con 'id' = 'moa_bGenerar_excel'.
2025-07-28 15:54:41,351 - INFO - Archivo descargado: C:\Users\Usuario\Downloads\Contratos tratamiento.xlsx
2025-07-28 15:54:41,852 - INFO - Archivo eliminado: C:\Users\Usuario\Downloads\Contratos tratamiento.xlsx
