2025-05-26 08:15:28,026 - INFO - Inicializando navegador...
2025-05-26 08:15:28,027 - INFO - Inicializando navegador...
2025-05-26 08:15:28,039 - INFO - Inicializando navegador...
2025-05-26 08:15:28,056 - INFO - Inicializando navegador...
2025-05-26 08:15:29,098 - INFO - Web 'https://ireno.castillalamancha.es/forms/geref000.htm' abierta.
2025-05-26 08:15:29,136 - INFO - Web 'https://gestiona.comunidad.madrid/pcea_nima_web/html/web/InicioAccion.icm' abierta.
2025-05-26 08:15:29,183 - INFO - Elemento clickado con 'id' = 'enlace_gestores'.
2025-05-26 08:15:29,236 - INFO - Se escribió texto en el elemento localizado por id='nif': '25400463E'
2025-05-26 08:15:29,300 - INFO - Web 'https://residuos.gva.es/RES_BUSCAWEB/buscador_residuos_avanzado.aspx' abierta.
2025-05-26 08:15:29,385 - INFO - Se escribió texto en el elemento localizado por id='ctl00_ContentPlaceHolder1_txtNIF': '25400463E'
2025-05-26 08:15:29,437 - INFO - Elemento clickado con 'id' = 'ctl00_ContentPlaceHolder1_btBuscar'.
2025-05-26 08:15:29,748 - INFO - Elemento clickado con 'xpath' = '//a[@onclick="buscar('form');"]'.
2025-05-26 08:15:29,763 - INFO - Se escribió texto en el elemento localizado por id='input_NIF_CIF': '25400463E'
2025-05-26 08:15:29,822 - INFO - Elemento clickado con 'id' = 'boton_buscar'.
2025-05-26 08:15:30,148 - INFO - Web 'https://sdr.arc.cat/sdr/ListNimas.do?menu=G' abierta.
2025-05-26 08:15:30,222 - INFO - Se escribió texto en el elemento localizado por name='cercaNif': '25400463E'
2025-05-26 08:15:31,244 - INFO - Elemento clickado con 'xpath' = '//button[contains(., 'CERCAR')]'.
2025-05-26 08:15:31,734 - INFO - Web 'https://residuos.gva.es/RES_BUSCAWEB/ficha.aspx?id=9jyprs5D9FROhBGuigKpnMaJa%2bQmtUvP' abierta.
2025-05-26 08:15:31,735 - INFO - Enlace 'https://residuos.gva.es/RES_BUSCAWEB/ficha.aspx?id=9jyprs5D9FROhBGuigKpnMaJa%2bQmtUvP' abierto por el botón con ID 'ctl00_ContentPlaceHolder1_gvResultados_ctl03_hypGestor'.
2025-05-26 08:15:31,748 - INFO - Elemento encontrado con 'tag name' = 'iframe'.
2025-05-26 08:15:31,775 - INFO - Elemento encontrado con 'xpath' = '//*[@id='NOMBREEMPRESA1-0']//span'.
2025-05-26 08:15:31,786 - INFO - Texto obtenido del elemento con ID 'NOMBREEMPRESA1-0': ANTONIO GUITIÉRREZ PARRA
2025-05-26 08:15:31,798 - INFO - Elemento encontrado con 'tag name' = 'iframe'.
2025-05-26 08:15:31,824 - INFO - Elemento encontrado con 'xpath' = '//*[@id='ENIF1-0']//span'.
2025-05-26 08:15:31,828 - INFO - Texto obtenido del elemento con ID 'ENIF1-0': 25400463E
2025-05-26 08:15:31,842 - INFO - Elemento encontrado con 'tag name' = 'iframe'.
2025-05-26 08:15:31,871 - INFO - Elemento encontrado con 'xpath' = '//*[@id='EDIRECCION1-0']//span'.
2025-05-26 08:15:31,875 - INFO - Texto obtenido del elemento con ID 'EDIRECCION1-0': PÍO IX, 39-BAJO
2025-05-26 08:15:31,888 - INFO - Elemento encontrado con 'tag name' = 'iframe'.
2025-05-26 08:15:31,913 - INFO - Elemento encontrado con 'xpath' = '//*[@id='ECODIPOS1-0']//span'.
2025-05-26 08:15:31,919 - INFO - Texto obtenido del elemento con ID 'ECODIPOS1-0': 46017
2025-05-26 08:15:31,931 - INFO - Elemento encontrado con 'tag name' = 'iframe'.
2025-05-26 08:15:31,958 - INFO - Elemento encontrado con 'xpath' = '//*[@id='Text8-0']//span'.
2025-05-26 08:15:31,962 - INFO - Texto obtenido del elemento con ID 'Text8-0': VALÈNCIA - VALENCIA/VALÈNCIA
2025-05-26 08:15:31,975 - INFO - Elemento encontrado con 'tag name' = 'iframe'.
2025-05-26 08:15:35,036 - ERROR - Timeout al esperar el elemento con 'css selector' = 'input[value='Consultar']'
2025-05-26 08:15:35,036 - INFO - ERROR: El botón Consultar NO está presente en la página.
2025-05-26 08:15:36,369 - ERROR - Timeout al esperar el elemento con 'xpath' = '//div[contains(@class, 'col-xs-4') and b[normalize-space(text())='Nif:'] and contains(., '25400463E')]'
2025-05-26 08:15:36,370 - INFO - ERROR: No se ha encontrado el div con el NIF buscado en la página.
2025-05-26 08:15:37,098 - ERROR - Timeout al esperar el elemento con 'xpath' = '//*[@id='ETELEFONO1-0']//span'
2025-05-26 08:15:37,100 - INFO - ERROR: No se ha encontrado el enlace del gestor en la página.
2025-05-26 08:15:50,229 - ERROR - ERROR: No se encontró la imagen para generar el EXCEL.
2025-05-26 08:15:50,229 - INFO - ERROR: No se ha encontrado la imagen para generar el Excel.
2025-05-26 08:15:54,472 - INFO - Inicializando navegador...
2025-05-26 08:15:54,474 - INFO - Inicializando navegador...
2025-05-26 08:15:54,475 - INFO - Inicializando navegador...
2025-05-26 08:15:54,551 - INFO - Inicializando navegador...
2025-05-26 08:15:55,402 - INFO - Web 'https://ireno.castillalamancha.es/forms/geref000.htm' abierta.
2025-05-26 08:15:55,473 - INFO - Elemento clickado con 'id' = 'enlace_gestores'.
2025-05-26 08:15:55,641 - INFO - Web 'https://gestiona.comunidad.madrid/pcea_nima_web/html/web/InicioAccion.icm' abierta.
2025-05-26 08:15:55,688 - INFO - Web 'https://residuos.gva.es/RES_BUSCAWEB/buscador_residuos_avanzado.aspx' abierta.
2025-05-26 08:15:55,730 - INFO - Se escribió texto en el elemento localizado por id='nif': '45911699L'
2025-05-26 08:15:55,768 - INFO - Se escribió texto en el elemento localizado por id='ctl00_ContentPlaceHolder1_txtNIF': '45911699L'
2025-05-26 08:15:55,825 - INFO - Elemento clickado con 'id' = 'ctl00_ContentPlaceHolder1_btBuscar'.
2025-05-26 08:15:56,068 - INFO - Se escribió texto en el elemento localizado por id='input_NIF_CIF': '45911699L'
2025-05-26 08:15:56,130 - INFO - Elemento clickado con 'id' = 'boton_buscar'.
2025-05-26 08:15:56,359 - INFO - Elemento clickado con 'xpath' = '//a[@onclick="buscar('form');"]'.
2025-05-26 08:15:56,509 - INFO - Web 'https://sdr.arc.cat/sdr/ListNimas.do?menu=G' abierta.
2025-05-26 08:15:56,583 - INFO - Se escribió texto en el elemento localizado por name='cercaNif': '45911699L'
2025-05-26 08:15:57,606 - INFO - Elemento clickado con 'xpath' = '//button[contains(., 'CERCAR')]'.
2025-05-26 08:15:58,204 - INFO - Web 'https://residuos.gva.es/RES_BUSCAWEB/ficha.aspx?id=Bz%2f%2b%2faIjCWWihB0zUz8e%2bW9OetmHiuLd' abierta.
2025-05-26 08:15:58,204 - INFO - Enlace 'https://residuos.gva.es/RES_BUSCAWEB/ficha.aspx?id=Bz%2f%2b%2faIjCWWihB0zUz8e%2bW9OetmHiuLd' abierto por el botón con ID 'ctl00_ContentPlaceHolder1_gvResultados_ctl03_hypGestor'.
2025-05-26 08:15:58,220 - INFO - Elemento encontrado con 'tag name' = 'iframe'.
2025-05-26 08:15:58,263 - INFO - Elemento encontrado con 'xpath' = '//*[@id='NOMBREEMPRESA1-0']//span'.
2025-05-26 08:15:58,271 - INFO - Texto obtenido del elemento con ID 'NOMBREEMPRESA1-0': FRANCISCO BONILLO ESCRIG
2025-05-26 08:15:58,284 - INFO - Elemento encontrado con 'tag name' = 'iframe'.
2025-05-26 08:15:58,307 - INFO - Elemento encontrado con 'xpath' = '//*[@id='ENIF1-0']//span'.
2025-05-26 08:15:58,312 - INFO - Texto obtenido del elemento con ID 'ENIF1-0': 45911699L
2025-05-26 08:15:58,325 - INFO - Elemento encontrado con 'tag name' = 'iframe'.
2025-05-26 08:15:58,349 - INFO - Elemento encontrado con 'xpath' = '//*[@id='EDIRECCION1-0']//span'.
2025-05-26 08:15:58,354 - INFO - Texto obtenido del elemento con ID 'EDIRECCION1-0': CALLE MAYOR 89
2025-05-26 08:15:58,366 - INFO - Elemento encontrado con 'tag name' = 'iframe'.
2025-05-26 08:15:58,389 - INFO - Elemento encontrado con 'xpath' = '//*[@id='ECODIPOS1-0']//span'.
2025-05-26 08:15:58,393 - INFO - Texto obtenido del elemento con ID 'ECODIPOS1-0': 46960
2025-05-26 08:15:58,406 - INFO - Elemento encontrado con 'tag name' = 'iframe'.
2025-05-26 08:15:58,428 - INFO - Elemento encontrado con 'xpath' = '//*[@id='Text8-0']//span'.
2025-05-26 08:15:58,435 - INFO - Texto obtenido del elemento con ID 'Text8-0': ALDAIA - VALENCIA/VALÈNCIA
2025-05-26 08:15:58,447 - INFO - Elemento encontrado con 'tag name' = 'iframe'.
2025-05-26 08:15:58,477 - INFO - Elemento encontrado con 'xpath' = '//*[@id='ETELEFONO1-0']//span'.
2025-05-26 08:15:58,481 - INFO - Texto obtenido del elemento con ID 'ETELEFONO1-0': 663150683
2025-05-26 08:15:58,493 - INFO - Elemento encontrado con 'tag name' = 'iframe'.
2025-05-26 08:15:58,562 - INFO - Elemento encontrado con 'xpath' = '//*[@id='NOMBRECENTRO1-0-0']//span'.
2025-05-26 08:15:58,567 - INFO - Texto obtenido del elemento con ID 'NOMBRECENTRO1-0-0': FRANCISCO BONILLO ESCRIG
2025-05-26 08:15:58,578 - INFO - Elemento encontrado con 'tag name' = 'iframe'.
2025-05-26 08:15:58,600 - INFO - Elemento encontrado con 'xpath' = '//*[@id='FCENCODCENTRO1-0-0']//span'.
2025-05-26 08:15:58,605 - INFO - Texto obtenido del elemento con ID 'FCENCODCENTRO1-0-0': 4600042229
2025-05-26 08:15:58,617 - INFO - Elemento encontrado con 'tag name' = 'iframe'.
2025-05-26 08:15:58,638 - INFO - Elemento encontrado con 'xpath' = '//*[@id='FDIRECCION1-0-0']//span'.
2025-05-26 08:15:58,643 - INFO - Texto obtenido del elemento con ID 'FDIRECCION1-0-0': CALLE POLIGONO 15
2025-05-26 08:15:58,654 - INFO - Elemento encontrado con 'tag name' = 'iframe'.
2025-05-26 08:15:58,677 - INFO - Elemento encontrado con 'xpath' = '//*[@id='Text7-0-0']//span'.
2025-05-26 08:15:58,682 - INFO - Texto obtenido del elemento con ID 'Text7-0-0': ALDAIA - VALENCIA/VALÈNCIA
2025-05-26 08:15:58,693 - INFO - Elemento encontrado con 'tag name' = 'iframe'.
2025-05-26 08:15:58,737 - INFO - Elemento encontrado con 'xpath' = '//*[@id='FCODINE1-0-0']//span'.
2025-05-26 08:15:58,741 - INFO - Texto obtenido del elemento con ID 'FCODINE1-0-0': 460214
2025-05-26 08:15:58,752 - INFO - Elemento encontrado con 'tag name' = 'iframe'.
2025-05-26 08:15:58,775 - INFO - Elemento encontrado con 'xpath' = '//*[@id='FTELEFONO1-0-0']//span'.
2025-05-26 08:15:58,779 - INFO - Texto obtenido del elemento con ID 'FTELEFONO1-0-0': 663150683
2025-05-26 08:15:58,791 - INFO - Elemento encontrado con 'tag name' = 'iframe'.
2025-05-26 08:15:58,815 - INFO - Elemento encontrado con 'xpath' = '//*[@id='Text10-0-0-0']//span'.
2025-05-26 08:15:58,819 - INFO - Texto obtenido del elemento con ID 'Text10-0-0-0': 41335/P02/CV - PEQUEÑO PRODUCTOR RESID.PELIGROSOS
2025-05-26 08:15:58,830 - INFO - Elemento encontrado con 'tag name' = 'iframe'.
2025-05-26 08:15:58,853 - INFO - Elemento encontrado con 'xpath' = '//*[@id='Text10-0-0-1']//span'.
2025-05-26 08:15:58,857 - INFO - Texto obtenido del elemento con ID 'Text10-0-0-1': 7803/P04/CV - PEQUEÑO PRODUCT.RESID.NO PELIGROSOS
2025-05-26 08:15:58,858 - INFO - Datos de la empresa encontrados y extraídos correctamente.
2025-05-26 08:16:01,459 - ERROR - Timeout al esperar el elemento con 'css selector' = 'input[value='Consultar']'
2025-05-26 08:16:01,459 - INFO - ERROR: El botón Consultar NO está presente en la página.
2025-05-26 08:16:03,046 - ERROR - Timeout al esperar el elemento con 'xpath' = '//div[contains(@class, 'col-xs-4') and b[normalize-space(text())='Nif:'] and contains(., '45911699L')]'
2025-05-26 08:16:03,046 - INFO - ERROR: No se ha encontrado el div con el NIF buscado en la página.
2025-05-26 08:16:16,526 - ERROR - ERROR: No se encontró la imagen para generar el EXCEL.
2025-05-26 08:16:16,527 - INFO - ERROR: No se ha encontrado la imagen para generar el Excel.
2025-05-26 08:16:20,744 - INFO - Inicializando navegador...
2025-05-26 08:16:20,760 - INFO - Inicializando navegador...
2025-05-26 08:16:20,761 - INFO - Inicializando navegador...
2025-05-26 08:16:20,810 - INFO - Inicializando navegador...
2025-05-26 08:16:21,634 - INFO - Web 'https://ireno.castillalamancha.es/forms/geref000.htm' abierta.
2025-05-26 08:16:21,779 - INFO - Web 'https://gestiona.comunidad.madrid/pcea_nima_web/html/web/InicioAccion.icm' abierta.
2025-05-26 08:16:21,874 - INFO - Se escribió texto en el elemento localizado por id='nif': 'B40534380'
2025-05-26 08:16:21,931 - INFO - Elemento clickado con 'xpath' = '//a[@onclick="buscar('form');"]'.
2025-05-26 08:16:22,121 - INFO - Web 'https://residuos.gva.es/RES_BUSCAWEB/buscador_residuos_avanzado.aspx' abierta.
2025-05-26 08:16:22,206 - INFO - Se escribió texto en el elemento localizado por id='ctl00_ContentPlaceHolder1_txtNIF': 'B40534380'
2025-05-26 08:16:22,206 - INFO - Elemento clickado con 'id' = 'enlace_gestores'.
2025-05-26 08:16:22,257 - INFO - Elemento clickado con 'id' = 'ctl00_ContentPlaceHolder1_btBuscar'.
2025-05-26 08:16:22,660 - INFO - Web 'https://sdr.arc.cat/sdr/ListNimas.do?menu=G' abierta.
2025-05-26 08:16:22,732 - INFO - Se escribió texto en el elemento localizado por name='cercaNif': 'B40534380'
2025-05-26 08:16:22,780 - INFO - Se escribió texto en el elemento localizado por id='input_NIF_CIF': 'B40534380'
2025-05-26 08:16:22,836 - INFO - Elemento clickado con 'id' = 'boton_buscar'.
2025-05-26 08:16:23,740 - INFO - Elemento clickado con 'xpath' = '//button[contains(., 'CERCAR')]'.
2025-05-26 08:16:24,468 - INFO - Web 'https://residuos.gva.es/RES_BUSCAWEB/ficha.aspx?id=htqhPO%2btGVT4tZwJLEXzD5gWXgtRPwYb' abierta.
2025-05-26 08:16:24,468 - INFO - Enlace 'https://residuos.gva.es/RES_BUSCAWEB/ficha.aspx?id=htqhPO%2btGVT4tZwJLEXzD5gWXgtRPwYb' abierto por el botón con ID 'ctl00_ContentPlaceHolder1_gvResultados_ctl03_hypGestor'.
2025-05-26 08:16:24,483 - INFO - Elemento encontrado con 'tag name' = 'iframe'.
2025-05-26 08:16:24,511 - INFO - Elemento encontrado con 'xpath' = '//*[@id='NOMBREEMPRESA1-0']//span'.
2025-05-26 08:16:24,520 - INFO - Texto obtenido del elemento con ID 'NOMBREEMPRESA1-0': TALLERES GODELLA S L
2025-05-26 08:16:24,534 - INFO - Elemento encontrado con 'tag name' = 'iframe'.
2025-05-26 08:16:24,556 - INFO - Elemento encontrado con 'xpath' = '//*[@id='ENIF1-0']//span'.
2025-05-26 08:16:24,560 - INFO - Texto obtenido del elemento con ID 'ENIF1-0': B40534380
2025-05-26 08:16:24,573 - INFO - Elemento encontrado con 'tag name' = 'iframe'.
2025-05-26 08:16:24,597 - INFO - Elemento encontrado con 'xpath' = '//*[@id='EDIRECCION1-0']//span'.
2025-05-26 08:16:24,602 - INFO - Texto obtenido del elemento con ID 'EDIRECCION1-0': CALLE SAN BARTOLOME 77     BJ
2025-05-26 08:16:24,614 - INFO - Elemento encontrado con 'tag name' = 'iframe'.
2025-05-26 08:16:24,637 - INFO - Elemento encontrado con 'xpath' = '//*[@id='ECODIPOS1-0']//span'.
2025-05-26 08:16:24,641 - INFO - Texto obtenido del elemento con ID 'ECODIPOS1-0': 46110
2025-05-26 08:16:24,653 - INFO - Elemento encontrado con 'tag name' = 'iframe'.
2025-05-26 08:16:24,681 - INFO - Elemento encontrado con 'xpath' = '//*[@id='Text8-0']//span'.
2025-05-26 08:16:24,686 - INFO - Texto obtenido del elemento con ID 'Text8-0': GODELLA - VALENCIA/VALÈNCIA
2025-05-26 08:16:24,696 - INFO - Elemento encontrado con 'tag name' = 'iframe'.
2025-05-26 08:16:24,721 - INFO - Elemento encontrado con 'xpath' = '//*[@id='ETELEFONO1-0']//span'.
2025-05-26 08:16:24,725 - INFO - Texto obtenido del elemento con ID 'ETELEFONO1-0': 963635663
2025-05-26 08:16:24,740 - INFO - Elemento encontrado con 'tag name' = 'iframe'.
2025-05-26 08:16:24,763 - INFO - Elemento encontrado con 'xpath' = '//*[@id='NOMBRECENTRO1-0-0']//span'.
2025-05-26 08:16:24,768 - INFO - Texto obtenido del elemento con ID 'NOMBRECENTRO1-0-0': TALLERES GODELLA S L
2025-05-26 08:16:24,779 - INFO - Elemento encontrado con 'tag name' = 'iframe'.
2025-05-26 08:16:24,823 - INFO - Elemento encontrado con 'xpath' = '//*[@id='FCENCODCENTRO1-0-0']//span'.
2025-05-26 08:16:24,827 - INFO - Texto obtenido del elemento con ID 'FCENCODCENTRO1-0-0': 4600002879
2025-05-26 08:16:24,837 - INFO - Elemento encontrado con 'tag name' = 'iframe'.
2025-05-26 08:16:24,858 - INFO - Elemento encontrado con 'xpath' = '//*[@id='FDIRECCION1-0-0']//span'.
2025-05-26 08:16:24,862 - INFO - Texto obtenido del elemento con ID 'FDIRECCION1-0-0': CALLE SAN BARTOLOME 77     BJ
2025-05-26 08:16:24,874 - INFO - Elemento encontrado con 'tag name' = 'iframe'.
2025-05-26 08:16:24,897 - INFO - Elemento encontrado con 'xpath' = '//*[@id='Text7-0-0']//span'.
2025-05-26 08:16:24,902 - INFO - Texto obtenido del elemento con ID 'Text7-0-0': GODELLA - VALENCIA/VALÈNCIA
2025-05-26 08:16:24,913 - INFO - Elemento encontrado con 'tag name' = 'iframe'.
2025-05-26 08:16:24,936 - INFO - Elemento encontrado con 'xpath' = '//*[@id='FCODINE1-0-0']//span'.
2025-05-26 08:16:24,940 - INFO - Texto obtenido del elemento con ID 'FCODINE1-0-0': 461350
2025-05-26 08:16:24,952 - INFO - Elemento encontrado con 'tag name' = 'iframe'.
2025-05-26 08:16:24,975 - INFO - Elemento encontrado con 'xpath' = '//*[@id='FTELEFONO1-0-0']//span'.
2025-05-26 08:16:24,979 - INFO - Texto obtenido del elemento con ID 'FTELEFONO1-0-0': 963635663
2025-05-26 08:16:24,991 - INFO - Elemento encontrado con 'tag name' = 'iframe'.
2025-05-26 08:16:25,013 - INFO - Elemento encontrado con 'xpath' = '//*[@id='Text10-0-0-0']//span'.
2025-05-26 08:16:25,018 - INFO - Texto obtenido del elemento con ID 'Text10-0-0-0': 19261/P02/CV - PEQUEÑO PRODUCTOR RESID.PELIGROSOS
2025-05-26 08:16:25,029 - INFO - Elemento encontrado con 'tag name' = 'iframe'.
2025-05-26 08:16:27,015 - ERROR - Timeout al esperar el elemento con 'css selector' = 'input[value='Consultar']'
2025-05-26 08:16:27,015 - INFO - ERROR: El botón Consultar NO está presente en la página.
2025-05-26 08:16:29,244 - ERROR - Timeout al esperar el elemento con 'xpath' = '//div[contains(@class, 'col-xs-4') and b[normalize-space(text())='Nif:'] and contains(., 'B40534380')]'
2025-05-26 08:16:29,244 - INFO - ERROR: No se ha encontrado el div con el NIF buscado en la página.
2025-05-26 08:16:30,124 - ERROR - Timeout al esperar el elemento con 'xpath' = '//*[@id='Text10-0-0-1']//span'
2025-05-26 08:16:30,125 - ERROR - No se pudo encontrar el código de residuo 2
2025-05-26 08:16:30,125 - INFO - Datos de la empresa encontrados y extraídos correctamente.
2025-05-26 08:16:43,223 - ERROR - ERROR: No se encontró la imagen para generar el EXCEL.
2025-05-26 08:16:43,223 - INFO - ERROR: No se ha encontrado la imagen para generar el Excel.
2025-05-26 08:16:47,408 - INFO - Inicializando navegador...
2025-05-26 08:16:47,408 - INFO - Inicializando navegador...
2025-05-26 08:16:47,421 - INFO - Inicializando navegador...
2025-05-26 08:16:47,438 - INFO - Inicializando navegador...
2025-05-26 08:16:48,409 - INFO - Web 'https://gestiona.comunidad.madrid/pcea_nima_web/html/web/InicioAccion.icm' abierta.
2025-05-26 08:16:48,467 - INFO - Web 'https://ireno.castillalamancha.es/forms/geref000.htm' abierta.
2025-05-26 08:16:48,509 - INFO - Se escribió texto en el elemento localizado por id='nif': '48758157C'
2025-05-26 08:16:48,565 - INFO - Elemento clickado con 'id' = 'enlace_gestores'.
2025-05-26 08:16:48,648 - INFO - Web 'https://residuos.gva.es/RES_BUSCAWEB/buscador_residuos_avanzado.aspx' abierta.
2025-05-26 08:16:48,735 - INFO - Se escribió texto en el elemento localizado por id='ctl00_ContentPlaceHolder1_txtNIF': '48758157C'
2025-05-26 08:16:48,786 - INFO - Elemento clickado con 'id' = 'ctl00_ContentPlaceHolder1_btBuscar'.
2025-05-26 08:16:49,116 - INFO - Elemento clickado con 'xpath' = '//a[@onclick="buscar('form');"]'.
2025-05-26 08:16:49,139 - INFO - Se escribió texto en el elemento localizado por id='input_NIF_CIF': '48758157C'
2025-05-26 08:16:49,191 - INFO - Elemento clickado con 'id' = 'boton_buscar'.
2025-05-26 08:16:49,412 - INFO - Web 'https://sdr.arc.cat/sdr/ListNimas.do?menu=G' abierta.
2025-05-26 08:16:49,480 - INFO - Se escribió texto en el elemento localizado por name='cercaNif': '48758157C'
2025-05-26 08:16:50,520 - INFO - Elemento clickado con 'xpath' = '//button[contains(., 'CERCAR')]'.
2025-05-26 08:16:50,940 - INFO - Web 'https://residuos.gva.es/RES_BUSCAWEB/ficha.aspx?id=MchOAhx8utzxl2Hqjy0fttoIO5PXbESE' abierta.
2025-05-26 08:16:50,940 - INFO - Enlace 'https://residuos.gva.es/RES_BUSCAWEB/ficha.aspx?id=MchOAhx8utzxl2Hqjy0fttoIO5PXbESE' abierto por el botón con ID 'ctl00_ContentPlaceHolder1_gvResultados_ctl03_hypGestor'.
2025-05-26 08:16:50,960 - INFO - Elemento encontrado con 'tag name' = 'iframe'.
2025-05-26 08:16:50,994 - INFO - Elemento encontrado con 'xpath' = '//*[@id='NOMBREEMPRESA1-0']//span'.
2025-05-26 08:16:51,011 - INFO - Texto obtenido del elemento con ID 'NOMBREEMPRESA1-0': PEDRO ALEXANDER RIVEROS ABAUNZA
2025-05-26 08:16:51,031 - INFO - Elemento encontrado con 'tag name' = 'iframe'.
2025-05-26 08:16:51,057 - INFO - Elemento encontrado con 'xpath' = '//*[@id='ENIF1-0']//span'.
2025-05-26 08:16:51,061 - INFO - Texto obtenido del elemento con ID 'ENIF1-0': 48758157C
2025-05-26 08:16:51,076 - INFO - Elemento encontrado con 'tag name' = 'iframe'.
2025-05-26 08:16:51,103 - INFO - Elemento encontrado con 'xpath' = '//*[@id='EDIRECCION1-0']//span'.
2025-05-26 08:16:51,107 - INFO - Texto obtenido del elemento con ID 'EDIRECCION1-0': CALLE PROGRESO  4
2025-05-26 08:16:51,120 - INFO - Elemento encontrado con 'tag name' = 'iframe'.
2025-05-26 08:16:51,144 - INFO - Elemento encontrado con 'xpath' = '//*[@id='ECODIPOS1-0']//span'.
2025-05-26 08:16:51,152 - INFO - Texto obtenido del elemento con ID 'ECODIPOS1-0': 46970
2025-05-26 08:16:51,164 - INFO - Elemento encontrado con 'tag name' = 'iframe'.
2025-05-26 08:16:51,188 - INFO - Elemento encontrado con 'xpath' = '//*[@id='Text8-0']//span'.
2025-05-26 08:16:51,192 - INFO - Texto obtenido del elemento con ID 'Text8-0': ALAQUÀS - VALENCIA/VALÈNCIA
2025-05-26 08:16:51,206 - INFO - Elemento encontrado con 'tag name' = 'iframe'.
2025-05-26 08:16:51,231 - INFO - Elemento encontrado con 'xpath' = '//*[@id='ETELEFONO1-0']//span'.
2025-05-26 08:16:51,237 - INFO - Texto obtenido del elemento con ID 'ETELEFONO1-0': 622179202
2025-05-26 08:16:51,249 - INFO - Elemento encontrado con 'tag name' = 'iframe'.
2025-05-26 08:16:51,271 - INFO - Elemento encontrado con 'xpath' = '//*[@id='NOMBRECENTRO1-0-0']//span'.
2025-05-26 08:16:51,275 - INFO - Texto obtenido del elemento con ID 'NOMBRECENTRO1-0-0': THE R GARAGE
2025-05-26 08:16:51,287 - INFO - Elemento encontrado con 'tag name' = 'iframe'.
2025-05-26 08:16:51,309 - INFO - Elemento encontrado con 'xpath' = '//*[@id='FCENCODCENTRO1-0-0']//span'.
2025-05-26 08:16:51,313 - INFO - Texto obtenido del elemento con ID 'FCENCODCENTRO1-0-0': 4600030293
2025-05-26 08:16:51,325 - INFO - Elemento encontrado con 'tag name' = 'iframe'.
2025-05-26 08:16:51,347 - INFO - Elemento encontrado con 'xpath' = '//*[@id='FDIRECCION1-0-0']//span'.
2025-05-26 08:16:51,359 - INFO - Texto obtenido del elemento con ID 'FDIRECCION1-0-0': CALLE PROGRESO  4
2025-05-26 08:16:51,396 - INFO - Elemento encontrado con 'tag name' = 'iframe'.
2025-05-26 08:16:51,422 - INFO - Elemento encontrado con 'xpath' = '//*[@id='Text7-0-0']//span'.
2025-05-26 08:16:51,426 - INFO - Texto obtenido del elemento con ID 'Text7-0-0': ALAQUÀS - VALENCIA/VALÈNCIA
2025-05-26 08:16:51,438 - INFO - Elemento encontrado con 'tag name' = 'iframe'.
2025-05-26 08:16:51,460 - INFO - Elemento encontrado con 'xpath' = '//*[@id='FCODINE1-0-0']//span'.
2025-05-26 08:16:51,465 - INFO - Texto obtenido del elemento con ID 'FCODINE1-0-0': 460057
2025-05-26 08:16:51,477 - INFO - Elemento encontrado con 'tag name' = 'iframe'.
2025-05-26 08:16:51,502 - INFO - Elemento encontrado con 'xpath' = '//*[@id='FTELEFONO1-0-0']//span'.
2025-05-26 08:16:51,506 - INFO - Texto obtenido del elemento con ID 'FTELEFONO1-0-0': 622179202
2025-05-26 08:16:51,520 - INFO - Elemento encontrado con 'tag name' = 'iframe'.
2025-05-26 08:16:51,544 - INFO - Elemento encontrado con 'xpath' = '//*[@id='Text10-0-0-0']//span'.
2025-05-26 08:16:51,549 - INFO - Texto obtenido del elemento con ID 'Text10-0-0-0': 20405/P02/CV - PEQUEÑO PRODUCTOR RESID.PELIGROSOS
2025-05-26 08:16:51,560 - INFO - Elemento encontrado con 'tag name' = 'iframe'.
2025-05-26 08:16:51,583 - INFO - Elemento encontrado con 'xpath' = '//*[@id='Text10-0-0-1']//span'.
2025-05-26 08:16:51,587 - INFO - Texto obtenido del elemento con ID 'Text10-0-0-1': 8676/P04/CV - PEQUEÑO PRODUCT.RESID.NO PELIGROSOS
2025-05-26 08:16:51,588 - INFO - Datos de la empresa encontrados y extraídos correctamente.
2025-05-26 08:16:54,206 - ERROR - Timeout al esperar el elemento con 'css selector' = 'input[value='Consultar']'
2025-05-26 08:16:54,206 - INFO - ERROR: El botón Consultar NO está presente en la página.
2025-05-26 08:16:55,976 - ERROR - Timeout al esperar el elemento con 'xpath' = '//div[contains(@class, 'col-xs-4') and b[normalize-space(text())='Nif:'] and contains(., '48758157C')]'
2025-05-26 08:16:55,977 - INFO - ERROR: No se ha encontrado el div con el NIF buscado en la página.
2025-05-26 08:17:09,576 - ERROR - ERROR: No se encontró la imagen para generar el EXCEL.
2025-05-26 08:17:09,576 - INFO - ERROR: No se ha encontrado la imagen para generar el Excel.
2025-05-26 08:17:13,689 - INFO - Inicializando navegador...
2025-05-26 08:17:13,720 - INFO - Inicializando navegador...
2025-05-26 08:17:13,803 - INFO - Inicializando navegador...
2025-05-26 08:17:14,072 - INFO - Inicializando navegador...
2025-05-26 08:17:14,795 - INFO - Web 'https://ireno.castillalamancha.es/forms/geref000.htm' abierta.
2025-05-26 08:17:14,870 - INFO - Elemento clickado con 'id' = 'enlace_gestores'.
2025-05-26 08:17:14,890 - INFO - Web 'https://residuos.gva.es/RES_BUSCAWEB/buscador_residuos_avanzado.aspx' abierta.
2025-05-26 08:17:14,977 - INFO - Se escribió texto en el elemento localizado por id='ctl00_ContentPlaceHolder1_txtNIF': 'X3531815G'
2025-05-26 08:17:15,038 - INFO - Elemento clickado con 'id' = 'ctl00_ContentPlaceHolder1_btBuscar'.
2025-05-26 08:17:15,409 - INFO - Web 'https://sdr.arc.cat/sdr/ListNimas.do?menu=G' abierta.
2025-05-26 08:17:15,459 - INFO - Se escribió texto en el elemento localizado por id='input_NIF_CIF': 'X3531815G'
2025-05-26 08:17:15,488 - INFO - Se escribió texto en el elemento localizado por name='cercaNif': 'X3531815G'
2025-05-26 08:17:15,518 - INFO - Elemento clickado con 'id' = 'boton_buscar'.
2025-05-26 08:17:15,671 - INFO - Elemento clickado con 'xpath' = '//button[contains(., 'CERCAR')]'.
2025-05-26 08:17:17,637 - INFO - Web 'https://residuos.gva.es/RES_BUSCAWEB/ficha.aspx?id=huowCyn3Lt0xVvyo%2fonWu7z29YjB7tbv' abierta.
2025-05-26 08:17:17,637 - INFO - Enlace 'https://residuos.gva.es/RES_BUSCAWEB/ficha.aspx?id=huowCyn3Lt0xVvyo%2fonWu7z29YjB7tbv' abierto por el botón con ID 'ctl00_ContentPlaceHolder1_gvResultados_ctl03_hypGestor'.
2025-05-26 08:17:17,652 - INFO - Elemento encontrado con 'tag name' = 'iframe'.
2025-05-26 08:17:17,679 - INFO - Elemento encontrado con 'xpath' = '//*[@id='NOMBREEMPRESA1-0']//span'.
2025-05-26 08:17:17,689 - INFO - Texto obtenido del elemento con ID 'NOMBREEMPRESA1-0': LUIS HECTOR AMAGUA GUALLICHICO
2025-05-26 08:17:17,702 - INFO - Elemento encontrado con 'tag name' = 'iframe'.
2025-05-26 08:17:17,728 - INFO - Elemento encontrado con 'xpath' = '//*[@id='ENIF1-0']//span'.
2025-05-26 08:17:17,734 - INFO - Texto obtenido del elemento con ID 'ENIF1-0': X3531815G
2025-05-26 08:17:17,744 - INFO - Elemento encontrado con 'tag name' = 'iframe'.
2025-05-26 08:17:17,771 - INFO - Elemento encontrado con 'xpath' = '//*[@id='EDIRECCION1-0']//span'.
2025-05-26 08:17:17,775 - INFO - Texto obtenido del elemento con ID 'EDIRECCION1-0': CAMÍ DEL FUS 34
2025-05-26 08:17:17,790 - INFO - Elemento encontrado con 'tag name' = 'iframe'.
2025-05-26 08:17:17,813 - INFO - Elemento encontrado con 'xpath' = '//*[@id='ECODIPOS1-0']//span'.
2025-05-26 08:17:17,820 - INFO - Texto obtenido del elemento con ID 'ECODIPOS1-0': 46470
2025-05-26 08:17:17,834 - INFO - Elemento encontrado con 'tag name' = 'iframe'.
2025-05-26 08:17:17,859 - INFO - Elemento encontrado con 'xpath' = '//*[@id='Text8-0']//span'.
2025-05-26 08:17:17,865 - INFO - Texto obtenido del elemento con ID 'Text8-0': MASSANASSA - VALENCIA/VALÈNCIA
2025-05-26 08:17:17,877 - INFO - Elemento encontrado con 'tag name' = 'iframe'.
2025-05-26 08:17:17,902 - INFO - Elemento encontrado con 'xpath' = '//*[@id='ETELEFONO1-0']//span'.
2025-05-26 08:17:17,906 - INFO - Texto obtenido del elemento con ID 'ETELEFONO1-0': 961250903
2025-05-26 08:17:17,920 - INFO - Elemento encontrado con 'tag name' = 'iframe'.
2025-05-26 08:17:17,942 - INFO - Elemento encontrado con 'xpath' = '//*[@id='NOMBRECENTRO1-0-0']//span'.
2025-05-26 08:17:17,946 - INFO - Texto obtenido del elemento con ID 'NOMBRECENTRO1-0-0': LUIS HECTOR AMAGUA GUALLICHICO
2025-05-26 08:17:17,958 - INFO - Elemento encontrado con 'tag name' = 'iframe'.
2025-05-26 08:17:17,982 - INFO - Elemento encontrado con 'xpath' = '//*[@id='FCENCODCENTRO1-0-0']//span'.
2025-05-26 08:17:17,989 - INFO - Texto obtenido del elemento con ID 'FCENCODCENTRO1-0-0': 4600022027
2025-05-26 08:17:18,005 - INFO - Elemento encontrado con 'tag name' = 'iframe'.
2025-05-26 08:17:18,033 - INFO - Elemento encontrado con 'xpath' = '//*[@id='FDIRECCION1-0-0']//span'.
2025-05-26 08:17:18,038 - INFO - Texto obtenido del elemento con ID 'FDIRECCION1-0-0': CAMÍ DEL FUS 34
2025-05-26 08:17:18,051 - INFO - Elemento encontrado con 'tag name' = 'iframe'.
2025-05-26 08:17:18,078 - INFO - Elemento encontrado con 'xpath' = '//*[@id='Text7-0-0']//span'.
2025-05-26 08:17:18,083 - INFO - Texto obtenido del elemento con ID 'Text7-0-0': MASSANASSA - VALENCIA/VALÈNCIA
2025-05-26 08:17:18,098 - INFO - Elemento encontrado con 'tag name' = 'iframe'.
2025-05-26 08:17:18,124 - INFO - Elemento encontrado con 'xpath' = '//*[@id='FCODINE1-0-0']//span'.
2025-05-26 08:17:18,129 - INFO - Web 'https://gestiona.comunidad.madrid/pcea_nima_web/html/web/InicioAccion.icm' abierta.
2025-05-26 08:17:18,132 - INFO - Texto obtenido del elemento con ID 'FCODINE1-0-0': 461653
2025-05-26 08:17:18,151 - INFO - Elemento encontrado con 'tag name' = 'iframe'.
2025-05-26 08:17:18,178 - INFO - Elemento encontrado con 'xpath' = '//*[@id='FTELEFONO1-0-0']//span'.
2025-05-26 08:17:18,184 - INFO - Texto obtenido del elemento con ID 'FTELEFONO1-0-0': 961250903
2025-05-26 08:17:18,196 - INFO - Elemento encontrado con 'tag name' = 'iframe'.
2025-05-26 08:17:18,210 - INFO - Se escribió texto en el elemento localizado por id='nif': 'X3531815G'
2025-05-26 08:17:18,224 - INFO - Elemento encontrado con 'xpath' = '//*[@id='Text10-0-0-0']//span'.
2025-05-26 08:17:18,229 - INFO - Texto obtenido del elemento con ID 'Text10-0-0-0': 13697/P02/CV - PEQUEÑO PRODUCTOR RESID.PELIGROSOS
2025-05-26 08:17:18,242 - INFO - Elemento encontrado con 'tag name' = 'iframe'.
2025-05-26 08:17:18,264 - INFO - Elemento clickado con 'xpath' = '//a[@onclick="buscar('form');"]'.
2025-05-26 08:17:18,268 - INFO - Elemento encontrado con 'xpath' = '//*[@id='Text10-0-0-1']//span'.
2025-05-26 08:17:18,273 - INFO - Texto obtenido del elemento con ID 'Text10-0-0-1': 7448/P04/CV - PEQUEÑO PRODUCT.RESID.NO PELIGROSOS
2025-05-26 08:17:18,275 - INFO - Datos de la empresa encontrados y extraídos correctamente.
2025-05-26 08:17:21,093 - ERROR - Timeout al esperar el elemento con 'xpath' = '//div[contains(@class, 'col-xs-4') and b[normalize-space(text())='Nif:'] and contains(., 'X3531815G')]'
2025-05-26 08:17:21,094 - INFO - ERROR: No se ha encontrado el div con el NIF buscado en la página.
2025-05-26 08:17:23,362 - ERROR - Timeout al esperar el elemento con 'css selector' = 'input[value='Consultar']'
2025-05-26 08:17:23,362 - INFO - ERROR: El botón Consultar NO está presente en la página.
2025-05-26 08:17:35,928 - ERROR - ERROR: No se encontró la imagen para generar el EXCEL.
2025-05-26 08:17:35,928 - INFO - ERROR: No se ha encontrado la imagen para generar el Excel.
2025-05-26 08:17:40,100 - INFO - Inicializando navegador...
2025-05-26 08:17:40,107 - INFO - Inicializando navegador...
2025-05-26 08:17:40,175 - INFO - Inicializando navegador...
2025-05-26 08:17:40,196 - INFO - Inicializando navegador...
2025-05-26 08:17:41,057 - INFO - Web 'https://ireno.castillalamancha.es/forms/geref000.htm' abierta.
2025-05-26 08:17:41,123 - INFO - Web 'https://gestiona.comunidad.madrid/pcea_nima_web/html/web/InicioAccion.icm' abierta.
2025-05-26 08:17:41,144 - INFO - Elemento clickado con 'id' = 'enlace_gestores'.
2025-05-26 08:17:41,241 - INFO - Se escribió texto en el elemento localizado por id='nif': 'B72844343'
2025-05-26 08:17:41,302 - INFO - Web 'https://residuos.gva.es/RES_BUSCAWEB/buscador_residuos_avanzado.aspx' abierta.
2025-05-26 08:17:41,392 - INFO - Se escribió texto en el elemento localizado por id='ctl00_ContentPlaceHolder1_txtNIF': 'B72844343'
2025-05-26 08:17:41,443 - INFO - Elemento clickado con 'id' = 'ctl00_ContentPlaceHolder1_btBuscar'.
2025-05-26 08:17:41,725 - INFO - Se escribió texto en el elemento localizado por id='input_NIF_CIF': 'B72844343'
2025-05-26 08:17:41,779 - INFO - Elemento clickado con 'id' = 'boton_buscar'.
2025-05-26 08:17:41,895 - INFO - Elemento clickado con 'xpath' = '//a[@onclick="buscar('form');"]'.
2025-05-26 08:17:42,129 - INFO - Web 'https://sdr.arc.cat/sdr/ListNimas.do?menu=G' abierta.
2025-05-26 08:17:42,205 - INFO - Se escribió texto en el elemento localizado por name='cercaNif': 'B72844343'
2025-05-26 08:17:43,287 - INFO - Elemento clickado con 'xpath' = '//button[contains(., 'CERCAR')]'.
2025-05-26 08:17:46,672 - ERROR - Timeout al esperar el elemento con 'id' = 'ctl00_ContentPlaceHolder1_gvResultados_ctl03_hypGestor'
2025-05-26 08:17:46,672 - INFO - ERROR: No se ha encontrado el enlace del gestor en la página.
2025-05-26 08:17:46,980 - ERROR - Timeout al esperar el elemento con 'css selector' = 'input[value='Consultar']'
2025-05-26 08:17:46,981 - INFO - ERROR: El botón Consultar NO está presente en la página.
2025-05-26 08:17:48,740 - ERROR - Timeout al esperar el elemento con 'xpath' = '//div[contains(@class, 'col-xs-4') and b[normalize-space(text())='Nif:'] and contains(., 'B72844343')]'
2025-05-26 08:17:48,740 - INFO - ERROR: No se ha encontrado el div con el NIF buscado en la página.
2025-05-26 08:18:02,157 - ERROR - ERROR: No se encontró la imagen para generar el EXCEL.
2025-05-26 08:18:02,157 - INFO - ERROR: No se ha encontrado la imagen para generar el Excel.
2025-05-26 08:18:06,269 - INFO - Inicializando navegador...
2025-05-26 08:18:06,352 - INFO - Inicializando navegador...
2025-05-26 08:18:06,373 - INFO - Inicializando navegador...
2025-05-26 08:18:06,456 - INFO - Inicializando navegador...
2025-05-26 08:18:07,292 - INFO - Web 'https://ireno.castillalamancha.es/forms/geref000.htm' abierta.
2025-05-26 08:18:07,553 - INFO - Web 'https://gestiona.comunidad.madrid/pcea_nima_web/html/web/InicioAccion.icm' abierta.
2025-05-26 08:18:07,631 - INFO - Web 'https://residuos.gva.es/RES_BUSCAWEB/buscador_residuos_avanzado.aspx' abierta.
2025-05-26 08:18:07,632 - INFO - Se escribió texto en el elemento localizado por id='nif': 'B72404635'
2025-05-26 08:18:07,709 - INFO - Se escribió texto en el elemento localizado por id='ctl00_ContentPlaceHolder1_txtNIF': 'B72404635'
2025-05-26 08:18:07,766 - INFO - Elemento clickado con 'id' = 'ctl00_ContentPlaceHolder1_btBuscar'.
2025-05-26 08:18:07,876 - INFO - Elemento clickado con 'id' = 'enlace_gestores'.
2025-05-26 08:18:08,050 - INFO - Web 'https://sdr.arc.cat/sdr/ListNimas.do?menu=G' abierta.
2025-05-26 08:18:08,201 - INFO - Se escribió texto en el elemento localizado por name='cercaNif': 'B72404635'
2025-05-26 08:18:08,220 - INFO - Elemento clickado con 'xpath' = '//a[@onclick="buscar('form');"]'.
2025-05-26 08:18:08,443 - INFO - Se escribió texto en el elemento localizado por id='input_NIF_CIF': 'B72404635'
2025-05-26 08:18:08,499 - INFO - Elemento clickado con 'id' = 'boton_buscar'.
2025-05-26 08:18:09,301 - INFO - Elemento clickado con 'xpath' = '//button[contains(., 'CERCAR')]'.
2025-05-26 08:18:13,032 - ERROR - Timeout al esperar el elemento con 'id' = 'ctl00_ContentPlaceHolder1_gvResultados_ctl03_hypGestor'
2025-05-26 08:18:13,032 - INFO - ERROR: No se ha encontrado el enlace del gestor en la página.
2025-05-26 08:18:13,365 - ERROR - Timeout al esperar el elemento con 'css selector' = 'input[value='Consultar']'
2025-05-26 08:18:13,365 - INFO - ERROR: El botón Consultar NO está presente en la página.
2025-05-26 08:18:14,727 - ERROR - Timeout al esperar el elemento con 'xpath' = '//div[contains(@class, 'col-xs-4') and b[normalize-space(text())='Nif:'] and contains(., 'B72404635')]'
2025-05-26 08:18:14,728 - INFO - ERROR: No se ha encontrado el div con el NIF buscado en la página.
2025-05-26 08:18:28,885 - ERROR - ERROR: No se encontró la imagen para generar el EXCEL.
2025-05-26 08:18:28,885 - INFO - ERROR: No se ha encontrado la imagen para generar el Excel.
2025-05-26 08:18:33,111 - INFO - Inicializando navegador...
2025-05-26 08:18:33,126 - INFO - Inicializando navegador...
2025-05-26 08:18:33,174 - INFO - Inicializando navegador...
2025-05-26 08:18:33,197 - INFO - Inicializando navegador...
2025-05-26 08:18:34,050 - INFO - Web 'https://ireno.castillalamancha.es/forms/geref000.htm' abierta.
2025-05-26 08:18:34,140 - INFO - Elemento clickado con 'id' = 'enlace_gestores'.
2025-05-26 08:18:34,235 - INFO - Web 'https://gestiona.comunidad.madrid/pcea_nima_web/html/web/InicioAccion.icm' abierta.
2025-05-26 08:18:34,300 - INFO - Web 'https://residuos.gva.es/RES_BUSCAWEB/buscador_residuos_avanzado.aspx' abierta.
2025-05-26 08:18:34,369 - INFO - Se escribió texto en el elemento localizado por id='nif': '52670983V'
2025-05-26 08:18:34,411 - INFO - Se escribió texto en el elemento localizado por id='ctl00_ContentPlaceHolder1_txtNIF': '52670983V'
2025-05-26 08:18:34,427 - INFO - Elemento clickado con 'xpath' = '//a[@onclick="buscar('form');"]'.
2025-05-26 08:18:34,471 - INFO - Elemento clickado con 'id' = 'ctl00_ContentPlaceHolder1_btBuscar'.
2025-05-26 08:18:34,726 - INFO - Se escribió texto en el elemento localizado por id='input_NIF_CIF': '52670983V'
2025-05-26 08:18:34,780 - INFO - Elemento clickado con 'id' = 'boton_buscar'.
2025-05-26 08:18:35,108 - INFO - Web 'https://sdr.arc.cat/sdr/ListNimas.do?menu=G' abierta.
2025-05-26 08:18:35,185 - INFO - Se escribió texto en el elemento localizado por name='cercaNif': '52670983V'
2025-05-26 08:18:36,218 - INFO - Elemento clickado con 'xpath' = '//button[contains(., 'CERCAR')]'.
2025-05-26 08:18:36,789 - INFO - Web 'https://residuos.gva.es/RES_BUSCAWEB/ficha.aspx?id=abufknBkzBkMDZ7QFwpz0jjCKa1vI8WM' abierta.
2025-05-26 08:18:36,789 - INFO - Enlace 'https://residuos.gva.es/RES_BUSCAWEB/ficha.aspx?id=abufknBkzBkMDZ7QFwpz0jjCKa1vI8WM' abierto por el botón con ID 'ctl00_ContentPlaceHolder1_gvResultados_ctl03_hypGestor'.
2025-05-26 08:18:36,804 - INFO - Elemento encontrado con 'tag name' = 'iframe'.
2025-05-26 08:18:36,834 - INFO - Elemento encontrado con 'xpath' = '//*[@id='NOMBREEMPRESA1-0']//span'.
2025-05-26 08:18:36,841 - INFO - Texto obtenido del elemento con ID 'NOMBREEMPRESA1-0': JOSE GARCIA RECIO
2025-05-26 08:18:36,854 - INFO - Elemento encontrado con 'tag name' = 'iframe'.
2025-05-26 08:18:36,876 - INFO - Elemento encontrado con 'xpath' = '//*[@id='ENIF1-0']//span'.
2025-05-26 08:18:36,880 - INFO - Texto obtenido del elemento con ID 'ENIF1-0': 52670983V
2025-05-26 08:18:36,893 - INFO - Elemento encontrado con 'tag name' = 'iframe'.
2025-05-26 08:18:36,919 - INFO - Elemento encontrado con 'xpath' = '//*[@id='EDIRECCION1-0']//span'.
2025-05-26 08:18:36,922 - INFO - Texto obtenido del elemento con ID 'EDIRECCION1-0': AVENIDA BLASCO IBAÑEZ, 3-B
2025-05-26 08:18:36,935 - INFO - Elemento encontrado con 'tag name' = 'iframe'.
2025-05-26 08:18:36,958 - INFO - Elemento encontrado con 'xpath' = '//*[@id='ECODIPOS1-0']//span'.
2025-05-26 08:18:36,962 - INFO - Texto obtenido del elemento con ID 'ECODIPOS1-0': 46940
2025-05-26 08:18:36,974 - INFO - Elemento encontrado con 'tag name' = 'iframe'.
2025-05-26 08:18:37,000 - INFO - Elemento encontrado con 'xpath' = '//*[@id='Text8-0']//span'.
2025-05-26 08:18:37,004 - INFO - Texto obtenido del elemento con ID 'Text8-0': MANISES - VALENCIA/VALÈNCIA
2025-05-26 08:18:37,017 - INFO - Elemento encontrado con 'tag name' = 'iframe'.
2025-05-26 08:18:37,040 - INFO - Elemento encontrado con 'xpath' = '//*[@id='ETELEFONO1-0']//span'.
2025-05-26 08:18:37,045 - INFO - Texto obtenido del elemento con ID 'ETELEFONO1-0': 961525480
2025-05-26 08:18:37,059 - INFO - Elemento encontrado con 'tag name' = 'iframe'.
2025-05-26 08:18:37,085 - INFO - Elemento encontrado con 'xpath' = '//*[@id='NOMBRECENTRO1-0-0']//span'.
2025-05-26 08:18:37,090 - INFO - Texto obtenido del elemento con ID 'NOMBRECENTRO1-0-0': GARCIA RECIO, JOSE
2025-05-26 08:18:37,101 - INFO - Elemento encontrado con 'tag name' = 'iframe'.
2025-05-26 08:18:37,124 - INFO - Elemento encontrado con 'xpath' = '//*[@id='FCENCODCENTRO1-0-0']//span'.
2025-05-26 08:18:37,128 - INFO - Texto obtenido del elemento con ID 'FCENCODCENTRO1-0-0': 4600004262
2025-05-26 08:18:37,140 - INFO - Elemento encontrado con 'tag name' = 'iframe'.
2025-05-26 08:18:37,163 - INFO - Elemento encontrado con 'xpath' = '//*[@id='FDIRECCION1-0-0']//span'.
2025-05-26 08:18:37,169 - INFO - Texto obtenido del elemento con ID 'FDIRECCION1-0-0': AVENIDA BLASCO IBAÑEZ, 3-B
2025-05-26 08:18:37,181 - INFO - Elemento encontrado con 'tag name' = 'iframe'.
2025-05-26 08:18:37,203 - INFO - Elemento encontrado con 'xpath' = '//*[@id='Text7-0-0']//span'.
2025-05-26 08:18:37,208 - INFO - Texto obtenido del elemento con ID 'Text7-0-0': MANISES - VALENCIA/VALÈNCIA
2025-05-26 08:18:37,219 - INFO - Elemento encontrado con 'tag name' = 'iframe'.
2025-05-26 08:18:37,241 - INFO - Elemento encontrado con 'xpath' = '//*[@id='FCODINE1-0-0']//span'.
2025-05-26 08:18:37,245 - INFO - Texto obtenido del elemento con ID 'FCODINE1-0-0': 461593
2025-05-26 08:18:37,257 - INFO - Elemento encontrado con 'tag name' = 'iframe'.
2025-05-26 08:18:37,278 - INFO - Elemento encontrado con 'xpath' = '//*[@id='FTELEFONO1-0-0']//span'.
2025-05-26 08:18:37,283 - INFO - Texto obtenido del elemento con ID 'FTELEFONO1-0-0': 961525480
2025-05-26 08:18:37,294 - INFO - Elemento encontrado con 'tag name' = 'iframe'.
2025-05-26 08:18:37,317 - INFO - Elemento encontrado con 'xpath' = '//*[@id='Text10-0-0-0']//span'.
2025-05-26 08:18:37,322 - INFO - Texto obtenido del elemento con ID 'Text10-0-0-0': 27736/P02/CV - PEQUEÑO PRODUCTOR RESID.PELIGROSOS
2025-05-26 08:18:37,338 - INFO - Elemento encontrado con 'tag name' = 'iframe'.
2025-05-26 08:18:39,545 - ERROR - Timeout al esperar el elemento con 'css selector' = 'input[value='Consultar']'
2025-05-26 08:18:39,545 - INFO - ERROR: El botón Consultar NO está presente en la página.
2025-05-26 08:18:41,659 - ERROR - Timeout al esperar el elemento con 'xpath' = '//div[contains(@class, 'col-xs-4') and b[normalize-space(text())='Nif:'] and contains(., '52670983V')]'
2025-05-26 08:18:41,659 - INFO - ERROR: No se ha encontrado el div con el NIF buscado en la página.
2025-05-26 08:18:42,433 - ERROR - Timeout al esperar el elemento con 'xpath' = '//*[@id='Text10-0-0-1']//span'
2025-05-26 08:18:42,434 - ERROR - No se pudo encontrar el código de residuo 2
2025-05-26 08:18:42,434 - INFO - Datos de la empresa encontrados y extraídos correctamente.
2025-05-26 08:18:55,169 - ERROR - ERROR: No se encontró la imagen para generar el EXCEL.
2025-05-26 08:18:55,169 - INFO - ERROR: No se ha encontrado la imagen para generar el Excel.
2025-05-26 08:18:59,365 - INFO - Inicializando navegador...
2025-05-26 08:18:59,366 - INFO - Inicializando navegador...
2025-05-26 08:18:59,395 - INFO - Inicializando navegador...
2025-05-26 08:18:59,536 - INFO - Inicializando navegador...
2025-05-26 08:19:00,279 - INFO - Web 'https://gestiona.comunidad.madrid/pcea_nima_web/html/web/InicioAccion.icm' abierta.
2025-05-26 08:19:00,346 - INFO - Web 'https://ireno.castillalamancha.es/forms/geref000.htm' abierta.
2025-05-26 08:19:00,373 - INFO - Se escribió texto en el elemento localizado por id='nif': 'X6631339W'
2025-05-26 08:19:00,422 - INFO - Elemento clickado con 'id' = 'enlace_gestores'.
2025-05-26 08:19:00,444 - INFO - Elemento clickado con 'xpath' = '//a[@onclick="buscar('form');"]'.
2025-05-26 08:19:00,806 - INFO - Web 'https://residuos.gva.es/RES_BUSCAWEB/buscador_residuos_avanzado.aspx' abierta.
2025-05-26 08:19:00,899 - INFO - Se escribió texto en el elemento localizado por id='ctl00_ContentPlaceHolder1_txtNIF': 'X6631339W'
2025-05-26 08:19:00,954 - INFO - Elemento clickado con 'id' = 'ctl00_ContentPlaceHolder1_btBuscar'.
2025-05-26 08:19:01,003 - INFO - Se escribió texto en el elemento localizado por id='input_NIF_CIF': 'X6631339W'
2025-05-26 08:19:01,057 - INFO - Elemento clickado con 'id' = 'boton_buscar'.
2025-05-26 08:19:01,283 - INFO - Web 'https://sdr.arc.cat/sdr/ListNimas.do?menu=G' abierta.
2025-05-26 08:19:01,353 - INFO - Se escribió texto en el elemento localizado por name='cercaNif': 'X6631339W'
2025-05-26 08:19:02,440 - INFO - Elemento clickado con 'xpath' = '//button[contains(., 'CERCAR')]'.
2025-05-26 08:19:03,121 - INFO - Web 'https://residuos.gva.es/RES_BUSCAWEB/ficha.aspx?id=G4qbg07j5ZsrPDGo8bDZWJz0MCrx%2bAXo' abierta.
2025-05-26 08:19:03,121 - INFO - Enlace 'https://residuos.gva.es/RES_BUSCAWEB/ficha.aspx?id=G4qbg07j5ZsrPDGo8bDZWJz0MCrx%2bAXo' abierto por el botón con ID 'ctl00_ContentPlaceHolder1_gvResultados_ctl03_hypGestor'.
2025-05-26 08:19:03,139 - INFO - Elemento encontrado con 'tag name' = 'iframe'.
2025-05-26 08:19:03,165 - INFO - Elemento encontrado con 'xpath' = '//*[@id='NOMBREEMPRESA1-0']//span'.
2025-05-26 08:19:03,174 - INFO - Texto obtenido del elemento con ID 'NOMBREEMPRESA1-0': ADRIAN OPREA
2025-05-26 08:19:03,186 - INFO - Elemento encontrado con 'tag name' = 'iframe'.
2025-05-26 08:19:03,209 - INFO - Elemento encontrado con 'xpath' = '//*[@id='ENIF1-0']//span'.
2025-05-26 08:19:03,213 - INFO - Texto obtenido del elemento con ID 'ENIF1-0': X6631339W
2025-05-26 08:19:03,225 - INFO - Elemento encontrado con 'tag name' = 'iframe'.
2025-05-26 08:19:03,273 - INFO - Elemento encontrado con 'xpath' = '//*[@id='EDIRECCION1-0']//span'.
2025-05-26 08:19:03,277 - INFO - Texto obtenido del elemento con ID 'EDIRECCION1-0': CALLE MAESTRO LLORENS 19
2025-05-26 08:19:03,290 - INFO - Elemento encontrado con 'tag name' = 'iframe'.
2025-05-26 08:19:03,314 - INFO - Elemento encontrado con 'xpath' = '//*[@id='ECODIPOS1-0']//span'.
2025-05-26 08:19:03,321 - INFO - Texto obtenido del elemento con ID 'ECODIPOS1-0': 12004
2025-05-26 08:19:03,336 - INFO - Elemento encontrado con 'tag name' = 'iframe'.
2025-05-26 08:19:03,358 - INFO - Elemento encontrado con 'xpath' = '//*[@id='Text8-0']//span'.
2025-05-26 08:19:03,362 - INFO - Texto obtenido del elemento con ID 'Text8-0': CASTELLÓ DE LA PLANA/CASTELLÓN DE LA PLANA - CASTELLÓN/CASTELLÓ
2025-05-26 08:19:03,375 - INFO - Elemento encontrado con 'tag name' = 'iframe'.
2025-05-26 08:19:03,399 - INFO - Elemento encontrado con 'xpath' = '//*[@id='ETELEFONO1-0']//span'.
2025-05-26 08:19:03,404 - INFO - Texto obtenido del elemento con ID 'ETELEFONO1-0': 637865880
2025-05-26 08:19:03,416 - INFO - Elemento encontrado con 'tag name' = 'iframe'.
2025-05-26 08:19:03,439 - INFO - Elemento encontrado con 'xpath' = '//*[@id='NOMBRECENTRO1-0-0']//span'.
2025-05-26 08:19:03,443 - INFO - Texto obtenido del elemento con ID 'NOMBRECENTRO1-0-0': ADRIAN OPREA
2025-05-26 08:19:03,469 - INFO - Elemento encontrado con 'tag name' = 'iframe'.
2025-05-26 08:19:03,491 - INFO - Elemento encontrado con 'xpath' = '//*[@id='FCENCODCENTRO1-0-0']//span'.
2025-05-26 08:19:03,495 - INFO - Texto obtenido del elemento con ID 'FCENCODCENTRO1-0-0': 1200007406
2025-05-26 08:19:03,507 - INFO - Elemento encontrado con 'tag name' = 'iframe'.
2025-05-26 08:19:03,534 - INFO - Elemento encontrado con 'xpath' = '//*[@id='FDIRECCION1-0-0']//span'.
2025-05-26 08:19:03,538 - INFO - Texto obtenido del elemento con ID 'FDIRECCION1-0-0': CALLE MAESTRO LLORENS 19
2025-05-26 08:19:03,550 - INFO - Elemento encontrado con 'tag name' = 'iframe'.
2025-05-26 08:19:03,572 - INFO - Elemento encontrado con 'xpath' = '//*[@id='Text7-0-0']//span'.
2025-05-26 08:19:03,576 - INFO - Texto obtenido del elemento con ID 'Text7-0-0': CASTELLÓ DE LA PLANA/CASTELLÓN DE LA PLANA - CA
2025-05-26 08:19:03,588 - INFO - Elemento encontrado con 'tag name' = 'iframe'.
2025-05-26 08:19:03,611 - INFO - Elemento encontrado con 'xpath' = '//*[@id='FCODINE1-0-0']//span'.
2025-05-26 08:19:03,617 - INFO - Texto obtenido del elemento con ID 'FCODINE1-0-0': 120402
2025-05-26 08:19:03,628 - INFO - Elemento encontrado con 'tag name' = 'iframe'.
2025-05-26 08:19:03,650 - INFO - Elemento encontrado con 'xpath' = '//*[@id='FTELEFONO1-0-0']//span'.
2025-05-26 08:19:03,655 - INFO - Texto obtenido del elemento con ID 'FTELEFONO1-0-0': -
2025-05-26 08:19:03,680 - INFO - Elemento encontrado con 'tag name' = 'iframe'.
2025-05-26 08:19:03,704 - INFO - Elemento encontrado con 'xpath' = '//*[@id='Text10-0-0-0']//span'.
2025-05-26 08:19:03,708 - INFO - Texto obtenido del elemento con ID 'Text10-0-0-0': 29606/P02/CV - PEQUEÑO PRODUCTOR RESID.PELIGROSOS
2025-05-26 08:19:03,720 - INFO - Elemento encontrado con 'tag name' = 'iframe'.
2025-05-26 08:19:05,564 - ERROR - Timeout al esperar el elemento con 'css selector' = 'input[value='Consultar']'
2025-05-26 08:19:05,564 - INFO - ERROR: El botón Consultar NO está presente en la página.
2025-05-26 08:19:07,921 - ERROR - Timeout al esperar el elemento con 'xpath' = '//div[contains(@class, 'col-xs-4') and b[normalize-space(text())='Nif:'] and contains(., 'X6631339W')]'
2025-05-26 08:19:07,921 - INFO - ERROR: No se ha encontrado el div con el NIF buscado en la página.
2025-05-26 08:19:08,846 - ERROR - Timeout al esperar el elemento con 'xpath' = '//*[@id='Text10-0-0-1']//span'
2025-05-26 08:19:08,847 - ERROR - No se pudo encontrar el código de residuo 2
2025-05-26 08:19:08,847 - INFO - Datos de la empresa encontrados y extraídos correctamente.
2025-05-26 08:19:21,446 - ERROR - ERROR: No se encontró la imagen para generar el EXCEL.
2025-05-26 08:19:21,446 - INFO - ERROR: No se ha encontrado la imagen para generar el Excel.
2025-05-26 08:19:25,659 - INFO - Inicializando navegador...
2025-05-26 08:19:25,665 - INFO - Inicializando navegador...
2025-05-26 08:19:25,667 - INFO - Inicializando navegador...
2025-05-26 08:19:25,692 - INFO - Inicializando navegador...
2025-05-26 08:19:26,672 - INFO - Web 'https://gestiona.comunidad.madrid/pcea_nima_web/html/web/InicioAccion.icm' abierta.
2025-05-26 08:19:26,704 - INFO - Web 'https://ireno.castillalamancha.es/forms/geref000.htm' abierta.
2025-05-26 08:19:26,794 - INFO - Se escribió texto en el elemento localizado por id='nif': '52685638K'
2025-05-26 08:19:26,804 - INFO - Elemento clickado con 'id' = 'enlace_gestores'.
2025-05-26 08:19:26,901 - INFO - Web 'https://residuos.gva.es/RES_BUSCAWEB/buscador_residuos_avanzado.aspx' abierta.
2025-05-26 08:19:26,977 - INFO - Se escribió texto en el elemento localizado por id='ctl00_ContentPlaceHolder1_txtNIF': '52685638K'
2025-05-26 08:19:27,027 - INFO - Elemento clickado con 'id' = 'ctl00_ContentPlaceHolder1_btBuscar'.
2025-05-26 08:19:27,395 - INFO - Se escribió texto en el elemento localizado por id='input_NIF_CIF': '52685638K'
2025-05-26 08:19:27,451 - INFO - Elemento clickado con 'id' = 'boton_buscar'.
2025-05-26 08:19:27,472 - INFO - Elemento clickado con 'xpath' = '//a[@onclick="buscar('form');"]'.
2025-05-26 08:19:27,589 - INFO - Web 'https://sdr.arc.cat/sdr/ListNimas.do?menu=G' abierta.
2025-05-26 08:19:27,656 - INFO - Se escribió texto en el elemento localizado por name='cercaNif': '52685638K'
2025-05-26 08:19:28,667 - INFO - Elemento clickado con 'xpath' = '//button[contains(., 'CERCAR')]'.
2025-05-26 08:19:29,386 - INFO - Web 'https://residuos.gva.es/RES_BUSCAWEB/ficha.aspx?id=gs7RqUbvf%2bM8vF7uwwDlfaaGp4zkwsKK' abierta.
2025-05-26 08:19:29,386 - INFO - Enlace 'https://residuos.gva.es/RES_BUSCAWEB/ficha.aspx?id=gs7RqUbvf%2bM8vF7uwwDlfaaGp4zkwsKK' abierto por el botón con ID 'ctl00_ContentPlaceHolder1_gvResultados_ctl03_hypGestor'.
2025-05-26 08:19:29,406 - INFO - Elemento encontrado con 'tag name' = 'iframe'.
2025-05-26 08:19:29,435 - INFO - Elemento encontrado con 'xpath' = '//*[@id='NOMBREEMPRESA1-0']//span'.
2025-05-26 08:19:29,442 - INFO - Texto obtenido del elemento con ID 'NOMBREEMPRESA1-0': JUAN LUIS VALERO QUILES
2025-05-26 08:19:29,456 - INFO - Elemento encontrado con 'tag name' = 'iframe'.
2025-05-26 08:19:29,482 - INFO - Elemento encontrado con 'xpath' = '//*[@id='ENIF1-0']//span'.
2025-05-26 08:19:29,488 - INFO - Texto obtenido del elemento con ID 'ENIF1-0': 52685638K
2025-05-26 08:19:29,500 - INFO - Elemento encontrado con 'tag name' = 'iframe'.
2025-05-26 08:19:29,527 - INFO - Elemento encontrado con 'xpath' = '//*[@id='EDIRECCION1-0']//span'.
2025-05-26 08:19:29,534 - INFO - Texto obtenido del elemento con ID 'EDIRECCION1-0': CALLE COLON, 57
2025-05-26 08:19:29,545 - INFO - Elemento encontrado con 'tag name' = 'iframe'.
2025-05-26 08:19:29,570 - INFO - Elemento encontrado con 'xpath' = '//*[@id='ECODIPOS1-0']//span'.
2025-05-26 08:19:29,573 - INFO - Texto obtenido del elemento con ID 'ECODIPOS1-0': 46164
2025-05-26 08:19:29,586 - INFO - Elemento encontrado con 'tag name' = 'iframe'.
2025-05-26 08:19:29,610 - INFO - Elemento encontrado con 'xpath' = '//*[@id='Text8-0']//span'.
2025-05-26 08:19:29,615 - INFO - Texto obtenido del elemento con ID 'Text8-0': PEDRALBA - VALENCIA/VALÈNCIA
2025-05-26 08:19:29,633 - INFO - Elemento encontrado con 'tag name' = 'iframe'.
2025-05-26 08:19:32,571 - ERROR - Timeout al esperar el elemento con 'css selector' = 'input[value='Consultar']'
2025-05-26 08:19:32,571 - INFO - ERROR: El botón Consultar NO está presente en la página.
2025-05-26 08:19:33,710 - ERROR - Timeout al esperar el elemento con 'xpath' = '//div[contains(@class, 'col-xs-4') and b[normalize-space(text())='Nif:'] and contains(., '52685638K')]'
2025-05-26 08:19:33,710 - INFO - ERROR: No se ha encontrado el div con el NIF buscado en la página.
2025-05-26 08:19:34,724 - ERROR - Timeout al esperar el elemento con 'xpath' = '//*[@id='ETELEFONO1-0']//span'
2025-05-26 08:19:34,726 - INFO - ERROR: No se ha encontrado el enlace del gestor en la página.
2025-05-26 08:19:47,820 - ERROR - ERROR: No se encontró la imagen para generar el EXCEL.
2025-05-26 08:19:47,820 - INFO - ERROR: No se ha encontrado la imagen para generar el Excel.
