2025-05-26 09:01:04,232 - INFO - Inicializando navegador...
2025-05-26 09:01:05,162 - INFO - Web 'https://sdr.arc.cat/sdr/ListNimas.do?menu=G' abierta.
2025-05-26 09:01:05,311 - INFO - Se escribió texto en el elemento localizado por name='cercaNif': 'B08173411'
2025-05-26 09:01:14,873 - INFO - Elemento clickado con 'xpath' = '//button[contains(., 'CERCAR')]'.
2025-05-26 09:01:19,982 - ERROR - Timeout al esperar el elemento con 'xpath' = '//div[contains(@class, 'col-xs-4') and b[normalize-space(text())='Nif:'] and contains(., 'B08173411')]'
2025-05-26 09:01:19,982 - ERROR - No se pudo encontrar el campo NIF en Cataluña
2025-05-26 09:01:25,092 - ERROR - Timeout al esperar el elemento con 'xpath' = '//div[contains(@class, 'col-xs-4') and b[normalize-space(text())='Nima:']]'
2025-05-26 09:01:25,092 - ERROR - Error al obtener texto del elemento con 'xpath' = '//div[contains(@class, 'col-xs-4') and b[normalize-space(text())='Nima:']]': Message: 
Stacktrace:
	GetHandleVerifier [0x011FFC03+61635]
	GetHandleVerifier [0x011FFC44+61700]
	(No symbol) [0x010205D3]
	(No symbol) [0x0106899E]
	(No symbol) [0x01068D3B]
	(No symbol) [0x010B0E12]
	(No symbol) [0x0108D2E4]
	(No symbol) [0x010AE61B]
	(No symbol) [0x0108D096]
	(No symbol) [0x0105C840]
	(No symbol) [0x0105D6A4]
	GetHandleVerifier [0x01484523+2701795]
	GetHandleVerifier [0x0147FCA6+2683238]
	GetHandleVerifier [0x0149A9EE+2793134]
	GetHandleVerifier [0x012168C5+155013]
	GetHandleVerifier [0x0121CFAD+181357]
	GetHandleVerifier [0x01207458+92440]
	GetHandleVerifier [0x01207600+92864]
	GetHandleVerifier [0x011F1FF0+5296]
	BaseThreadInitThunk [0x76D95D49+25]
	RtlInitializeExceptionChain [0x775DD03B+107]
	RtlGetAppContainerNamedObjectPath [0x775DCFC1+561]

2025-05-26 09:01:30,219 - ERROR - Timeout al esperar el elemento con 'xpath' = '//div[contains(@class, 'col-xs-8') and b[normalize-space(text())='Raó social:']]'
2025-05-26 09:01:30,219 - ERROR - Error al obtener texto del elemento con 'xpath' = '//div[contains(@class, 'col-xs-8') and b[normalize-space(text())='Raó social:']]': Message: 
Stacktrace:
	GetHandleVerifier [0x011FFC03+61635]
	GetHandleVerifier [0x011FFC44+61700]
	(No symbol) [0x010205D3]
	(No symbol) [0x0106899E]
	(No symbol) [0x01068D3B]
	(No symbol) [0x010B0E12]
	(No symbol) [0x0108D2E4]
	(No symbol) [0x010AE61B]
	(No symbol) [0x0108D096]
	(No symbol) [0x0105C840]
	(No symbol) [0x0105D6A4]
	GetHandleVerifier [0x01484523+2701795]
	GetHandleVerifier [0x0147FCA6+2683238]
	GetHandleVerifier [0x0149A9EE+2793134]
	GetHandleVerifier [0x012168C5+155013]
	GetHandleVerifier [0x0121CFAD+181357]
	GetHandleVerifier [0x01207458+92440]
	GetHandleVerifier [0x01207600+92864]
	GetHandleVerifier [0x011F1FF0+5296]
	BaseThreadInitThunk [0x76D95D49+25]
	RtlInitializeExceptionChain [0x775DD03B+107]
	RtlGetAppContainerNamedObjectPath [0x775DCFC1+561]

2025-05-26 09:01:30,219 - ERROR - No se pudo encontrar la fila de centro en Cataluña: module 'webFunctions' has no attribute 'obtener_elemento'
