2025-07-10 11:36:01,667 - ERROR - Error al iniciar el navegador: Message: session not created: probably user data directory is already in use, please specify a unique value for --user-data-dir argument, or don't use --user-data-dir
Stacktrace:
	GetHandleVerifier [0x0x7ff6b4196f75+76917]
	GetHandleVerifier [0x0x7ff6b4196fd0+77008]
	(No symbol) [0x0x7ff6b3f49dea]
	(No symbol) [0x0x7ff6b3f88489]
	(No symbol) [0x0x7ff6b3f82675]
	(No symbol) [0x0x7ff6b3fd5e9e]
	(No symbol) [0x0x7ff6b3fd5630]
	(No symbol) [0x0x7ff6b3fc8243]
	(No symbol) [0x0x7ff6b3f91431]
	(No symbol) [0x0x7ff6b3f921c3]
	GetHandleVerifier [0x0x7ff6b446d2ad+3051437]
	GetHandleVerifier [0x0x7ff6b4467903+3028483]
	GetHandleVerifier [0x0x7ff6b448589d+3151261]
	GetHandleVerifier [0x0x7ff6b41b183e+185662]
	GetHandleVerifier [0x0x7ff6b41b96ff+218111]
	GetHandleVerifier [0x0x7ff6b419faf4+112628]
	GetHandleVerifier [0x0x7ff6b419fca9+113065]
	GetHandleVerifier [0x0x7ff6b4186c78+10616]
	BaseThreadInitThunk [0x0x7ff8dc70e8d7+23]
	RtlUserThreadStart [0x0x7ff8dd13c34c+44]

2025-07-10 11:36:01,670 - ERROR - Error al activar la protección mejorada.
2025-07-10 11:36:01,670 - ERROR - Error al iniciar sesión en Nubelus (intento 1): 'NoneType' object has no attribute 'get'
2025-07-10 11:36:02,671 - ERROR - Error al iniciar sesión en Nubelus (intento 2): 'NoneType' object has no attribute 'get'
2025-07-10 11:36:03,672 - ERROR - Error al iniciar sesión en Nubelus (intento 3): 'NoneType' object has no attribute 'get'
2025-07-10 11:36:05,304 - INFO - Saliendo del proceso de inicio de sesión.
