2025-07-01 12:37:15,353 - INFO - Web 'chrome://settings/security' abierta.
2025-07-01 12:37:20,967 - INFO - Web 'https://portal.nubelus.es' abierta.
2025-07-01 12:37:21,036 - INFO - Se escribió texto en el elemento localizado por id='pNick_gestor': 'ecotitan'
2025-07-01 12:37:21,105 - INFO - Elemento clickado con 'id' = 'btContinuar'.
2025-07-01 12:37:21,156 - INFO - Se escribió texto en el elemento localizado por xpath='//*[@placeholder='Usuario']': 'dani'
2025-07-01 12:37:21,232 - INFO - Se escribió texto en el elemento localizado por xpath='//*[@placeholder='Contraseña']': '123456'
2025-07-01 12:37:21,280 - INFO - Elemento clickado con 'id' = 'btAceptar'.
2025-07-01 12:37:26,806 - INFO - Web 'https://portal.nubelus.es/?clave=waster2_gestionEntidadesMedioambientales' abierta.
2025-07-01 12:37:26,865 - INFO - Elemento clickado con 'css selector' = '.miBoton.mas_opciones'.
2025-07-01 12:37:26,918 - INFO - Elemento clickado con 'id' = 'moa_bGenerar_excel'.
2025-07-01 12:37:28,140 - INFO - Archivo descargado: C:\Users\Usuario\Downloads\Entidades medioambientales.xlsx
2025-07-01 12:37:28,306 - INFO - Archivo eliminado: C:\Users\Usuario\Downloads\Entidades medioambientales.xlsx
2025-07-01 12:37:28,744 - INFO - Web 'https://portal.nubelus.es/?clave=waster2_gestionEntidadesMedioambientalesCentros' abierta.
2025-07-01 12:37:28,796 - INFO - Elemento clickado con 'css selector' = '.miBoton.mas_opciones'.
2025-07-01 12:37:28,848 - INFO - Elemento clickado con 'id' = 'moa_bGenerar_excel'.
2025-07-01 12:37:30,596 - INFO - Archivo descargado: C:\Users\Usuario\Downloads\Centros de entidades medioambientales.xlsx
2025-07-01 12:37:30,629 - INFO - Archivo eliminado: C:\Users\Usuario\Downloads\Centros de entidades medioambientales.xlsx
2025-07-01 12:37:31,105 - INFO - Web 'https://portal.nubelus.es/?clave=factucit2_gestionClientes_n1' abierta.
2025-07-01 12:37:31,157 - INFO - Elemento clickado con 'css selector' = '.miBoton.mas_opciones'.
2025-07-01 12:37:31,211 - INFO - Elemento clickado con 'id' = 'moa_bGenerar_excel'.
2025-07-01 12:37:33,095 - INFO - Archivo descargado: C:\Users\Usuario\Downloads\Clientes.xlsx
2025-07-01 12:37:33,178 - INFO - Archivo eliminado: C:\Users\Usuario\Downloads\Clientes.xlsx
2025-07-01 12:37:33,648 - INFO - Web 'https://portal.nubelus.es/?clave=nubelus_gestionUsuarios' abierta.
2025-07-01 12:37:33,698 - INFO - Elemento clickado con 'css selector' = '.miBoton.mas_opciones'.
2025-07-01 12:37:33,759 - INFO - Elemento clickado con 'id' = 'moa_bGenerar_excel'.
2025-07-01 12:37:35,035 - INFO - Archivo descargado: C:\Users\Usuario\Downloads\Usuarios.xlsx
2025-07-01 12:37:35,100 - INFO - Archivo eliminado: C:\Users\Usuario\Downloads\Usuarios.xlsx
2025-07-01 12:37:35,516 - INFO - Web 'https://portal.nubelus.es/?clave=waster2_gestionAcuerdosRepresentacion' abierta.
2025-07-01 12:37:35,578 - INFO - Elemento clickado con 'css selector' = '.miBoton.mas_opciones'.
2025-07-01 12:37:35,619 - INFO - Elemento clickado con 'id' = 'moa_bGenerar_excel'.
2025-07-01 12:37:36,870 - INFO - Archivo descargado: C:\Users\Usuario\Downloads\Acuerdos de representación.xlsx
2025-07-01 12:37:36,923 - INFO - Archivo eliminado: C:\Users\Usuario\Downloads\Acuerdos de representación.xlsx
2025-07-01 12:37:37,502 - INFO - Web 'https://portal.nubelus.es/?clave=waster2_gestionContratosTratamiento' abierta.
2025-07-01 12:37:37,585 - INFO - Elemento clickado con 'css selector' = '.miBoton.mas_opciones'.
2025-07-01 12:37:37,625 - INFO - Elemento clickado con 'id' = 'moa_bGenerar_excel'.
2025-07-01 12:37:40,832 - INFO - Archivo descargado: C:\Users\Usuario\Downloads\Contratos tratamiento.xlsx
2025-07-01 12:37:41,273 - INFO - Archivo eliminado: C:\Users\Usuario\Downloads\Contratos tratamiento.xlsx
2025-07-01 12:37:41,731 - INFO - Web 'https://portal.nubelus.es/?clave=waster2_gestionContratosTratamiento&pAccion=NUEVO' abierta.
2025-07-01 12:37:41,815 - INFO - Se escribió texto en el elemento localizado por name='pFecha': '11-06-2025'
2025-07-01 12:37:43,833 - INFO - Se escribió texto y se pulsó Enter en el elemento con name 'pFecha'.
2025-07-01 12:37:44,413 - INFO - Se escribió texto en el elemento localizado por name='pFecha_caducidad': '10-06-2028'
2025-07-01 12:37:46,439 - INFO - Se escribió texto y se pulsó Enter en el elemento con name 'pFecha_caducidad'.
2025-07-01 12:37:47,022 - INFO - Se escribió texto en el elemento localizado por name='pDenominacion_origen': 'PRUEBA PRUEBA PRUEBA'
2025-07-01 12:37:49,051 - INFO - Se escribió texto y se pulsó Enter en el elemento con name 'pDenominacion_origen'.
2025-07-01 12:37:49,651 - INFO - Se escribió texto en el elemento localizado por name='pDenominacion_destino': 'METALLS DEL CAMP, S.L.'
2025-07-01 12:37:51,679 - INFO - Se escribió texto y se pulsó Enter en el elemento con name 'pDenominacion_destino'.
2025-07-01 12:37:52,279 - INFO - Se escribió texto en el elemento localizado por name='pDenominacion_destino_centro': 'METALLS DEL CAMP ( SERRA D'
2025-07-01 12:37:54,305 - INFO - Se escribió texto y se pulsó Enter en el elemento con name 'pDenominacion_destino_centro'.
2025-07-01 12:37:55,366 - INFO - Se escribió texto en el elemento localizado por name='pDenominacion_autorizacion_destino': '157/G02/CV'
2025-07-01 12:37:57,398 - INFO - Se escribió texto y se pulsó Enter en el elemento con name 'pDenominacion_autorizacion_destino'.
2025-07-01 12:37:58,493 - INFO - Se escribió texto en el elemento localizado por name='pDenominacion_operador_traslados': 'ECO TITAN S.L.'
2025-07-01 12:38:00,521 - INFO - Se escribió texto y se pulsó Enter en el elemento con name 'pDenominacion_operador_traslados'.
2025-07-01 12:38:01,584 - INFO - Se escribió texto en el elemento localizado por name='pDenominacion_autorizacion_operador_traslados': '87/A01/CV'
2025-07-01 12:38:03,606 - INFO - Se escribió texto y se pulsó Enter en el elemento con name 'pDenominacion_autorizacion_operador_traslados'.
2025-07-01 12:38:03,671 - INFO - Se escribió texto en el elemento localizado por name='pDenominacion_residuo': 'FILTROS DE ACEITE*'
2025-07-01 12:38:05,694 - INFO - Se escribió texto y se pulsó Enter en el elemento con name 'pDenominacion_residuo'.
2025-07-01 12:38:05,748 - INFO - Se escribió texto en el elemento localizado por name='pKilos_totales': '5000'
2025-07-01 12:38:07,765 - INFO - Se escribió texto y se pulsó Enter en el elemento con name 'pKilos_totales'.
2025-07-01 12:38:07,807 - INFO - Elemento clickado con 'css selector' = '.miBoton.aceptar'.
2025-07-01 12:38:08,888 - INFO - Opción 'Tratamientos' seleccionada en el elemento con 'id' = 'fContenido_seleccionado'.
2025-07-01 12:38:09,943 - INFO - Elemento clickado con 'css selector' = '.miBoton.editar.editar_1.sinTexto.dcha'.
2025-07-01 12:38:10,539 - INFO - Se escribió texto en el elemento localizado por name='pDenominacion_ema_1': 'SERVICIOS ECOLOGICOS ACITAIN, S.L.'
2025-07-01 12:38:12,571 - INFO - Se escribió texto y se pulsó Enter en el elemento con name 'pDenominacion_ema_1'.
2025-07-01 12:38:13,134 - INFO - Se escribió texto en el elemento localizado por name='pTratamiento_posterior_1_codigo_ler_2': 'R4'
2025-07-01 12:38:15,163 - INFO - Se escribió texto y se pulsó Enter en el elemento con name 'pTratamiento_posterior_1_codigo_ler_2'.
2025-07-01 12:38:15,219 - INFO - Elemento clickado con 'css selector' = '.icon-ok'.
2025-07-01 12:38:17,281 - INFO - Opción 'Notificación' seleccionada en el elemento con 'id' = 'fContenido_seleccionado'.
2025-07-01 12:40:18,530 - ERROR - No se detectaron todas las descargas esperadas (1). Solo detectados: 0
2025-07-01 12:40:18,570 - INFO - Opción 'Notificación' seleccionada en el elemento con 'id' = 'fContenido_seleccionado'.
2025-07-01 12:40:19,684 - INFO - Opción 'Si' seleccionada en el elemento con 'name' = 'pNt_notificada_sn'.
2025-07-01 12:40:20,239 - INFO - Elemento clickado con 'css selector' = '.icon-ok'.
2025-07-01 12:40:20,239 - ERROR - No se detectó la descarga del archivo de notificación en la carpeta destino.
2025-07-01 12:40:21,298 - INFO - Opción 'Facturación' seleccionada en el elemento con 'id' = 'fContenido_seleccionado'.
2025-07-01 12:40:23,426 - INFO - Se escribió texto en el elemento localizado por name='pNombre_cliente': 'PRUEBA PRUEBA PRUEBA'
2025-07-01 12:40:25,451 - INFO - Se escribió texto y se pulsó Enter en el elemento con name 'pNombre_cliente'.
2025-07-01 12:40:25,552 - INFO - Se escribió texto en el elemento localizado por name='pDenominacion_producto': 'FILTROS DE ACEITE*'
2025-07-01 12:40:27,576 - INFO - Se escribió texto y se pulsó Enter en el elemento con name 'pDenominacion_producto'.
2025-07-01 12:40:29,625 - INFO - Elemento clickado con 'css selector' = '.miBoton.aceptar'.
2025-07-01 12:40:32,109 - INFO - Web 'https://portal.nubelus.es/?clave=waster2_gestionContratosTratamiento&pAccion=NUEVO' abierta.
2025-07-01 12:40:32,204 - INFO - Se escribió texto en el elemento localizado por name='pFecha': '11-06-2025'
2025-07-01 12:40:34,242 - INFO - Se escribió texto y se pulsó Enter en el elemento con name 'pFecha'.
2025-07-01 12:40:34,834 - INFO - Se escribió texto en el elemento localizado por name='pFecha_caducidad': '10-06-2028'
2025-07-01 12:40:36,859 - INFO - Se escribió texto y se pulsó Enter en el elemento con name 'pFecha_caducidad'.
2025-07-01 12:40:37,458 - INFO - Se escribió texto en el elemento localizado por name='pDenominacion_origen': 'PRUEBA PRUEBA PRUEBA'
2025-07-01 12:40:39,488 - INFO - Se escribió texto y se pulsó Enter en el elemento con name 'pDenominacion_origen'.
2025-07-01 12:40:40,087 - INFO - Se escribió texto en el elemento localizado por name='pDenominacion_destino': 'METALLS DEL CAMP, S.L.'
2025-07-01 12:40:42,117 - INFO - Se escribió texto y se pulsó Enter en el elemento con name 'pDenominacion_destino'.
2025-07-01 12:40:42,696 - INFO - Se escribió texto en el elemento localizado por name='pDenominacion_destino_centro': 'METALLS DEL CAMP ( SERRA D'
2025-07-01 12:40:44,723 - INFO - Se escribió texto y se pulsó Enter en el elemento con name 'pDenominacion_destino_centro'.
2025-07-01 12:40:45,785 - INFO - Se escribió texto en el elemento localizado por name='pDenominacion_autorizacion_destino': '157/G02/CV'
2025-07-01 12:40:47,842 - INFO - Se escribió texto y se pulsó Enter en el elemento con name 'pDenominacion_autorizacion_destino'.
2025-07-01 12:40:48,913 - INFO - Se escribió texto en el elemento localizado por name='pDenominacion_operador_traslados': 'ECO TITAN S.L.'
2025-07-01 12:40:50,941 - INFO - Se escribió texto y se pulsó Enter en el elemento con name 'pDenominacion_operador_traslados'.
2025-07-01 12:40:52,001 - INFO - Se escribió texto en el elemento localizado por name='pDenominacion_autorizacion_operador_traslados': '87/A01/CV'
2025-07-01 12:40:54,031 - INFO - Se escribió texto y se pulsó Enter en el elemento con name 'pDenominacion_autorizacion_operador_traslados'.
2025-07-01 12:40:54,128 - INFO - Se escribió texto en el elemento localizado por name='pDenominacion_residuo': 'ACEITE USADO*'
2025-07-01 12:40:56,159 - INFO - Se escribió texto y se pulsó Enter en el elemento con name 'pDenominacion_residuo'.
2025-07-01 12:40:56,234 - INFO - Se escribió texto en el elemento localizado por name='pKilos_totales': '8000'
2025-07-01 12:40:58,289 - INFO - Se escribió texto y se pulsó Enter en el elemento con name 'pKilos_totales'.
2025-07-01 12:40:58,326 - INFO - Elemento clickado con 'css selector' = '.miBoton.aceptar'.
2025-07-01 12:40:59,380 - INFO - Opción 'Tratamientos' seleccionada en el elemento con 'id' = 'fContenido_seleccionado'.
2025-07-01 12:41:00,432 - INFO - Elemento clickado con 'css selector' = '.miBoton.editar.editar_1.sinTexto.dcha'.
2025-07-01 12:41:01,015 - INFO - Se escribió texto en el elemento localizado por name='pDenominacion_ema_1': 'INGAROIL, S.L.U.'
2025-07-01 12:41:03,042 - INFO - Se escribió texto y se pulsó Enter en el elemento con name 'pDenominacion_ema_1'.
2025-07-01 12:41:03,606 - INFO - Se escribió texto en el elemento localizado por name='pTratamiento_posterior_1_codigo_ler_2': 'R9'
2025-07-01 12:41:05,637 - INFO - Se escribió texto y se pulsó Enter en el elemento con name 'pTratamiento_posterior_1_codigo_ler_2'.
2025-07-01 12:41:05,683 - INFO - Elemento clickado con 'css selector' = '.icon-ok'.
2025-07-01 12:41:07,739 - INFO - Opción 'Notificación' seleccionada en el elemento con 'id' = 'fContenido_seleccionado'.
2025-07-01 12:43:08,995 - ERROR - No se detectaron todas las descargas esperadas (1). Solo detectados: 0
2025-07-01 12:43:09,029 - ERROR - Falló al seleccionar la opción 'Notificación' en el elemento con 'id' = 'fContenido_seleccionado': Message: Could not locate element with visible text: Notificación; For documentation on this error, please visit: https://www.selenium.dev/documentation/webdriver/troubleshooting/errors#no-such-element-exception

2025-07-01 12:43:09,029 - ERROR - Error al crear notificación de tratamiento: Message: Could not locate element with visible text: Notificación; For documentation on this error, please visit: https://www.selenium.dev/documentation/webdriver/troubleshooting/errors#no-such-element-exception

