2025-05-28 16:40:51,565 - INFO - Imported existing <module 'comtypes.gen' from 'C:\\Users\\Metalls1\\Documents\\GitHub\\PythonProject\\.venv\\Lib\\site-packages\\comtypes\\gen\\__init__.py'>
2025-05-28 16:40:51,566 - INFO - Using writeable comtypes cache directory: 'C:\Users\Metalls1\Documents\GitHub\PythonProject\.venv\Lib\site-packages\comtypes\gen'
2025-05-28 16:40:53,814 - INFO - Inicializando navegador...
2025-05-28 16:40:54,940 - INFO - Web 'https://sede.miteco.gob.es/portal/site/seMITECO/login?urlLoginRedirect=L3BvcnRhbC9zaXRlL3NlTUlURUNPL3BvcnRsZXRfYnVzP2lkX3Byb2NlZGltaWVudG89NzM2JmlkZW50aWZpY2Fkb3JfcGFzbz1QUkVJTklDSU8mc3ViX29yZ2Fubz0xMSZwcmV2aW9fbG9naW49MQ==' abierta.
2025-05-28 16:40:56,474 - INFO - Elemento clickado con 'css selector' = 'input[value='acceder']'.
2025-05-28 16:40:57,042 - INFO - Elemento clickado con 'xpath' = '//button[contains(., 'Acceso DNIe / Certificado electrónico')]'.
2025-05-28 16:40:57,042 - INFO - Buscando ventana de Chrome...
2025-05-28 16:40:57,635 - INFO - Ventana de Chrome encontrada: Cl@ve - Google Chrome
2025-05-28 16:40:58,137 - INFO - Esperando popup de certificado...
2025-05-28 16:40:58,159 - INFO - Popup de certificado detectado.
2025-05-28 16:40:58,185 - INFO - Nombres de certificados encontrados: ['52304124P RICARDO ESCUDE (R: B21661046)', 'AC Representación', '69C3999FFE15A7F867E50206DCC17186']
2025-05-28 16:40:58,185 - INFO - Primer certificado encontrado: 52304124P RICARDO ESCUDE (R: B21661046)
2025-05-28 16:40:59,187 - INFO - Certificado encontrado con nombre: 52304124P RICARDO ESCUDE (R: B21661046)
2025-05-28 16:40:59,188 - INFO - Intentando hacer clic en el certificado: 52304124P RICARDO ESCUDE (R: B21661046)
2025-05-28 16:41:00,087 - INFO - Buscando botón 'Aceptar'...
2025-05-28 16:41:00,130 - INFO - ¡Botón 'Aceptar' encontrado! Haciendo click...
2025-05-28 16:41:09,144 - INFO - Se escribió texto en el elemento localizado por id='id_direccion': 'Direccion'
2025-05-28 16:41:09,196 - INFO - Opción 'España' seleccionada en el elemento con 'id' = 'id_pais'.
2025-05-28 16:41:09,524 - INFO - Opción 'València/Valencia' seleccionada en el elemento con 'id' = 'id_provincia'.
2025-05-28 16:41:09,958 - INFO - Opción 'Aldaia' seleccionada en el elemento con 'id' = 'id_municipio'.
2025-05-28 16:41:10,014 - INFO - Se escribió texto en el elemento localizado por id='id_codigo_postal': '46003'
2025-05-28 16:41:10,072 - INFO - Se escribió texto en el elemento localizado por id='id_telefono': '912345678'
2025-05-28 16:41:10,132 - INFO - Se escribió texto en el elemento localizado por id='id_telefono_movil': '612345678'
2025-05-28 16:41:10,198 - INFO - Se escribió texto en el elemento localizado por id='id_correo_electronico': 'correo@electronico.com'
2025-05-28 16:41:10,253 - INFO - Se escribió texto en el elemento localizado por id='id_fax': '012345678'
2025-05-28 16:41:12,506 - INFO - Elemento clickado con 'id' = 'btnForm'.
2025-05-28 16:41:17,623 - INFO - Elemento clickado con 'id' = 'tipoEnvioNtA'.
2025-05-28 16:41:17,660 - INFO - Se escribió texto en el elemento localizado por id='file': 'C:/Users/Metalls1/Documents/GitHub/PythonProject/data/NT30460004811420250009891.xml'
2025-05-28 16:41:17,707 - INFO - Elemento clickado con 'css selector' = '.loginBtn'.
