2025-05-28 18:03:31,017 - INFO - Imported existing <module 'comtypes.gen' from 'C:\\Users\\USUARIO\\Documents\\GitHub\\PythonProject\\.venv\\Lib\\site-packages\\comtypes\\gen\\__init__.py'>
2025-05-28 18:03:31,018 - INFO - Using writeable comtypes cache directory: 'C:\Users\USUARIO\Documents\GitHub\PythonProject\.venv\Lib\site-packages\comtypes\gen'
2025-05-28 18:03:33,598 - INFO - Inicializando navegador...
2025-05-28 18:03:33,948 - INFO - Web 'https://sede.miteco.gob.es/portal/site/seMITECO/login?urlLoginRedirect=L3BvcnRhbC9zaXRlL3NlTUlURUNPL3BvcnRsZXRfYnVzP2lkX3Byb2NlZGltaWVudG89NzM2JmlkZW50aWZpY2Fkb3JfcGFzbz1QUkVJTklDSU8mc3ViX29yZ2Fubz0xMSZwcmV2aW9fbG9naW49MQ==' abierta.
2025-05-28 18:03:34,262 - INFO - Elemento clickado con 'css selector' = 'input[value='acceder']'.
2025-05-28 18:03:34,836 - INFO - Elemento clickado con 'xpath' = '//button[contains(., 'Acceso DNIe / Certificado electrónico')]'.
2025-05-28 18:03:34,836 - INFO - Buscando ventana de Chrome...
2025-05-28 18:03:35,420 - INFO - Ventana de Chrome encontrada: Cl@ve - Google Chrome
2025-05-28 18:03:35,921 - INFO - Esperando popup de certificado...
2025-05-28 18:03:35,947 - INFO - Popup de certificado detectado.
2025-05-28 18:03:36,022 - INFO - Nombres de certificados encontrados: ['19848505B FRANCISCO JAVIER CARBONELL (R: B19811983)', 'AC Representación', '320C7BDFA6C0EA12668BA73499176EE6', '26881018K LILIANA FERNANDA PEREZ (R:B43693274)', 'ACCVCA-120', '32207E732CFC55FBC69159D3BD3B0B7B']
2025-05-28 18:03:36,023 - INFO - Primer certificado encontrado: 19848505B FRANCISCO JAVIER CARBONELL (R: B19811983)
2025-05-28 18:03:42,030 - ERROR - No hay certificados con el nombre 'VICENTE'.
2025-05-28 18:03:42,030 - INFO - Buscando botón 'Aceptar'...
2025-05-28 18:03:42,137 - INFO - ¡Botón 'Aceptar' encontrado! Haciendo click...
2025-05-28 18:03:50,312 - INFO - Se escribió texto en el elemento localizado por id='id_direccion': 'Direccion'
2025-05-28 18:03:50,386 - INFO - Opción 'España' seleccionada en el elemento con 'id' = 'id_pais'.
2025-05-28 18:03:50,722 - INFO - Opción 'València/Valencia' seleccionada en el elemento con 'id' = 'id_provincia'.
2025-05-28 18:03:50,973 - INFO - Opción 'Aldaia' seleccionada en el elemento con 'id' = 'id_municipio'.
2025-05-28 18:03:51,056 - INFO - Se escribió texto en el elemento localizado por id='id_codigo_postal': '46003'
2025-05-28 18:03:51,140 - INFO - Se escribió texto en el elemento localizado por id='id_telefono': '912345678'
2025-05-28 18:03:51,227 - INFO - Se escribió texto en el elemento localizado por id='id_telefono_movil': '612345678'
2025-05-28 18:03:51,320 - INFO - Se escribió texto en el elemento localizado por id='id_correo_electronico': 'correo@electronico.com'
2025-05-28 18:03:51,403 - INFO - Se escribió texto en el elemento localizado por id='id_fax': '012345678'
2025-05-28 18:03:52,801 - INFO - Elemento clickado con 'id' = 'btnForm'.
2025-05-28 18:03:58,027 - INFO - Elemento clickado con 'id' = 'tipoEnvioNtA'.
2025-05-28 18:03:58,082 - INFO - Se escribió texto en el elemento localizado por id='file': 'C:/Users/USUARIO/Documents/GitHub/PythonProject/data/NT30460004811420250009891.xml'
2025-05-28 18:03:58,151 - INFO - Elemento clickado con 'css selector' = '.loginBtn'.
2025-05-28 18:03:59,290 - INFO - Elemento clickado con 'xpath' = '//button[contains(., 'Continuar')]'.
2025-05-28 18:04:02,859 - INFO - Elemento clickado con 'id' = 'bSiguiente'.
2025-05-28 18:04:02,949 - INFO - Elemento clickado con 'id' = 'idFirmarRegistrar'.
