2025-05-07 13:45:16,609 - INFO - Imported existing <module 'comtypes.gen' from 'C:\\Users\\Usuario\\PycharmProjects\\PythonProject\\.venv\\Lib\\site-packages\\comtypes\\gen\\__init__.py'>
2025-05-07 13:45:16,610 - INFO - Using writeable comtypes cache directory: 'C:\Users\Usuario\PycharmProjects\PythonProject\.venv\Lib\site-packages\comtypes\gen'
2025-05-07 13:45:19,681 - INFO - Inicializando navegador...
2025-05-07 13:45:20,185 - INFO - Web 'https://sede.miteco.gob.es/portal/site/seMITECO/portlet_bus?id_procedimiento=736&identificador_paso=PREINICIO&sub_organo=11&previo_login=1' abierta.
2025-05-07 13:45:20,570 - INFO - Elemento clickado con 'css selector' = 'input[value='acceder']'.
2025-05-07 13:45:21,580 - INFO - Elemento clickado con 'xpath' = '//span[text()='Acceso DNIe / Certificado electrónico']'.
2025-05-07 13:45:21,581 - INFO - Buscando ventana de Chrome...
2025-05-07 13:45:22,259 - INFO - Ventana de Chrome encontrada: Cl@ve - Google Chrome
2025-05-07 13:45:22,761 - INFO - Esperando popup de certificado (versión modificada)...
2025-05-07 13:45:22,788 - INFO - Popup de certificado detectado (versión modificada).
2025-05-07 13:45:22,793 - INFO - Certificados encontrados (versión modificada): [<PaneControl ClassName='' AutomationId= Rect=(625,93,1295,485)[670x392] Name='' Handle=0x0(0)>]
2025-05-07 13:45:22,793 - INFO - Primer certificado encontrado: 
2025-05-07 13:45:22,793 - INFO - Buscando certificado '' en la lista...
2025-05-07 13:45:22,795 - INFO - Buscando certificado 'True' en la lista...
2025-05-07 13:45:23,301 - INFO - Este es el nombre de uno de los certificados: 'True'
2025-05-07 13:45:24,511 - INFO - Certificado encontrado con nombre: 
2025-05-07 13:45:24,540 - INFO - Intentando hacer clic en el certificado: 
2025-05-07 13:45:25,470 - INFO - Entrando en _click_boton_aceptar...
2025-05-07 13:45:25,470 - INFO - Buscando botón 'Aceptar'...
2025-05-07 13:45:25,609 - INFO - ¡Botón 'Aceptar' encontrado! Haciendo click...
