2025-07-10 11:45:13,363 - INFO - Web 'chrome://settings/security' abierta.
2025-07-10 11:45:21,713 - INFO - Web 'https://portal.nubelus.es' abierta.
2025-07-10 11:45:21,777 - INFO - Se escribió texto en el elemento localizado por id='pNick_gestor': 'ecotitan'
2025-07-10 11:45:21,826 - INFO - Elemento clickado con 'id' = 'btContinuar'.
2025-07-10 11:45:21,885 - INFO - Se escribió texto en el elemento localizado por xpath='//*[@placeholder='Usuario']': 'dani'
2025-07-10 11:45:21,940 - INFO - Se escribió texto en el elemento localizado por xpath='//*[@placeholder='Contraseña']': '123456'
2025-07-10 11:45:21,993 - INFO - Elemento clickado con 'id' = 'btAceptar'.
2025-07-10 11:45:27,745 - INFO - Web 'https://portal.nubelus.es/?clave=waster2_gestionEntidadesMedioambientales' abierta.
2025-07-10 11:45:27,803 - INFO - Elemento clickado con 'css selector' = '.miBoton.mas_opciones'.
2025-07-10 11:45:27,861 - INFO - Elemento clickado con 'id' = 'moa_bGenerar_excel'.
2025-07-10 11:45:29,123 - INFO - Archivo descargado: C:\Users\Usuario\Downloads\Entidades medioambientales.xlsx
2025-07-10 11:45:29,289 - INFO - Archivo eliminado: C:\Users\Usuario\Downloads\Entidades medioambientales.xlsx
2025-07-10 11:45:29,950 - INFO - Web 'https://portal.nubelus.es/?clave=waster2_gestionEntidadesMedioambientalesCentros' abierta.
2025-07-10 11:45:30,002 - INFO - Elemento clickado con 'css selector' = '.miBoton.mas_opciones'.
2025-07-10 11:45:30,054 - INFO - Elemento clickado con 'id' = 'moa_bGenerar_excel'.
2025-07-10 11:45:31,319 - INFO - Archivo descargado: C:\Users\Usuario\Downloads\Centros de entidades medioambientales.xlsx
2025-07-10 11:45:31,360 - INFO - Archivo eliminado: C:\Users\Usuario\Downloads\Centros de entidades medioambientales.xlsx
2025-07-10 11:45:32,366 - INFO - Web 'https://portal.nubelus.es/?clave=waster2_gestionEntidadesMedioambientalesCentros&pAccion=NUEVO' abierta.
2025-07-10 11:45:32,366 - INFO - Añadiendo centro: TEST
2025-07-10 11:45:32,418 - INFO - Se escribió texto en el elemento localizado por id='pDenominacion': 'TEST'
2025-07-10 11:45:32,490 - INFO - Se escribió texto en el elemento localizado por name='pDenominacion_ema': 'TEST'
2025-07-10 11:45:34,517 - INFO - Se escribió texto y se pulsó Enter en el elemento con name 'pDenominacion_ema'.
2025-07-10 11:45:34,593 - INFO - Se escribió texto en el elemento localizado por name='pDomicilio': 'C/ REAL, 66'
2025-07-10 11:45:34,646 - INFO - Se escribió texto en el elemento localizado por name='pDenominacion_ine_municipio': '451685'
2025-07-10 11:45:36,651 - ERROR - No se pudo escribir y pulsar Enter en el elemento con name 'pDenominacion_ine_municipio': Message: invalid session id: session deleted as the browser has closed the connection
from disconnected: not connected to DevTools
  (Session info: chrome=138.0.7204.97)
Stacktrace:
	GetHandleVerifier [0x0x7ff6b4196f75+76917]
	GetHandleVerifier [0x0x7ff6b4196fd0+77008]
	(No symbol) [0x0x7ff6b3f49dea]
	(No symbol) [0x0x7ff6b3f35f15]
	(No symbol) [0x0x7ff6b3f5abf4]
	(No symbol) [0x0x7ff6b3fcfa85]
	(No symbol) [0x0x7ff6b3feff72]
	(No symbol) [0x0x7ff6b3fc8243]
	(No symbol) [0x0x7ff6b3f91431]
	(No symbol) [0x0x7ff6b3f921c3]
	GetHandleVerifier [0x0x7ff6b446d2ad+3051437]
	GetHandleVerifier [0x0x7ff6b4467903+3028483]
	GetHandleVerifier [0x0x7ff6b448589d+3151261]
	GetHandleVerifier [0x0x7ff6b41b183e+185662]
	GetHandleVerifier [0x0x7ff6b41b96ff+218111]
	GetHandleVerifier [0x0x7ff6b419faf4+112628]
	GetHandleVerifier [0x0x7ff6b419fca9+113065]
	GetHandleVerifier [0x0x7ff6b4186c78+10616]
	BaseThreadInitThunk [0x0x7ff8dc70e8d7+23]
	RtlUserThreadStart [0x0x7ff8dd13c34c+44]

2025-07-10 11:45:36,652 - ERROR - Error al añadir el centro TEST: Message: invalid session id: session deleted as the browser has closed the connection
from disconnected: not connected to DevTools
  (Session info: chrome=138.0.7204.97)
Stacktrace:
	GetHandleVerifier [0x0x7ff6b4196f75+76917]
	GetHandleVerifier [0x0x7ff6b4196fd0+77008]
	(No symbol) [0x0x7ff6b3f49dea]
	(No symbol) [0x0x7ff6b3f35f15]
	(No symbol) [0x0x7ff6b3f5abf4]
	(No symbol) [0x0x7ff6b3fcfa85]
	(No symbol) [0x0x7ff6b3feff72]
	(No symbol) [0x0x7ff6b3fc8243]
	(No symbol) [0x0x7ff6b3f91431]
	(No symbol) [0x0x7ff6b3f921c3]
	GetHandleVerifier [0x0x7ff6b446d2ad+3051437]
	GetHandleVerifier [0x0x7ff6b4467903+3028483]
	GetHandleVerifier [0x0x7ff6b448589d+3151261]
	GetHandleVerifier [0x0x7ff6b41b183e+185662]
	GetHandleVerifier [0x0x7ff6b41b96ff+218111]
	GetHandleVerifier [0x0x7ff6b419faf4+112628]
	GetHandleVerifier [0x0x7ff6b419fca9+113065]
	GetHandleVerifier [0x0x7ff6b4186c78+10616]
	BaseThreadInitThunk [0x0x7ff8dc70e8d7+23]
	RtlUserThreadStart [0x0x7ff8dd13c34c+44]

