2025-07-10 11:46:40,358 - INFO - Web 'chrome://settings/security' abierta.
2025-07-10 11:46:46,627 - INFO - Web 'https://portal.nubelus.es' abierta.
2025-07-10 11:46:46,698 - INFO - Se escribió texto en el elemento localizado por id='pNick_gestor': 'ecotitan'
2025-07-10 11:46:46,751 - INFO - Elemento clickado con 'id' = 'btContinuar'.
2025-07-10 11:46:46,819 - INFO - Se escribió texto en el elemento localizado por xpath='//*[@placeholder='Usuario']': 'dani'
2025-07-10 11:46:46,877 - INFO - Se escribió texto en el elemento localizado por xpath='//*[@placeholder='Contraseña']': '123456'
2025-07-10 11:46:46,925 - INFO - Elemento clickado con 'id' = 'btAceptar'.
2025-07-10 11:46:52,731 - INFO - Web 'https://portal.nubelus.es/?clave=waster2_gestionEntidadesMedioambientales' abierta.
2025-07-10 11:46:52,792 - INFO - Elemento clickado con 'css selector' = '.miBoton.mas_opciones'.
2025-07-10 11:46:52,844 - INFO - Elemento clickado con 'id' = 'moa_bGenerar_excel'.
2025-07-10 11:46:54,115 - INFO - Archivo descargado: C:\Users\Usuario\Downloads\Entidades medioambientales.xlsx
2025-07-10 11:46:54,278 - INFO - Archivo eliminado: C:\Users\Usuario\Downloads\Entidades medioambientales.xlsx
2025-07-10 11:46:54,901 - INFO - Web 'https://portal.nubelus.es/?clave=waster2_gestionEntidadesMedioambientales&pAccion=NUEVO' abierta.
2025-07-10 11:46:54,902 - INFO - Añadiendo empresa: TEST
2025-07-10 11:46:54,967 - INFO - Se escribió texto en el elemento localizado por id='pDenominacion': 'TEST'
2025-07-10 11:46:55,033 - INFO - Se escribió texto en el elemento localizado por name='pNif': 'B45318889'
2025-07-10 11:46:55,094 - INFO - Opción 'Jurídica' seleccionada en el elemento con 'name' = 'pForma_fiscal'.
2025-07-10 11:46:57,179 - INFO - Se escribió texto en el elemento localizado por name='pDenominacion_forma_juridica': 'Sociedades de responsabilidad limitada'
2025-07-10 11:46:59,203 - INFO - Se escribió texto y se pulsó Enter en el elemento con name 'pDenominacion_forma_juridica'.
2025-07-10 11:46:59,773 - INFO - Se escribió texto en el elemento localizado por name='pNombre_fiscal': 'TEST'
2025-07-10 11:46:59,787 - INFO - Se escribió texto y se pulsó Enter en el elemento con name 'pNombre_fiscal'.
2025-07-10 11:46:59,843 - INFO - Se escribió texto en el elemento localizado por name='pDomicilio': 'C/ REAL, 66'
2025-07-10 11:46:59,843 - ERROR - Error al añadir la empresa TEST: completar_campo_y_confirmar_seleccion_por_name() missing 1 required positional argument: 'boton_confirmacion_locator'
2025-07-10 11:49:34,610 - INFO - Saliendo del proceso de adición de empresas.
