2025-05-26 10:12:28,581 - INFO - Inicializando navegador...
2025-05-26 10:12:28,830 - INFO - Web 'https://gestiona.comunidad.madrid/pcea_nima_web/html/web/InicioAccion.icm' abierta.
2025-05-26 10:12:28,902 - INFO - Se escribió texto en el elemento localizado por id='nif': 'B86681426'
2025-05-26 10:12:29,767 - INFO - Elemento clickado con 'xpath' = '//a[@onclick="buscar('form');"]'.
2025-05-26 10:12:29,791 - INFO - 3 elementos encontrados con 'xpath' = '//input[@type='button' and @value='Consultar' and contains(@onclick, 'consultar(')]'.
2025-05-26 10:12:29,791 - INFO - Encontrados 3 centros asociados al NIF B86681426.
2025-05-26 10:12:29,955 - INFO - Elemento encontrado con 'xpath' = '//td[b[normalize-space(text())='NIF:']]'.
2025-05-26 10:12:29,977 - INFO - Elemento encontrado con 'xpath' = '//td[b[normalize-space(text())='Razón Social:']]'.
2025-05-26 10:12:29,996 - INFO - Elemento encontrado con 'xpath' = '//td[b[normalize-space(text())='Dirección Sede:']]'.
2025-05-26 10:12:30,017 - INFO - Elemento encontrado con 'xpath' = '//td[b[normalize-space(text())='Municipio:']]'.
2025-05-26 10:12:30,038 - INFO - Elemento encontrado con 'xpath' = '//td[b[normalize-space(text())='Código INE Municipio:']]'.
2025-05-26 10:12:30,056 - INFO - Elemento encontrado con 'xpath' = '//td[b[normalize-space(text())='CP:']]'.
2025-05-26 10:12:30,074 - INFO - Elemento encontrado con 'xpath' = '//td[b[normalize-space(text())='Provincia:']]'.
2025-05-26 10:12:30,093 - INFO - Elemento encontrado con 'xpath' = '//td[b[normalize-space(text())='Código INE Provincia:']]'.
2025-05-26 10:12:30,111 - INFO - Elemento encontrado con 'xpath' = '//td[b[normalize-space(text())='Denominación del Centro:']]'.
2025-05-26 10:12:30,129 - INFO - Elemento encontrado con 'xpath' = '//td[b[normalize-space(text())='NIMA:']]'.
2025-05-26 10:12:30,159 - INFO - Elemento encontrado con 'xpath' = '//td[b[normalize-space(text())='Dirección Centro:']]'.
2025-05-26 10:12:30,189 - INFO - Elemento encontrado con 'xpath' = '//td[b[normalize-space(text())='Municipio:']]'.
2025-05-26 10:12:30,205 - INFO - Elemento encontrado con 'xpath' = '//td[b[normalize-space(text())='Código INE Municipio:']]'.
2025-05-26 10:12:30,219 - INFO - Elemento encontrado con 'xpath' = '//td[b[normalize-space(text())='CP:']]'.
2025-05-26 10:12:30,235 - INFO - Elemento encontrado con 'xpath' = '//td[b[normalize-space(text())='Provincia:']]'.
2025-05-26 10:12:30,251 - INFO - Elemento encontrado con 'xpath' = '//td[b[normalize-space(text())='Código INE Provincia:']]'.
2025-05-26 10:12:30,291 - INFO - 3 elementos encontrados con 'xpath' = '//input[@type='button' and @value='Consultar' and contains(@onclick, 'consultar(')]'.
2025-05-26 10:12:30,292 - ERROR - ERROR: No se han podido procesar los centros asociados: Message: stale element reference: stale element not found
  (Session info: chrome=136.0.7103.114); For documentation on this error, please visit: https://www.selenium.dev/documentation/webdriver/troubleshooting/errors#stale-element-reference-exception
Stacktrace:
	GetHandleVerifier [0x011FFC03+61635]
	GetHandleVerifier [0x011FFC44+61700]
	(No symbol) [0x010205D3]
	(No symbol) [0x01032061]
	(No symbol) [0x01031140]
	(No symbol) [0x01027880]
	(No symbol) [0x01025D81]
	(No symbol) [0x010290CA]
	(No symbol) [0x01029147]
	(No symbol) [0x0106A66A]
	(No symbol) [0x0105E52A]
	(No symbol) [0x0108D29C]
	(No symbol) [0x0105E034]
	(No symbol) [0x0108D514]
	(No symbol) [0x010AE61B]
	(No symbol) [0x0108D096]
	(No symbol) [0x0105C840]
	(No symbol) [0x0105D6A4]
	GetHandleVerifier [0x01484523+2701795]
	GetHandleVerifier [0x0147FCA6+2683238]
	GetHandleVerifier [0x0149A9EE+2793134]
	GetHandleVerifier [0x012168C5+155013]
	GetHandleVerifier [0x0121CFAD+181357]
	GetHandleVerifier [0x01207458+92440]
	GetHandleVerifier [0x01207600+92864]
	GetHandleVerifier [0x011F1FF0+5296]
	BaseThreadInitThunk [0x76D95D49+25]
	RtlInitializeExceptionChain [0x775DD03B+107]
	RtlGetAppContainerNamedObjectPath [0x775DCFC1+561]

