2025-06-20 08:50:25,814 - INFO - Web 'chrome://settings/security' abierta.
2025-06-20 08:50:31,491 - INFO - Web 'https://portal.nubelus.es' abierta.
2025-06-20 08:50:31,563 - INFO - Se escribió texto en el elemento localizado por id='pNick_gestor': 'ecotitan'
2025-06-20 08:50:31,615 - INFO - Elemento clickado con 'id' = 'btContinuar'.
2025-06-20 08:50:31,685 - INFO - Se escribió texto en el elemento localizado por xpath='//*[@placeholder='Usuario']': 'dani'
2025-06-20 08:50:31,752 - INFO - Se escribió texto en el elemento localizado por xpath='//*[@placeholder='Contraseña']': '123456'
2025-06-20 08:50:31,808 - INFO - Elemento clickado con 'id' = 'btAceptar'.
2025-06-20 08:50:37,384 - INFO - Web 'https://portal.nubelus.es/?clave=waster2_gestionEntidadesMedioambientales' abierta.
2025-06-20 08:50:37,449 - INFO - Elemento clickado con 'css selector' = '.miBoton.mas_opciones'.
2025-06-20 08:50:37,533 - INFO - Elemento clickado con 'id' = 'moa_bGenerar_excel'.
2025-06-20 08:50:38,761 - INFO - Archivo descargado: C:\Users\Usuario\Downloads\Entidades medioambientales.xlsx
2025-06-20 08:50:38,931 - INFO - Archivo eliminado: C:\Users\Usuario\Downloads\Entidades medioambientales.xlsx
2025-06-20 08:50:39,414 - INFO - Web 'https://portal.nubelus.es/?clave=waster2_gestionEntidadesMedioambientales&pAccion=NUEVO' abierta.
2025-06-20 08:50:39,414 - INFO - Añadiendo empresa: PRUEBA PRUEBA PRUEBA
2025-06-20 08:50:39,498 - INFO - Se escribió texto en el elemento localizado por id='pDenominacion': 'PRUEBA PRUEBA PRUEBA'
2025-06-20 08:50:39,557 - INFO - Se escribió texto en el elemento localizado por name='pNif': 'B45318888'
2025-06-20 08:50:39,626 - INFO - Opción 'Jurídica' seleccionada en el elemento con 'name' = 'pForma_fiscal'.
2025-06-20 08:50:41,713 - INFO - Se escribió texto en el elemento localizado por name='pDenominacion_forma_juridica': 'Sociedades de responsabilidad limitada'
2025-06-20 08:50:43,733 - INFO - Se escribió texto y se pulsó Enter en el elemento con name 'pDenominacion_forma_juridica'.
2025-06-20 08:50:44,313 - INFO - Se escribió texto en el elemento localizado por name='pNombre_fiscal': 'PRUEBA PRUEBA PRUEBA'
2025-06-20 08:50:44,330 - INFO - Se escribió texto y se pulsó Enter en el elemento con name 'pNombre_fiscal'.
2025-06-20 08:50:44,385 - INFO - Se escribió texto en el elemento localizado por name='pDomicilio': 'C/ REAL, 66'
2025-06-20 08:50:44,454 - INFO - Se escribió texto en el elemento localizado por name='pDenominacion_ine_municipio': 'YUNCOS'
2025-06-20 08:50:45,500 - INFO - Elemento clickado con 'css selector' = '.BUSCAR_INE_MUNICIPIO.noref.ui-menu-item'.
2025-06-20 08:50:45,568 - INFO - Se escribió texto en el elemento localizado por name='pPoblacion': 'TOLEDO'
2025-06-20 08:50:45,621 - INFO - Se escribió texto en el elemento localizado por name='pCodigoPostal': '45210'
2025-06-20 08:50:45,674 - INFO - Se escribió texto en el elemento localizado por name='pTelefono': '999999999'
2025-06-20 08:50:45,744 - INFO - Se escribió texto en el elemento localizado por name='pEmail': 'PRUEBA@MORENOYRODRIGUEZ.ES'
2025-06-20 08:50:45,797 - INFO - Se escribió texto en el elemento localizado por name='pNima': '4528633999'
2025-06-20 08:50:45,854 - INFO - Se escribió texto en el elemento localizado por name='pAutorizacion_medioambiental': 'CM/5TO164T'
2025-06-20 08:50:45,907 - INFO - Se escribió texto en el elemento localizado por name='pDenominacion_ema': 'P02'
2025-06-20 08:50:47,940 - INFO - Se escribió texto y se pulsó Enter en el elemento con name 'pDenominacion_ema'.
2025-06-20 08:50:47,995 - INFO - Elemento clickado con 'css selector' = '.miBoton.aceptar'.
2025-06-20 08:50:49,109 - INFO - Elemento clickado con 'css selector' = '.miBoton_cuadrado.aceptar'.
2025-06-20 08:50:49,336 - ERROR - Falló al clickar el elemento con 'xpath' = '//button[contains(., 'Crear cliente')]' (intento 1): Message: stale element reference: stale element not found in the current frame
  (Session info: chrome=137.0.7151.103); For documentation on this error, please visit: https://www.selenium.dev/documentation/webdriver/troubleshooting/errors#stale-element-reference-exception
Stacktrace:
	GetHandleVerifier [0x0x7ff7d32ccda5+78885]
	GetHandleVerifier [0x0x7ff7d32cce00+78976]
	(No symbol) [0x0x7ff7d3089bca]
	(No symbol) [0x0x7ff7d30915bd]
	(No symbol) [0x0x7ff7d309460c]
	(No symbol) [0x0x7ff7d30946df]
	(No symbol) [0x0x7ff7d30e865b]
	(No symbol) [0x0x7ff7d30e6112]
	(No symbol) [0x0x7ff7d30e3151]
	(No symbol) [0x0x7ff7d30e2041]
	(No symbol) [0x0x7ff7d30d3654]
	(No symbol) [0x0x7ff7d3108b8a]
	(No symbol) [0x0x7ff7d30d2f06]
	(No symbol) [0x0x7ff7d3108da0]
	(No symbol) [0x0x7ff7d313122f]
	(No symbol) [0x0x7ff7d3108963]
	(No symbol) [0x0x7ff7d30d16b1]
	(No symbol) [0x0x7ff7d30d2443]
	GetHandleVerifier [0x0x7ff7d35a4eed+3061101]
	GetHandleVerifier [0x0x7ff7d359f33d+3037629]
	GetHandleVerifier [0x0x7ff7d35be592+3165202]
	GetHandleVerifier [0x0x7ff7d32e730e+186766]
	GetHandleVerifier [0x0x7ff7d32eeb3f+217535]
	GetHandleVerifier [0x0x7ff7d32d59b4+114740]
	GetHandleVerifier [0x0x7ff7d32d5b69+115177]
	GetHandleVerifier [0x0x7ff7d32bc368+10728]
	BaseThreadInitThunk [0x0x7ffef3a2e8d7+23]
	RtlUserThreadStart [0x0x7ffef3bfc34c+44]

2025-06-20 08:50:49,895 - INFO - Elemento clickado con 'xpath' = '//button[contains(., 'Crear cliente')]'.
2025-06-20 08:50:49,960 - INFO - Elemento clickado con 'css selector' = '.miBoton_cuadrado.aceptar'.
2025-06-20 08:50:50,546 - INFO - Web 'https://portal.nubelus.es/?clave=waster2_gestionEntidadesMedioambientalesCentros' abierta.
2025-06-20 08:50:50,616 - INFO - Elemento clickado con 'css selector' = '.icon-bolt'.
2025-06-20 08:50:50,691 - INFO - Se escribió texto en el elemento localizado por name='pDenominacion': 'PRUEBA PRUEBA PRUEBA'
2025-06-20 08:50:52,258 - INFO - Se pulsó Enter en el elemento localizado por name='pDenominacion'.
2025-06-20 08:50:52,315 - INFO - Elemento clickado con 'css selector' = '.miBoton.aceptar'.
2025-06-20 08:50:52,891 - INFO - Opción 'Datos medioambientales' seleccionada en el elemento con 'id' = 'fContenido_seleccionado'.
2025-06-20 08:50:53,951 - INFO - Elemento clickado con 'css selector' = '.miBoton.editar.solapa_descripcion'.
2025-06-20 08:50:54,048 - INFO - Se escribió texto en el elemento localizado por name='pNima': '4528633999'
2025-06-20 08:50:54,115 - INFO - Se escribió texto en el elemento localizado por name='pResponsable_ma_nombre': 'PRUEBA PRUEBA PRUEBA'
2025-06-20 08:50:54,174 - INFO - Se escribió texto en el elemento localizado por name='pResponsable_ma_nif': 'B45318888'
2025-06-20 08:50:54,254 - INFO - Se escribió texto en el elemento localizado por name='pResponsable_ma_cargo': 'PRUEBA PRUEBA PRUEBA'
2025-06-20 08:50:54,317 - INFO - Se escribió texto en el elemento localizado por name='pDenominacion_ine_municipio': 'YUNCOS'
2025-06-20 08:50:56,343 - INFO - Se escribió texto y se pulsó Enter en el elemento con name 'pDenominacion_ine_municipio'.
2025-06-20 08:50:57,391 - INFO - Elemento clickado con 'css selector' = '.miBoton.aceptar'.
2025-06-20 08:50:58,016 - INFO - Web 'https://portal.nubelus.es/?clave=nubelus_gestionUsuarios&pAccion=NUEVO' abierta.
2025-06-20 08:50:58,091 - INFO - Se escribió texto en el elemento localizado por name='pUsuario': 'PRUEBAPRUEBAPRUEBA'
2025-06-20 08:50:58,161 - INFO - Se escribió texto en el elemento localizado por name='pAlias': 'PRUEBA PRUEBA PRUEBA'
2025-06-20 08:50:58,232 - INFO - Se escribió texto en el elemento localizado por name='pEmail': 'PRUEBA@MORENOYRODRIGUEZ.ES'
2025-06-20 08:50:58,286 - INFO - Se escribió texto en el elemento localizado por name='pTelefono': '999999999'
2025-06-20 08:50:58,344 - INFO - Opción 'EMA' seleccionada en el elemento con 'name' = 'pRol'.
2025-06-20 08:50:58,414 - INFO - Se escribió texto en el elemento localizado por name='pDenominacion_ema': 'PRUEBA PRUEBA PRUEBA'
2025-06-20 08:50:59,465 - INFO - Elemento clickado con 'css selector' = '.BUSCAR_ENTIDAD_MEDIOAMBIENTAL.noref.ui-menu-item'.
2025-06-20 08:50:59,544 - INFO - Se escribió texto en el elemento localizado por name='pDenominacion_entidad_ma_centro': 'PRUEBA PRUEBA PRUEBA'
2025-06-20 08:51:00,587 - INFO - Elemento clickado con 'css selector' = '.BUSCAR_ENTIDAD_MEDIOAMBIENTAL_CENTRO.noref.ui-menu-item'.
2025-06-20 08:51:00,636 - INFO - Elemento clickado con 'css selector' = '.miBoton.aceptar'.
2025-06-20 08:51:02,112 - INFO - Web 'https://portal.nubelus.es/?clave=waster2_gestionAcuerdosRepresentacion&pAccion=NUEVO' abierta.
2025-06-20 08:51:03,186 - INFO - Se escribió texto en el elemento localizado por name='pDenominacion_ema_representada': 'PRUEBA PRUEBA PRUEBA'
2025-06-20 08:51:04,713 - INFO - Se pulsó Enter en el elemento localizado por name='pDenominacion_ema_representada'.
2025-06-20 08:51:04,802 - INFO - Se escribió texto en el elemento localizado por name='pFecha': '11-06-2025'
2025-06-20 08:51:04,887 - INFO - Se escribió texto en el elemento localizado por name='pFecha_caducidad': '10-06-2030'
2025-06-20 08:51:04,934 - INFO - Elemento clickado con 'css selector' = '.miBoton.aceptar'.
2025-06-20 08:51:06,429 - INFO - Web 'https://portal.nubelus.es/?clave=waster2_gestionContratosTratamiento&pAccion=NUEVO' abierta.
2025-06-20 08:51:06,520 - INFO - Se escribió texto en el elemento localizado por name='pFecha': '11-06-2025'
2025-06-20 08:51:08,553 - INFO - Se escribió texto y se pulsó Enter en el elemento con name 'pFecha'.
2025-06-20 08:51:09,139 - INFO - Se escribió texto en el elemento localizado por name='pFecha_caducidad': '10-06-2028'
2025-06-20 08:51:11,169 - INFO - Se escribió texto y se pulsó Enter en el elemento con name 'pFecha_caducidad'.
2025-06-20 08:51:11,752 - INFO - Se escribió texto en el elemento localizado por name='pDenominacion_origen': 'PRUEBA PRUEBA PRUEBA'
2025-06-20 08:51:13,784 - INFO - Se escribió texto y se pulsó Enter en el elemento con name 'pDenominacion_origen'.
2025-06-20 08:51:14,379 - INFO - Se escribió texto en el elemento localizado por name='pDenominacion_destino': 'METALLS DEL CAMP, S.L.'
2025-06-20 08:51:16,414 - INFO - Se escribió texto y se pulsó Enter en el elemento con name 'pDenominacion_destino'.
2025-06-20 08:51:17,008 - INFO - Se escribió texto en el elemento localizado por name='pDenominacion_destino_centro': 'METALLS DEL CAMP, S.L.U. (EL ROMERAL)'
2025-06-20 08:51:19,043 - INFO - Se escribió texto y se pulsó Enter en el elemento con name 'pDenominacion_destino_centro'.
2025-06-20 08:51:20,121 - INFO - Se escribió texto en el elemento localizado por name='pDenominacion_autorizacion_destino': '4570002919'
2025-06-20 08:51:22,153 - INFO - Se escribió texto y se pulsó Enter en el elemento con name 'pDenominacion_autorizacion_destino'.
2025-06-20 08:51:23,254 - INFO - Se escribió texto en el elemento localizado por name='pDenominacion_operador_traslados': 'ECO TITAN S.L.'
2025-06-20 08:51:25,304 - INFO - Se escribió texto y se pulsó Enter en el elemento con name 'pDenominacion_operador_traslados'.
2025-06-20 08:51:26,365 - INFO - Se escribió texto en el elemento localizado por name='pDenominacion_autorizacion_operador_traslados': '87/A01/CV'
2025-06-20 08:51:28,398 - INFO - Se escribió texto y se pulsó Enter en el elemento con name 'pDenominacion_autorizacion_operador_traslados'.
2025-06-20 08:51:28,465 - INFO - Se escribió texto en el elemento localizado por name='pDenominacion_residuo': 'FILTROS DE ACEITE*'
2025-06-20 08:51:30,503 - INFO - Se escribió texto y se pulsó Enter en el elemento con name 'pDenominacion_residuo'.
2025-06-20 08:51:30,554 - INFO - Se escribió texto en el elemento localizado por name='pKilos_totales': '5000'
2025-06-20 08:51:32,585 - INFO - Se escribió texto y se pulsó Enter en el elemento con name 'pKilos_totales'.
2025-06-20 08:51:32,630 - INFO - Elemento clickado con 'css selector' = '.miBoton.aceptar'.
2025-06-20 08:51:33,735 - INFO - Opción 'Tratamientos' seleccionada en el elemento con 'id' = 'fContenido_seleccionado'.
2025-06-20 08:51:34,804 - INFO - Elemento clickado con 'css selector' = '.miBoton.editar.editar_1.sinTexto.dcha'.
2025-06-20 08:51:35,416 - INFO - Se escribió texto en el elemento localizado por name='pDenominacion_ema_1': 'SERVICIOS ECOLOGICOS ACITAIN, S.L.'
2025-06-20 08:51:37,457 - INFO - Se escribió texto y se pulsó Enter en el elemento con name 'pDenominacion_ema_1'.
2025-06-20 08:51:38,024 - INFO - Se escribió texto en el elemento localizado por name='pTratamiento_posterior_1_codigo_ler_2': 'R4'
2025-06-20 08:51:40,055 - INFO - Se escribió texto y se pulsó Enter en el elemento con name 'pTratamiento_posterior_1_codigo_ler_2'.
2025-06-20 08:51:40,117 - INFO - Elemento clickado con 'css selector' = '.icon-ok'.
2025-06-20 08:51:42,206 - INFO - Opción 'Notificación' seleccionada en el elemento con 'id' = 'fContenido_seleccionado'.
2025-06-20 08:51:43,288 - INFO - Elemento clickado con 'css selector' = '.icon-magic'.
2025-06-20 08:51:44,291 - INFO - Archivo nuevo detectado: NT30460004811420250011239.xml
2025-06-20 08:51:44,291 - INFO - Archivo de notificación descargado en: NT30460004811420250011239.xml
2025-06-20 08:51:45,381 - INFO - Opción 'Facturación' seleccionada en el elemento con 'id' = 'fContenido_seleccionado'.
2025-06-20 08:51:47,544 - INFO - Se escribió texto en el elemento localizado por name='pNombre_cliente': 'PRUEBA PRUEBA PRUEBA'
2025-06-20 08:51:49,613 - INFO - Se escribió texto y se pulsó Enter en el elemento con name 'pNombre_cliente'.
2025-06-20 08:51:49,685 - INFO - Se escribió texto en el elemento localizado por name='pDenominacion_producto': 'FILTROS DE ACEITE*'
2025-06-20 08:51:51,724 - INFO - Se escribió texto y se pulsó Enter en el elemento con name 'pDenominacion_producto'.
2025-06-20 08:51:53,783 - INFO - Elemento clickado con 'css selector' = '.miBoton.aceptar'.
2025-06-20 08:51:56,291 - INFO - Web 'https://portal.nubelus.es/?clave=waster2_gestionContratosTratamiento&pAccion=NUEVO' abierta.
2025-06-20 08:51:56,395 - INFO - Se escribió texto en el elemento localizado por name='pFecha': '11-06-2025'
2025-06-20 08:51:58,428 - INFO - Se escribió texto y se pulsó Enter en el elemento con name 'pFecha'.
2025-06-20 08:51:59,020 - INFO - Se escribió texto en el elemento localizado por name='pFecha_caducidad': '10-06-2028'
2025-06-20 08:52:01,041 - INFO - Se escribió texto y se pulsó Enter en el elemento con name 'pFecha_caducidad'.
2025-06-20 08:52:01,612 - INFO - Se escribió texto en el elemento localizado por name='pDenominacion_origen': 'PRUEBA PRUEBA PRUEBA'
2025-06-20 08:52:03,644 - INFO - Se escribió texto y se pulsó Enter en el elemento con name 'pDenominacion_origen'.
2025-06-20 08:52:04,263 - INFO - Se escribió texto en el elemento localizado por name='pDenominacion_destino': 'METALLS DEL CAMP, S.L.'
2025-06-20 08:52:06,289 - INFO - Se escribió texto y se pulsó Enter en el elemento con name 'pDenominacion_destino'.
2025-06-20 08:52:06,884 - INFO - Se escribió texto en el elemento localizado por name='pDenominacion_destino_centro': 'METALLS DEL CAMP, S.L.U. (EL ROMERAL)'
2025-06-20 08:52:08,918 - INFO - Se escribió texto y se pulsó Enter en el elemento con name 'pDenominacion_destino_centro'.
2025-06-20 08:52:09,984 - INFO - Se escribió texto en el elemento localizado por name='pDenominacion_autorizacion_destino': '4570002919'
2025-06-20 08:52:12,016 - INFO - Se escribió texto y se pulsó Enter en el elemento con name 'pDenominacion_autorizacion_destino'.
2025-06-20 08:52:13,089 - INFO - Se escribió texto en el elemento localizado por name='pDenominacion_operador_traslados': 'ECO TITAN S.L.'
2025-06-20 08:52:15,119 - INFO - Se escribió texto y se pulsó Enter en el elemento con name 'pDenominacion_operador_traslados'.
2025-06-20 08:52:16,179 - INFO - Se escribió texto en el elemento localizado por name='pDenominacion_autorizacion_operador_traslados': '87/A01/CV'
2025-06-20 08:52:18,213 - INFO - Se escribió texto y se pulsó Enter en el elemento con name 'pDenominacion_autorizacion_operador_traslados'.
2025-06-20 08:52:18,276 - INFO - Se escribió texto en el elemento localizado por name='pDenominacion_residuo': 'ACEITE USADO*'
2025-06-20 08:52:20,308 - INFO - Se escribió texto y se pulsó Enter en el elemento con name 'pDenominacion_residuo'.
2025-06-20 08:52:20,361 - INFO - Se escribió texto en el elemento localizado por name='pKilos_totales': '8000'
2025-06-20 08:52:22,391 - INFO - Se escribió texto y se pulsó Enter en el elemento con name 'pKilos_totales'.
2025-06-20 08:52:22,438 - INFO - Elemento clickado con 'css selector' = '.miBoton.aceptar'.
2025-06-20 08:52:23,521 - INFO - Opción 'Tratamientos' seleccionada en el elemento con 'id' = 'fContenido_seleccionado'.
2025-06-20 08:52:24,591 - INFO - Elemento clickado con 'css selector' = '.miBoton.editar.editar_1.sinTexto.dcha'.
2025-06-20 08:52:25,210 - INFO - Se escribió texto en el elemento localizado por name='pDenominacion_ema_1': 'INGAROIL, S.L.U.'
2025-06-20 08:52:27,245 - INFO - Se escribió texto y se pulsó Enter en el elemento con name 'pDenominacion_ema_1'.
2025-06-20 08:52:27,828 - INFO - Se escribió texto en el elemento localizado por name='pTratamiento_posterior_1_codigo_ler_2': 'R9'
2025-06-20 08:52:29,852 - INFO - Se escribió texto y se pulsó Enter en el elemento con name 'pTratamiento_posterior_1_codigo_ler_2'.
2025-06-20 08:52:29,910 - INFO - Elemento clickado con 'css selector' = '.icon-ok'.
2025-06-20 08:52:31,993 - INFO - Opción 'Notificación' seleccionada en el elemento con 'id' = 'fContenido_seleccionado'.
2025-06-20 08:52:33,061 - INFO - Elemento clickado con 'css selector' = '.icon-magic'.
2025-06-20 08:52:34,063 - INFO - Archivo nuevo detectado: NT30460004811420250011240.xml
2025-06-20 08:52:34,063 - INFO - Archivo de notificación descargado en: NT30460004811420250011240.xml
2025-06-20 08:52:35,154 - INFO - Opción 'Facturación' seleccionada en el elemento con 'id' = 'fContenido_seleccionado'.
2025-06-20 08:52:37,319 - INFO - Se escribió texto en el elemento localizado por name='pNombre_cliente': 'PRUEBA PRUEBA PRUEBA'
2025-06-20 08:52:39,342 - INFO - Se escribió texto y se pulsó Enter en el elemento con name 'pNombre_cliente'.
2025-06-20 08:52:39,405 - INFO - Se escribió texto en el elemento localizado por name='pDenominacion_producto': 'ACEITE USADO*'
2025-06-20 08:52:41,442 - INFO - Se escribió texto y se pulsó Enter en el elemento con name 'pDenominacion_producto'.
2025-06-20 08:52:43,497 - INFO - Elemento clickado con 'css selector' = '.miBoton.aceptar'.
2025-06-20 08:52:46,035 - INFO - Web 'https://portal.nubelus.es/?clave=waster2_gestionContratosTratamiento&pAccion=NUEVO' abierta.
2025-06-20 08:52:46,151 - INFO - Se escribió texto en el elemento localizado por name='pFecha': '11-06-2025'
2025-06-20 08:52:48,187 - INFO - Se escribió texto y se pulsó Enter en el elemento con name 'pFecha'.
2025-06-20 08:52:48,776 - INFO - Se escribió texto en el elemento localizado por name='pFecha_caducidad': '10-06-2028'
2025-06-20 08:52:50,808 - INFO - Se escribió texto y se pulsó Enter en el elemento con name 'pFecha_caducidad'.
2025-06-20 08:52:51,389 - INFO - Se escribió texto en el elemento localizado por name='pDenominacion_origen': 'PRUEBA PRUEBA PRUEBA'
2025-06-20 08:52:53,425 - INFO - Se escribió texto y se pulsó Enter en el elemento con name 'pDenominacion_origen'.
2025-06-20 08:52:54,010 - INFO - Se escribió texto en el elemento localizado por name='pDenominacion_destino': 'METALLS DEL CAMP, S.L.'
2025-06-20 08:52:56,047 - INFO - Se escribió texto y se pulsó Enter en el elemento con name 'pDenominacion_destino'.
2025-06-20 08:52:56,662 - INFO - Se escribió texto en el elemento localizado por name='pDenominacion_destino_centro': 'METALLS DEL CAMP, S.L.U. (EL ROMERAL)'
2025-06-20 08:52:58,701 - INFO - Se escribió texto y se pulsó Enter en el elemento con name 'pDenominacion_destino_centro'.
2025-06-20 08:52:59,763 - INFO - Se escribió texto en el elemento localizado por name='pDenominacion_autorizacion_destino': '4570002919'
2025-06-20 08:53:01,799 - INFO - Se escribió texto y se pulsó Enter en el elemento con name 'pDenominacion_autorizacion_destino'.
2025-06-20 08:53:02,873 - INFO - Se escribió texto en el elemento localizado por name='pDenominacion_operador_traslados': 'ECO TITAN S.L.'
2025-06-20 08:53:04,930 - INFO - Se escribió texto y se pulsó Enter en el elemento con name 'pDenominacion_operador_traslados'.
2025-06-20 08:53:05,993 - INFO - Se escribió texto en el elemento localizado por name='pDenominacion_autorizacion_operador_traslados': '87/A01/CV'
2025-06-20 08:53:08,016 - INFO - Se escribió texto y se pulsó Enter en el elemento con name 'pDenominacion_autorizacion_operador_traslados'.
2025-06-20 08:53:08,081 - INFO - Se escribió texto en el elemento localizado por name='pDenominacion_residuo': 'LÍQUIDO DE FRENOS*'
2025-06-20 08:53:10,113 - INFO - Se escribió texto y se pulsó Enter en el elemento con name 'pDenominacion_residuo'.
2025-06-20 08:53:10,164 - INFO - Se escribió texto en el elemento localizado por name='pKilos_totales': '1000'
2025-06-20 08:53:12,199 - INFO - Se escribió texto y se pulsó Enter en el elemento con name 'pKilos_totales'.
2025-06-20 08:53:12,243 - INFO - Elemento clickado con 'css selector' = '.miBoton.aceptar'.
2025-06-20 08:53:13,326 - INFO - Opción 'Tratamientos' seleccionada en el elemento con 'id' = 'fContenido_seleccionado'.
2025-06-20 08:53:14,401 - INFO - Elemento clickado con 'css selector' = '.miBoton.editar.editar_1.sinTexto.dcha'.
2025-06-20 08:53:15,007 - INFO - Se escribió texto en el elemento localizado por name='pDenominacion_ema_1': 'LAFARGEHOLCIM ESPA'
2025-06-20 08:53:17,043 - INFO - Se escribió texto y se pulsó Enter en el elemento con name 'pDenominacion_ema_1'.
2025-06-20 08:53:17,620 - INFO - Se escribió texto en el elemento localizado por name='pTratamiento_posterior_1_codigo_ler_2': 'R1'
2025-06-20 08:53:19,655 - INFO - Se escribió texto y se pulsó Enter en el elemento con name 'pTratamiento_posterior_1_codigo_ler_2'.
2025-06-20 08:53:19,709 - INFO - Elemento clickado con 'css selector' = '.icon-ok'.
2025-06-20 08:53:21,796 - INFO - Opción 'Notificación' seleccionada en el elemento con 'id' = 'fContenido_seleccionado'.
2025-06-20 08:53:22,859 - INFO - Elemento clickado con 'css selector' = '.icon-magic'.
2025-06-20 08:53:23,860 - INFO - Archivo nuevo detectado: NT30460004811420250011241.xml
2025-06-20 08:53:23,861 - INFO - Archivo de notificación descargado en: NT30460004811420250011241.xml
2025-06-20 08:53:24,937 - INFO - Opción 'Facturación' seleccionada en el elemento con 'id' = 'fContenido_seleccionado'.
2025-06-20 08:53:27,133 - INFO - Se escribió texto en el elemento localizado por name='pNombre_cliente': 'PRUEBA PRUEBA PRUEBA'
2025-06-20 08:53:29,192 - INFO - Se escribió texto y se pulsó Enter en el elemento con name 'pNombre_cliente'.
2025-06-20 08:53:29,282 - INFO - Se escribió texto en el elemento localizado por name='pDenominacion_producto': 'LÍQUIDO DE FRENOS*'
2025-06-20 08:53:31,335 - INFO - Se escribió texto y se pulsó Enter en el elemento con name 'pDenominacion_producto'.
2025-06-20 08:53:33,404 - INFO - Elemento clickado con 'css selector' = '.miBoton.aceptar'.
2025-06-20 08:53:36,024 - INFO - Web 'https://portal.nubelus.es/?clave=waster2_gestionContratosTratamiento&pAccion=NUEVO' abierta.
2025-06-20 08:53:36,129 - INFO - Se escribió texto en el elemento localizado por name='pFecha': '11-06-2025'
2025-06-20 08:53:38,169 - INFO - Se escribió texto y se pulsó Enter en el elemento con name 'pFecha'.
2025-06-20 08:53:38,759 - INFO - Se escribió texto en el elemento localizado por name='pFecha_caducidad': '10-06-2028'
2025-06-20 08:53:40,777 - INFO - Se escribió texto y se pulsó Enter en el elemento con name 'pFecha_caducidad'.
2025-06-20 08:53:41,350 - INFO - Se escribió texto en el elemento localizado por name='pDenominacion_origen': 'PRUEBA PRUEBA PRUEBA'
2025-06-20 08:53:43,393 - INFO - Se escribió texto y se pulsó Enter en el elemento con name 'pDenominacion_origen'.
2025-06-20 08:53:43,988 - INFO - Se escribió texto en el elemento localizado por name='pDenominacion_destino': 'METALLS DEL CAMP, S.L.'
2025-06-20 08:53:46,024 - INFO - Se escribió texto y se pulsó Enter en el elemento con name 'pDenominacion_destino'.
2025-06-20 08:53:46,623 - INFO - Se escribió texto en el elemento localizado por name='pDenominacion_destino_centro': 'METALLS DEL CAMP, S.L.U. (EL ROMERAL)'
2025-06-20 08:53:48,677 - INFO - Se escribió texto y se pulsó Enter en el elemento con name 'pDenominacion_destino_centro'.
2025-06-20 08:53:49,735 - INFO - Se escribió texto en el elemento localizado por name='pDenominacion_autorizacion_destino': '4570002919'
2025-06-20 08:53:51,772 - INFO - Se escribió texto y se pulsó Enter en el elemento con name 'pDenominacion_autorizacion_destino'.
2025-06-20 08:53:52,843 - INFO - Se escribió texto en el elemento localizado por name='pDenominacion_operador_traslados': 'ECO TITAN S.L.'
2025-06-20 08:53:54,884 - INFO - Se escribió texto y se pulsó Enter en el elemento con name 'pDenominacion_operador_traslados'.
2025-06-20 08:53:55,951 - INFO - Se escribió texto en el elemento localizado por name='pDenominacion_autorizacion_operador_traslados': '87/A01/CV'
2025-06-20 08:53:57,985 - INFO - Se escribió texto y se pulsó Enter en el elemento con name 'pDenominacion_autorizacion_operador_traslados'.
2025-06-20 08:53:58,047 - INFO - Se escribió texto en el elemento localizado por name='pDenominacion_residuo': 'ANTICONGELANTE*'
2025-06-20 08:54:00,066 - INFO - Se escribió texto y se pulsó Enter en el elemento con name 'pDenominacion_residuo'.
2025-06-20 08:54:00,120 - INFO - Se escribió texto en el elemento localizado por name='pKilos_totales': '5000'
2025-06-20 08:54:02,150 - INFO - Se escribió texto y se pulsó Enter en el elemento con name 'pKilos_totales'.
2025-06-20 08:54:02,196 - INFO - Elemento clickado con 'css selector' = '.miBoton.aceptar'.
2025-06-20 08:54:03,284 - INFO - Opción 'Tratamientos' seleccionada en el elemento con 'id' = 'fContenido_seleccionado'.
2025-06-20 08:54:04,355 - INFO - Elemento clickado con 'css selector' = '.miBoton.editar.editar_1.sinTexto.dcha'.
2025-06-20 08:54:04,983 - INFO - Se escribió texto en el elemento localizado por name='pDenominacion_ema_1': 'EUROPEA DEL TRATAMIENTO DE RESIDUOS COSTA AZAHAR 18, S.L.'
2025-06-20 08:54:07,015 - INFO - Se escribió texto y se pulsó Enter en el elemento con name 'pDenominacion_ema_1'.
2025-06-20 08:54:07,579 - INFO - Se escribió texto en el elemento localizado por name='pTratamiento_posterior_1_codigo_ler_2': 'R3'
2025-06-20 08:54:09,601 - INFO - Se escribió texto y se pulsó Enter en el elemento con name 'pTratamiento_posterior_1_codigo_ler_2'.
2025-06-20 08:54:09,660 - INFO - Elemento clickado con 'css selector' = '.icon-ok'.
2025-06-20 08:54:11,779 - INFO - Opción 'Notificación' seleccionada en el elemento con 'id' = 'fContenido_seleccionado'.
2025-06-20 08:54:12,845 - INFO - Elemento clickado con 'css selector' = '.icon-magic'.
2025-06-20 08:54:13,846 - INFO - Archivo nuevo detectado: NT30460004811420250011242.xml
2025-06-20 08:54:13,847 - INFO - Archivo de notificación descargado en: NT30460004811420250011242.xml
2025-06-20 08:54:14,937 - INFO - Opción 'Facturación' seleccionada en el elemento con 'id' = 'fContenido_seleccionado'.
2025-06-20 08:54:17,157 - INFO - Se escribió texto en el elemento localizado por name='pNombre_cliente': 'PRUEBA PRUEBA PRUEBA'
2025-06-20 08:54:19,189 - INFO - Se escribió texto y se pulsó Enter en el elemento con name 'pNombre_cliente'.
2025-06-20 08:54:19,281 - INFO - Se escribió texto en el elemento localizado por name='pDenominacion_producto': 'ANTICONGELANTE*'
2025-06-20 08:54:21,304 - INFO - Se escribió texto y se pulsó Enter en el elemento con name 'pDenominacion_producto'.
2025-06-20 08:54:23,354 - INFO - Elemento clickado con 'css selector' = '.miBoton.aceptar'.
2025-06-20 08:54:25,911 - INFO - Web 'https://portal.nubelus.es/?clave=waster2_gestionContratosTratamiento&pAccion=NUEVO' abierta.
2025-06-20 08:54:26,018 - INFO - Se escribió texto en el elemento localizado por name='pFecha': '11-06-2025'
2025-06-20 08:54:28,053 - INFO - Se escribió texto y se pulsó Enter en el elemento con name 'pFecha'.
2025-06-20 08:54:28,640 - INFO - Se escribió texto en el elemento localizado por name='pFecha_caducidad': '10-06-2028'
2025-06-20 08:54:30,675 - INFO - Se escribió texto y se pulsó Enter en el elemento con name 'pFecha_caducidad'.
2025-06-20 08:54:31,262 - INFO - Se escribió texto en el elemento localizado por name='pDenominacion_origen': 'PRUEBA PRUEBA PRUEBA'
2025-06-20 08:54:33,295 - INFO - Se escribió texto y se pulsó Enter en el elemento con name 'pDenominacion_origen'.
2025-06-20 08:54:33,899 - INFO - Se escribió texto en el elemento localizado por name='pDenominacion_destino': 'METALLS DEL CAMP, S.L.'
2025-06-20 08:54:35,946 - INFO - Se escribió texto y se pulsó Enter en el elemento con name 'pDenominacion_destino'.
2025-06-20 08:54:36,533 - INFO - Se escribió texto en el elemento localizado por name='pDenominacion_destino_centro': 'METALLS DEL CAMP, S.L.U. (EL ROMERAL)'
2025-06-20 08:54:38,570 - INFO - Se escribió texto y se pulsó Enter en el elemento con name 'pDenominacion_destino_centro'.
2025-06-20 08:54:39,633 - INFO - Se escribió texto en el elemento localizado por name='pDenominacion_autorizacion_destino': '4570002919'
2025-06-20 08:54:41,684 - INFO - Se escribió texto y se pulsó Enter en el elemento con name 'pDenominacion_autorizacion_destino'.
2025-06-20 08:54:42,750 - INFO - Se escribió texto en el elemento localizado por name='pDenominacion_operador_traslados': 'ECO TITAN S.L.'
2025-06-20 08:54:44,787 - INFO - Se escribió texto y se pulsó Enter en el elemento con name 'pDenominacion_operador_traslados'.
2025-06-20 08:54:45,850 - INFO - Se escribió texto en el elemento localizado por name='pDenominacion_autorizacion_operador_traslados': '87/A01/CV'
2025-06-20 08:54:47,882 - INFO - Se escribió texto y se pulsó Enter en el elemento con name 'pDenominacion_autorizacion_operador_traslados'.
2025-06-20 08:54:47,957 - INFO - Se escribió texto en el elemento localizado por name='pDenominacion_residuo': 'ENVASES METALICOS CONTAMINADOS*'
2025-06-20 08:54:49,990 - INFO - Se escribió texto y se pulsó Enter en el elemento con name 'pDenominacion_residuo'.
2025-06-20 08:54:50,044 - INFO - Se escribió texto en el elemento localizado por name='pKilos_totales': '1000'
2025-06-20 08:54:52,077 - INFO - Se escribió texto y se pulsó Enter en el elemento con name 'pKilos_totales'.
2025-06-20 08:54:52,132 - INFO - Elemento clickado con 'css selector' = '.miBoton.aceptar'.
2025-06-20 08:54:53,232 - INFO - Opción 'Tratamientos' seleccionada en el elemento con 'id' = 'fContenido_seleccionado'.
2025-06-20 08:54:54,300 - INFO - Elemento clickado con 'css selector' = '.miBoton.editar.editar_1.sinTexto.dcha'.
2025-06-20 08:54:54,924 - INFO - Se escribió texto en el elemento localizado por name='pDenominacion_ema_1': 'SERVICIOS ECOLOGICOS ACITAIN, S.L.'
2025-06-20 08:54:56,954 - INFO - Se escribió texto y se pulsó Enter en el elemento con name 'pDenominacion_ema_1'.
2025-06-20 08:54:57,517 - INFO - Se escribió texto en el elemento localizado por name='pTratamiento_posterior_1_codigo_ler_2': 'R4'
2025-06-20 08:54:59,553 - INFO - Se escribió texto y se pulsó Enter en el elemento con name 'pTratamiento_posterior_1_codigo_ler_2'.
2025-06-20 08:54:59,612 - INFO - Elemento clickado con 'css selector' = '.icon-ok'.
2025-06-20 08:55:01,710 - INFO - Opción 'Notificación' seleccionada en el elemento con 'id' = 'fContenido_seleccionado'.
2025-06-20 08:55:02,788 - INFO - Elemento clickado con 'css selector' = '.icon-magic'.
2025-06-20 08:55:03,791 - INFO - Archivo nuevo detectado: NT30460004811420250011243.xml
2025-06-20 08:55:03,792 - INFO - Archivo de notificación descargado en: NT30460004811420250011243.xml
2025-06-20 08:55:04,880 - INFO - Opción 'Facturación' seleccionada en el elemento con 'id' = 'fContenido_seleccionado'.
2025-06-20 08:55:07,043 - INFO - Se escribió texto en el elemento localizado por name='pNombre_cliente': 'PRUEBA PRUEBA PRUEBA'
2025-06-20 08:55:09,081 - INFO - Se escribió texto y se pulsó Enter en el elemento con name 'pNombre_cliente'.
2025-06-20 08:55:09,162 - INFO - Se escribió texto en el elemento localizado por name='pDenominacion_producto': 'ENVASES METALICOS CONTAMINADOS*'
2025-06-20 08:55:11,192 - INFO - Se escribió texto y se pulsó Enter en el elemento con name 'pDenominacion_producto'.
2025-06-20 08:55:13,250 - INFO - Elemento clickado con 'css selector' = '.miBoton.aceptar'.
2025-06-20 08:55:15,830 - INFO - Web 'https://portal.nubelus.es/?clave=waster2_gestionContratosTratamiento&pAccion=NUEVO' abierta.
2025-06-20 08:55:15,933 - INFO - Se escribió texto en el elemento localizado por name='pFecha': '11-06-2025'
2025-06-20 08:55:17,962 - INFO - Se escribió texto y se pulsó Enter en el elemento con name 'pFecha'.
2025-06-20 08:55:18,558 - INFO - Se escribió texto en el elemento localizado por name='pFecha_caducidad': '10-06-2028'
2025-06-20 08:55:20,591 - INFO - Se escribió texto y se pulsó Enter en el elemento con name 'pFecha_caducidad'.
2025-06-20 08:55:21,170 - INFO - Se escribió texto en el elemento localizado por name='pDenominacion_origen': 'PRUEBA PRUEBA PRUEBA'
2025-06-20 08:55:23,210 - INFO - Se escribió texto y se pulsó Enter en el elemento con name 'pDenominacion_origen'.
2025-06-20 08:55:23,799 - INFO - Se escribió texto en el elemento localizado por name='pDenominacion_destino': 'METALLS DEL CAMP, S.L.'
2025-06-20 08:55:25,843 - INFO - Se escribió texto y se pulsó Enter en el elemento con name 'pDenominacion_destino'.
2025-06-20 08:55:26,440 - INFO - Se escribió texto en el elemento localizado por name='pDenominacion_destino_centro': 'METALLS DEL CAMP, S.L.U. (EL ROMERAL)'
2025-06-20 08:55:28,476 - INFO - Se escribió texto y se pulsó Enter en el elemento con name 'pDenominacion_destino_centro'.
2025-06-20 08:55:29,538 - INFO - Se escribió texto en el elemento localizado por name='pDenominacion_autorizacion_destino': '4570002919'
2025-06-20 08:55:31,584 - INFO - Se escribió texto y se pulsó Enter en el elemento con name 'pDenominacion_autorizacion_destino'.
2025-06-20 08:55:32,656 - INFO - Se escribió texto en el elemento localizado por name='pDenominacion_operador_traslados': 'ECO TITAN S.L.'
2025-06-20 08:55:34,689 - INFO - Se escribió texto y se pulsó Enter en el elemento con name 'pDenominacion_operador_traslados'.
2025-06-20 08:55:35,751 - INFO - Se escribió texto en el elemento localizado por name='pDenominacion_autorizacion_operador_traslados': '87/A01/CV'
2025-06-20 08:55:37,787 - INFO - Se escribió texto y se pulsó Enter en el elemento con name 'pDenominacion_autorizacion_operador_traslados'.
2025-06-20 08:55:37,861 - INFO - Se escribió texto en el elemento localizado por name='pDenominacion_residuo': 'ENVASES PLASTICOS CONTAMINADOS*'
2025-06-20 08:55:39,893 - INFO - Se escribió texto y se pulsó Enter en el elemento con name 'pDenominacion_residuo'.
2025-06-20 08:55:39,944 - INFO - Se escribió texto en el elemento localizado por name='pKilos_totales': '1000'
2025-06-20 08:55:41,981 - INFO - Se escribió texto y se pulsó Enter en el elemento con name 'pKilos_totales'.
2025-06-20 08:55:42,035 - INFO - Elemento clickado con 'css selector' = '.miBoton.aceptar'.
2025-06-20 08:55:43,142 - INFO - Opción 'Tratamientos' seleccionada en el elemento con 'id' = 'fContenido_seleccionado'.
2025-06-20 08:55:44,212 - INFO - Elemento clickado con 'css selector' = '.miBoton.editar.editar_1.sinTexto.dcha'.
2025-06-20 08:55:44,814 - INFO - Se escribió texto en el elemento localizado por name='pDenominacion_ema_1': 'MANC RECYCLAPLAST, S.L.'
2025-06-20 08:55:46,854 - INFO - Se escribió texto y se pulsó Enter en el elemento con name 'pDenominacion_ema_1'.
2025-06-20 08:55:47,427 - INFO - Se escribió texto en el elemento localizado por name='pTratamiento_posterior_1_codigo_ler_2': 'R3'
2025-06-20 08:55:49,455 - INFO - Se escribió texto y se pulsó Enter en el elemento con name 'pTratamiento_posterior_1_codigo_ler_2'.
2025-06-20 08:55:49,513 - INFO - Elemento clickado con 'css selector' = '.icon-ok'.
2025-06-20 08:55:51,614 - INFO - Opción 'Notificación' seleccionada en el elemento con 'id' = 'fContenido_seleccionado'.
2025-06-20 08:55:52,681 - INFO - Elemento clickado con 'css selector' = '.icon-magic'.
2025-06-20 08:55:53,685 - INFO - Archivo nuevo detectado: NT30460004811420250011244.xml
2025-06-20 08:55:53,686 - INFO - Archivo de notificación descargado en: NT30460004811420250011244.xml
2025-06-20 08:55:54,767 - INFO - Opción 'Facturación' seleccionada en el elemento con 'id' = 'fContenido_seleccionado'.
2025-06-20 08:55:56,923 - INFO - Se escribió texto en el elemento localizado por name='pNombre_cliente': 'PRUEBA PRUEBA PRUEBA'
2025-06-20 08:55:58,972 - INFO - Se escribió texto y se pulsó Enter en el elemento con name 'pNombre_cliente'.
2025-06-20 08:55:59,074 - INFO - Se escribió texto en el elemento localizado por name='pDenominacion_producto': 'ENVASES PLASTICOS CONTAMINADOS*'
2025-06-20 08:56:01,113 - INFO - Se escribió texto y se pulsó Enter en el elemento con name 'pDenominacion_producto'.
2025-06-20 08:56:01,166 - INFO - Opción 'Valor fijo' seleccionada en el elemento con 'name' = 'pCantidad_modo'.
2025-06-20 08:56:01,219 - INFO - Opción 'T/Precio 1' seleccionada en el elemento con 'name' = 'pPrecio_modo_venta'.
2025-06-20 08:56:01,276 - INFO - Se escribió texto en el elemento localizado por name='pCantidad_valor': '1'
2025-06-20 08:56:03,302 - INFO - Se escribió texto y se pulsó Enter en el elemento con name 'pCantidad_valor'.
2025-06-20 08:56:05,364 - INFO - Elemento clickado con 'css selector' = '.miBoton.aceptar'.
2025-06-20 08:56:08,281 - INFO - Web 'https://portal.nubelus.es/?clave=waster2_gestionContratosTratamiento&pAccion=NUEVO' abierta.
2025-06-20 08:56:08,392 - INFO - Se escribió texto en el elemento localizado por name='pFecha': '11-06-2025'
2025-06-20 08:56:10,423 - INFO - Se escribió texto y se pulsó Enter en el elemento con name 'pFecha'.
2025-06-20 08:56:11,016 - INFO - Se escribió texto en el elemento localizado por name='pFecha_caducidad': '10-06-2028'
2025-06-20 08:56:13,047 - INFO - Se escribió texto y se pulsó Enter en el elemento con name 'pFecha_caducidad'.
2025-06-20 08:56:13,631 - INFO - Se escribió texto en el elemento localizado por name='pDenominacion_origen': 'PRUEBA PRUEBA PRUEBA'
2025-06-20 08:56:15,657 - INFO - Se escribió texto y se pulsó Enter en el elemento con name 'pDenominacion_origen'.
2025-06-20 08:56:16,235 - INFO - Se escribió texto en el elemento localizado por name='pDenominacion_destino': 'METALLS DEL CAMP, S.L.'
2025-06-20 08:56:18,275 - INFO - Se escribió texto y se pulsó Enter en el elemento con name 'pDenominacion_destino'.
2025-06-20 08:56:18,931 - INFO - Se escribió texto en el elemento localizado por name='pDenominacion_destino_centro': 'METALLS DEL CAMP, S.L.U. (EL ROMERAL)'
2025-06-20 08:56:20,964 - INFO - Se escribió texto y se pulsó Enter en el elemento con name 'pDenominacion_destino_centro'.
2025-06-20 08:56:22,025 - INFO - Se escribió texto en el elemento localizado por name='pDenominacion_autorizacion_destino': '4570002919'
2025-06-20 08:56:24,056 - INFO - Se escribió texto y se pulsó Enter en el elemento con name 'pDenominacion_autorizacion_destino'.
2025-06-20 08:56:25,126 - INFO - Se escribió texto en el elemento localizado por name='pDenominacion_operador_traslados': 'ECO TITAN S.L.'
2025-06-20 08:56:27,151 - INFO - Se escribió texto y se pulsó Enter en el elemento con name 'pDenominacion_operador_traslados'.
2025-06-20 08:56:28,216 - INFO - Se escribió texto en el elemento localizado por name='pDenominacion_autorizacion_operador_traslados': '87/A01/CV'
2025-06-20 08:56:30,246 - INFO - Se escribió texto y se pulsó Enter en el elemento con name 'pDenominacion_autorizacion_operador_traslados'.
2025-06-20 08:56:30,321 - INFO - Se escribió texto en el elemento localizado por name='pDenominacion_residuo': 'TRAPOS Y ABSORBENTES CONTAMINADOS*'
2025-06-20 08:56:32,356 - INFO - Se escribió texto y se pulsó Enter en el elemento con name 'pDenominacion_residuo'.
2025-06-20 08:56:32,411 - INFO - Se escribió texto en el elemento localizado por name='pKilos_totales': '2000'
2025-06-20 08:56:34,445 - INFO - Se escribió texto y se pulsó Enter en el elemento con name 'pKilos_totales'.
2025-06-20 08:56:34,494 - INFO - Elemento clickado con 'css selector' = '.miBoton.aceptar'.
2025-06-20 08:56:35,600 - INFO - Opción 'Tratamientos' seleccionada en el elemento con 'id' = 'fContenido_seleccionado'.
2025-06-20 08:56:36,677 - INFO - Elemento clickado con 'css selector' = '.miBoton.editar.editar_1.sinTexto.dcha'.
2025-06-20 08:56:37,279 - INFO - Se escribió texto en el elemento localizado por name='pDenominacion_ema_1': 'CTR MEDITERRANEO, S.L.'
2025-06-20 08:56:39,315 - INFO - Se escribió texto y se pulsó Enter en el elemento con name 'pDenominacion_ema_1'.
2025-06-20 08:56:39,869 - INFO - Se escribió texto en el elemento localizado por name='pTratamiento_posterior_1_codigo_ler_2': 'R3'
2025-06-20 08:56:41,888 - INFO - Se escribió texto y se pulsó Enter en el elemento con name 'pTratamiento_posterior_1_codigo_ler_2'.
2025-06-20 08:56:41,946 - INFO - Elemento clickado con 'css selector' = '.icon-ok'.
2025-06-20 08:56:44,035 - INFO - Opción 'Notificación' seleccionada en el elemento con 'id' = 'fContenido_seleccionado'.
2025-06-20 08:56:45,100 - INFO - Elemento clickado con 'css selector' = '.icon-magic'.
2025-06-20 08:58:45,239 - ERROR - No se detectaron todas las descargas esperadas (1). Solo detectados: 0
2025-06-20 08:58:45,240 - ERROR - No se detectó la descarga del archivo de notificación en la carpeta destino.
2025-06-20 08:58:46,307 - INFO - Opción 'Facturación' seleccionada en el elemento con 'id' = 'fContenido_seleccionado'.
2025-06-20 08:58:48,476 - INFO - Se escribió texto en el elemento localizado por name='pNombre_cliente': 'PRUEBA PRUEBA PRUEBA'
2025-06-20 08:58:50,514 - INFO - Se escribió texto y se pulsó Enter en el elemento con name 'pNombre_cliente'.
2025-06-20 08:58:50,595 - INFO - Se escribió texto en el elemento localizado por name='pDenominacion_producto': 'TRAPOS Y ABSORBENTES CONTAMINADOS*'
2025-06-20 08:58:52,635 - INFO - Se escribió texto y se pulsó Enter en el elemento con name 'pDenominacion_producto'.
2025-06-20 08:58:54,689 - INFO - Elemento clickado con 'css selector' = '.miBoton.aceptar'.
2025-06-20 08:58:57,211 - INFO - Web 'https://portal.nubelus.es/?clave=waster2_gestionContratosTratamiento&pAccion=NUEVO' abierta.
2025-06-20 08:58:57,315 - INFO - Se escribió texto en el elemento localizado por name='pFecha': '11-06-2025'
2025-06-20 08:58:59,347 - INFO - Se escribió texto y se pulsó Enter en el elemento con name 'pFecha'.
2025-06-20 08:58:59,948 - INFO - Se escribió texto en el elemento localizado por name='pFecha_caducidad': '10-06-2028'
2025-06-20 08:59:01,974 - INFO - Se escribió texto y se pulsó Enter en el elemento con name 'pFecha_caducidad'.
2025-06-20 08:59:02,555 - INFO - Se escribió texto en el elemento localizado por name='pDenominacion_origen': 'PRUEBA PRUEBA PRUEBA'
2025-06-20 08:59:04,584 - INFO - Se escribió texto y se pulsó Enter en el elemento con name 'pDenominacion_origen'.
2025-06-20 08:59:05,181 - INFO - Se escribió texto en el elemento localizado por name='pDenominacion_destino': 'METALLS DEL CAMP, S.L.'
2025-06-20 08:59:07,234 - INFO - Se escribió texto y se pulsó Enter en el elemento con name 'pDenominacion_destino'.
2025-06-20 08:59:07,826 - INFO - Se escribió texto en el elemento localizado por name='pDenominacion_destino_centro': 'METALLS DEL CAMP, S.L.U. (EL ROMERAL)'
2025-06-20 08:59:09,864 - INFO - Se escribió texto y se pulsó Enter en el elemento con name 'pDenominacion_destino_centro'.
2025-06-20 08:59:10,934 - INFO - Se escribió texto en el elemento localizado por name='pDenominacion_autorizacion_destino': '4570002919'
2025-06-20 08:59:12,965 - INFO - Se escribió texto y se pulsó Enter en el elemento con name 'pDenominacion_autorizacion_destino'.
2025-06-20 08:59:14,036 - INFO - Se escribió texto en el elemento localizado por name='pDenominacion_operador_traslados': 'ECO TITAN S.L.'
2025-06-20 08:59:16,065 - INFO - Se escribió texto y se pulsó Enter en el elemento con name 'pDenominacion_operador_traslados'.
2025-06-20 08:59:17,127 - INFO - Se escribió texto en el elemento localizado por name='pDenominacion_autorizacion_operador_traslados': '87/A01/CV'
2025-06-20 08:59:19,154 - INFO - Se escribió texto y se pulsó Enter en el elemento con name 'pDenominacion_autorizacion_operador_traslados'.
2025-06-20 08:59:19,219 - INFO - Se escribió texto en el elemento localizado por name='pDenominacion_residuo': 'BATERÍAS DE PLOMO*'
2025-06-20 08:59:21,253 - INFO - Se escribió texto y se pulsó Enter en el elemento con name 'pDenominacion_residuo'.
2025-06-20 08:59:21,312 - INFO - Se escribió texto en el elemento localizado por name='pKilos_totales': '10000'
2025-06-20 08:59:23,350 - INFO - Se escribió texto y se pulsó Enter en el elemento con name 'pKilos_totales'.
2025-06-20 08:59:23,412 - INFO - Elemento clickado con 'css selector' = '.miBoton.aceptar'.
2025-06-20 08:59:24,493 - INFO - Opción 'Tratamientos' seleccionada en el elemento con 'id' = 'fContenido_seleccionado'.
2025-06-20 08:59:25,558 - INFO - Elemento clickado con 'css selector' = '.miBoton.editar.editar_1.sinTexto.dcha'.
2025-06-20 08:59:26,159 - INFO - Se escribió texto en el elemento localizado por name='pDenominacion_ema_1': 'JOSE JARE'
2025-06-20 08:59:28,204 - INFO - Se escribió texto y se pulsó Enter en el elemento con name 'pDenominacion_ema_1'.
2025-06-20 08:59:28,776 - INFO - Se escribió texto en el elemento localizado por name='pTratamiento_posterior_1_codigo_ler_2': 'R13'
2025-06-20 08:59:30,816 - INFO - Se escribió texto y se pulsó Enter en el elemento con name 'pTratamiento_posterior_1_codigo_ler_2'.
2025-06-20 08:59:30,875 - INFO - Elemento clickado con 'css selector' = '.icon-ok'.
2025-06-20 08:59:31,943 - INFO - Elemento clickado con 'css selector' = '.miBoton.editar.editar_2.sinTexto.dcha'.
2025-06-20 08:59:32,556 - INFO - Se escribió texto en el elemento localizado por name='pDenominacion_ema_2': 'METALURGICA DE MEDINA, S.A.'
2025-06-20 08:59:34,591 - INFO - Se escribió texto y se pulsó Enter en el elemento con name 'pDenominacion_ema_2'.
2025-06-20 08:59:35,162 - INFO - Se escribió texto en el elemento localizado por name='pTratamiento_posterior_2_codigo_ler_2': 'R4'
2025-06-20 08:59:37,194 - INFO - Se escribió texto y se pulsó Enter en el elemento con name 'pTratamiento_posterior_2_codigo_ler_2'.
2025-06-20 08:59:37,248 - INFO - Elemento clickado con 'css selector' = '.icon-ok'.
2025-06-20 08:59:39,337 - INFO - Opción 'Notificación' seleccionada en el elemento con 'id' = 'fContenido_seleccionado'.
2025-06-20 08:59:40,408 - INFO - Elemento clickado con 'css selector' = '.icon-magic'.
2025-06-20 08:59:41,410 - INFO - Archivo nuevo detectado: NT30460004811420250011246.xml
2025-06-20 08:59:41,411 - INFO - Archivo de notificación descargado en: NT30460004811420250011246.xml
2025-06-20 08:59:42,499 - INFO - Opción 'Facturación' seleccionada en el elemento con 'id' = 'fContenido_seleccionado'.
2025-06-20 08:59:44,675 - INFO - Se escribió texto en el elemento localizado por name='pNombre_cliente': 'PRUEBA PRUEBA PRUEBA'
2025-06-20 08:59:46,700 - INFO - Se escribió texto y se pulsó Enter en el elemento con name 'pNombre_cliente'.
2025-06-20 08:59:46,802 - INFO - Se escribió texto en el elemento localizado por name='pDenominacion_producto': 'BATERÍAS DE PLOMO*'
2025-06-20 08:59:48,838 - INFO - Se escribió texto y se pulsó Enter en el elemento con name 'pDenominacion_producto'.
2025-06-20 08:59:50,895 - INFO - Elemento clickado con 'css selector' = '.miBoton.aceptar'.
2025-06-20 08:59:53,428 - INFO - Web 'https://portal.nubelus.es/?clave=waster2_gestionContratosTratamiento&pAccion=NUEVO' abierta.
2025-06-20 08:59:53,531 - INFO - Se escribió texto en el elemento localizado por name='pFecha': '11-06-2025'
2025-06-20 08:59:55,557 - INFO - Se escribió texto y se pulsó Enter en el elemento con name 'pFecha'.
2025-06-20 08:59:56,154 - INFO - Se escribió texto en el elemento localizado por name='pFecha_caducidad': '10-06-2028'
2025-06-20 08:59:58,193 - INFO - Se escribió texto y se pulsó Enter en el elemento con name 'pFecha_caducidad'.
2025-06-20 08:59:58,780 - INFO - Se escribió texto en el elemento localizado por name='pDenominacion_origen': 'PRUEBA PRUEBA PRUEBA'
2025-06-20 09:00:00,812 - INFO - Se escribió texto y se pulsó Enter en el elemento con name 'pDenominacion_origen'.
2025-06-20 09:00:01,403 - INFO - Se escribió texto en el elemento localizado por name='pDenominacion_destino': 'METALLS DEL CAMP, S.L.'
2025-06-20 09:00:03,448 - INFO - Se escribió texto y se pulsó Enter en el elemento con name 'pDenominacion_destino'.
2025-06-20 09:00:04,044 - INFO - Se escribió texto en el elemento localizado por name='pDenominacion_destino_centro': 'METALLS DEL CAMP, S.L.U. (EL ROMERAL)'
2025-06-20 09:00:06,083 - INFO - Se escribió texto y se pulsó Enter en el elemento con name 'pDenominacion_destino_centro'.
2025-06-20 09:00:07,146 - INFO - Se escribió texto en el elemento localizado por name='pDenominacion_autorizacion_destino': '4570002919'
2025-06-20 09:00:09,171 - INFO - Se escribió texto y se pulsó Enter en el elemento con name 'pDenominacion_autorizacion_destino'.
2025-06-20 09:00:10,244 - INFO - Se escribió texto en el elemento localizado por name='pDenominacion_operador_traslados': 'ECO TITAN S.L.'
2025-06-20 09:00:12,288 - INFO - Se escribió texto y se pulsó Enter en el elemento con name 'pDenominacion_operador_traslados'.
2025-06-20 09:00:13,349 - INFO - Se escribió texto en el elemento localizado por name='pDenominacion_autorizacion_operador_traslados': '87/A01/CV'
2025-06-20 09:00:15,383 - INFO - Se escribió texto y se pulsó Enter en el elemento con name 'pDenominacion_autorizacion_operador_traslados'.
2025-06-20 09:00:15,455 - INFO - Se escribió texto en el elemento localizado por name='pDenominacion_residuo': 'ABSORBENTES (SEPIOLITA)*'
2025-06-20 09:00:17,491 - INFO - Se escribió texto y se pulsó Enter en el elemento con name 'pDenominacion_residuo'.
2025-06-20 09:00:17,561 - INFO - Se escribió texto en el elemento localizado por name='pKilos_totales': '1500'
2025-06-20 09:00:19,591 - INFO - Se escribió texto y se pulsó Enter en el elemento con name 'pKilos_totales'.
2025-06-20 09:00:19,639 - INFO - Elemento clickado con 'css selector' = '.miBoton.aceptar'.
2025-06-20 09:00:20,735 - INFO - Opción 'Tratamientos' seleccionada en el elemento con 'id' = 'fContenido_seleccionado'.
2025-06-20 09:00:21,825 - INFO - Elemento clickado con 'css selector' = '.miBoton.editar.editar_1.sinTexto.dcha'.
2025-06-20 09:00:22,436 - INFO - Se escribió texto en el elemento localizado por name='pDenominacion_ema_1': 'CTR MEDITERRANEO, S.L.'
2025-06-20 09:00:24,476 - INFO - Se escribió texto y se pulsó Enter en el elemento con name 'pDenominacion_ema_1'.
2025-06-20 09:00:25,049 - INFO - Se escribió texto en el elemento localizado por name='pTratamiento_posterior_1_codigo_ler_2': 'R3'
2025-06-20 09:00:27,083 - INFO - Se escribió texto y se pulsó Enter en el elemento con name 'pTratamiento_posterior_1_codigo_ler_2'.
2025-06-20 09:00:27,164 - INFO - Elemento clickado con 'css selector' = '.icon-ok'.
2025-06-20 09:00:29,273 - INFO - Opción 'Notificación' seleccionada en el elemento con 'id' = 'fContenido_seleccionado'.
2025-06-20 09:00:30,335 - INFO - Elemento clickado con 'css selector' = '.icon-magic'.
2025-06-20 09:00:31,336 - INFO - Archivo nuevo detectado: NT30460004811420250011247.xml
2025-06-20 09:00:31,336 - INFO - Archivo de notificación descargado en: NT30460004811420250011247.xml
2025-06-20 09:00:32,420 - INFO - Opción 'Facturación' seleccionada en el elemento con 'id' = 'fContenido_seleccionado'.
2025-06-20 09:00:34,575 - INFO - Se escribió texto en el elemento localizado por name='pNombre_cliente': 'PRUEBA PRUEBA PRUEBA'
2025-06-20 09:00:36,616 - INFO - Se escribió texto y se pulsó Enter en el elemento con name 'pNombre_cliente'.
2025-06-20 09:00:36,697 - INFO - Se escribió texto en el elemento localizado por name='pDenominacion_producto': 'ABSORBENTES (SEPIOLITA)*'
2025-06-20 09:00:38,735 - INFO - Se escribió texto y se pulsó Enter en el elemento con name 'pDenominacion_producto'.
2025-06-20 09:00:40,792 - INFO - Elemento clickado con 'css selector' = '.miBoton.aceptar'.
2025-06-20 09:00:43,330 - INFO - Web 'https://portal.nubelus.es/?clave=waster2_gestionContratosTratamiento&pAccion=NUEVO' abierta.
2025-06-20 09:00:43,434 - INFO - Se escribió texto en el elemento localizado por name='pFecha': '11-06-2025'
2025-06-20 09:00:45,466 - INFO - Se escribió texto y se pulsó Enter en el elemento con name 'pFecha'.
2025-06-20 09:00:46,073 - INFO - Se escribió texto en el elemento localizado por name='pFecha_caducidad': '10-06-2028'
2025-06-20 09:00:48,106 - INFO - Se escribió texto y se pulsó Enter en el elemento con name 'pFecha_caducidad'.
2025-06-20 09:00:48,687 - INFO - Se escribió texto en el elemento localizado por name='pDenominacion_origen': 'PRUEBA PRUEBA PRUEBA'
2025-06-20 09:00:50,722 - INFO - Se escribió texto y se pulsó Enter en el elemento con name 'pDenominacion_origen'.
2025-06-20 09:00:51,305 - INFO - Se escribió texto en el elemento localizado por name='pDenominacion_destino': 'METALLS DEL CAMP, S.L.'
2025-06-20 09:00:53,359 - INFO - Se escribió texto y se pulsó Enter en el elemento con name 'pDenominacion_destino'.
2025-06-20 09:00:53,959 - INFO - Se escribió texto en el elemento localizado por name='pDenominacion_destino_centro': 'METALLS DEL CAMP, S.L.U. (EL ROMERAL)'
2025-06-20 09:00:55,999 - INFO - Se escribió texto y se pulsó Enter en el elemento con name 'pDenominacion_destino_centro'.
2025-06-20 09:00:57,078 - INFO - Se escribió texto en el elemento localizado por name='pDenominacion_autorizacion_destino': '4570002919'
2025-06-20 09:00:59,110 - INFO - Se escribió texto y se pulsó Enter en el elemento con name 'pDenominacion_autorizacion_destino'.
2025-06-20 09:01:00,180 - INFO - Se escribió texto en el elemento localizado por name='pDenominacion_operador_traslados': 'ECO TITAN S.L.'
2025-06-20 09:01:02,204 - INFO - Se escribió texto y se pulsó Enter en el elemento con name 'pDenominacion_operador_traslados'.
2025-06-20 09:01:03,262 - INFO - Se escribió texto en el elemento localizado por name='pDenominacion_autorizacion_operador_traslados': '87/A01/CV'
2025-06-20 09:01:05,293 - INFO - Se escribió texto y se pulsó Enter en el elemento con name 'pDenominacion_autorizacion_operador_traslados'.
2025-06-20 09:01:05,352 - INFO - Se escribió texto en el elemento localizado por name='pDenominacion_residuo': 'AEROSOLES*'
2025-06-20 09:01:07,391 - INFO - Se escribió texto y se pulsó Enter en el elemento con name 'pDenominacion_residuo'.
2025-06-20 09:01:07,448 - INFO - Se escribió texto en el elemento localizado por name='pKilos_totales': '1000'
2025-06-20 09:01:09,477 - INFO - Se escribió texto y se pulsó Enter en el elemento con name 'pKilos_totales'.
2025-06-20 09:01:09,528 - INFO - Elemento clickado con 'css selector' = '.miBoton.aceptar'.
2025-06-20 09:01:10,610 - INFO - Opción 'Tratamientos' seleccionada en el elemento con 'id' = 'fContenido_seleccionado'.
2025-06-20 09:01:11,679 - INFO - Elemento clickado con 'css selector' = '.miBoton.editar.editar_1.sinTexto.dcha'.
2025-06-20 09:01:12,302 - INFO - Se escribió texto en el elemento localizado por name='pDenominacion_ema_1': 'SERVICIOS ECOLOGICOS ACITAIN, S.L.'
2025-06-20 09:01:14,341 - INFO - Se escribió texto y se pulsó Enter en el elemento con name 'pDenominacion_ema_1'.
2025-06-20 09:01:14,911 - INFO - Se escribió texto en el elemento localizado por name='pTratamiento_posterior_1_codigo_ler_2': 'R4'
2025-06-20 09:01:16,939 - INFO - Se escribió texto y se pulsó Enter en el elemento con name 'pTratamiento_posterior_1_codigo_ler_2'.
2025-06-20 09:01:16,999 - INFO - Elemento clickado con 'css selector' = '.icon-ok'.
2025-06-20 09:01:19,079 - INFO - Opción 'Notificación' seleccionada en el elemento con 'id' = 'fContenido_seleccionado'.
2025-06-20 09:01:20,146 - INFO - Elemento clickado con 'css selector' = '.icon-magic'.
2025-06-20 09:01:21,148 - INFO - Archivo nuevo detectado: NT30460004811420250011248.xml
2025-06-20 09:01:21,148 - INFO - Archivo de notificación descargado en: NT30460004811420250011248.xml
2025-06-20 09:01:22,233 - INFO - Opción 'Facturación' seleccionada en el elemento con 'id' = 'fContenido_seleccionado'.
2025-06-20 09:01:24,394 - INFO - Se escribió texto en el elemento localizado por name='pNombre_cliente': 'PRUEBA PRUEBA PRUEBA'
2025-06-20 09:01:26,426 - INFO - Se escribió texto y se pulsó Enter en el elemento con name 'pNombre_cliente'.
2025-06-20 09:01:26,497 - INFO - Se escribió texto en el elemento localizado por name='pDenominacion_producto': 'AEROSOLES*'
2025-06-20 09:01:28,521 - INFO - Se escribió texto y se pulsó Enter en el elemento con name 'pDenominacion_producto'.
2025-06-20 09:01:30,583 - INFO - Elemento clickado con 'css selector' = '.miBoton.aceptar'.
2025-06-20 09:01:33,142 - INFO - Web 'https://portal.nubelus.es/?clave=waster2_gestionContratosTratamiento&pAccion=NUEVO' abierta.
2025-06-20 09:01:33,248 - INFO - Se escribió texto en el elemento localizado por name='pFecha': '11-06-2025'
2025-06-20 09:01:35,271 - INFO - Se escribió texto y se pulsó Enter en el elemento con name 'pFecha'.
2025-06-20 09:01:35,870 - INFO - Se escribió texto en el elemento localizado por name='pFecha_caducidad': '10-06-2028'
2025-06-20 09:01:37,906 - INFO - Se escribió texto y se pulsó Enter en el elemento con name 'pFecha_caducidad'.
2025-06-20 09:01:38,493 - INFO - Se escribió texto en el elemento localizado por name='pDenominacion_origen': 'PRUEBA PRUEBA PRUEBA'
2025-06-20 09:01:40,513 - INFO - Se escribió texto y se pulsó Enter en el elemento con name 'pDenominacion_origen'.
2025-06-20 09:01:41,119 - INFO - Se escribió texto en el elemento localizado por name='pDenominacion_destino': 'METALLS DEL CAMP, S.L.'
2025-06-20 09:01:43,146 - INFO - Se escribió texto y se pulsó Enter en el elemento con name 'pDenominacion_destino'.
2025-06-20 09:01:43,745 - INFO - Se escribió texto en el elemento localizado por name='pDenominacion_destino_centro': 'METALLS DEL CAMP, S.L.U. (EL ROMERAL)'
2025-06-20 09:01:45,780 - INFO - Se escribió texto y se pulsó Enter en el elemento con name 'pDenominacion_destino_centro'.
2025-06-20 09:01:46,834 - INFO - Se escribió texto en el elemento localizado por name='pDenominacion_autorizacion_destino': '4570002919'
2025-06-20 09:01:48,867 - INFO - Se escribió texto y se pulsó Enter en el elemento con name 'pDenominacion_autorizacion_destino'.
2025-06-20 09:01:49,939 - INFO - Se escribió texto en el elemento localizado por name='pDenominacion_operador_traslados': 'ECO TITAN S.L.'
2025-06-20 09:01:51,996 - INFO - Se escribió texto y se pulsó Enter en el elemento con name 'pDenominacion_operador_traslados'.
2025-06-20 09:01:53,067 - INFO - Se escribió texto en el elemento localizado por name='pDenominacion_autorizacion_operador_traslados': '87/A01/CV'
2025-06-20 09:01:55,098 - INFO - Se escribió texto y se pulsó Enter en el elemento con name 'pDenominacion_autorizacion_operador_traslados'.
2025-06-20 09:01:55,169 - INFO - Se escribió texto en el elemento localizado por name='pDenominacion_residuo': 'HIDROCARBUROS CON AGUA*'
2025-06-20 09:01:57,206 - INFO - Se escribió texto y se pulsó Enter en el elemento con name 'pDenominacion_residuo'.
2025-06-20 09:01:57,259 - INFO - Se escribió texto en el elemento localizado por name='pKilos_totales': '2000'
2025-06-20 09:01:59,289 - INFO - Se escribió texto y se pulsó Enter en el elemento con name 'pKilos_totales'.
2025-06-20 09:01:59,346 - INFO - Elemento clickado con 'css selector' = '.miBoton.aceptar'.
2025-06-20 09:02:00,426 - INFO - Opción 'Tratamientos' seleccionada en el elemento con 'id' = 'fContenido_seleccionado'.
2025-06-20 09:02:01,518 - INFO - Elemento clickado con 'css selector' = '.miBoton.editar.editar_1.sinTexto.dcha'.
2025-06-20 09:02:02,172 - INFO - Se escribió texto en el elemento localizado por name='pDenominacion_ema_1': 'EUROPEA DEL TRATAMIENTO DE RESIDUOS COSTA AZAHAR 18, S.L.'
2025-06-20 09:02:04,210 - INFO - Se escribió texto y se pulsó Enter en el elemento con name 'pDenominacion_ema_1'.
2025-06-20 09:02:04,770 - INFO - Se escribió texto en el elemento localizado por name='pTratamiento_posterior_1_codigo_ler_2': 'R3'
2025-06-20 09:02:06,809 - INFO - Se escribió texto y se pulsó Enter en el elemento con name 'pTratamiento_posterior_1_codigo_ler_2'.
2025-06-20 09:02:06,877 - INFO - Elemento clickado con 'css selector' = '.icon-ok'.
2025-06-20 09:02:08,974 - INFO - Opción 'Notificación' seleccionada en el elemento con 'id' = 'fContenido_seleccionado'.
2025-06-20 09:02:10,038 - INFO - Elemento clickado con 'css selector' = '.icon-magic'.
2025-06-20 09:02:11,040 - INFO - Archivo nuevo detectado: NT30460004811420250011249.xml
2025-06-20 09:02:11,040 - INFO - Archivo de notificación descargado en: NT30460004811420250011249.xml
2025-06-20 09:02:12,122 - INFO - Opción 'Facturación' seleccionada en el elemento con 'id' = 'fContenido_seleccionado'.
2025-06-20 09:02:14,267 - INFO - Se escribió texto en el elemento localizado por name='pNombre_cliente': 'PRUEBA PRUEBA PRUEBA'
2025-06-20 09:02:16,301 - INFO - Se escribió texto y se pulsó Enter en el elemento con name 'pNombre_cliente'.
2025-06-20 09:02:16,376 - INFO - Se escribió texto en el elemento localizado por name='pDenominacion_producto': 'HIDROCARBUROS CON AGUA*'
2025-06-20 09:02:18,409 - INFO - Se escribió texto y se pulsó Enter en el elemento con name 'pDenominacion_producto'.
2025-06-20 09:02:20,469 - INFO - Elemento clickado con 'css selector' = '.miBoton.aceptar'.
2025-06-20 09:02:23,035 - INFO - Web 'https://portal.nubelus.es/?clave=waster2_gestionContratosTratamiento&pAccion=NUEVO' abierta.
2025-06-20 09:02:23,154 - INFO - Se escribió texto en el elemento localizado por name='pFecha': '11-06-2025'
2025-06-20 09:02:25,187 - INFO - Se escribió texto y se pulsó Enter en el elemento con name 'pFecha'.
2025-06-20 09:02:25,783 - INFO - Se escribió texto en el elemento localizado por name='pFecha_caducidad': '10-06-2028'
2025-06-20 09:02:27,814 - INFO - Se escribió texto y se pulsó Enter en el elemento con name 'pFecha_caducidad'.
2025-06-20 09:02:28,397 - INFO - Se escribió texto en el elemento localizado por name='pDenominacion_origen': 'PRUEBA PRUEBA PRUEBA'
2025-06-20 09:02:30,436 - INFO - Se escribió texto y se pulsó Enter en el elemento con name 'pDenominacion_origen'.
2025-06-20 09:02:31,047 - INFO - Se escribió texto en el elemento localizado por name='pDenominacion_destino': 'METALLS DEL CAMP, S.L.'
2025-06-20 09:02:33,083 - INFO - Se escribió texto y se pulsó Enter en el elemento con name 'pDenominacion_destino'.
2025-06-20 09:02:33,678 - INFO - Se escribió texto en el elemento localizado por name='pDenominacion_destino_centro': 'METALLS DEL CAMP, S.L.U. (EL ROMERAL)'
2025-06-20 09:02:35,714 - INFO - Se escribió texto y se pulsó Enter en el elemento con name 'pDenominacion_destino_centro'.
2025-06-20 09:02:36,774 - INFO - Se escribió texto en el elemento localizado por name='pDenominacion_autorizacion_destino': 'G04'
2025-06-20 09:02:38,810 - INFO - Se escribió texto y se pulsó Enter en el elemento con name 'pDenominacion_autorizacion_destino'.
2025-06-20 09:02:39,880 - INFO - Se escribió texto en el elemento localizado por name='pDenominacion_operador_traslados': 'ECO TITAN S.L.'
2025-06-20 09:02:41,916 - INFO - Se escribió texto y se pulsó Enter en el elemento con name 'pDenominacion_operador_traslados'.
2025-06-20 09:02:42,982 - INFO - Se escribió texto en el elemento localizado por name='pDenominacion_autorizacion_operador_traslados': '305/A02/CV'
2025-06-20 09:02:45,008 - INFO - Se escribió texto y se pulsó Enter en el elemento con name 'pDenominacion_autorizacion_operador_traslados'.
2025-06-20 09:02:45,078 - INFO - Se escribió texto en el elemento localizado por name='pDenominacion_residuo': 'CHATARRA MECANICA'
2025-06-20 09:02:47,112 - INFO - Se escribió texto y se pulsó Enter en el elemento con name 'pDenominacion_residuo'.
2025-06-20 09:02:47,166 - INFO - Se escribió texto en el elemento localizado por name='pKilos_totales': '10000'
2025-06-20 09:02:49,194 - INFO - Se escribió texto y se pulsó Enter en el elemento con name 'pKilos_totales'.
2025-06-20 09:02:49,243 - INFO - Elemento clickado con 'css selector' = '.miBoton.aceptar'.
2025-06-20 09:02:50,287 - INFO - Opción 'Facturación' seleccionada en el elemento con 'id' = 'fContenido_seleccionado'.
2025-06-20 09:02:52,459 - INFO - Se escribió texto en el elemento localizado por name='pNombre_cliente': 'PRUEBA PRUEBA PRUEBA'
2025-06-20 09:02:54,485 - INFO - Se escribió texto y se pulsó Enter en el elemento con name 'pNombre_cliente'.
2025-06-20 09:02:54,561 - INFO - Se escribió texto en el elemento localizado por name='pDenominacion_producto': 'CHATARRA MECANICA'
2025-06-20 09:02:56,585 - INFO - Se escribió texto y se pulsó Enter en el elemento con name 'pDenominacion_producto'.
2025-06-20 09:02:58,643 - INFO - Elemento clickado con 'css selector' = '.miBoton.aceptar'.
2025-06-20 09:03:01,172 - INFO - Web 'https://portal.nubelus.es/?clave=waster2_gestionContratosTratamiento&pAccion=NUEVO' abierta.
2025-06-20 09:03:01,280 - INFO - Se escribió texto en el elemento localizado por name='pFecha': '11-06-2025'
2025-06-20 09:03:03,313 - INFO - Se escribió texto y se pulsó Enter en el elemento con name 'pFecha'.
2025-06-20 09:03:03,907 - INFO - Se escribió texto en el elemento localizado por name='pFecha_caducidad': '10-06-2028'
2025-06-20 09:03:05,927 - INFO - Se escribió texto y se pulsó Enter en el elemento con name 'pFecha_caducidad'.
2025-06-20 09:03:06,514 - INFO - Se escribió texto en el elemento localizado por name='pDenominacion_origen': 'PRUEBA PRUEBA PRUEBA'
2025-06-20 09:03:08,548 - INFO - Se escribió texto y se pulsó Enter en el elemento con name 'pDenominacion_origen'.
2025-06-20 09:03:09,129 - INFO - Se escribió texto en el elemento localizado por name='pDenominacion_destino': 'METALLS DEL CAMP, S.L.'
2025-06-20 09:03:11,171 - INFO - Se escribió texto y se pulsó Enter en el elemento con name 'pDenominacion_destino'.
2025-06-20 09:03:11,770 - INFO - Se escribió texto en el elemento localizado por name='pDenominacion_destino_centro': 'METALLS DEL CAMP, S.L.U. (EL ROMERAL)'
2025-06-20 09:03:13,805 - INFO - Se escribió texto y se pulsó Enter en el elemento con name 'pDenominacion_destino_centro'.
2025-06-20 09:03:14,859 - INFO - Se escribió texto en el elemento localizado por name='pDenominacion_autorizacion_destino': 'G04'
2025-06-20 09:03:16,895 - INFO - Se escribió texto y se pulsó Enter en el elemento con name 'pDenominacion_autorizacion_destino'.
2025-06-20 09:03:17,962 - INFO - Se escribió texto en el elemento localizado por name='pDenominacion_operador_traslados': 'ECO TITAN S.L.'
2025-06-20 09:03:19,999 - INFO - Se escribió texto y se pulsó Enter en el elemento con name 'pDenominacion_operador_traslados'.
2025-06-20 09:03:21,056 - INFO - Se escribió texto en el elemento localizado por name='pDenominacion_autorizacion_operador_traslados': '305/A02/CV'
2025-06-20 09:03:23,099 - INFO - Se escribió texto y se pulsó Enter en el elemento con name 'pDenominacion_autorizacion_operador_traslados'.
2025-06-20 09:03:23,162 - INFO - Se escribió texto en el elemento localizado por name='pDenominacion_residuo': 'FILTROS DE AIRE'
2025-06-20 09:03:25,191 - INFO - Se escribió texto y se pulsó Enter en el elemento con name 'pDenominacion_residuo'.
2025-06-20 09:03:25,243 - INFO - Se escribió texto en el elemento localizado por name='pKilos_totales': '1500'
2025-06-20 09:03:27,259 - INFO - Se escribió texto y se pulsó Enter en el elemento con name 'pKilos_totales'.
2025-06-20 09:03:27,306 - INFO - Elemento clickado con 'css selector' = '.miBoton.aceptar'.
2025-06-20 09:03:28,344 - INFO - Opción 'Facturación' seleccionada en el elemento con 'id' = 'fContenido_seleccionado'.
2025-06-20 09:03:30,499 - INFO - Se escribió texto en el elemento localizado por name='pNombre_cliente': 'PRUEBA PRUEBA PRUEBA'
2025-06-20 09:03:32,530 - INFO - Se escribió texto y se pulsó Enter en el elemento con name 'pNombre_cliente'.
2025-06-20 09:03:32,598 - INFO - Se escribió texto en el elemento localizado por name='pDenominacion_producto': 'FILTROS DE AIRE'
2025-06-20 09:03:34,632 - INFO - Se escribió texto y se pulsó Enter en el elemento con name 'pDenominacion_producto'.
2025-06-20 09:03:34,696 - INFO - Opción 'Valor fijo' seleccionada en el elemento con 'name' = 'pCantidad_modo'.
2025-06-20 09:03:34,750 - INFO - Opción 'T/Precio 1' seleccionada en el elemento con 'name' = 'pPrecio_modo_venta'.
2025-06-20 09:03:34,804 - INFO - Se escribió texto en el elemento localizado por name='pCantidad_valor': '1'
2025-06-20 09:03:36,838 - INFO - Se escribió texto y se pulsó Enter en el elemento con name 'pCantidad_valor'.
2025-06-20 09:03:38,898 - INFO - Elemento clickado con 'css selector' = '.miBoton.aceptar'.
2025-06-20 09:03:40,899 - INFO - Contratos creados correctamente: desde empresa a contratos
