2025-05-26 09:50:25,443 - INFO - Inicializando navegador...
2025-05-26 09:50:25,820 - INFO - Web 'https://residuos.gva.es/RES_BUSCAWEB/buscador_residuos_avanzado.aspx' abierta.
2025-05-26 09:50:25,893 - INFO - Se escribió texto en el elemento localizado por id='ctl00_ContentPlaceHolder1_txtNIF': 'B43693274'
2025-05-26 09:50:25,945 - INFO - Elemento clickado con 'id' = 'ctl00_ContentPlaceHolder1_btBuscar'.
2025-05-26 09:50:26,482 - INFO - 4 elementos encontrados con 'xpath' = '//a[starts-with(@id, 'ctl00_ContentPlaceHolder1_gvResultados_ctl') and contains(@id, '_hypGestor')]'.
2025-05-26 09:50:26,483 - INFO - Encontrados 4 centros asociados al NIF B43693274.
2025-05-26 09:50:27,572 - INFO - Web 'https://residuos.gva.es/RES_BUSCAWEB/ficha.aspx?id=mq6PCE%2fOiti2eluqnuHDC%2fV8bdf6e1SZ' abierta.
2025-05-26 09:50:27,572 - INFO - Enlace 'https://residuos.gva.es/RES_BUSCAWEB/ficha.aspx?id=mq6PCE%2fOiti2eluqnuHDC%2fV8bdf6e1SZ' abierto por el botón con ID 'ctl00_ContentPlaceHolder1_gvResultados_ctl03_hypGestor'.
2025-05-26 09:50:27,589 - INFO - Elemento encontrado con 'tag name' = 'iframe'.
2025-05-26 09:50:27,614 - INFO - Elemento encontrado con 'xpath' = '//*[@id='NOMBREEMPRESA1-0']//span'.
2025-05-26 09:50:27,623 - INFO - Texto obtenido del elemento con ID 'NOMBREEMPRESA1-0': METALLS DEL CAMP, S.L.
2025-05-26 09:50:27,636 - INFO - Elemento encontrado con 'tag name' = 'iframe'.
2025-05-26 09:50:27,659 - INFO - Elemento encontrado con 'xpath' = '//*[@id='ENIF1-0']//span'.
2025-05-26 09:50:27,663 - INFO - Texto obtenido del elemento con ID 'ENIF1-0': B43693274
2025-05-26 09:50:27,675 - INFO - Elemento encontrado con 'tag name' = 'iframe'.
2025-05-26 09:50:27,701 - INFO - Elemento encontrado con 'xpath' = '//*[@id='EDIRECCION1-0']//span'.
2025-05-26 09:50:27,706 - INFO - Texto obtenido del elemento con ID 'EDIRECCION1-0': POLÍGONO INDUSTRIAL LA LLOMA, C/ SERRA D' ESPADA 6     8
2025-05-26 09:50:27,736 - INFO - Elemento encontrado con 'tag name' = 'iframe'.
2025-05-26 09:50:27,759 - INFO - Elemento encontrado con 'xpath' = '//*[@id='ECODIPOS1-0']//span'.
2025-05-26 09:50:27,763 - INFO - Texto obtenido del elemento con ID 'ECODIPOS1-0': 46960
2025-05-26 09:50:27,790 - INFO - Elemento encontrado con 'tag name' = 'iframe'.
2025-05-26 09:50:27,814 - INFO - Elemento encontrado con 'xpath' = '//*[@id='Text8-0']//span'.
2025-05-26 09:50:27,819 - INFO - Texto obtenido del elemento con ID 'Text8-0': ALDAIA - VALENCIA/VALÈNCIA
2025-05-26 09:50:27,830 - INFO - Elemento encontrado con 'tag name' = 'iframe'.
2025-05-26 09:50:27,856 - INFO - Elemento encontrado con 'xpath' = '//*[@id='ETELEFONO1-0']//span'.
2025-05-26 09:50:27,860 - INFO - Texto obtenido del elemento con ID 'ETELEFONO1-0': 961501110
2025-05-26 09:50:27,872 - INFO - Elemento encontrado con 'tag name' = 'iframe'.
2025-05-26 09:50:27,938 - INFO - Elemento encontrado con 'xpath' = '//*[@id='NOMBRECENTRO1-0-0']//span'.
2025-05-26 09:50:27,942 - INFO - Texto obtenido del elemento con ID 'NOMBRECENTRO1-0-0': METALLS DEL CAMP, S.L.
2025-05-26 09:50:27,953 - INFO - Elemento encontrado con 'tag name' = 'iframe'.
2025-05-26 09:50:27,976 - INFO - Elemento encontrado con 'xpath' = '//*[@id='FCENCODCENTRO1-0-0']//span'.
2025-05-26 09:50:27,980 - INFO - Texto obtenido del elemento con ID 'FCENCODCENTRO1-0-0': 4600014035
2025-05-26 09:50:27,992 - INFO - Elemento encontrado con 'tag name' = 'iframe'.
2025-05-26 09:50:28,016 - INFO - Elemento encontrado con 'xpath' = '//*[@id='FDIRECCION1-0-0']//span'.
2025-05-26 09:50:28,020 - INFO - Texto obtenido del elemento con ID 'FDIRECCION1-0-0': POLÍGONO INDUSTRIAL LA LLOMA, C/ SERRA D' ESPADA 6     8
2025-05-26 09:50:28,032 - INFO - Elemento encontrado con 'tag name' = 'iframe'.
2025-05-26 09:50:28,056 - INFO - Elemento encontrado con 'xpath' = '//*[@id='Text7-0-0']//span'.
2025-05-26 09:50:28,060 - INFO - Texto obtenido del elemento con ID 'Text7-0-0': ALDAIA - VALENCIA/VALÈNCIA
2025-05-26 09:50:28,072 - INFO - Elemento encontrado con 'tag name' = 'iframe'.
2025-05-26 09:50:28,094 - INFO - Elemento encontrado con 'xpath' = '//*[@id='FCODINE1-0-0']//span'.
2025-05-26 09:50:28,099 - INFO - Texto obtenido del elemento con ID 'FCODINE1-0-0': 460214
2025-05-26 09:50:28,111 - INFO - Elemento encontrado con 'tag name' = 'iframe'.
2025-05-26 09:50:28,133 - INFO - Elemento encontrado con 'xpath' = '//*[@id='FTELEFONO1-0-0']//span'.
2025-05-26 09:50:28,138 - INFO - Texto obtenido del elemento con ID 'FTELEFONO1-0-0': 961501110
2025-05-26 09:50:28,149 - INFO - Elemento encontrado con 'tag name' = 'iframe'.
2025-05-26 09:50:28,172 - INFO - Elemento encontrado con 'xpath' = '//*[@id='Text10-0-0-0']//span'.
2025-05-26 09:50:28,177 - INFO - Texto obtenido del elemento con ID 'Text10-0-0-0': 157/G02/CV - ALMACENAMIENTO RESIDUOS PELIGROSOS
2025-05-26 09:50:28,188 - INFO - Elemento encontrado con 'tag name' = 'iframe'.
2025-05-26 09:50:33,296 - ERROR - Timeout al esperar el elemento con 'xpath' = '//*[@id='Text10-0-0-1']//span'
2025-05-26 09:50:33,297 - ERROR - No se pudo encontrar el código de residuo 2
2025-05-26 09:50:33,334 - ERROR - ERROR: No se han podido procesar los centros asociados: Message: stale element reference: stale element not found
  (Session info: chrome=136.0.7103.114); For documentation on this error, please visit: https://www.selenium.dev/documentation/webdriver/troubleshooting/errors#stale-element-reference-exception
Stacktrace:
	GetHandleVerifier [0x011FFC03+61635]
	GetHandleVerifier [0x011FFC44+61700]
	(No symbol) [0x010205D3]
	(No symbol) [0x01032061]
	(No symbol) [0x01031140]
	(No symbol) [0x01027880]
	(No symbol) [0x0102795C]
	(No symbol) [0x01025D81]
	(No symbol) [0x01029335]
	(No symbol) [0x010AF531]
	(No symbol) [0x0108D29C]
	(No symbol) [0x010AE61B]
	(No symbol) [0x0108D096]
	(No symbol) [0x0105C840]
	(No symbol) [0x0105D6A4]
	GetHandleVerifier [0x01484523+2701795]
	GetHandleVerifier [0x0147FCA6+2683238]
	GetHandleVerifier [0x0149A9EE+2793134]
	GetHandleVerifier [0x012168C5+155013]
	GetHandleVerifier [0x0121CFAD+181357]
	GetHandleVerifier [0x01207458+92440]
	GetHandleVerifier [0x01207600+92864]
	GetHandleVerifier [0x011F1FF0+5296]
	BaseThreadInitThunk [0x76D95D49+25]
	RtlInitializeExceptionChain [0x775DD03B+107]
	RtlGetAppContainerNamedObjectPath [0x775DCFC1+561]

