2025-07-09 16:01:45,667 - INFO - Web 'chrome://settings/security' abierta.
2025-07-09 16:01:51,347 - INFO - Web 'https://portal.nubelus.es' abierta.
2025-07-09 16:01:51,449 - INFO - Se escribió texto en el elemento localizado por id='pNick_gestor': 'ecotitan'
2025-07-09 16:01:51,510 - INFO - Elemento clickado con 'id' = 'btContinuar'.
2025-07-09 16:01:51,578 - INFO - Se escribió texto en el elemento localizado por xpath='//*[@placeholder='Usuario']': 'dani'
2025-07-09 16:01:51,642 - INFO - Se escribió texto en el elemento localizado por xpath='//*[@placeholder='Contraseña']': '123456'
2025-07-09 16:01:51,713 - INFO - Elemento clickado con 'id' = 'btAceptar'.
2025-07-09 16:01:57,263 - INFO - Web 'https://portal.nubelus.es/?clave=waster2_gestionEntidadesMedioambientales' abierta.
2025-07-09 16:01:57,329 - INFO - Elemento clickado con 'css selector' = '.miBoton.mas_opciones'.
2025-07-09 16:01:57,384 - INFO - Elemento clickado con 'id' = 'moa_bGenerar_excel'.
2025-07-09 16:01:58,605 - INFO - Archivo descargado: C:\Users\Usuario\Downloads\Entidades medioambientales.xlsx
2025-07-09 16:01:58,786 - INFO - Archivo eliminado: C:\Users\Usuario\Downloads\Entidades medioambientales.xlsx
2025-07-09 16:01:59,257 - INFO - Web 'https://portal.nubelus.es/?clave=waster2_gestionEntidadesMedioambientales&pAccion=NUEVO' abierta.
2025-07-09 16:01:59,258 - INFO - Añadiendo empresa: PRUEBA PRUEBA PRUEBA
2025-07-09 16:01:59,333 - INFO - Se escribió texto en el elemento localizado por id='pDenominacion': 'PRUEBA PRUEBA PRUEBA'
2025-07-09 16:01:59,413 - INFO - Se escribió texto en el elemento localizado por name='pNif': 'B45318888'
2025-07-09 16:01:59,484 - INFO - Opción 'Jurídica' seleccionada en el elemento con 'name' = 'pForma_fiscal'.
2025-07-09 16:02:01,564 - INFO - Se escribió texto en el elemento localizado por name='pDenominacion_forma_juridica': 'Sociedades de responsabilidad limitada'
2025-07-09 16:02:03,587 - INFO - Se escribió texto y se pulsó Enter en el elemento con name 'pDenominacion_forma_juridica'.
2025-07-09 16:02:04,163 - INFO - Se escribió texto en el elemento localizado por name='pNombre_fiscal': 'PRUEBA PRUEBA PRUEBA'
2025-07-09 16:02:04,197 - INFO - Se escribió texto y se pulsó Enter en el elemento con name 'pNombre_fiscal'.
2025-07-09 16:02:04,257 - INFO - Se escribió texto en el elemento localizado por name='pDomicilio': 'C/ REAL, 66'
2025-07-09 16:02:04,329 - INFO - Se escribió texto en el elemento localizado por name='pDenominacion_ine_municipio': 'VALENCIA'
2025-07-09 16:02:05,396 - INFO - Elemento clickado con 'css selector' = '.BUSCAR_INE_MUNICIPIO.noref.ui-menu-item'.
2025-07-09 16:02:05,461 - INFO - Se escribió texto en el elemento localizado por name='pPoblacion': 'VALENCIA'
2025-07-09 16:02:05,514 - INFO - Se escribió texto en el elemento localizado por name='pCodigoPostal': '45210'
2025-07-09 16:02:05,569 - INFO - Se escribió texto en el elemento localizado por name='pTelefono': '999999999'
2025-07-09 16:02:05,638 - INFO - Se escribió texto en el elemento localizado por name='pEmail': 'PRUEBA@MORENOYRODRIGUEZ.ES'
2025-07-09 16:02:05,692 - INFO - Se escribió texto en el elemento localizado por name='pNima': '4528633999'
2025-07-09 16:02:05,758 - INFO - Se escribió texto en el elemento localizado por name='pAutorizacion_medioambiental': 'CM/5TO164T'
2025-07-09 16:02:05,834 - INFO - Se escribió texto en el elemento localizado por name='pDenominacion_ema': 'P02'
2025-07-09 16:02:07,857 - INFO - Se escribió texto y se pulsó Enter en el elemento con name 'pDenominacion_ema'.
2025-07-09 16:02:07,907 - INFO - Elemento clickado con 'css selector' = '.miBoton.aceptar'.
2025-07-09 16:02:09,018 - INFO - Elemento clickado con 'css selector' = '.miBoton_cuadrado.aceptar'.
2025-07-09 16:02:09,314 - ERROR - Falló al clickar el elemento con 'xpath' = '//button[contains(., 'Crear cliente')]' (intento 1): Message: stale element reference: stale element not found in the current frame
  (Session info: chrome=138.0.7204.96); For documentation on this error, please visit: https://www.selenium.dev/documentation/webdriver/troubleshooting/errors#stale-element-reference-exception
Stacktrace:
	GetHandleVerifier [0x0x7ff62d516f75+76917]
	GetHandleVerifier [0x0x7ff62d516fd0+77008]
	(No symbol) [0x0x7ff62d2c9dea]
	(No symbol) [0x0x7ff62d2d1789]
	(No symbol) [0x0x7ff62d2d482c]
	(No symbol) [0x0x7ff62d2d48ff]
	(No symbol) [0x0x7ff62d32814b]
	(No symbol) [0x0x7ff62d325c02]
	(No symbol) [0x0x7ff62d322c41]
	(No symbol) [0x0x7ff62d321b31]
	(No symbol) [0x0x7ff62d313368]
	(No symbol) [0x0x7ff62d34846a]
	(No symbol) [0x0x7ff62d312c16]
	(No symbol) [0x0x7ff62d348680]
	(No symbol) [0x0x7ff62d37065c]
	(No symbol) [0x0x7ff62d348243]
	(No symbol) [0x0x7ff62d311431]
	(No symbol) [0x0x7ff62d3121c3]
	GetHandleVerifier [0x0x7ff62d7ed2ad+3051437]
	GetHandleVerifier [0x0x7ff62d7e7903+3028483]
	GetHandleVerifier [0x0x7ff62d80589d+3151261]
	GetHandleVerifier [0x0x7ff62d53183e+185662]
	GetHandleVerifier [0x0x7ff62d5396ff+218111]
	GetHandleVerifier [0x0x7ff62d51faf4+112628]
	GetHandleVerifier [0x0x7ff62d51fca9+113065]
	GetHandleVerifier [0x0x7ff62d506c78+10616]
	BaseThreadInitThunk [0x0x7ffab01fe8d7+23]
	RtlUserThreadStart [0x0x7ffab181c34c+44]

2025-07-09 16:02:09,874 - INFO - Elemento clickado con 'xpath' = '//button[contains(., 'Crear cliente')]'.
2025-07-09 16:02:09,930 - INFO - Elemento clickado con 'css selector' = '.miBoton_cuadrado.aceptar'.
2025-07-09 16:02:10,478 - INFO - Web 'https://portal.nubelus.es/?clave=waster2_gestionEntidadesMedioambientalesCentros' abierta.
2025-07-09 16:02:10,540 - INFO - Elemento clickado con 'css selector' = '.icon-bolt'.
2025-07-09 16:02:10,611 - INFO - Se escribió texto en el elemento localizado por name='pDenominacion': 'PRUEBA PRUEBA PRUEBA'
2025-07-09 16:02:12,141 - INFO - Se pulsó Enter en el elemento localizado por name='pDenominacion'.
2025-07-09 16:02:12,191 - INFO - Elemento clickado con 'css selector' = '.miBoton.aceptar'.
2025-07-09 16:02:12,758 - INFO - Opción 'Datos medioambientales' seleccionada en el elemento con 'id' = 'fContenido_seleccionado'.
2025-07-09 16:02:13,812 - INFO - Elemento clickado con 'css selector' = '.miBoton.editar.solapa_descripcion'.
2025-07-09 16:02:13,914 - INFO - Se escribió texto en el elemento localizado por name='pNima': '4528633999'
2025-07-09 16:02:13,989 - INFO - Se escribió texto en el elemento localizado por name='pResponsable_ma_nombre': 'PRUEBA PRUEBA PRUEBA'
2025-07-09 16:02:14,068 - INFO - Se escribió texto en el elemento localizado por name='pResponsable_ma_nif': 'B45318888'
2025-07-09 16:02:14,153 - INFO - Se escribió texto en el elemento localizado por name='pResponsable_ma_cargo': 'PRUEBA PRUEBA PRUEBA'
2025-07-09 16:02:14,212 - INFO - Se escribió texto en el elemento localizado por name='pDenominacion_ine_municipio': 'VALENCIA'
2025-07-09 16:02:16,232 - INFO - Se escribió texto y se pulsó Enter en el elemento con name 'pDenominacion_ine_municipio'.
2025-07-09 16:02:17,275 - INFO - Elemento clickado con 'css selector' = '.miBoton.aceptar'.
2025-07-09 16:02:17,889 - INFO - Web 'https://portal.nubelus.es/?clave=nubelus_gestionUsuarios&pAccion=NUEVO' abierta.
2025-07-09 16:02:17,959 - INFO - Se escribió texto en el elemento localizado por name='pUsuario': 'PRUEBAPRUEBAPRUEBA'
2025-07-09 16:02:18,027 - INFO - Se escribió texto en el elemento localizado por name='pAlias': 'PRUEBA PRUEBA PRUEBA'
2025-07-09 16:02:18,115 - INFO - Se escribió texto en el elemento localizado por name='pEmail': 'PRUEBA@MORENOYRODRIGUEZ.ES'
2025-07-09 16:02:18,191 - INFO - Se escribió texto en el elemento localizado por name='pTelefono': '999999999'
2025-07-09 16:02:18,259 - INFO - Opción 'EMA' seleccionada en el elemento con 'name' = 'pRol'.
2025-07-09 16:02:18,342 - INFO - Se escribió texto en el elemento localizado por name='pDenominacion_ema': 'PRUEBA PRUEBA PRUEBA'
2025-07-09 16:02:19,385 - INFO - Elemento clickado con 'css selector' = '.BUSCAR_ENTIDAD_MEDIOAMBIENTAL.noref.ui-menu-item'.
2025-07-09 16:02:19,471 - INFO - Se escribió texto en el elemento localizado por name='pDenominacion_entidad_ma_centro': 'PRUEBA PRUEBA PRUEBA'
2025-07-09 16:02:20,510 - INFO - Elemento clickado con 'css selector' = '.BUSCAR_ENTIDAD_MEDIOAMBIENTAL_CENTRO.noref.ui-menu-item'.
2025-07-09 16:02:20,558 - INFO - Elemento clickado con 'css selector' = '.miBoton.aceptar'.
2025-07-09 16:02:22,011 - INFO - Web 'https://portal.nubelus.es/?clave=waster2_gestionAcuerdosRepresentacion&pAccion=NUEVO' abierta.
2025-07-09 16:02:23,089 - INFO - Se escribió texto en el elemento localizado por name='pDenominacion_ema_representada': 'PRUEBA PRUEBA PRUEBA'
2025-07-09 16:02:24,616 - INFO - Se pulsó Enter en el elemento localizado por name='pDenominacion_ema_representada'.
2025-07-09 16:02:24,697 - INFO - Se escribió texto en el elemento localizado por name='pFecha': '11-06-2025'
2025-07-09 16:02:24,773 - INFO - Se escribió texto en el elemento localizado por name='pFecha_caducidad': '10-06-2030'
2025-07-09 16:02:24,829 - INFO - Elemento clickado con 'css selector' = '.miBoton.aceptar'.
2025-07-09 16:02:26,290 - INFO - Web 'https://portal.nubelus.es/?clave=waster2_gestionContratosTratamiento&pAccion=NUEVO' abierta.
2025-07-09 16:02:26,375 - INFO - Se escribió texto en el elemento localizado por name='pFecha': '11-06-2025'
2025-07-09 16:02:28,395 - INFO - Se escribió texto y se pulsó Enter en el elemento con name 'pFecha'.
2025-07-09 16:02:28,980 - INFO - Se escribió texto en el elemento localizado por name='pFecha_caducidad': '10-06-2028'
2025-07-09 16:02:31,017 - INFO - Se escribió texto y se pulsó Enter en el elemento con name 'pFecha_caducidad'.
2025-07-09 16:02:31,592 - INFO - Se escribió texto en el elemento localizado por name='pDenominacion_origen': 'PRUEBA PRUEBA PRUEBA'
2025-07-09 16:02:33,611 - INFO - Se escribió texto y se pulsó Enter en el elemento con name 'pDenominacion_origen'.
2025-07-09 16:02:34,196 - INFO - Se escribió texto en el elemento localizado por name='pDenominacion_destino': 'METALLS DEL CAMP, S.L.'
2025-07-09 16:02:36,220 - INFO - Se escribió texto y se pulsó Enter en el elemento con name 'pDenominacion_destino'.
2025-07-09 16:02:36,801 - INFO - Se escribió texto en el elemento localizado por name='pDenominacion_destino_centro': 'METALLS DEL CAMP ( SERRA D'
2025-07-09 16:02:38,824 - INFO - Se escribió texto y se pulsó Enter en el elemento con name 'pDenominacion_destino_centro'.
2025-07-09 16:02:39,900 - INFO - Se escribió texto en el elemento localizado por name='pDenominacion_autorizacion_destino': '157/G02/CV'
2025-07-09 16:02:41,921 - INFO - Se escribió texto y se pulsó Enter en el elemento con name 'pDenominacion_autorizacion_destino'.
2025-07-09 16:02:42,990 - INFO - Se escribió texto en el elemento localizado por name='pDenominacion_operador_traslados': 'ECO TITAN S.L.'
2025-07-09 16:02:45,011 - INFO - Se escribió texto y se pulsó Enter en el elemento con name 'pDenominacion_operador_traslados'.
2025-07-09 16:02:46,074 - INFO - Se escribió texto en el elemento localizado por name='pDenominacion_autorizacion_operador_traslados': '87/A01/CV'
2025-07-09 16:02:48,094 - INFO - Se escribió texto y se pulsó Enter en el elemento con name 'pDenominacion_autorizacion_operador_traslados'.
2025-07-09 16:02:48,194 - INFO - Se escribió texto en el elemento localizado por name='pDenominacion_residuo': 'FILTROS DE ACEITE*'
2025-07-09 16:02:50,212 - INFO - Se escribió texto y se pulsó Enter en el elemento con name 'pDenominacion_residuo'.
2025-07-09 16:02:50,272 - INFO - Se escribió texto en el elemento localizado por name='pKilos_totales': '5000'
2025-07-09 16:02:52,289 - INFO - Se escribió texto y se pulsó Enter en el elemento con name 'pKilos_totales'.
2025-07-09 16:02:52,351 - INFO - Elemento clickado con 'css selector' = '.miBoton.aceptar'.
2025-07-09 16:02:53,410 - INFO - Opción 'Tratamientos' seleccionada en el elemento con 'id' = 'fContenido_seleccionado'.
2025-07-09 16:02:54,472 - INFO - Elemento clickado con 'css selector' = '.miBoton.editar.editar_1.sinTexto.dcha'.
2025-07-09 16:02:55,077 - INFO - Se escribió texto en el elemento localizado por name='pDenominacion_ema_1': 'SERVICIOS ECOLOGICOS ACITAIN, S.L.'
2025-07-09 16:02:57,105 - INFO - Se escribió texto y se pulsó Enter en el elemento con name 'pDenominacion_ema_1'.
2025-07-09 16:02:57,669 - INFO - Se escribió texto en el elemento localizado por name='pTratamiento_posterior_1_codigo_ler_2': 'R4'
2025-07-09 16:02:59,690 - INFO - Se escribió texto y se pulsó Enter en el elemento con name 'pTratamiento_posterior_1_codigo_ler_2'.
2025-07-09 16:02:59,754 - INFO - Elemento clickado con 'css selector' = '.icon-ok'.
2025-07-09 16:03:01,812 - INFO - Opción 'Notificación' seleccionada en el elemento con 'id' = 'fContenido_seleccionado'.
2025-07-09 16:05:02,932 - ERROR - No se detectaron todas las descargas esperadas (1). Solo detectados: 0
2025-07-09 16:05:02,934 - ERROR - Falló al seleccionar la opción 'Notificación' en el elemento con 'id' = 'fContenido_seleccionado': Message: invalid session id: session deleted as the browser has closed the connection
from disconnected: not connected to DevTools
  (Session info: chrome=138.0.7204.96)
Stacktrace:
	GetHandleVerifier [0x0x7ff62d516f75+76917]
	GetHandleVerifier [0x0x7ff62d516fd0+77008]
	(No symbol) [0x0x7ff62d2c9dea]
	(No symbol) [0x0x7ff62d2b5f15]
	(No symbol) [0x0x7ff62d2dabf4]
	(No symbol) [0x0x7ff62d34fa85]
	(No symbol) [0x0x7ff62d36ff72]
	(No symbol) [0x0x7ff62d348243]
	(No symbol) [0x0x7ff62d311431]
	(No symbol) [0x0x7ff62d3121c3]
	GetHandleVerifier [0x0x7ff62d7ed2ad+3051437]
	GetHandleVerifier [0x0x7ff62d7e7903+3028483]
	GetHandleVerifier [0x0x7ff62d80589d+3151261]
	GetHandleVerifier [0x0x7ff62d53183e+185662]
	GetHandleVerifier [0x0x7ff62d5396ff+218111]
	GetHandleVerifier [0x0x7ff62d51faf4+112628]
	GetHandleVerifier [0x0x7ff62d51fca9+113065]
	GetHandleVerifier [0x0x7ff62d506c78+10616]
	BaseThreadInitThunk [0x0x7ffab01fe8d7+23]
	RtlUserThreadStart [0x0x7ffab181c34c+44]

2025-07-09 16:05:02,934 - ERROR - Error al crear notificación de tratamiento: Message: invalid session id: session deleted as the browser has closed the connection
from disconnected: not connected to DevTools
  (Session info: chrome=138.0.7204.96)
Stacktrace:
	GetHandleVerifier [0x0x7ff62d516f75+76917]
	GetHandleVerifier [0x0x7ff62d516fd0+77008]
	(No symbol) [0x0x7ff62d2c9dea]
	(No symbol) [0x0x7ff62d2b5f15]
	(No symbol) [0x0x7ff62d2dabf4]
	(No symbol) [0x0x7ff62d34fa85]
	(No symbol) [0x0x7ff62d36ff72]
	(No symbol) [0x0x7ff62d348243]
	(No symbol) [0x0x7ff62d311431]
	(No symbol) [0x0x7ff62d3121c3]
	GetHandleVerifier [0x0x7ff62d7ed2ad+3051437]
	GetHandleVerifier [0x0x7ff62d7e7903+3028483]
	GetHandleVerifier [0x0x7ff62d80589d+3151261]
	GetHandleVerifier [0x0x7ff62d53183e+185662]
	GetHandleVerifier [0x0x7ff62d5396ff+218111]
	GetHandleVerifier [0x0x7ff62d51faf4+112628]
	GetHandleVerifier [0x0x7ff62d51fca9+113065]
	GetHandleVerifier [0x0x7ff62d506c78+10616]
	BaseThreadInitThunk [0x0x7ffab01fe8d7+23]
	RtlUserThreadStart [0x0x7ffab181c34c+44]

2025-07-09 16:05:55,542 - INFO - Saliendo del proceso de creación de notificaciones.
