2025-07-10 12:04:14,634 - INFO - Web 'chrome://settings/security' abierta.
2025-07-10 12:04:20,951 - INFO - Web 'https://portal.nubelus.es' abierta.
2025-07-10 12:04:21,023 - INFO - Se escribió texto en el elemento localizado por id='pNick_gestor': 'ecotitan'
2025-07-10 12:04:21,073 - INFO - Elemento clickado con 'id' = 'btContinuar'.
2025-07-10 12:04:21,127 - INFO - Se escribió texto en el elemento localizado por xpath='//*[@placeholder='Usuario']': 'dani'
2025-07-10 12:04:21,184 - INFO - Se escribió texto en el elemento localizado por xpath='//*[@placeholder='Contraseña']': '123456'
2025-07-10 12:04:21,237 - INFO - Elemento clickado con 'id' = 'btAceptar'.
2025-07-10 12:04:27,252 - INFO - Web 'https://portal.nubelus.es/?clave=waster2_gestionEntidadesMedioambientales' abierta.
2025-07-10 12:04:27,311 - INFO - Elemento clickado con 'css selector' = '.miBoton.mas_opciones'.
2025-07-10 12:04:27,364 - INFO - Elemento clickado con 'id' = 'moa_bGenerar_excel'.
2025-07-10 12:04:28,620 - INFO - Archivo descargado: C:\Users\Usuario\Downloads\Entidades medioambientales.xlsx
2025-07-10 12:04:28,783 - INFO - Archivo eliminado: C:\Users\Usuario\Downloads\Entidades medioambientales.xlsx
2025-07-10 12:04:29,374 - INFO - Web 'https://portal.nubelus.es/?clave=waster2_gestionEntidadesMedioambientales&pAccion=NUEVO' abierta.
2025-07-10 12:04:29,374 - INFO - Añadiendo empresa: TEST
2025-07-10 12:04:29,445 - INFO - Se escribió texto en el elemento localizado por id='pDenominacion': 'TEST'
2025-07-10 12:04:29,499 - INFO - Se escribió texto en el elemento localizado por name='pNif': 'B45318889'
2025-07-10 12:04:29,573 - INFO - Opción 'Jurídica' seleccionada en el elemento con 'name' = 'pForma_fiscal'.
2025-07-10 12:04:31,651 - INFO - Se escribió texto en el elemento localizado por name='pDenominacion_forma_juridica': 'Sociedades de responsabilidad limitada'
2025-07-10 12:04:33,679 - INFO - Se escribió texto y se pulsó Enter en el elemento con name 'pDenominacion_forma_juridica'.
2025-07-10 12:04:34,241 - INFO - Se escribió texto en el elemento localizado por name='pNombre_fiscal': 'TEST'
2025-07-10 12:04:34,255 - INFO - Se escribió texto y se pulsó Enter en el elemento con name 'pNombre_fiscal'.
2025-07-10 12:04:34,321 - INFO - Se escribió texto en el elemento localizado por name='pDomicilio': 'C/ REAL, 66'
2025-07-10 12:04:34,374 - INFO - Se escribió texto en el elemento localizado por name='pDenominacion_ine_municipio': '451685'
2025-07-10 12:04:36,401 - INFO - Se escribió texto y se pulsó Enter en el elemento con name 'pDenominacion_ine_municipio'.
2025-07-10 12:04:36,455 - INFO - Se escribió texto en el elemento localizado por name='pPoblacion': 'TOLEDO'
2025-07-10 12:04:36,502 - INFO - Se escribió texto en el elemento localizado por name='pCodigoPostal': '451685'
2025-07-10 12:04:36,555 - INFO - Se escribió texto en el elemento localizado por name='pTelefono': '999999999'
2025-07-10 12:04:36,620 - INFO - Se escribió texto en el elemento localizado por name='pEmail': 'PRUEBA@MORENOYRODRIGUEZ.ES'
2025-07-10 12:04:36,673 - INFO - Se escribió texto en el elemento localizado por name='pNima': '4528633990'
2025-07-10 12:04:36,725 - INFO - Se escribió texto en el elemento localizado por name='pAutorizacion_medioambiental': 'CM/5TO164T'
2025-07-10 12:04:36,800 - INFO - Se escribió texto en el elemento localizado por name='pDenominacion_ema': 'PEQUEÑO PRODUCTOR DE RESIDUOS PELIGROSOS'
2025-07-10 12:04:38,823 - INFO - Se escribió texto y se pulsó Enter en el elemento con name 'pDenominacion_ema'.
2025-07-10 12:04:38,868 - INFO - Elemento clickado con 'css selector' = '.miBoton.aceptar'.
2025-07-10 12:04:40,485 - INFO - Elemento clickado con 'css selector' = '.miBoton_cuadrado.aceptar'.
2025-07-10 12:04:41,097 - ERROR - Falló al clickar el elemento con 'xpath' = '//button[contains(., 'Crear cliente')]' (intento 1): Message: stale element reference: stale element not found in the current frame
  (Session info: chrome=138.0.7204.97); For documentation on this error, please visit: https://www.selenium.dev/documentation/webdriver/troubleshooting/errors#stale-element-reference-exception
Stacktrace:
	GetHandleVerifier [0x0x7ff6b4196f75+76917]
	GetHandleVerifier [0x0x7ff6b4196fd0+77008]
	(No symbol) [0x0x7ff6b3f49dea]
	(No symbol) [0x0x7ff6b3f51789]
	(No symbol) [0x0x7ff6b3f5482c]
	(No symbol) [0x0x7ff6b3f548ff]
	(No symbol) [0x0x7ff6b3fa814b]
	(No symbol) [0x0x7ff6b3fa5c02]
	(No symbol) [0x0x7ff6b3fa2c41]
	(No symbol) [0x0x7ff6b3fa1b31]
	(No symbol) [0x0x7ff6b3f93368]
	(No symbol) [0x0x7ff6b3fc846a]
	(No symbol) [0x0x7ff6b3f92c16]
	(No symbol) [0x0x7ff6b3fc8680]
	(No symbol) [0x0x7ff6b3ff065c]
	(No symbol) [0x0x7ff6b3fc8243]
	(No symbol) [0x0x7ff6b3f91431]
	(No symbol) [0x0x7ff6b3f921c3]
	GetHandleVerifier [0x0x7ff6b446d2ad+3051437]
	GetHandleVerifier [0x0x7ff6b4467903+3028483]
	GetHandleVerifier [0x0x7ff6b448589d+3151261]
	GetHandleVerifier [0x0x7ff6b41b183e+185662]
	GetHandleVerifier [0x0x7ff6b41b96ff+218111]
	GetHandleVerifier [0x0x7ff6b419faf4+112628]
	GetHandleVerifier [0x0x7ff6b419fca9+113065]
	GetHandleVerifier [0x0x7ff6b4186c78+10616]
	BaseThreadInitThunk [0x0x7ff8dc70e8d7+23]
	RtlUserThreadStart [0x0x7ff8dd13c34c+44]

2025-07-10 12:04:41,638 - INFO - Elemento clickado con 'xpath' = '//button[contains(., 'Crear cliente')]'.
2025-07-10 12:04:41,700 - INFO - Elemento clickado con 'css selector' = '.miBoton_cuadrado.aceptar'.
2025-07-10 12:04:42,651 - INFO - Web 'https://portal.nubelus.es/?clave=waster2_gestionEntidadesMedioambientalesCentros' abierta.
2025-07-10 12:04:42,705 - INFO - Elemento clickado con 'css selector' = '.icon-bolt'.
2025-07-10 12:04:42,761 - INFO - Se escribió texto en el elemento localizado por name='pDenominacion': 'TEST'
2025-07-10 12:04:44,294 - INFO - Se pulsó Enter en el elemento localizado por name='pDenominacion'.
2025-07-10 12:04:44,338 - INFO - Elemento clickado con 'css selector' = '.miBoton.aceptar'.
2025-07-10 12:04:44,935 - INFO - Opción 'Datos medioambientales' seleccionada en el elemento con 'id' = 'fContenido_seleccionado'.
2025-07-10 12:04:45,989 - INFO - Elemento clickado con 'css selector' = '.miBoton.editar.solapa_descripcion'.
2025-07-10 12:04:46,066 - INFO - Se escribió texto en el elemento localizado por name='pNima': '4528633990'
2025-07-10 12:04:46,139 - INFO - Se escribió texto en el elemento localizado por name='pResponsable_ma_nombre': 'TEST'
2025-07-10 12:04:46,191 - INFO - Se escribió texto en el elemento localizado por name='pResponsable_ma_nif': 'B45318889'
2025-07-10 12:04:46,240 - INFO - Se escribió texto en el elemento localizado por name='pResponsable_ma_cargo': 'TEST'
2025-07-10 12:04:46,293 - INFO - Se escribió texto en el elemento localizado por name='pDenominacion_ine_municipio': '451685'
2025-07-10 12:04:48,317 - INFO - Se escribió texto y se pulsó Enter en el elemento con name 'pDenominacion_ine_municipio'.
2025-07-10 12:04:49,363 - INFO - Elemento clickado con 'css selector' = '.miBoton.aceptar'.
2025-07-10 12:04:50,421 - INFO - Web 'https://portal.nubelus.es/?clave=nubelus_gestionUsuarios&pAccion=NUEVO' abierta.
2025-07-10 12:04:50,464 - INFO - Se escribió texto en el elemento localizado por name='pUsuario': 'TEST'
2025-07-10 12:04:50,533 - INFO - Se escribió texto en el elemento localizado por name='pAlias': 'TEST'
2025-07-10 12:04:50,598 - INFO - Se escribió texto en el elemento localizado por name='pEmail': 'PRUEBA@MORENOYRODRIGUEZ.ES'
2025-07-10 12:04:50,649 - INFO - Se escribió texto en el elemento localizado por name='pTelefono': '999999999'
2025-07-10 12:04:50,700 - INFO - Opción 'EMA' seleccionada en el elemento con 'name' = 'pRol'.
2025-07-10 12:04:50,751 - INFO - Se escribió texto en el elemento localizado por name='pDenominacion_ema': 'TEST'
2025-07-10 12:04:51,793 - INFO - Elemento clickado con 'css selector' = '.BUSCAR_ENTIDAD_MEDIOAMBIENTAL.noref.ui-menu-item'.
2025-07-10 12:04:51,844 - INFO - Se escribió texto en el elemento localizado por name='pDenominacion_entidad_ma_centro': 'TEST'
2025-07-10 12:04:52,888 - INFO - Elemento clickado con 'css selector' = '.BUSCAR_ENTIDAD_MEDIOAMBIENTAL_CENTRO.noref.ui-menu-item'.
2025-07-10 12:04:52,934 - INFO - Elemento clickado con 'css selector' = '.miBoton.aceptar'.
2025-07-10 12:04:54,523 - INFO - Web 'https://portal.nubelus.es/?clave=waster2_gestionAcuerdosRepresentacion&pAccion=NUEVO' abierta.
2025-07-10 12:04:55,582 - INFO - Se escribió texto en el elemento localizado por name='pDenominacion_ema_representada': 'TEST'
2025-07-10 12:04:57,110 - INFO - Se pulsó Enter en el elemento localizado por name='pDenominacion_ema_representada'.
2025-07-10 12:04:57,184 - INFO - Se escribió texto en el elemento localizado por name='pFecha': '11-06-2025'
2025-07-10 12:04:57,249 - INFO - Se escribió texto en el elemento localizado por name='pFecha_caducidad': '10-06-2030'
2025-07-10 12:04:57,286 - INFO - Elemento clickado con 'css selector' = '.miBoton.aceptar'.
2025-07-10 12:04:58,897 - INFO - Web 'https://portal.nubelus.es/?clave=waster2_gestionContratosTratamiento&pAccion=NUEVO' abierta.
2025-07-10 12:04:58,969 - INFO - Se escribió texto en el elemento localizado por name='pFecha': '11-06-2025'
2025-07-10 12:05:00,997 - INFO - Se escribió texto y se pulsó Enter en el elemento con name 'pFecha'.
2025-07-10 12:05:01,568 - INFO - Se escribió texto en el elemento localizado por name='pFecha_caducidad': '10-06-2028'
2025-07-10 12:05:03,591 - INFO - Se escribió texto y se pulsó Enter en el elemento con name 'pFecha_caducidad'.
2025-07-10 12:05:04,148 - INFO - Se escribió texto en el elemento localizado por name='pDenominacion_origen': 'TEST'
2025-07-10 12:05:06,172 - INFO - Se escribió texto y se pulsó Enter en el elemento con name 'pDenominacion_origen'.
2025-07-10 12:05:06,755 - INFO - Se escribió texto en el elemento localizado por name='pDenominacion_destino': 'METALLS DEL CAMP, S.L.'
2025-07-10 12:05:08,779 - INFO - Se escribió texto y se pulsó Enter en el elemento con name 'pDenominacion_destino'.
2025-07-10 12:05:09,367 - INFO - Se escribió texto en el elemento localizado por name='pDenominacion_destino_centro': 'METALLS DEL CAMP, S.L.U. (EL ROMERAL)'
2025-07-10 12:05:11,388 - INFO - Se escribió texto y se pulsó Enter en el elemento con name 'pDenominacion_destino_centro'.
2025-07-10 12:05:12,450 - INFO - Se escribió texto en el elemento localizado por name='pDenominacion_autorizacion_destino': '4570002919'
2025-07-10 12:05:14,476 - INFO - Se escribió texto y se pulsó Enter en el elemento con name 'pDenominacion_autorizacion_destino'.
2025-07-10 12:05:15,545 - INFO - Se escribió texto en el elemento localizado por name='pDenominacion_operador_traslados': 'ECO TITAN S.L.'
2025-07-10 12:05:17,568 - INFO - Se escribió texto y se pulsó Enter en el elemento con name 'pDenominacion_operador_traslados'.
2025-07-10 12:05:18,631 - INFO - Se escribió texto en el elemento localizado por name='pDenominacion_autorizacion_operador_traslados': '87/A01/CV'
2025-07-10 12:05:20,655 - INFO - Se escribió texto y se pulsó Enter en el elemento con name 'pDenominacion_autorizacion_operador_traslados'.
2025-07-10 12:05:20,724 - INFO - Se escribió texto en el elemento localizado por name='pDenominacion_residuo': 'FILTROS DE ACEITE*'
2025-07-10 12:05:22,741 - INFO - Se escribió texto y se pulsó Enter en el elemento con name 'pDenominacion_residuo'.
2025-07-10 12:05:22,795 - INFO - Se escribió texto en el elemento localizado por name='pKilos_totales': '5000'
2025-07-10 12:05:24,815 - INFO - Se escribió texto y se pulsó Enter en el elemento con name 'pKilos_totales'.
2025-07-10 12:05:24,857 - INFO - Elemento clickado con 'css selector' = '.miBoton.aceptar'.
2025-07-10 12:05:28,461 - INFO - Opción 'Tratamientos' seleccionada en el elemento con 'id' = 'fContenido_seleccionado'.
2025-07-10 12:05:29,515 - INFO - Elemento clickado con 'css selector' = '.miBoton.editar.editar_1.sinTexto.dcha'.
2025-07-10 12:05:30,106 - INFO - Se escribió texto en el elemento localizado por name='pDenominacion_ema_1': 'SERVICIOS ECOLOGICOS ACITAIN, S.L.'
2025-07-10 12:05:32,132 - INFO - Se escribió texto y se pulsó Enter en el elemento con name 'pDenominacion_ema_1'.
2025-07-10 12:05:32,696 - INFO - Se escribió texto en el elemento localizado por name='pTratamiento_posterior_1_codigo_ler_2': 'R4'
2025-07-10 12:05:34,719 - INFO - Se escribió texto y se pulsó Enter en el elemento con name 'pTratamiento_posterior_1_codigo_ler_2'.
2025-07-10 12:05:34,772 - INFO - Elemento clickado con 'css selector' = '.icon-ok'.
2025-07-10 12:05:36,831 - INFO - Opción 'Notificación' seleccionada en el elemento con 'id' = 'fContenido_seleccionado'.
2025-07-10 12:05:37,884 - INFO - Elemento clickado con 'css selector' = '.icon-magic'.
