2025-05-28 13:18:21,388 - INFO - Inicializando navegador...
2025-05-28 13:18:23,101 - INFO - Web 'https://portal.nubelus.es' abierta.
2025-05-28 13:18:23,208 - INFO - Se escribió texto en el elemento localizado por id='pNick_gestor': 'ecotitan'
2025-05-28 13:18:23,267 - INFO - Elemento clickado con 'id' = 'btContinuar'.
2025-05-28 13:18:23,328 - INFO - Se escribió texto en el elemento localizado por xpath='//*[@placeholder='Usuario']': 'dani'
2025-05-28 13:18:23,390 - INFO - Se escribió texto en el elemento localizado por xpath='//*[@placeholder='Contraseña']': '123456'
2025-05-28 13:18:23,442 - INFO - Elemento clickado con 'id' = 'btAceptar'.
2025-05-28 13:18:29,266 - INFO - Web 'https://portal.nubelus.es/?clave=waster2_gestionEntidadesMedioambientales&pAccion=NUEVO' abierta.
2025-05-28 13:18:29,273 - INFO - Añadiendo empresa: TALLERES HENARES SL
2025-05-28 13:18:29,345 - INFO - Se escribió texto en el elemento localizado por id='pDenominacion': 'TALLERES HENARES SL prueba'
2025-05-28 13:18:29,397 - INFO - Se escribió texto en el elemento localizado por name='pNif': 'B81400491'
2025-05-28 13:18:29,461 - INFO - Opción 'Jurídica' seleccionada en el elemento con 'name' = 'pForma_fiscal'.
2025-05-28 13:18:29,538 - INFO - Se escribió texto en el elemento localizado por name='pDenominacion_forma_juridica': 'Sociedades de responsabilidad limitada'
2025-05-28 13:18:30,591 - INFO - Elemento clickado con 'css selector' = '.BUSCAR_INE_FORMA_JURIDICA.noref.ui-menu-item'.
2025-05-28 13:18:30,665 - INFO - Se escribió texto en el elemento localizado por name='pNombre_fiscal': 'TALLERES HENARES SL prueba'
2025-05-28 13:18:30,748 - INFO - Se escribió texto en el elemento localizado por name='pDomicilio': 'C/ JAEN, 3 , 6, 16,17'
2025-05-28 13:18:30,811 - INFO - Se escribió texto en el elemento localizado por name='pDenominacion_ine_municipio': 'ALCALA DE HENARES'
2025-05-28 13:18:31,867 - INFO - Elemento clickado con 'css selector' = '.BUSCAR_INE_MUNICIPIO.noref.ui-menu-item'.
2025-05-28 13:18:31,948 - INFO - Se escribió texto en el elemento localizado por name='pPoblacion': 'MADRID'
2025-05-28 13:18:32,016 - INFO - Se escribió texto en el elemento localizado por name='pCodigoPostal': '28804'
2025-05-28 13:18:32,086 - INFO - Se escribió texto en el elemento localizado por name='pTelefono': '615118365/ 918802269'
2025-05-28 13:18:32,167 - INFO - Se escribió texto en el elemento localizado por name='pEmail': 'OFICINA@TALLERESHENARES.COM'
2025-05-28 13:18:32,213 - INFO - Elemento clickado con 'css selector' = '.miBoton.aceptar'.
2025-05-28 13:18:36,769 - ERROR - Falló al seleccionar la opción 'Centros' en el elemento con 'id' = 'fContenido_seleccionado': Message: invalid session id: session deleted as the browser has closed the connection
from disconnected: not connected to DevTools
  (Session info: chrome=136.0.7103.114)
Stacktrace:
	GetHandleVerifier [0x0124FC03+61635]
	GetHandleVerifier [0x0124FC44+61700]
	(No symbol) [0x010705D3]
	(No symbol) [0x0105FE20]
	(No symbol) [0x0107DD1F]
	(No symbol) [0x010E3E8C]
	(No symbol) [0x010FDF19]
	(No symbol) [0x010DD096]
	(No symbol) [0x010AC840]
	(No symbol) [0x010AD6A4]
	GetHandleVerifier [0x014D4523+2701795]
	GetHandleVerifier [0x014CFCA6+2683238]
	GetHandleVerifier [0x014EA9EE+2793134]
	GetHandleVerifier [0x012668C5+155013]
	GetHandleVerifier [0x0126CFAD+181357]
	GetHandleVerifier [0x01257458+92440]
	GetHandleVerifier [0x01257600+92864]
	GetHandleVerifier [0x01241FF0+5296]
	BaseThreadInitThunk [0x75705D49+25]
	RtlInitializeExceptionChain [0x775ED03B+107]
	RtlGetAppContainerNamedObjectPath [0x775ECFC1+561]

