2025-07-09 15:53:41,262 - INFO - Web 'chrome://settings/security' abierta.
2025-07-09 15:53:47,067 - INFO - Web 'https://portal.nubelus.es' abierta.
2025-07-09 15:53:47,176 - INFO - Se escribió texto en el elemento localizado por id='pNick_gestor': 'ecotitan'
2025-07-09 15:53:47,229 - INFO - Elemento clickado con 'id' = 'btContinuar'.
2025-07-09 15:53:47,291 - INFO - Se escribió texto en el elemento localizado por xpath='//*[@placeholder='Usuario']': 'dani'
2025-07-09 15:53:47,377 - INFO - Se escribió texto en el elemento localizado por xpath='//*[@placeholder='Contraseña']': '123456'
2025-07-09 15:53:47,434 - INFO - Elemento clickado con 'id' = 'btAceptar'.
2025-07-09 15:53:52,955 - INFO - Web 'https://portal.nubelus.es/?clave=waster2_gestionEntidadesMedioambientales' abierta.
2025-07-09 15:53:53,023 - INFO - Elemento clickado con 'css selector' = '.miBoton.mas_opciones'.
2025-07-09 15:53:53,085 - INFO - Elemento clickado con 'id' = 'moa_bGenerar_excel'.
2025-07-09 15:53:54,345 - INFO - Archivo descargado: C:\Users\Usuario\Downloads\Entidades medioambientales.xlsx
2025-07-09 15:53:54,623 - INFO - Archivo eliminado: C:\Users\Usuario\Downloads\Entidades medioambientales.xlsx
2025-07-09 15:53:55,067 - INFO - Web 'https://portal.nubelus.es/?clave=waster2_gestionEntidadesMedioambientales&pAccion=NUEVO' abierta.
2025-07-09 15:53:55,067 - INFO - Añadiendo empresa: PRUEBA PRUEBA PRUEBA
2025-07-09 15:53:55,143 - INFO - Se escribió texto en el elemento localizado por id='pDenominacion': 'PRUEBA PRUEBA PRUEBA'
2025-07-09 15:53:55,226 - INFO - Se escribió texto en el elemento localizado por name='pNif': 'B45318888'
2025-07-09 15:53:55,307 - INFO - Opción 'Jurídica' seleccionada en el elemento con 'name' = 'pForma_fiscal'.
2025-07-09 15:53:57,390 - INFO - Se escribió texto en el elemento localizado por name='pDenominacion_forma_juridica': 'Sociedades de responsabilidad limitada'
2025-07-09 15:53:59,410 - INFO - Se escribió texto y se pulsó Enter en el elemento con name 'pDenominacion_forma_juridica'.
2025-07-09 15:54:00,015 - INFO - Se escribió texto en el elemento localizado por name='pNombre_fiscal': 'PRUEBA PRUEBA PRUEBA'
2025-07-09 15:54:00,032 - INFO - Se escribió texto y se pulsó Enter en el elemento con name 'pNombre_fiscal'.
2025-07-09 15:54:00,092 - INFO - Se escribió texto en el elemento localizado por name='pDomicilio': 'C/ REAL, 66'
2025-07-09 15:54:00,153 - INFO - Se escribió texto en el elemento localizado por name='pDenominacion_ine_municipio': 'VALENCIA'
2025-07-09 15:54:01,196 - INFO - Elemento clickado con 'css selector' = '.BUSCAR_INE_MUNICIPIO.noref.ui-menu-item'.
2025-07-09 15:54:01,272 - INFO - Se escribió texto en el elemento localizado por name='pPoblacion': 'VALENCIA'
2025-07-09 15:54:01,325 - INFO - Se escribió texto en el elemento localizado por name='pCodigoPostal': '45210'
2025-07-09 15:54:01,382 - INFO - Se escribió texto en el elemento localizado por name='pTelefono': '999999999'
2025-07-09 15:54:01,453 - INFO - Se escribió texto en el elemento localizado por name='pEmail': 'PRUEBA@MORENOYRODRIGUEZ.ES'
2025-07-09 15:54:01,534 - INFO - Se escribió texto en el elemento localizado por name='pNima': '4528633999'
2025-07-09 15:54:01,589 - INFO - Se escribió texto en el elemento localizado por name='pAutorizacion_medioambiental': 'CM/5TO164T'
2025-07-09 15:54:01,642 - INFO - Se escribió texto en el elemento localizado por name='pDenominacion_ema': 'P02'
2025-07-09 15:54:03,660 - INFO - Se escribió texto y se pulsó Enter en el elemento con name 'pDenominacion_ema'.
2025-07-09 15:54:03,707 - INFO - Elemento clickado con 'css selector' = '.miBoton.aceptar'.
2025-07-09 15:54:04,821 - INFO - Elemento clickado con 'css selector' = '.miBoton_cuadrado.aceptar'.
2025-07-09 15:54:05,072 - ERROR - Falló al clickar el elemento con 'xpath' = '//button[contains(., 'Crear cliente')]' (intento 1): Message: stale element reference: stale element not found in the current frame
  (Session info: chrome=138.0.7204.96); For documentation on this error, please visit: https://www.selenium.dev/documentation/webdriver/troubleshooting/errors#stale-element-reference-exception
Stacktrace:
	GetHandleVerifier [0x0x7ff62d516f75+76917]
	GetHandleVerifier [0x0x7ff62d516fd0+77008]
	(No symbol) [0x0x7ff62d2c9dea]
	(No symbol) [0x0x7ff62d2d1789]
	(No symbol) [0x0x7ff62d2d482c]
	(No symbol) [0x0x7ff62d2d48ff]
	(No symbol) [0x0x7ff62d32814b]
	(No symbol) [0x0x7ff62d325c02]
	(No symbol) [0x0x7ff62d322c41]
	(No symbol) [0x0x7ff62d321b31]
	(No symbol) [0x0x7ff62d313368]
	(No symbol) [0x0x7ff62d34846a]
	(No symbol) [0x0x7ff62d312c16]
	(No symbol) [0x0x7ff62d348680]
	(No symbol) [0x0x7ff62d37065c]
	(No symbol) [0x0x7ff62d348243]
	(No symbol) [0x0x7ff62d311431]
	(No symbol) [0x0x7ff62d3121c3]
	GetHandleVerifier [0x0x7ff62d7ed2ad+3051437]
	GetHandleVerifier [0x0x7ff62d7e7903+3028483]
	GetHandleVerifier [0x0x7ff62d80589d+3151261]
	GetHandleVerifier [0x0x7ff62d53183e+185662]
	GetHandleVerifier [0x0x7ff62d5396ff+218111]
	GetHandleVerifier [0x0x7ff62d51faf4+112628]
	GetHandleVerifier [0x0x7ff62d51fca9+113065]
	GetHandleVerifier [0x0x7ff62d506c78+10616]
	BaseThreadInitThunk [0x0x7ffab01fe8d7+23]
	RtlUserThreadStart [0x0x7ffab181c34c+44]

2025-07-09 15:54:05,620 - INFO - Elemento clickado con 'xpath' = '//button[contains(., 'Crear cliente')]'.
2025-07-09 15:54:05,679 - INFO - Elemento clickado con 'css selector' = '.miBoton_cuadrado.aceptar'.
2025-07-09 15:54:06,224 - INFO - Web 'https://portal.nubelus.es/?clave=waster2_gestionEntidadesMedioambientalesCentros' abierta.
2025-07-09 15:54:06,286 - INFO - Elemento clickado con 'css selector' = '.icon-bolt'.
2025-07-09 15:54:06,361 - INFO - Se escribió texto en el elemento localizado por name='pDenominacion': 'PRUEBA PRUEBA PRUEBA'
2025-07-09 15:54:07,889 - INFO - Se pulsó Enter en el elemento localizado por name='pDenominacion'.
2025-07-09 15:54:07,938 - INFO - Elemento clickado con 'css selector' = '.miBoton.aceptar'.
2025-07-09 15:54:08,524 - INFO - Opción 'Datos medioambientales' seleccionada en el elemento con 'id' = 'fContenido_seleccionado'.
2025-07-09 15:54:09,579 - INFO - Elemento clickado con 'css selector' = '.miBoton.editar.solapa_descripcion'.
2025-07-09 15:54:09,673 - INFO - Se escribió texto en el elemento localizado por name='pNima': '4528633999'
2025-07-09 15:54:09,743 - INFO - Se escribió texto en el elemento localizado por name='pResponsable_ma_nombre': 'PRUEBA PRUEBA PRUEBA'
2025-07-09 15:54:09,798 - INFO - Se escribió texto en el elemento localizado por name='pResponsable_ma_nif': 'B45318888'
2025-07-09 15:54:09,867 - INFO - Se escribió texto en el elemento localizado por name='pResponsable_ma_cargo': 'PRUEBA PRUEBA PRUEBA'
2025-07-09 15:54:09,927 - INFO - Se escribió texto en el elemento localizado por name='pDenominacion_ine_municipio': 'VALENCIA'
2025-07-09 15:54:11,947 - INFO - Se escribió texto y se pulsó Enter en el elemento con name 'pDenominacion_ine_municipio'.
2025-07-09 15:54:12,992 - INFO - Elemento clickado con 'css selector' = '.miBoton.aceptar'.
2025-07-09 15:54:13,612 - INFO - Web 'https://portal.nubelus.es/?clave=nubelus_gestionUsuarios&pAccion=NUEVO' abierta.
2025-07-09 15:54:13,687 - INFO - Se escribió texto en el elemento localizado por name='pUsuario': 'PRUEBAPRUEBAPRUEBA'
2025-07-09 15:54:13,768 - INFO - Se escribió texto en el elemento localizado por name='pAlias': 'PRUEBA PRUEBA PRUEBA'
2025-07-09 15:54:13,851 - INFO - Se escribió texto en el elemento localizado por name='pEmail': 'PRUEBA@MORENOYRODRIGUEZ.ES'
2025-07-09 15:54:13,913 - INFO - Se escribió texto en el elemento localizado por name='pTelefono': '999999999'
2025-07-09 15:54:13,974 - INFO - Opción 'EMA' seleccionada en el elemento con 'name' = 'pRol'.
2025-07-09 15:54:14,042 - INFO - Se escribió texto en el elemento localizado por name='pDenominacion_ema': 'PRUEBA PRUEBA PRUEBA'
2025-07-09 15:54:15,084 - INFO - Elemento clickado con 'css selector' = '.BUSCAR_ENTIDAD_MEDIOAMBIENTAL.noref.ui-menu-item'.
2025-07-09 15:54:15,161 - INFO - Se escribió texto en el elemento localizado por name='pDenominacion_entidad_ma_centro': 'PRUEBA PRUEBA PRUEBA'
2025-07-09 15:54:21,268 - ERROR - Timeout al esperar el elemento con 'css selector' = '.BUSCAR_ENTIDAD_MEDIOAMBIENTAL_CENTRO.noref.ui-menu-item'
2025-07-09 15:54:26,862 - ERROR - Timeout al esperar el elemento con 'css selector' = '.BUSCAR_ENTIDAD_MEDIOAMBIENTAL_CENTRO.noref.ui-menu-item'
2025-07-09 15:54:32,461 - ERROR - Timeout al esperar el elemento con 'css selector' = '.BUSCAR_ENTIDAD_MEDIOAMBIENTAL_CENTRO.noref.ui-menu-item'
2025-07-09 15:54:38,064 - ERROR - Timeout al esperar el elemento con 'css selector' = '.BUSCAR_ENTIDAD_MEDIOAMBIENTAL_CENTRO.noref.ui-menu-item'
2025-07-09 15:54:43,666 - ERROR - Timeout al esperar el elemento con 'css selector' = '.BUSCAR_ENTIDAD_MEDIOAMBIENTAL_CENTRO.noref.ui-menu-item'
2025-07-09 15:54:43,666 - ERROR - Error al completar campos de denominación EMA o centro: Message: 

2025-07-09 15:54:43,731 - INFO - Elemento clickado con 'css selector' = '.miBoton.aceptar'.
2025-07-09 15:54:45,270 - INFO - Web 'https://portal.nubelus.es/?clave=waster2_gestionAcuerdosRepresentacion&pAccion=NUEVO' abierta.
2025-07-09 15:54:46,363 - INFO - Se escribió texto en el elemento localizado por name='pDenominacion_ema_representada': 'PRUEBA PRUEBA PRUEBA'
2025-07-09 15:54:47,900 - INFO - Se pulsó Enter en el elemento localizado por name='pDenominacion_ema_representada'.
2025-07-09 15:54:47,987 - INFO - Se escribió texto en el elemento localizado por name='pFecha': '11-06-2025'
2025-07-09 15:54:48,054 - INFO - Se escribió texto en el elemento localizado por name='pFecha_caducidad': '10-06-2030'
2025-07-09 15:54:48,098 - INFO - Elemento clickado con 'css selector' = '.miBoton.aceptar'.
2025-07-09 15:54:49,655 - INFO - Web 'https://portal.nubelus.es/?clave=waster2_gestionContratosTratamiento&pAccion=NUEVO' abierta.
2025-07-09 15:54:49,728 - INFO - Se escribió texto en el elemento localizado por name='pFecha': '11-06-2025'
2025-07-09 15:54:51,749 - INFO - Se escribió texto y se pulsó Enter en el elemento con name 'pFecha'.
2025-07-09 15:54:52,334 - INFO - Se escribió texto en el elemento localizado por name='pFecha_caducidad': '10-06-2028'
2025-07-09 15:54:54,353 - INFO - Se escribió texto y se pulsó Enter en el elemento con name 'pFecha_caducidad'.
2025-07-09 15:54:54,940 - INFO - Se escribió texto en el elemento localizado por name='pDenominacion_origen': 'PRUEBA PRUEBA PRUEBA'
2025-07-09 15:54:56,961 - INFO - Se escribió texto y se pulsó Enter en el elemento con name 'pDenominacion_origen'.
2025-07-09 15:54:57,542 - INFO - Se escribió texto en el elemento localizado por name='pDenominacion_destino': 'METALLS DEL CAMP, S.L.'
2025-07-09 15:54:59,565 - INFO - Se escribió texto y se pulsó Enter en el elemento con name 'pDenominacion_destino'.
2025-07-09 15:55:00,172 - INFO - Se escribió texto en el elemento localizado por name='pDenominacion_destino_centro': 'METALLS DEL CAMP ( SERRA D'
2025-07-09 15:55:02,193 - INFO - Se escribió texto y se pulsó Enter en el elemento con name 'pDenominacion_destino_centro'.
2025-07-09 15:55:03,271 - INFO - Se escribió texto en el elemento localizado por name='pDenominacion_autorizacion_destino': '157/G02/CV'
2025-07-09 15:55:05,290 - INFO - Se escribió texto y se pulsó Enter en el elemento con name 'pDenominacion_autorizacion_destino'.
2025-07-09 15:55:06,356 - INFO - Se escribió texto en el elemento localizado por name='pDenominacion_operador_traslados': 'ECO TITAN S.L.'
2025-07-09 15:55:08,381 - INFO - Se escribió texto y se pulsó Enter en el elemento con name 'pDenominacion_operador_traslados'.
2025-07-09 15:55:09,456 - INFO - Se escribió texto en el elemento localizado por name='pDenominacion_autorizacion_operador_traslados': '87/A01/CV'
2025-07-09 15:55:11,477 - INFO - Se escribió texto y se pulsó Enter en el elemento con name 'pDenominacion_autorizacion_operador_traslados'.
2025-07-09 15:55:11,547 - INFO - Se escribió texto en el elemento localizado por name='pDenominacion_residuo': 'FILTROS DE ACEITE*'
2025-07-09 15:55:13,568 - INFO - Se escribió texto y se pulsó Enter en el elemento con name 'pDenominacion_residuo'.
2025-07-09 15:55:13,632 - INFO - Se escribió texto en el elemento localizado por name='pKilos_totales': '5000'
2025-07-09 15:55:15,650 - INFO - Se escribió texto y se pulsó Enter en el elemento con name 'pKilos_totales'.
2025-07-09 15:55:15,701 - INFO - Elemento clickado con 'css selector' = '.miBoton.aceptar'.
2025-07-09 15:55:16,775 - INFO - Opción 'Tratamientos' seleccionada en el elemento con 'id' = 'fContenido_seleccionado'.
2025-07-09 15:55:17,844 - INFO - Elemento clickado con 'css selector' = '.miBoton.editar.editar_1.sinTexto.dcha'.
2025-07-09 15:55:18,952 - INFO - Se escribió texto en el elemento localizado por name='pDenominacion_ema_1': 'SERVICIOS ECOLOGICOS ACITAIN, S.L.'
2025-07-09 15:55:20,978 - INFO - Se escribió texto y se pulsó Enter en el elemento con name 'pDenominacion_ema_1'.
2025-07-09 15:55:21,539 - INFO - Se escribió texto en el elemento localizado por name='pTratamiento_posterior_1_codigo_ler_2': 'R4'
2025-07-09 15:55:23,558 - INFO - Se escribió texto y se pulsó Enter en el elemento con name 'pTratamiento_posterior_1_codigo_ler_2'.
2025-07-09 15:55:23,623 - INFO - Elemento clickado con 'css selector' = '.icon-ok'.
2025-07-09 15:55:25,701 - INFO - Opción 'Notificación' seleccionada en el elemento con 'id' = 'fContenido_seleccionado'.
2025-07-09 15:57:26,820 - ERROR - No se detectaron todas las descargas esperadas (1). Solo detectados: 0
2025-07-09 15:57:26,821 - ERROR - Falló al seleccionar la opción 'Notificación' en el elemento con 'id' = 'fContenido_seleccionado': Message: invalid session id: session deleted as the browser has closed the connection
from disconnected: not connected to DevTools
  (Session info: chrome=138.0.7204.96)
Stacktrace:
	GetHandleVerifier [0x0x7ff62d516f75+76917]
	GetHandleVerifier [0x0x7ff62d516fd0+77008]
	(No symbol) [0x0x7ff62d2c9dea]
	(No symbol) [0x0x7ff62d2b5f15]
	(No symbol) [0x0x7ff62d2dabf4]
	(No symbol) [0x0x7ff62d34fa85]
	(No symbol) [0x0x7ff62d36ff72]
	(No symbol) [0x0x7ff62d348243]
	(No symbol) [0x0x7ff62d311431]
	(No symbol) [0x0x7ff62d3121c3]
	GetHandleVerifier [0x0x7ff62d7ed2ad+3051437]
	GetHandleVerifier [0x0x7ff62d7e7903+3028483]
	GetHandleVerifier [0x0x7ff62d80589d+3151261]
	GetHandleVerifier [0x0x7ff62d53183e+185662]
	GetHandleVerifier [0x0x7ff62d5396ff+218111]
	GetHandleVerifier [0x0x7ff62d51faf4+112628]
	GetHandleVerifier [0x0x7ff62d51fca9+113065]
	GetHandleVerifier [0x0x7ff62d506c78+10616]
	BaseThreadInitThunk [0x0x7ffab01fe8d7+23]
	RtlUserThreadStart [0x0x7ffab181c34c+44]

2025-07-09 15:57:26,821 - ERROR - Error al crear notificación de tratamiento: Message: invalid session id: session deleted as the browser has closed the connection
from disconnected: not connected to DevTools
  (Session info: chrome=138.0.7204.96)
Stacktrace:
	GetHandleVerifier [0x0x7ff62d516f75+76917]
	GetHandleVerifier [0x0x7ff62d516fd0+77008]
	(No symbol) [0x0x7ff62d2c9dea]
	(No symbol) [0x0x7ff62d2b5f15]
	(No symbol) [0x0x7ff62d2dabf4]
	(No symbol) [0x0x7ff62d34fa85]
	(No symbol) [0x0x7ff62d36ff72]
	(No symbol) [0x0x7ff62d348243]
	(No symbol) [0x0x7ff62d311431]
	(No symbol) [0x0x7ff62d3121c3]
	GetHandleVerifier [0x0x7ff62d7ed2ad+3051437]
	GetHandleVerifier [0x0x7ff62d7e7903+3028483]
	GetHandleVerifier [0x0x7ff62d80589d+3151261]
	GetHandleVerifier [0x0x7ff62d53183e+185662]
	GetHandleVerifier [0x0x7ff62d5396ff+218111]
	GetHandleVerifier [0x0x7ff62d51faf4+112628]
	GetHandleVerifier [0x0x7ff62d51fca9+113065]
	GetHandleVerifier [0x0x7ff62d506c78+10616]
	BaseThreadInitThunk [0x0x7ffab01fe8d7+23]
	RtlUserThreadStart [0x0x7ffab181c34c+44]

2025-07-09 15:57:45,760 - INFO - Saliendo del proceso de creación de notificaciones.
