2025-05-28 19:25:46,376 - INFO - Imported existing <module 'comtypes.gen' from 'C:\\Users\\USUARIO\\Documents\\GitHub\\PythonProject\\.venv\\Lib\\site-packages\\comtypes\\gen\\__init__.py'>
2025-05-28 19:25:46,376 - INFO - Using writeable comtypes cache directory: 'C:\Users\USUARIO\Documents\GitHub\PythonProject\.venv\Lib\site-packages\comtypes\gen'
2025-05-28 19:25:49,012 - INFO - Inicializando navegador...
2025-05-28 19:25:49,378 - INFO - Web 'https://sede.miteco.gob.es/portal/site/seMITECO/login?urlLoginRedirect=L3BvcnRhbC9zaXRlL3NlTUlURUNPL3BvcnRsZXRfYnVzP2lkX3Byb2NlZGltaWVudG89NzM2JmlkZW50aWZpY2Fkb3JfcGFzbz1QUkVJTklDSU8mc3ViX29yZ2Fubz0xMSZwcmV2aW9fbG9naW49MQ==' abierta.
2025-05-28 19:25:49,706 - INFO - Elemento clickado con 'css selector' = 'input[value='acceder']'.
2025-05-28 19:25:50,645 - INFO - Elemento clickado con 'xpath' = '//button[contains(., 'Acceso DNIe / Certificado electrónico')]'.
2025-05-28 19:25:50,646 - INFO - Buscando ventana de Chrome...
2025-05-28 19:25:51,252 - INFO - Ventana de Chrome encontrada: Cl@ve - Google Chrome
2025-05-28 19:25:51,753 - INFO - Esperando popup de certificado...
2025-05-28 19:25:51,789 - INFO - Popup de certificado detectado.
2025-05-28 19:25:51,858 - INFO - Nombres de certificados encontrados: ['19848505B FRANCISCO JAVIER CARBONELL (R: B19811983)', 'AC Representación', '320C7BDFA6C0EA12668BA73499176EE6', '26881018K LILIANA FERNANDA PEREZ (R:B43693274)', 'ACCVCA-120', '32207E732CFC55FBC69159D3BD3B0B7B']
2025-05-28 19:25:51,858 - INFO - Primer certificado encontrado: 19848505B FRANCISCO JAVIER CARBONELL (R: B19811983)
2025-05-28 19:25:57,868 - ERROR - No hay certificados con el nombre 'VICENTE'.
2025-05-28 19:25:57,868 - INFO - Buscando botón 'Aceptar'...
2025-05-28 19:25:57,979 - INFO - ¡Botón 'Aceptar' encontrado! Haciendo click...
2025-05-28 19:26:07,158 - INFO - Se escribió texto en el elemento localizado por id='id_direccion': 'Direccion'
2025-05-28 19:26:07,237 - INFO - Opción 'España' seleccionada en el elemento con 'id' = 'id_pais'.
2025-05-28 19:26:07,802 - INFO - Opción 'València/Valencia' seleccionada en el elemento con 'id' = 'id_provincia'.
2025-05-28 19:26:08,050 - INFO - Opción 'Aldaia' seleccionada en el elemento con 'id' = 'id_municipio'.
2025-05-28 19:26:08,133 - INFO - Se escribió texto en el elemento localizado por id='id_codigo_postal': '46003'
2025-05-28 19:26:08,228 - INFO - Se escribió texto en el elemento localizado por id='id_telefono': '912345678'
2025-05-28 19:26:08,313 - INFO - Se escribió texto en el elemento localizado por id='id_telefono_movil': '612345678'
2025-05-28 19:26:08,402 - INFO - Se escribió texto en el elemento localizado por id='id_correo_electronico': 'correo@electronico.com'
2025-05-28 19:26:08,479 - INFO - Se escribió texto en el elemento localizado por id='id_fax': '012345678'
2025-05-28 19:26:09,913 - INFO - Elemento clickado con 'id' = 'btnForm'.
2025-05-28 19:26:15,157 - INFO - Elemento clickado con 'id' = 'tipoEnvioNtA'.
2025-05-28 19:26:15,211 - INFO - Se escribió texto en el elemento localizado por id='file': 'C:/Users/USUARIO/Documents/GitHub/PythonProject/data/NT30460004811420250009892.xml'
2025-05-28 19:26:15,278 - INFO - Elemento clickado con 'css selector' = '.loginBtn'.
2025-05-28 19:26:16,417 - INFO - Elemento clickado con 'xpath' = '//button[contains(., 'Continuar')]'.
2025-05-28 19:26:17,239 - INFO - Elemento clickado con 'id' = 'bSiguiente'.
2025-05-28 19:26:19,112 - INFO - Elemento clickado con 'id' = 'idFirmarRegistrar'.
