2025-07-09 15:57:57,903 - INFO - Web 'chrome://settings/security' abierta.
2025-07-09 15:58:03,662 - INFO - Web 'https://portal.nubelus.es' abierta.
2025-07-09 15:58:03,744 - INFO - Se escribió texto en el elemento localizado por id='pNick_gestor': 'ecotitan'
2025-07-09 15:58:03,803 - INFO - Elemento clickado con 'id' = 'btContinuar'.
2025-07-09 15:58:03,869 - INFO - Se escribió texto en el elemento localizado por xpath='//*[@placeholder='Usuario']': 'dani'
2025-07-09 15:58:03,930 - INFO - Se escribió texto en el elemento localizado por xpath='//*[@placeholder='Contraseña']': '123456'
2025-07-09 15:58:03,987 - INFO - Elemento clickado con 'id' = 'btAceptar'.
2025-07-09 15:58:09,478 - INFO - Web 'https://portal.nubelus.es/?clave=waster2_gestionEntidadesMedioambientales' abierta.
2025-07-09 15:58:09,542 - INFO - Elemento clickado con 'css selector' = '.miBoton.mas_opciones'.
2025-07-09 15:58:09,597 - INFO - Elemento clickado con 'id' = 'moa_bGenerar_excel'.
2025-07-09 15:58:10,810 - INFO - Archivo descargado: C:\Users\Usuario\Downloads\Entidades medioambientales.xlsx
2025-07-09 15:58:10,991 - INFO - Archivo eliminado: C:\Users\Usuario\Downloads\Entidades medioambientales.xlsx
2025-07-09 15:58:11,419 - INFO - Web 'https://portal.nubelus.es/?clave=waster2_gestionEntidadesMedioambientales&pAccion=NUEVO' abierta.
2025-07-09 15:58:11,420 - INFO - Añadiendo empresa: PRUEBA PRUEBA PRUEBA
2025-07-09 15:58:11,496 - INFO - Se escribió texto en el elemento localizado por id='pDenominacion': 'PRUEBA PRUEBA PRUEBA'
2025-07-09 15:58:11,572 - INFO - Se escribió texto en el elemento localizado por name='pNif': 'B45318888'
2025-07-09 15:58:11,651 - INFO - Opción 'Jurídica' seleccionada en el elemento con 'name' = 'pForma_fiscal'.
2025-07-09 15:58:13,737 - INFO - Se escribió texto en el elemento localizado por name='pDenominacion_forma_juridica': 'Sociedades de responsabilidad limitada'
2025-07-09 15:58:15,757 - INFO - Se escribió texto y se pulsó Enter en el elemento con name 'pDenominacion_forma_juridica'.
2025-07-09 15:58:16,337 - INFO - Se escribió texto en el elemento localizado por name='pNombre_fiscal': 'PRUEBA PRUEBA PRUEBA'
2025-07-09 15:58:16,354 - INFO - Se escribió texto y se pulsó Enter en el elemento con name 'pNombre_fiscal'.
2025-07-09 15:58:16,416 - INFO - Se escribió texto en el elemento localizado por name='pDomicilio': 'C/ REAL, 66'
2025-07-09 15:58:16,475 - INFO - Se escribió texto en el elemento localizado por name='pDenominacion_ine_municipio': 'VALENCIA'
2025-07-09 15:58:17,521 - INFO - Elemento clickado con 'css selector' = '.BUSCAR_INE_MUNICIPIO.noref.ui-menu-item'.
2025-07-09 15:58:17,581 - INFO - Se escribió texto en el elemento localizado por name='pPoblacion': 'VALENCIA'
2025-07-09 15:58:17,641 - INFO - Se escribió texto en el elemento localizado por name='pCodigoPostal': '45210'
2025-07-09 15:58:17,705 - INFO - Se escribió texto en el elemento localizado por name='pTelefono': '999999999'
2025-07-09 15:58:17,776 - INFO - Se escribió texto en el elemento localizado por name='pEmail': 'PRUEBA@MORENOYRODRIGUEZ.ES'
2025-07-09 15:58:17,832 - INFO - Se escribió texto en el elemento localizado por name='pNima': '4528633999'
2025-07-09 15:58:17,892 - INFO - Se escribió texto en el elemento localizado por name='pAutorizacion_medioambiental': 'CM/5TO164T'
2025-07-09 15:58:17,967 - INFO - Se escribió texto en el elemento localizado por name='pDenominacion_ema': 'P02'
2025-07-09 15:58:19,988 - INFO - Se escribió texto y se pulsó Enter en el elemento con name 'pDenominacion_ema'.
2025-07-09 15:58:20,036 - INFO - Elemento clickado con 'css selector' = '.miBoton.aceptar'.
2025-07-09 15:58:26,124 - ERROR - Timeout al esperar el elemento con 'xpath' = '//*[@onclick="crear_proveedor()"]'
2025-07-09 15:58:26,124 - ERROR - Error al crear proveedor (intento 1): Message: 
Stacktrace:
	GetHandleVerifier [0x0x7ff62d516f75+76917]
	GetHandleVerifier [0x0x7ff62d516fd0+77008]
	(No symbol) [0x0x7ff62d2c9dea]
	(No symbol) [0x0x7ff62d320256]
	(No symbol) [0x0x7ff62d32050c]
	(No symbol) [0x0x7ff62d373887]
	(No symbol) [0x0x7ff62d3484af]
	(No symbol) [0x0x7ff62d37065c]
	(No symbol) [0x0x7ff62d348243]
	(No symbol) [0x0x7ff62d311431]
	(No symbol) [0x0x7ff62d3121c3]
	GetHandleVerifier [0x0x7ff62d7ed2ad+3051437]
	GetHandleVerifier [0x0x7ff62d7e7903+3028483]
	GetHandleVerifier [0x0x7ff62d80589d+3151261]
	GetHandleVerifier [0x0x7ff62d53183e+185662]
	GetHandleVerifier [0x0x7ff62d5396ff+218111]
	GetHandleVerifier [0x0x7ff62d51faf4+112628]
	GetHandleVerifier [0x0x7ff62d51fca9+113065]
	GetHandleVerifier [0x0x7ff62d506c78+10616]
	BaseThreadInitThunk [0x0x7ffab01fe8d7+23]
	RtlUserThreadStart [0x0x7ffab181c34c+44]

2025-07-09 15:58:31,691 - ERROR - Timeout al esperar el elemento con 'xpath' = '//*[@onclick="crear_proveedor()"]'
2025-07-09 15:58:31,691 - ERROR - Error al crear proveedor (intento 2): Message: 
Stacktrace:
	GetHandleVerifier [0x0x7ff62d516f75+76917]
	GetHandleVerifier [0x0x7ff62d516fd0+77008]
	(No symbol) [0x0x7ff62d2c9dea]
	(No symbol) [0x0x7ff62d320256]
	(No symbol) [0x0x7ff62d32050c]
	(No symbol) [0x0x7ff62d373887]
	(No symbol) [0x0x7ff62d3484af]
	(No symbol) [0x0x7ff62d37065c]
	(No symbol) [0x0x7ff62d348243]
	(No symbol) [0x0x7ff62d311431]
	(No symbol) [0x0x7ff62d3121c3]
	GetHandleVerifier [0x0x7ff62d7ed2ad+3051437]
	GetHandleVerifier [0x0x7ff62d7e7903+3028483]
	GetHandleVerifier [0x0x7ff62d80589d+3151261]
	GetHandleVerifier [0x0x7ff62d53183e+185662]
	GetHandleVerifier [0x0x7ff62d5396ff+218111]
	GetHandleVerifier [0x0x7ff62d51faf4+112628]
	GetHandleVerifier [0x0x7ff62d51fca9+113065]
	GetHandleVerifier [0x0x7ff62d506c78+10616]
	BaseThreadInitThunk [0x0x7ffab01fe8d7+23]
	RtlUserThreadStart [0x0x7ffab181c34c+44]

2025-07-09 15:58:37,253 - ERROR - Timeout al esperar el elemento con 'xpath' = '//*[@onclick="crear_proveedor()"]'
2025-07-09 15:58:37,253 - ERROR - Error al crear proveedor (intento 3): Message: 
Stacktrace:
	GetHandleVerifier [0x0x7ff62d516f75+76917]
	GetHandleVerifier [0x0x7ff62d516fd0+77008]
	(No symbol) [0x0x7ff62d2c9dea]
	(No symbol) [0x0x7ff62d320256]
	(No symbol) [0x0x7ff62d32050c]
	(No symbol) [0x0x7ff62d373887]
	(No symbol) [0x0x7ff62d3484af]
	(No symbol) [0x0x7ff62d37065c]
	(No symbol) [0x0x7ff62d348243]
	(No symbol) [0x0x7ff62d311431]
	(No symbol) [0x0x7ff62d3121c3]
	GetHandleVerifier [0x0x7ff62d7ed2ad+3051437]
	GetHandleVerifier [0x0x7ff62d7e7903+3028483]
	GetHandleVerifier [0x0x7ff62d80589d+3151261]
	GetHandleVerifier [0x0x7ff62d53183e+185662]
	GetHandleVerifier [0x0x7ff62d5396ff+218111]
	GetHandleVerifier [0x0x7ff62d51faf4+112628]
	GetHandleVerifier [0x0x7ff62d51fca9+113065]
	GetHandleVerifier [0x0x7ff62d506c78+10616]
	BaseThreadInitThunk [0x0x7ffab01fe8d7+23]
	RtlUserThreadStart [0x0x7ffab181c34c+44]

2025-07-09 15:58:42,830 - ERROR - Timeout al esperar el elemento con 'xpath' = '//*[@onclick="crear_proveedor()"]'
2025-07-09 15:58:42,830 - ERROR - Error al crear proveedor (intento 4): Message: 
Stacktrace:
	GetHandleVerifier [0x0x7ff62d516f75+76917]
	GetHandleVerifier [0x0x7ff62d516fd0+77008]
	(No symbol) [0x0x7ff62d2c9dea]
	(No symbol) [0x0x7ff62d320256]
	(No symbol) [0x0x7ff62d32050c]
	(No symbol) [0x0x7ff62d373887]
	(No symbol) [0x0x7ff62d3484af]
	(No symbol) [0x0x7ff62d37065c]
	(No symbol) [0x0x7ff62d348243]
	(No symbol) [0x0x7ff62d311431]
	(No symbol) [0x0x7ff62d3121c3]
	GetHandleVerifier [0x0x7ff62d7ed2ad+3051437]
	GetHandleVerifier [0x0x7ff62d7e7903+3028483]
	GetHandleVerifier [0x0x7ff62d80589d+3151261]
	GetHandleVerifier [0x0x7ff62d53183e+185662]
	GetHandleVerifier [0x0x7ff62d5396ff+218111]
	GetHandleVerifier [0x0x7ff62d51faf4+112628]
	GetHandleVerifier [0x0x7ff62d51fca9+113065]
	GetHandleVerifier [0x0x7ff62d506c78+10616]
	BaseThreadInitThunk [0x0x7ffab01fe8d7+23]
	RtlUserThreadStart [0x0x7ffab181c34c+44]

2025-07-09 15:58:48,432 - ERROR - Timeout al esperar el elemento con 'xpath' = '//*[@onclick="crear_proveedor()"]'
2025-07-09 15:58:48,432 - ERROR - Error al crear proveedor (intento 5): Message: 
Stacktrace:
	GetHandleVerifier [0x0x7ff62d516f75+76917]
	GetHandleVerifier [0x0x7ff62d516fd0+77008]
	(No symbol) [0x0x7ff62d2c9dea]
	(No symbol) [0x0x7ff62d320256]
	(No symbol) [0x0x7ff62d32050c]
	(No symbol) [0x0x7ff62d373887]
	(No symbol) [0x0x7ff62d3484af]
	(No symbol) [0x0x7ff62d37065c]
	(No symbol) [0x0x7ff62d348243]
	(No symbol) [0x0x7ff62d311431]
	(No symbol) [0x0x7ff62d3121c3]
	GetHandleVerifier [0x0x7ff62d7ed2ad+3051437]
	GetHandleVerifier [0x0x7ff62d7e7903+3028483]
	GetHandleVerifier [0x0x7ff62d80589d+3151261]
	GetHandleVerifier [0x0x7ff62d53183e+185662]
	GetHandleVerifier [0x0x7ff62d5396ff+218111]
	GetHandleVerifier [0x0x7ff62d51faf4+112628]
	GetHandleVerifier [0x0x7ff62d51fca9+113065]
	GetHandleVerifier [0x0x7ff62d506c78+10616]
	BaseThreadInitThunk [0x0x7ffab01fe8d7+23]
	RtlUserThreadStart [0x0x7ffab181c34c+44]

2025-07-09 15:58:54,013 - ERROR - Timeout al esperar el elemento con 'xpath' = '//*[@onclick="crear_proveedor()"]'
2025-07-09 15:58:54,013 - ERROR - Error al crear proveedor (intento 6): Message: 
Stacktrace:
	GetHandleVerifier [0x0x7ff62d516f75+76917]
	GetHandleVerifier [0x0x7ff62d516fd0+77008]
	(No symbol) [0x0x7ff62d2c9dea]
	(No symbol) [0x0x7ff62d320256]
	(No symbol) [0x0x7ff62d32050c]
	(No symbol) [0x0x7ff62d373887]
	(No symbol) [0x0x7ff62d3484af]
	(No symbol) [0x0x7ff62d37065c]
	(No symbol) [0x0x7ff62d348243]
	(No symbol) [0x0x7ff62d311431]
	(No symbol) [0x0x7ff62d3121c3]
	GetHandleVerifier [0x0x7ff62d7ed2ad+3051437]
	GetHandleVerifier [0x0x7ff62d7e7903+3028483]
	GetHandleVerifier [0x0x7ff62d80589d+3151261]
	GetHandleVerifier [0x0x7ff62d53183e+185662]
	GetHandleVerifier [0x0x7ff62d5396ff+218111]
	GetHandleVerifier [0x0x7ff62d51faf4+112628]
	GetHandleVerifier [0x0x7ff62d51fca9+113065]
	GetHandleVerifier [0x0x7ff62d506c78+10616]
	BaseThreadInitThunk [0x0x7ffab01fe8d7+23]
	RtlUserThreadStart [0x0x7ffab181c34c+44]

2025-07-09 15:58:59,579 - ERROR - Timeout al esperar el elemento con 'xpath' = '//*[@onclick="crear_proveedor()"]'
2025-07-09 15:58:59,580 - ERROR - Error al crear proveedor (intento 7): Message: 
Stacktrace:
	GetHandleVerifier [0x0x7ff62d516f75+76917]
	GetHandleVerifier [0x0x7ff62d516fd0+77008]
	(No symbol) [0x0x7ff62d2c9dea]
	(No symbol) [0x0x7ff62d320256]
	(No symbol) [0x0x7ff62d32050c]
	(No symbol) [0x0x7ff62d373887]
	(No symbol) [0x0x7ff62d3484af]
	(No symbol) [0x0x7ff62d37065c]
	(No symbol) [0x0x7ff62d348243]
	(No symbol) [0x0x7ff62d311431]
	(No symbol) [0x0x7ff62d3121c3]
	GetHandleVerifier [0x0x7ff62d7ed2ad+3051437]
	GetHandleVerifier [0x0x7ff62d7e7903+3028483]
	GetHandleVerifier [0x0x7ff62d80589d+3151261]
	GetHandleVerifier [0x0x7ff62d53183e+185662]
	GetHandleVerifier [0x0x7ff62d5396ff+218111]
	GetHandleVerifier [0x0x7ff62d51faf4+112628]
	GetHandleVerifier [0x0x7ff62d51fca9+113065]
	GetHandleVerifier [0x0x7ff62d506c78+10616]
	BaseThreadInitThunk [0x0x7ffab01fe8d7+23]
	RtlUserThreadStart [0x0x7ffab181c34c+44]

2025-07-09 15:59:05,152 - ERROR - Timeout al esperar el elemento con 'xpath' = '//*[@onclick="crear_proveedor()"]'
2025-07-09 15:59:05,152 - ERROR - Error al crear proveedor (intento 8): Message: 
Stacktrace:
	GetHandleVerifier [0x0x7ff62d516f75+76917]
	GetHandleVerifier [0x0x7ff62d516fd0+77008]
	(No symbol) [0x0x7ff62d2c9dea]
	(No symbol) [0x0x7ff62d320256]
	(No symbol) [0x0x7ff62d32050c]
	(No symbol) [0x0x7ff62d373887]
	(No symbol) [0x0x7ff62d3484af]
	(No symbol) [0x0x7ff62d37065c]
	(No symbol) [0x0x7ff62d348243]
	(No symbol) [0x0x7ff62d311431]
	(No symbol) [0x0x7ff62d3121c3]
	GetHandleVerifier [0x0x7ff62d7ed2ad+3051437]
	GetHandleVerifier [0x0x7ff62d7e7903+3028483]
	GetHandleVerifier [0x0x7ff62d80589d+3151261]
	GetHandleVerifier [0x0x7ff62d53183e+185662]
	GetHandleVerifier [0x0x7ff62d5396ff+218111]
	GetHandleVerifier [0x0x7ff62d51faf4+112628]
	GetHandleVerifier [0x0x7ff62d51fca9+113065]
	GetHandleVerifier [0x0x7ff62d506c78+10616]
	BaseThreadInitThunk [0x0x7ffab01fe8d7+23]
	RtlUserThreadStart [0x0x7ffab181c34c+44]

2025-07-09 15:59:10,714 - ERROR - Timeout al esperar el elemento con 'xpath' = '//*[@onclick="crear_proveedor()"]'
2025-07-09 15:59:10,714 - ERROR - Error al crear proveedor (intento 9): Message: 
Stacktrace:
	GetHandleVerifier [0x0x7ff62d516f75+76917]
	GetHandleVerifier [0x0x7ff62d516fd0+77008]
	(No symbol) [0x0x7ff62d2c9dea]
	(No symbol) [0x0x7ff62d320256]
	(No symbol) [0x0x7ff62d32050c]
	(No symbol) [0x0x7ff62d373887]
	(No symbol) [0x0x7ff62d3484af]
	(No symbol) [0x0x7ff62d37065c]
	(No symbol) [0x0x7ff62d348243]
	(No symbol) [0x0x7ff62d311431]
	(No symbol) [0x0x7ff62d3121c3]
	GetHandleVerifier [0x0x7ff62d7ed2ad+3051437]
	GetHandleVerifier [0x0x7ff62d7e7903+3028483]
	GetHandleVerifier [0x0x7ff62d80589d+3151261]
	GetHandleVerifier [0x0x7ff62d53183e+185662]
	GetHandleVerifier [0x0x7ff62d5396ff+218111]
	GetHandleVerifier [0x0x7ff62d51faf4+112628]
	GetHandleVerifier [0x0x7ff62d51fca9+113065]
	GetHandleVerifier [0x0x7ff62d506c78+10616]
	BaseThreadInitThunk [0x0x7ffab01fe8d7+23]
	RtlUserThreadStart [0x0x7ffab181c34c+44]

2025-07-09 15:59:16,274 - ERROR - Timeout al esperar el elemento con 'xpath' = '//*[@onclick="crear_proveedor()"]'
2025-07-09 15:59:16,274 - ERROR - Error al crear proveedor (intento 10): Message: 
Stacktrace:
	GetHandleVerifier [0x0x7ff62d516f75+76917]
	GetHandleVerifier [0x0x7ff62d516fd0+77008]
	(No symbol) [0x0x7ff62d2c9dea]
	(No symbol) [0x0x7ff62d320256]
	(No symbol) [0x0x7ff62d32050c]
	(No symbol) [0x0x7ff62d373887]
	(No symbol) [0x0x7ff62d3484af]
	(No symbol) [0x0x7ff62d37065c]
	(No symbol) [0x0x7ff62d348243]
	(No symbol) [0x0x7ff62d311431]
	(No symbol) [0x0x7ff62d3121c3]
	GetHandleVerifier [0x0x7ff62d7ed2ad+3051437]
	GetHandleVerifier [0x0x7ff62d7e7903+3028483]
	GetHandleVerifier [0x0x7ff62d80589d+3151261]
	GetHandleVerifier [0x0x7ff62d53183e+185662]
	GetHandleVerifier [0x0x7ff62d5396ff+218111]
	GetHandleVerifier [0x0x7ff62d51faf4+112628]
	GetHandleVerifier [0x0x7ff62d51fca9+113065]
	GetHandleVerifier [0x0x7ff62d506c78+10616]
	BaseThreadInitThunk [0x0x7ffab01fe8d7+23]
	RtlUserThreadStart [0x0x7ffab181c34c+44]

