2025-05-28 19:37:07,377 - INFO - Imported existing <module 'comtypes.gen' from 'C:\\Users\\USUARIO\\Documents\\GitHub\\PythonProject\\.venv\\Lib\\site-packages\\comtypes\\gen\\__init__.py'>
2025-05-28 19:37:07,378 - INFO - Using writeable comtypes cache directory: 'C:\Users\USUARIO\Documents\GitHub\PythonProject\.venv\Lib\site-packages\comtypes\gen'
2025-05-28 19:37:10,120 - INFO - Inicializando navegador...
2025-05-28 19:37:10,495 - INFO - Web 'https://sede.miteco.gob.es/portal/site/seMITECO/login?urlLoginRedirect=L3BvcnRhbC9zaXRlL3NlTUlURUNPL3BvcnRsZXRfYnVzP2lkX3Byb2NlZGltaWVudG89NzM2JmlkZW50aWZpY2Fkb3JfcGFzbz1QUkVJTklDSU8mc3ViX29yZ2Fubz0xMSZwcmV2aW9fbG9naW49MQ==' abierta.
2025-05-28 19:37:10,864 - INFO - Elemento clickado con 'css selector' = 'input[value='acceder']'.
2025-05-28 19:37:11,814 - INFO - Elemento clickado con 'xpath' = '//button[contains(., 'Acceso DNIe / Certificado electrónico')]'.
2025-05-28 19:37:11,814 - INFO - Buscando ventana de Chrome...
2025-05-28 19:37:12,420 - INFO - Ventana de Chrome encontrada: Cl@ve - Google Chrome
2025-05-28 19:37:12,922 - INFO - Esperando popup de certificado...
2025-05-28 19:37:12,959 - INFO - Popup de certificado detectado.
2025-05-28 19:37:13,024 - INFO - Nombres de certificados encontrados: ['19848505B FRANCISCO JAVIER CARBONELL (R: B19811983)', 'AC Representación', '320C7BDFA6C0EA12668BA73499176EE6', '26881018K LILIANA FERNANDA PEREZ (R:B43693274)', 'ACCVCA-120', '32207E732CFC55FBC69159D3BD3B0B7B']
2025-05-28 19:37:13,025 - INFO - Primer certificado encontrado: 19848505B FRANCISCO JAVIER CARBONELL (R: B19811983)
2025-05-28 19:37:19,058 - ERROR - No hay certificados con el nombre 'VICENTE'.
2025-05-28 19:37:19,059 - INFO - Buscando botón 'Aceptar'...
2025-05-28 19:37:24,197 - ERROR - No se encontró el popup de certificado para buscar el botón 'Aceptar'.
2025-05-28 19:37:27,700 - INFO - Se escribió texto en el elemento localizado por id='id_direccion': 'Direccion'
2025-05-28 19:37:27,782 - INFO - Opción 'España' seleccionada en el elemento con 'id' = 'id_pais'.
2025-05-28 19:37:28,104 - INFO - Opción 'València/Valencia' seleccionada en el elemento con 'id' = 'id_provincia'.
2025-05-28 19:37:28,370 - INFO - Opción 'Aldaia' seleccionada en el elemento con 'id' = 'id_municipio'.
2025-05-28 19:37:28,458 - INFO - Se escribió texto en el elemento localizado por id='id_codigo_postal': '46003'
2025-05-28 19:37:28,556 - INFO - Se escribió texto en el elemento localizado por id='id_telefono': '912345678'
2025-05-28 19:37:28,640 - INFO - Se escribió texto en el elemento localizado por id='id_telefono_movil': '612345678'
2025-05-28 19:37:28,731 - INFO - Se escribió texto en el elemento localizado por id='id_correo_electronico': 'correo@electronico.com'
2025-05-28 19:37:28,811 - INFO - Se escribió texto en el elemento localizado por id='id_fax': '012345678'
2025-05-28 19:37:30,223 - INFO - Elemento clickado con 'id' = 'btnForm'.
2025-05-28 19:37:35,471 - INFO - Elemento clickado con 'id' = 'tipoEnvioNtA'.
2025-05-28 19:37:35,526 - INFO - Se escribió texto en el elemento localizado por id='file': 'C:/Users/USUARIO/Documents/GitHub/PythonProject/data/NT30460004811420250009892.xml'
2025-05-28 19:37:35,594 - INFO - Elemento clickado con 'css selector' = '.loginBtn'.
2025-05-28 19:37:36,734 - INFO - Elemento clickado con 'xpath' = '//button[contains(., 'Continuar')]'.
2025-05-28 19:37:37,439 - INFO - Elemento clickado con 'id' = 'bSiguiente'.
2025-05-28 19:37:38,716 - INFO - Elemento clickado con 'id' = 'idFirmarRegistrar'.
2025-05-28 19:37:38,716 - INFO - Buscando ventana de Chrome...
2025-05-28 19:37:39,236 - INFO - Ventana de Chrome encontrada: Gobierno de España - Sede Electrónica del Ministerio para la Transición Ecológica - Google Chrome
2025-05-28 19:37:39,745 - INFO - Esperando popup de certificado...
2025-05-28 19:37:44,809 - INFO - Popup de autofirma detectado.
2025-05-28 19:37:44,809 - INFO - Buscando botón 'Abrir AutoFirma'...
2025-05-28 19:37:49,915 - ERROR - No se encontró el popup de certificado para buscar el botón 'Abrir AutoFirma'.
