2025-07-10 11:53:23,070 - INFO - Web 'chrome://settings/security' abierta.
2025-07-10 11:53:29,603 - INFO - Web 'https://portal.nubelus.es' abierta.
2025-07-10 11:53:29,671 - INFO - Se escribió texto en el elemento localizado por id='pNick_gestor': 'ecotitan'
2025-07-10 11:53:29,725 - INFO - Elemento clickado con 'id' = 'btContinuar'.
2025-07-10 11:53:29,792 - INFO - Se escribió texto en el elemento localizado por xpath='//*[@placeholder='Usuario']': 'dani'
2025-07-10 11:53:29,875 - INFO - Se escribió texto en el elemento localizado por xpath='//*[@placeholder='Contraseña']': '123456'
2025-07-10 11:53:29,940 - INFO - Elemento clickado con 'id' = 'btAceptar'.
2025-07-10 11:53:35,710 - INFO - Web 'https://portal.nubelus.es/?clave=waster2_gestionEntidadesMedioambientales' abierta.
2025-07-10 11:53:35,768 - INFO - Elemento clickado con 'css selector' = '.miBoton.mas_opciones'.
2025-07-10 11:53:35,830 - INFO - Elemento clickado con 'id' = 'moa_bGenerar_excel'.
2025-07-10 11:53:37,088 - INFO - Archivo descargado: C:\Users\Usuario\Downloads\Entidades medioambientales.xlsx
2025-07-10 11:53:37,253 - INFO - Archivo eliminado: C:\Users\Usuario\Downloads\Entidades medioambientales.xlsx
2025-07-10 11:53:37,875 - INFO - Web 'https://portal.nubelus.es/?clave=waster2_gestionEntidadesMedioambientales&pAccion=NUEVO' abierta.
2025-07-10 11:53:37,875 - INFO - Añadiendo empresa: TEST
2025-07-10 11:53:37,930 - INFO - Se escribió texto en el elemento localizado por id='pDenominacion': 'TEST'
2025-07-10 11:53:37,985 - INFO - Se escribió texto en el elemento localizado por name='pNif': 'B45318889'
2025-07-10 11:53:38,047 - INFO - Opción 'Jurídica' seleccionada en el elemento con 'name' = 'pForma_fiscal'.
2025-07-10 11:53:40,131 - INFO - Se escribió texto en el elemento localizado por name='pDenominacion_forma_juridica': 'Sociedades de responsabilidad limitada'
2025-07-10 11:53:42,158 - INFO - Se escribió texto y se pulsó Enter en el elemento con name 'pDenominacion_forma_juridica'.
2025-07-10 11:53:42,737 - INFO - Se escribió texto en el elemento localizado por name='pNombre_fiscal': 'TEST'
2025-07-10 11:53:42,753 - INFO - Se escribió texto y se pulsó Enter en el elemento con name 'pNombre_fiscal'.
2025-07-10 11:53:42,806 - INFO - Se escribió texto en el elemento localizado por name='pDomicilio': 'C/ REAL, 66'
2025-07-10 11:53:42,861 - INFO - Se escribió texto en el elemento localizado por name='pDenominacion_ine_municipio': '451685'
2025-07-10 11:53:44,886 - INFO - Se escribió texto y se pulsó Enter en el elemento con name 'pDenominacion_ine_municipio'.
2025-07-10 11:53:44,940 - INFO - Se escribió texto en el elemento localizado por name='pPoblacion': 'TOLEDO'
2025-07-10 11:53:45,003 - INFO - Se escribió texto en el elemento localizado por name='pCodigoPostal': '451685'
2025-07-10 11:53:45,055 - INFO - Se escribió texto en el elemento localizado por name='pTelefono': '999999999'
2025-07-10 11:53:45,120 - INFO - Se escribió texto en el elemento localizado por name='pEmail': 'PRUEBA@MORENOYRODRIGUEZ.ES'
2025-07-10 11:53:45,169 - INFO - Se escribió texto en el elemento localizado por name='pNima': '4528633990'
2025-07-10 11:53:45,230 - INFO - Se escribió texto en el elemento localizado por name='pAutorizacion_medioambiental': 'CM/5TO164T'
2025-07-10 11:53:45,337 - INFO - Se escribió texto en el elemento localizado por name='pDenominacion_ema': 'PEQUEÑO PRODUCTOR DE RESIDUOS PELIGROSOS'
2025-07-10 11:53:47,357 - INFO - Se escribió texto y se pulsó Enter en el elemento con name 'pDenominacion_ema'.
2025-07-10 11:53:47,414 - INFO - Elemento clickado con 'css selector' = '.miBoton.aceptar'.
2025-07-10 11:53:48,573 - INFO - Elemento clickado con 'css selector' = '.miBoton_cuadrado.aceptar'.
2025-07-10 11:53:49,101 - ERROR - Falló al clickar el elemento con 'xpath' = '//button[contains(., 'Crear cliente')]' (intento 1): Message: stale element reference: stale element not found in the current frame
  (Session info: chrome=138.0.7204.97); For documentation on this error, please visit: https://www.selenium.dev/documentation/webdriver/troubleshooting/errors#stale-element-reference-exception
Stacktrace:
	GetHandleVerifier [0x0x7ff6b4196f75+76917]
	GetHandleVerifier [0x0x7ff6b4196fd0+77008]
	(No symbol) [0x0x7ff6b3f49dea]
	(No symbol) [0x0x7ff6b3f51789]
	(No symbol) [0x0x7ff6b3f5482c]
	(No symbol) [0x0x7ff6b3f548ff]
	(No symbol) [0x0x7ff6b3fa814b]
	(No symbol) [0x0x7ff6b3fa5c02]
	(No symbol) [0x0x7ff6b3fa2c41]
	(No symbol) [0x0x7ff6b3fa1b31]
	(No symbol) [0x0x7ff6b3f93368]
	(No symbol) [0x0x7ff6b3fc846a]
	(No symbol) [0x0x7ff6b3f92c16]
	(No symbol) [0x0x7ff6b3fc8680]
	(No symbol) [0x0x7ff6b3ff065c]
	(No symbol) [0x0x7ff6b3fc8243]
	(No symbol) [0x0x7ff6b3f91431]
	(No symbol) [0x0x7ff6b3f921c3]
	GetHandleVerifier [0x0x7ff6b446d2ad+3051437]
	GetHandleVerifier [0x0x7ff6b4467903+3028483]
	GetHandleVerifier [0x0x7ff6b448589d+3151261]
	GetHandleVerifier [0x0x7ff6b41b183e+185662]
	GetHandleVerifier [0x0x7ff6b41b96ff+218111]
	GetHandleVerifier [0x0x7ff6b419faf4+112628]
	GetHandleVerifier [0x0x7ff6b419fca9+113065]
	GetHandleVerifier [0x0x7ff6b4186c78+10616]
	BaseThreadInitThunk [0x0x7ff8dc70e8d7+23]
	RtlUserThreadStart [0x0x7ff8dd13c34c+44]

2025-07-10 11:53:49,647 - INFO - Elemento clickado con 'xpath' = '//button[contains(., 'Crear cliente')]'.
2025-07-10 11:53:49,726 - INFO - Elemento clickado con 'css selector' = '.miBoton_cuadrado.aceptar'.
2025-07-10 11:53:50,726 - INFO - Web 'https://portal.nubelus.es/?clave=waster2_gestionEntidadesMedioambientalesCentros' abierta.
2025-07-10 11:53:50,776 - INFO - Elemento clickado con 'css selector' = '.icon-bolt'.
2025-07-10 11:53:50,834 - INFO - Se escribió texto en el elemento localizado por name='pDenominacion': 'TEST'
2025-07-10 11:53:52,367 - INFO - Se pulsó Enter en el elemento localizado por name='pDenominacion'.
2025-07-10 11:53:52,410 - INFO - Elemento clickado con 'css selector' = '.miBoton.aceptar'.
2025-07-10 11:53:53,013 - INFO - Opción 'Datos medioambientales' seleccionada en el elemento con 'id' = 'fContenido_seleccionado'.
2025-07-10 11:53:54,065 - INFO - Elemento clickado con 'css selector' = '.miBoton.editar.solapa_descripcion'.
2025-07-10 11:53:54,143 - INFO - Se escribió texto en el elemento localizado por name='pNima': '4528633990'
2025-07-10 11:53:54,196 - INFO - Se escribió texto en el elemento localizado por name='pResponsable_ma_nombre': 'TEST'
2025-07-10 11:53:54,247 - INFO - Se escribió texto en el elemento localizado por name='pResponsable_ma_nif': 'B45318889'
2025-07-10 11:53:54,303 - INFO - Se escribió texto en el elemento localizado por name='pResponsable_ma_cargo': 'TEST'
2025-07-10 11:53:54,359 - INFO - Se escribió texto en el elemento localizado por name='pDenominacion_ine_municipio': 'TOLEDO'
2025-07-10 11:53:56,385 - INFO - Se escribió texto y se pulsó Enter en el elemento con name 'pDenominacion_ine_municipio'.
2025-07-10 11:53:57,436 - INFO - Elemento clickado con 'css selector' = '.miBoton.aceptar'.
2025-07-10 11:53:58,465 - INFO - Web 'https://portal.nubelus.es/?clave=nubelus_gestionUsuarios&pAccion=NUEVO' abierta.
2025-07-10 11:53:58,509 - INFO - Se escribió texto en el elemento localizado por name='pUsuario': 'TEST'
2025-07-10 11:53:58,580 - INFO - Se escribió texto en el elemento localizado por name='pAlias': 'TEST'
2025-07-10 11:53:58,644 - INFO - Se escribió texto en el elemento localizado por name='pEmail': 'PRUEBA@MORENOYRODRIGUEZ.ES'
2025-07-10 11:53:58,706 - INFO - Se escribió texto en el elemento localizado por name='pTelefono': '999999999'
2025-07-10 11:53:58,759 - INFO - Opción 'EMA' seleccionada en el elemento con 'name' = 'pRol'.
2025-07-10 11:53:58,814 - INFO - Se escribió texto en el elemento localizado por name='pDenominacion_ema': 'TEST'
2025-07-10 11:53:59,861 - INFO - Elemento clickado con 'css selector' = '.BUSCAR_ENTIDAD_MEDIOAMBIENTAL.noref.ui-menu-item'.
2025-07-10 11:53:59,915 - INFO - Se escribió texto en el elemento localizado por name='pDenominacion_entidad_ma_centro': 'TEST'
2025-07-10 11:54:00,972 - INFO - Elemento clickado con 'css selector' = '.BUSCAR_ENTIDAD_MEDIOAMBIENTAL_CENTRO.noref.ui-menu-item'.
2025-07-10 11:54:01,029 - INFO - Elemento clickado con 'css selector' = '.miBoton.aceptar'.
2025-07-10 11:54:02,665 - INFO - Web 'https://portal.nubelus.es/?clave=waster2_gestionAcuerdosRepresentacion&pAccion=NUEVO' abierta.
2025-07-10 11:54:03,730 - INFO - Se escribió texto en el elemento localizado por name='pDenominacion_ema_representada': 'TEST'
2025-07-10 11:54:05,260 - INFO - Se pulsó Enter en el elemento localizado por name='pDenominacion_ema_representada'.
2025-07-10 11:54:05,338 - INFO - Se escribió texto en el elemento localizado por name='pFecha': '11-06-2025'
2025-07-10 11:54:05,406 - INFO - Se escribió texto en el elemento localizado por name='pFecha_caducidad': '10-06-2030'
2025-07-10 11:54:05,463 - INFO - Elemento clickado con 'css selector' = '.miBoton.aceptar'.
2025-07-10 11:54:07,327 - INFO - Web 'https://portal.nubelus.es/?clave=waster2_gestionContratosTratamiento&pAccion=NUEVO' abierta.
2025-07-10 11:54:07,412 - INFO - Se escribió texto en el elemento localizado por name='pFecha': '11-06-2025'
2025-07-10 11:54:09,435 - INFO - Se escribió texto y se pulsó Enter en el elemento con name 'pFecha'.
2025-07-10 11:54:10,006 - INFO - Se escribió texto en el elemento localizado por name='pFecha_caducidad': '10-06-2028'
2025-07-10 11:54:12,015 - ERROR - No se pudo escribir y pulsar Enter en el elemento con name 'pFecha_caducidad': Message: invalid session id: session deleted as the browser has closed the connection
from disconnected: not connected to DevTools
  (Session info: chrome=138.0.7204.97)
Stacktrace:
	GetHandleVerifier [0x0x7ff6b4196f75+76917]
	GetHandleVerifier [0x0x7ff6b4196fd0+77008]
	(No symbol) [0x0x7ff6b3f49dea]
	(No symbol) [0x0x7ff6b3f35f15]
	(No symbol) [0x0x7ff6b3f5abf4]
	(No symbol) [0x0x7ff6b3fcfa85]
	(No symbol) [0x0x7ff6b3feff72]
	(No symbol) [0x0x7ff6b3fc8243]
	(No symbol) [0x0x7ff6b3f91431]
	(No symbol) [0x0x7ff6b3f921c3]
	GetHandleVerifier [0x0x7ff6b446d2ad+3051437]
	GetHandleVerifier [0x0x7ff6b4467903+3028483]
	GetHandleVerifier [0x0x7ff6b448589d+3151261]
	GetHandleVerifier [0x0x7ff6b41b183e+185662]
	GetHandleVerifier [0x0x7ff6b41b96ff+218111]
	GetHandleVerifier [0x0x7ff6b419faf4+112628]
	GetHandleVerifier [0x0x7ff6b419fca9+113065]
	GetHandleVerifier [0x0x7ff6b4186c78+10616]
	BaseThreadInitThunk [0x0x7ff8dc70e8d7+23]
	RtlUserThreadStart [0x0x7ff8dd13c34c+44]

2025-07-10 11:54:12,016 - ERROR - Error al añadir contrato de tratamiento para la empresa TEST: Message: invalid session id: session deleted as the browser has closed the connection
from disconnected: not connected to DevTools
  (Session info: chrome=138.0.7204.97)
Stacktrace:
	GetHandleVerifier [0x0x7ff6b4196f75+76917]
	GetHandleVerifier [0x0x7ff6b4196fd0+77008]
	(No symbol) [0x0x7ff6b3f49dea]
	(No symbol) [0x0x7ff6b3f35f15]
	(No symbol) [0x0x7ff6b3f5abf4]
	(No symbol) [0x0x7ff6b3fcfa85]
	(No symbol) [0x0x7ff6b3feff72]
	(No symbol) [0x0x7ff6b3fc8243]
	(No symbol) [0x0x7ff6b3f91431]
	(No symbol) [0x0x7ff6b3f921c3]
	GetHandleVerifier [0x0x7ff6b446d2ad+3051437]
	GetHandleVerifier [0x0x7ff6b4467903+3028483]
	GetHandleVerifier [0x0x7ff6b448589d+3151261]
	GetHandleVerifier [0x0x7ff6b41b183e+185662]
	GetHandleVerifier [0x0x7ff6b41b96ff+218111]
	GetHandleVerifier [0x0x7ff6b419faf4+112628]
	GetHandleVerifier [0x0x7ff6b419fca9+113065]
	GetHandleVerifier [0x0x7ff6b4186c78+10616]
	BaseThreadInitThunk [0x0x7ff8dc70e8d7+23]
	RtlUserThreadStart [0x0x7ff8dd13c34c+44]

2025-07-10 11:54:15,147 - INFO - Saliendo del proceso de adición de contratos de tratamiento.
