2025-05-23 13:02:24,127 - INFO - Inicializando navegador...
2025-05-23 13:02:25,413 - INFO - Web 'https://residuos.gva.es/RES_BUSCAWEB/buscador_residuos_avanzado.aspx' abierta.
2025-05-23 13:02:25,499 - INFO - Se escribió texto en el elemento localizado por id='ctl00_ContentPlaceHolder1_txtNIF': '20149971Q'
2025-05-23 13:02:25,547 - INFO - Elemento clickado con 'id' = 'ctl00_ContentPlaceHolder1_btBuscar'.
2025-05-23 13:02:30,656 - ERROR - Timeout al esperar el elemento con 'id' = 'ctl00_ContentPlaceHolder1_gvResultados_ctl03_hypGestor'
2025-05-23 13:02:30,656 - INFO - ERROR: No se ha encontrado el enlace del gestor en la página.
2025-05-23 13:02:34,602 - INFO - Inicializando navegador...
2025-05-23 13:02:35,583 - INFO - Web 'https://gestiona.comunidad.madrid/pcea_nima_web/html/web/InicioAccion.icm' abierta.
2025-05-23 13:02:35,651 - INFO - Se escribió texto en el elemento localizado por id='nif': '20149971Q'
2025-05-23 13:02:35,700 - INFO - Elemento clickado con 'xpath' = '//a[@onclick="buscar('form');"]'.
2025-05-23 13:02:40,812 - ERROR - Timeout al esperar el elemento con 'css selector' = 'input[value='Consultar']'
2025-05-23 13:02:40,812 - INFO - ERROR: El botón Consultar NO está presente en la página.
2025-05-23 13:02:44,723 - INFO - Inicializando navegador...
2025-05-23 13:02:45,811 - INFO - Web 'https://ireno.castillalamancha.es/forms/geref000.htm' abierta.
2025-05-23 13:02:45,876 - INFO - Elemento clickado con 'id' = 'enlace_gestores'.
2025-05-23 13:02:46,440 - INFO - Se escribió texto en el elemento localizado por id='input_NIF_CIF': '20149971Q'
2025-05-23 13:02:46,510 - INFO - Elemento clickado con 'id' = 'boton_buscar'.
2025-05-23 13:03:06,918 - ERROR - ERROR: No se encontró la imagen para generar el EXCEL.
2025-05-23 13:03:06,918 - INFO - ERROR: No se ha encontrado la imagen para generar el Excel.
2025-05-23 13:03:10,855 - INFO - Inicializando navegador...
2025-05-23 13:03:12,755 - INFO - Web 'https://sdr.arc.cat/sdr/ListNimas.do?menu=G' abierta.
2025-05-23 13:03:12,883 - INFO - Se escribió texto en el elemento localizado por name='cercaNif': '20149971Q'
2025-05-23 13:03:14,219 - INFO - Elemento clickado con 'xpath' = '//button[contains(., 'CERCAR')]'.
2025-05-23 13:03:19,640 - ERROR - Timeout al esperar el elemento con 'xpath' = '//div[contains(@class, 'col-xs-4') and b[normalize-space(text())='Nif:'] and contains(., '20149971Q')]'
2025-05-23 13:03:19,640 - INFO - ERROR: No se ha encontrado el div con el NIF buscado en la página.
2025-05-23 13:03:21,740 - ERROR - NIF no encontrado en ninguna comunidad
