2025-05-21 10:47:05,310 - INFO - Inicializando navegador...
2025-05-21 10:47:05,669 - INFO - Web 'https://residuos.gva.es/RES_BUSCAWEB/buscador_residuos_avanzado.aspx' abierta.
2025-05-21 10:47:05,742 - INFO - Se escribió texto en el elemento localizado por id='ctl00_ContentPlaceHolder1_txtNIF': 'B98969264'
2025-05-21 10:47:05,812 - INFO - Elemento clickado con 'id' = 'ctl00_ContentPlaceHolder1_btBuscar'.
2025-05-21 10:47:07,310 - INFO - Web 'https://residuos.gva.es/RES_BUSCAWEB/ficha.aspx?id=JiIIz%2bQT7kRGOhC4pUNG1IgPgHFgudq6' abierta.
2025-05-21 10:47:07,310 - INFO - Enlace 'https://residuos.gva.es/RES_BUSCAWEB/ficha.aspx?id=JiIIz%2bQT7kRGOhC4pUNG1IgPgHFgudq6' abierto por el botón con ID 'ctl00_ContentPlaceHolder1_gvResultados_ctl03_hypGestor'.
2025-05-21 10:47:07,360 - INFO - Texto obtenido del elemento con ID 'NOMBREEMPRESA1-0': TALLERES MOTOR TORRENT. S.L.U.
2025-05-21 10:47:07,392 - INFO - Texto obtenido del elemento con ID 'ENIF1-0': B98969264
2025-05-21 10:47:07,425 - INFO - Texto obtenido del elemento con ID 'EDIRECCION1-0': CALLE VALENCIA, 128
2025-05-21 10:47:07,459 - INFO - Texto obtenido del elemento con ID 'ECODIPOS1-0': 46900
2025-05-21 10:47:07,491 - INFO - Texto obtenido del elemento con ID 'Text8-0': TORRENT - VALENCIA/VALÈNCIA
2025-05-21 10:47:07,521 - INFO - Texto obtenido del elemento con ID 'ETELEFONO1-0': 961560964
2025-05-21 10:47:07,551 - INFO - Texto obtenido del elemento con ID 'NOMBRECENTRO1-0-0': TALLERES MOTOR TORRENT, SLU
2025-05-21 10:47:07,583 - INFO - Texto obtenido del elemento con ID 'FCENCODCENTRO1-0-0': 4600038689
2025-05-21 10:47:07,616 - INFO - Texto obtenido del elemento con ID 'FDIRECCION1-0-0': CALLE DELS SABATERS 7
2025-05-21 10:47:07,647 - INFO - Texto obtenido del elemento con ID 'Text7-0-0': TORRENT - VALENCIA/VALÈNCIA
2025-05-21 10:47:07,678 - INFO - Texto obtenido del elemento con ID 'FCODINE1-0-0': 462444
2025-05-21 10:47:07,708 - INFO - Texto obtenido del elemento con ID 'FTELEFONO1-0-0': 961560964
2025-05-21 10:47:07,739 - INFO - Texto obtenido del elemento con ID 'Text10-0-0-0': 37760/P02/CV - PEQUEÑO PRODUCTOR RESID.PELIGROSOS
2025-05-21 10:47:07,785 - INFO - Texto obtenido del elemento con ID 'Text10-0-0-1': 5721/P04/CV - PEQUEÑO PRODUCT.RESID.NO PELIGROSOS
2025-05-21 10:47:07,787 - INFO - Datos de la empresa guardados en datos_empresa.json
