2025-07-10 11:58:09,700 - INFO - Web 'chrome://settings/security' abierta.
2025-07-10 11:58:16,008 - INFO - Web 'https://portal.nubelus.es' abierta.
2025-07-10 11:58:16,073 - INFO - Se escribió texto en el elemento localizado por id='pNick_gestor': 'ecotitan'
2025-07-10 11:58:16,126 - INFO - Elemento clickado con 'id' = 'btContinuar'.
2025-07-10 11:58:16,183 - INFO - Se escribió texto en el elemento localizado por xpath='//*[@placeholder='Usuario']': 'dani'
2025-07-10 11:58:16,239 - INFO - Se escribió texto en el elemento localizado por xpath='//*[@placeholder='Contraseña']': '123456'
2025-07-10 11:58:16,285 - INFO - Elemento clickado con 'id' = 'btAceptar'.
2025-07-10 11:58:21,997 - INFO - Web 'https://portal.nubelus.es/?clave=waster2_gestionEntidadesMedioambientales' abierta.
2025-07-10 11:58:22,055 - INFO - Elemento clickado con 'css selector' = '.miBoton.mas_opciones'.
2025-07-10 11:58:22,130 - INFO - Elemento clickado con 'id' = 'moa_bGenerar_excel'.
2025-07-10 11:58:23,394 - INFO - Archivo descargado: C:\Users\Usuario\Downloads\Entidades medioambientales.xlsx
2025-07-10 11:58:23,566 - INFO - Archivo eliminado: C:\Users\Usuario\Downloads\Entidades medioambientales.xlsx
2025-07-10 11:58:24,199 - INFO - Web 'https://portal.nubelus.es/?clave=waster2_gestionEntidadesMedioambientalesCentros' abierta.
2025-07-10 11:58:24,260 - INFO - Elemento clickado con 'css selector' = '.miBoton.mas_opciones'.
2025-07-10 11:58:24,300 - INFO - Elemento clickado con 'id' = 'moa_bGenerar_excel'.
2025-07-10 11:58:25,560 - INFO - Archivo descargado: C:\Users\Usuario\Downloads\Centros de entidades medioambientales.xlsx
2025-07-10 11:58:25,598 - INFO - Archivo eliminado: C:\Users\Usuario\Downloads\Centros de entidades medioambientales.xlsx
2025-07-10 11:58:26,518 - INFO - Web 'https://portal.nubelus.es/?clave=waster2_gestionEntidadesMedioambientalesCentros&pAccion=NUEVO' abierta.
2025-07-10 11:58:26,518 - INFO - Añadiendo centro: TEST
2025-07-10 11:58:26,569 - INFO - Se escribió texto en el elemento localizado por id='pDenominacion': 'TEST'
2025-07-10 11:58:26,624 - INFO - Se escribió texto en el elemento localizado por name='pDenominacion_ema': 'TEST'
2025-07-10 11:58:28,647 - INFO - Se escribió texto y se pulsó Enter en el elemento con name 'pDenominacion_ema'.
2025-07-10 11:58:28,706 - INFO - Se escribió texto en el elemento localizado por name='pDomicilio': 'C/ REAL, 66'
2025-07-10 11:58:28,778 - INFO - Se escribió texto en el elemento localizado por name='pDenominacion_ine_municipio': '451685'
2025-07-10 11:58:30,805 - INFO - Se escribió texto y se pulsó Enter en el elemento con name 'pDenominacion_ine_municipio'.
2025-07-10 11:58:30,859 - INFO - Se escribió texto en el elemento localizado por name='pPoblacion': 'TOLEDO'
2025-07-10 11:58:30,909 - INFO - Se escribió texto en el elemento localizado por name='pCodigoPostal': '451685'
2025-07-10 11:58:30,982 - INFO - Se escribió texto en el elemento localizado por name='pTelefono': '999999999'
2025-07-10 11:58:31,050 - INFO - Se escribió texto en el elemento localizado por name='pEmail': 'PRUEBA@MORENOYRODRIGUEZ.ES'
2025-07-10 11:58:31,102 - INFO - Se escribió texto en el elemento localizado por name='pNima': '4528633990'
2025-07-10 11:58:31,162 - INFO - Se escribió texto en el elemento localizado por name='pAutorizacion_medioambiental': 'CM/5TO164T'
2025-07-10 11:58:31,242 - INFO - Se escribió texto en el elemento localizado por name='pDenominacion_ema': 'PEQUEÑO PRODUCTOR DE RESIDUOS PELIGROSOS'
2025-07-10 11:58:33,265 - INFO - Se escribió texto y se pulsó Enter en el elemento con name 'pDenominacion_ema'.
2025-07-10 11:58:33,320 - INFO - Elemento clickado con 'css selector' = '.miBoton.aceptar'.
2025-07-10 11:58:39,432 - ERROR - Timeout al esperar el elemento con 'id' = 'fContenido_seleccionado'
2025-07-10 11:58:39,432 - ERROR - Error al añadir autorización para la empresa TEST: Message: 
Stacktrace:
	GetHandleVerifier [0x0x7ff6b4196f75+76917]
	GetHandleVerifier [0x0x7ff6b4196fd0+77008]
	(No symbol) [0x0x7ff6b3f49dea]
	(No symbol) [0x0x7ff6b3fa0256]
	(No symbol) [0x0x7ff6b3fa050c]
	(No symbol) [0x0x7ff6b3ff3887]
	(No symbol) [0x0x7ff6b3fc84af]
	(No symbol) [0x0x7ff6b3ff065c]
	(No symbol) [0x0x7ff6b3fc8243]
	(No symbol) [0x0x7ff6b3f91431]
	(No symbol) [0x0x7ff6b3f921c3]
	GetHandleVerifier [0x0x7ff6b446d2ad+3051437]
	GetHandleVerifier [0x0x7ff6b4467903+3028483]
	GetHandleVerifier [0x0x7ff6b448589d+3151261]
	GetHandleVerifier [0x0x7ff6b41b183e+185662]
	GetHandleVerifier [0x0x7ff6b41b96ff+218111]
	GetHandleVerifier [0x0x7ff6b419faf4+112628]
	GetHandleVerifier [0x0x7ff6b419fca9+113065]
	GetHandleVerifier [0x0x7ff6b4186c78+10616]
	BaseThreadInitThunk [0x0x7ff8dc70e8d7+23]
	RtlUserThreadStart [0x0x7ff8dd13c34c+44]

2025-07-10 11:59:53,866 - INFO - Saliendo del proceso de adición de autorizaciones.
