2025-05-07 13:43:49,117 - INFO - Imported existing <module 'comtypes.gen' from 'C:\\Users\\Usuario\\PycharmProjects\\PythonProject\\.venv\\Lib\\site-packages\\comtypes\\gen\\__init__.py'>
2025-05-07 13:43:49,117 - INFO - Using writeable comtypes cache directory: 'C:\Users\Usuario\PycharmProjects\PythonProject\.venv\Lib\site-packages\comtypes\gen'
2025-05-07 13:43:52,206 - INFO - Inicializando navegador...
2025-05-07 13:43:52,714 - INFO - Web 'https://sede.miteco.gob.es/portal/site/seMITECO/portlet_bus?id_procedimiento=736&identificador_paso=PREINICIO&sub_organo=11&previo_login=1' abierta.
2025-05-07 13:43:52,847 - INFO - Elemento clickado con 'css selector' = 'input[value='acceder']'.
2025-05-07 13:43:54,143 - INFO - Elemento clickado con 'xpath' = '//span[text()='Acceso DNIe / Certificado electrónico']'.
2025-05-07 13:43:54,143 - INFO - Buscando ventana de Chrome...
2025-05-07 13:43:54,839 - INFO - Ventana de Chrome encontrada: Cl@ve - Google Chrome
2025-05-07 13:43:55,342 - INFO - Esperando popup de certificado (versión modificada)...
2025-05-07 13:43:55,369 - INFO - Popup de certificado detectado (versión modificada).
2025-05-07 13:43:55,376 - INFO - Certificados encontrados (versión modificada): [<PaneControl ClassName='' AutomationId= Rect=(625,93,1295,485)[670x392] Name='' Handle=0x0(0)>]
2025-05-07 13:43:55,376 - INFO - Primer certificado encontrado: 
2025-05-07 13:43:55,376 - INFO - Buscando certificado 'RICARDO ESCUDE' en la lista...
2025-05-07 13:43:55,378 - INFO - Buscando certificado 'True' en la lista...
2025-05-07 13:43:55,883 - INFO - Este es el nombre de uno de los certificados: 'True'
2025-05-07 13:43:55,884 - WARNING - No se encontró el certificado deseado. Seleccionando el primero disponible.
2025-05-07 13:43:55,884 - INFO - Seleccionando el primer certificado: 
2025-05-07 13:43:56,963 - INFO - Entrando en _click_boton_aceptar...
2025-05-07 13:43:56,963 - INFO - Buscando botón 'Aceptar'...
2025-05-07 13:43:57,281 - INFO - ¡Botón 'Aceptar' encontrado! Haciendo click...
