2025-07-01 13:24:23,807 - INFO - Web 'chrome://settings/security' abierta.
2025-07-01 13:24:29,425 - INFO - Web 'https://portal.nubelus.es' abierta.
2025-07-01 13:24:29,502 - INFO - Se escribió texto en el elemento localizado por id='pNick_gestor': 'ecotitan'
2025-07-01 13:24:29,547 - INFO - Elemento clickado con 'id' = 'btContinuar'.
2025-07-01 13:24:29,605 - INFO - Se escribió texto en el elemento localizado por xpath='//*[@placeholder='Usuario']': 'dani'
2025-07-01 13:24:29,659 - INFO - Se escribió texto en el elemento localizado por xpath='//*[@placeholder='Contraseña']': '123456'
2025-07-01 13:24:29,709 - INFO - Elemento clickado con 'id' = 'btAceptar'.
2025-07-01 13:24:35,276 - INFO - Web 'https://portal.nubelus.es/?clave=waster2_gestionEntidadesMedioambientales' abierta.
2025-07-01 13:24:35,330 - INFO - Elemento clickado con 'css selector' = '.miBoton.mas_opciones'.
2025-07-01 13:24:35,381 - INFO - Elemento clickado con 'id' = 'moa_bGenerar_excel'.
2025-07-01 13:24:36,597 - INFO - Archivo descargado: C:\Users\Usuario\Downloads\Entidades medioambientales.xlsx
2025-07-01 13:24:36,732 - INFO - Archivo eliminado: C:\Users\Usuario\Downloads\Entidades medioambientales.xlsx
2025-07-01 13:24:37,190 - INFO - Web 'https://portal.nubelus.es/?clave=waster2_gestionEntidadesMedioambientalesCentros' abierta.
2025-07-01 13:24:37,237 - INFO - Elemento clickado con 'css selector' = '.miBoton.mas_opciones'.
2025-07-01 13:24:37,285 - INFO - Elemento clickado con 'id' = 'moa_bGenerar_excel'.
2025-07-01 13:24:38,482 - INFO - Archivo descargado: C:\Users\Usuario\Downloads\Centros de entidades medioambientales.xlsx
2025-07-01 13:24:38,518 - INFO - Archivo eliminado: C:\Users\Usuario\Downloads\Centros de entidades medioambientales.xlsx
2025-07-01 13:24:38,989 - INFO - Web 'https://portal.nubelus.es/?clave=factucit2_gestionClientes_n1' abierta.
2025-07-01 13:24:39,040 - INFO - Elemento clickado con 'css selector' = '.miBoton.mas_opciones'.
2025-07-01 13:24:39,096 - INFO - Elemento clickado con 'id' = 'moa_bGenerar_excel'.
2025-07-01 13:24:40,447 - INFO - Archivo descargado: C:\Users\Usuario\Downloads\Clientes.xlsx
2025-07-01 13:24:40,523 - INFO - Archivo eliminado: C:\Users\Usuario\Downloads\Clientes.xlsx
2025-07-01 13:24:41,073 - INFO - Web 'https://portal.nubelus.es/?clave=nubelus_gestionUsuarios' abierta.
2025-07-01 13:24:41,119 - INFO - Elemento clickado con 'css selector' = '.miBoton.mas_opciones'.
2025-07-01 13:24:41,163 - INFO - Elemento clickado con 'id' = 'moa_bGenerar_excel'.
2025-07-01 13:24:42,462 - INFO - Archivo descargado: C:\Users\Usuario\Downloads\Usuarios.xlsx
2025-07-01 13:24:42,523 - INFO - Archivo eliminado: C:\Users\Usuario\Downloads\Usuarios.xlsx
2025-07-01 13:24:42,974 - INFO - Web 'https://portal.nubelus.es/?clave=waster2_gestionAcuerdosRepresentacion' abierta.
2025-07-01 13:24:43,023 - INFO - Elemento clickado con 'css selector' = '.miBoton.mas_opciones'.
2025-07-01 13:24:43,065 - INFO - Elemento clickado con 'id' = 'moa_bGenerar_excel'.
2025-07-01 13:24:44,355 - INFO - Archivo descargado: C:\Users\Usuario\Downloads\Acuerdos de representación.xlsx
2025-07-01 13:24:44,407 - INFO - Archivo eliminado: C:\Users\Usuario\Downloads\Acuerdos de representación.xlsx
2025-07-01 13:24:44,969 - INFO - Web 'https://portal.nubelus.es/?clave=waster2_gestionContratosTratamiento' abierta.
2025-07-01 13:24:45,018 - INFO - Elemento clickado con 'css selector' = '.miBoton.mas_opciones'.
2025-07-01 13:24:45,059 - INFO - Elemento clickado con 'id' = 'moa_bGenerar_excel'.
2025-07-01 13:24:48,295 - INFO - Archivo descargado: C:\Users\Usuario\Downloads\Contratos tratamiento.xlsx
2025-07-01 13:24:48,733 - INFO - Archivo eliminado: C:\Users\Usuario\Downloads\Contratos tratamiento.xlsx
2025-07-01 13:24:49,578 - INFO - Web 'https://portal.nubelus.es/?clave=waster2_gestionContratosTratamiento&pAccion=NUEVO' abierta.
2025-07-01 13:24:49,667 - INFO - Se escribió texto en el elemento localizado por name='pFecha': '11-06-2025'
2025-07-01 13:24:51,693 - INFO - Se escribió texto y se pulsó Enter en el elemento con name 'pFecha'.
2025-07-01 13:24:52,269 - INFO - Se escribió texto en el elemento localizado por name='pFecha_caducidad': '10-06-2028'
2025-07-01 13:24:54,298 - INFO - Se escribió texto y se pulsó Enter en el elemento con name 'pFecha_caducidad'.
2025-07-01 13:24:54,890 - INFO - Se escribió texto en el elemento localizado por name='pDenominacion_origen': 'PRUEBA PRUEBA PRUEBA'
2025-07-01 13:24:56,915 - INFO - Se escribió texto y se pulsó Enter en el elemento con name 'pDenominacion_origen'.
2025-07-01 13:24:57,491 - INFO - Se escribió texto en el elemento localizado por name='pDenominacion_destino': 'METALLS DEL CAMP, S.L.'
2025-07-01 13:24:59,517 - INFO - Se escribió texto y se pulsó Enter en el elemento con name 'pDenominacion_destino'.
2025-07-01 13:25:00,089 - INFO - Se escribió texto en el elemento localizado por name='pDenominacion_destino_centro': 'METALLS DEL CAMP ( SERRA D'
2025-07-01 13:25:02,114 - INFO - Se escribió texto y se pulsó Enter en el elemento con name 'pDenominacion_destino_centro'.
2025-07-01 13:25:03,177 - INFO - Se escribió texto en el elemento localizado por name='pDenominacion_autorizacion_destino': '157/G02/CV'
2025-07-01 13:25:05,203 - INFO - Se escribió texto y se pulsó Enter en el elemento con name 'pDenominacion_autorizacion_destino'.
2025-07-01 13:25:06,276 - INFO - Se escribió texto en el elemento localizado por name='pDenominacion_operador_traslados': 'ECO TITAN S.L.'
2025-07-01 13:25:08,317 - INFO - Se escribió texto y se pulsó Enter en el elemento con name 'pDenominacion_operador_traslados'.
2025-07-01 13:25:09,379 - INFO - Se escribió texto en el elemento localizado por name='pDenominacion_autorizacion_operador_traslados': '87/A01/CV'
2025-07-01 13:25:11,408 - INFO - Se escribió texto y se pulsó Enter en el elemento con name 'pDenominacion_autorizacion_operador_traslados'.
2025-07-01 13:25:11,479 - INFO - Se escribió texto en el elemento localizado por name='pDenominacion_residuo': 'ABSORBENTES (SEPIOLITA)*'
2025-07-01 13:25:13,510 - INFO - Se escribió texto y se pulsó Enter en el elemento con name 'pDenominacion_residuo'.
2025-07-01 13:25:13,560 - INFO - Se escribió texto en el elemento localizado por name='pKilos_totales': '1500'
2025-07-01 13:25:15,587 - INFO - Se escribió texto y se pulsó Enter en el elemento con name 'pKilos_totales'.
2025-07-01 13:25:15,628 - INFO - Elemento clickado con 'css selector' = '.miBoton.aceptar'.
2025-07-01 13:25:16,726 - INFO - Opción 'Tratamientos' seleccionada en el elemento con 'id' = 'fContenido_seleccionado'.
2025-07-01 13:25:17,785 - INFO - Elemento clickado con 'css selector' = '.miBoton.editar.editar_1.sinTexto.dcha'.
2025-07-01 13:25:18,364 - INFO - Se escribió texto en el elemento localizado por name='pDenominacion_ema_1': 'CTR MEDITERRANEO, S.L.'
2025-07-01 13:25:20,396 - INFO - Se escribió texto y se pulsó Enter en el elemento con name 'pDenominacion_ema_1'.
2025-07-01 13:25:20,957 - INFO - Se escribió texto en el elemento localizado por name='pTratamiento_posterior_1_codigo_ler_2': 'R3'
2025-07-01 13:25:22,975 - INFO - Se escribió texto y se pulsó Enter en el elemento con name 'pTratamiento_posterior_1_codigo_ler_2'.
2025-07-01 13:25:23,023 - INFO - Elemento clickado con 'css selector' = '.icon-ok'.
2025-07-01 13:25:25,095 - INFO - Opción 'Notificación' seleccionada en el elemento con 'id' = 'fContenido_seleccionado'.
