2025-05-28 19:24:29,684 - INFO - Imported existing <module 'comtypes.gen' from 'C:\\Users\\USUARIO\\Documents\\GitHub\\PythonProject\\.venv\\Lib\\site-packages\\comtypes\\gen\\__init__.py'>
2025-05-28 19:24:29,684 - INFO - Using writeable comtypes cache directory: 'C:\Users\USUARIO\Documents\GitHub\PythonProject\.venv\Lib\site-packages\comtypes\gen'
2025-05-28 19:24:32,471 - INFO - Inicializando navegador...
2025-05-28 19:24:33,136 - INFO - Web 'https://sede.miteco.gob.es/portal/site/seMITECO/login?urlLoginRedirect=L3BvcnRhbC9zaXRlL3NlTUlURUNPL3BvcnRsZXRfYnVzP2lkX3Byb2NlZGltaWVudG89NzM2JmlkZW50aWZpY2Fkb3JfcGFzbz1QUkVJTklDSU8mc3ViX29yZ2Fubz0xMSZwcmV2aW9fbG9naW49MQ==' abierta.
2025-05-28 19:24:33,305 - INFO - Elemento clickado con 'css selector' = 'input[value='acceder']'.
2025-05-28 19:24:34,499 - INFO - Elemento clickado con 'xpath' = '//button[contains(., 'Acceso DNIe / Certificado electrónico')]'.
2025-05-28 19:24:34,500 - INFO - Buscando ventana de Chrome...
2025-05-28 19:24:35,101 - INFO - Ventana de Chrome encontrada: Cl@ve - Google Chrome
2025-05-28 19:24:35,602 - INFO - Esperando popup de certificado...
2025-05-28 19:24:35,642 - INFO - Popup de certificado detectado.
2025-05-28 19:24:35,721 - INFO - Nombres de certificados encontrados: ['19848505B FRANCISCO JAVIER CARBONELL (R: B19811983)', 'AC Representación', '320C7BDFA6C0EA12668BA73499176EE6', '26881018K LILIANA FERNANDA PEREZ (R:B43693274)', 'ACCVCA-120', '32207E732CFC55FBC69159D3BD3B0B7B']
2025-05-28 19:24:35,722 - INFO - Primer certificado encontrado: 19848505B FRANCISCO JAVIER CARBONELL (R: B19811983)
2025-05-28 19:24:41,733 - ERROR - No hay certificados con el nombre 'VICENTE'.
2025-05-28 19:24:41,733 - INFO - Buscando botón 'Aceptar'...
2025-05-28 19:24:41,836 - INFO - ¡Botón 'Aceptar' encontrado! Haciendo click...
2025-05-28 19:24:49,146 - INFO - Se escribió texto en el elemento localizado por id='id_direccion': 'Direccion'
2025-05-28 19:24:49,222 - INFO - Opción 'España' seleccionada en el elemento con 'id' = 'id_pais'.
2025-05-28 19:24:49,451 - INFO - Opción 'València/Valencia' seleccionada en el elemento con 'id' = 'id_provincia'.
2025-05-28 19:24:49,694 - INFO - Opción 'Aldaia' seleccionada en el elemento con 'id' = 'id_municipio'.
2025-05-28 19:24:49,778 - INFO - Se escribió texto en el elemento localizado por id='id_codigo_postal': '46003'
2025-05-28 19:24:49,868 - INFO - Se escribió texto en el elemento localizado por id='id_telefono': '912345678'
2025-05-28 19:24:49,946 - INFO - Se escribió texto en el elemento localizado por id='id_telefono_movil': '612345678'
2025-05-28 19:24:50,042 - INFO - Se escribió texto en el elemento localizado por id='id_correo_electronico': 'correo@electronico.com'
2025-05-28 19:24:50,118 - INFO - Se escribió texto en el elemento localizado por id='id_fax': '012345678'
2025-05-28 19:24:51,196 - INFO - Elemento clickado con 'id' = 'btnForm'.
2025-05-28 19:24:56,427 - INFO - Elemento clickado con 'id' = 'tipoEnvioNtA'.
2025-05-28 19:24:56,480 - INFO - Se escribió texto en el elemento localizado por id='file': 'C:/Users/USUARIO/Documents/GitHub/PythonProject/data/NT30460004811420250009891.xml'
2025-05-28 19:24:56,550 - INFO - Elemento clickado con 'css selector' = '.loginBtn'.
2025-05-28 19:24:57,067 - ERROR - Falló al clickar el elemento con 'xpath' = '//button[contains(., 'Continuar')]': Alert Text: No se ha podido preparar el procedimiento. Validación KO. Envío KO. No se puede registrar el documento porque ya existe un documento con ese identificador. Documento: NT30460004811420250009891

Message: unexpected alert open: {Alert text : No se ha podido preparar el procedimiento. Validación KO. Envío KO. No se puede registrar el documento porque ya existe un documento con ese identificador. Documento: NT30460004811420250009891
}
  (Session info: chrome=136.0.7103.114)
Stacktrace:
	GetHandleVerifier [0x00C6FC03+61635]
	GetHandleVerifier [0x00C6FC44+61700]
	(No symbol) [0x00A905D3]
	(No symbol) [0x00B1EF4E]
	(No symbol) [0x00AFD096]
	(No symbol) [0x00ACC840]
	(No symbol) [0x00ACD6A4]
	GetHandleVerifier [0x00EF4523+2701795]
	GetHandleVerifier [0x00EEFCA6+2683238]
	GetHandleVerifier [0x00F0A9EE+2793134]
	GetHandleVerifier [0x00C868C5+155013]
	GetHandleVerifier [0x00C8CFAD+181357]
	GetHandleVerifier [0x00C77458+92440]
	GetHandleVerifier [0x00C77600+92864]
	GetHandleVerifier [0x00C61FF0+5296]
	BaseThreadInitThunk [0x774DFCC9+25]
	RtlGetAppContainerNamedObjectPath [0x779682AE+286]
	RtlGetAppContainerNamedObjectPath [0x7796827E+238]

