2025-05-21 11:17:28,826 - INFO - Inicializando navegador...
2025-05-21 11:17:29,055 - INFO - Web 'https://gestiona.comunidad.madrid/pcea_nima_web/html/web/InicioAccion.icm' abierta.
2025-05-21 11:17:29,124 - INFO - Se escribió texto en el elemento localizado por id='nif': 'B81400491'
2025-05-21 11:17:29,176 - INFO - Elemento clickado con 'xpath' = '//a[@onclick="buscar('form');"]'.
2025-05-21 11:17:29,947 - INFO - Elemento clickado con 'css selector' = 'input[value='Consultar']'.
2025-05-21 11:17:32,200 - INFO - Datos de la empresa guardados
2025-05-21 11:17:32,273 - INFO - Web 'https://gestiona.comunidad.madrid/pcea_nima_web/html/web/InicioAccion.icm' abierta.
2025-05-21 11:17:32,324 - INFO - Se escribió texto en el elemento localizado por id='nif': '03889931X'
2025-05-21 11:17:32,361 - INFO - Elemento clickado con 'xpath' = '//a[@onclick="buscar('form');"]'.
2025-05-21 11:17:37,508 - ERROR - Timeout al esperar el elemento con 'css selector' = 'input[value='Consultar']'
2025-05-21 11:17:44,650 - ERROR - Timeout al esperar el elemento con 'xpath' = '//td[b[normalize-space(text())='NIF:']]'
2025-05-21 11:17:44,650 - ERROR - Error al leer el campo 'NIF:': Message: 
Stacktrace:
	GetHandleVerifier [0x0093FC83+61635]
	GetHandleVerifier [0x0093FCC4+61700]
	(No symbol) [0x007605D3]
	(No symbol) [0x007A899E]
	(No symbol) [0x007A8D3B]
	(No symbol) [0x007F0E12]
	(No symbol) [0x007CD2E4]
	(No symbol) [0x007EE61B]
	(No symbol) [0x007CD096]
	(No symbol) [0x0079C840]
	(No symbol) [0x0079D6A4]
	GetHandleVerifier [0x00BC45A3+2701795]
	GetHandleVerifier [0x00BBFD26+2683238]
	GetHandleVerifier [0x00BDAA6E+2793134]
	GetHandleVerifier [0x00956945+155013]
	GetHandleVerifier [0x0095D02D+181357]
	GetHandleVerifier [0x009474D8+92440]
	GetHandleVerifier [0x00947680+92864]
	GetHandleVerifier [0x00932070+5296]
	BaseThreadInitThunk [0x76995D49+25]
	RtlInitializeExceptionChain [0x7747D03B+107]
	RtlGetAppContainerNamedObjectPath [0x7747CFC1+561]

2025-05-21 11:17:49,753 - ERROR - Timeout al esperar el elemento con 'xpath' = '//td[b[normalize-space(text())='Razón Social:']]'
2025-05-21 11:17:49,753 - ERROR - Error al leer el campo 'Razón Social:': Message: 
Stacktrace:
	GetHandleVerifier [0x0093FC83+61635]
	GetHandleVerifier [0x0093FCC4+61700]
	(No symbol) [0x007605D3]
	(No symbol) [0x007A899E]
	(No symbol) [0x007A8D3B]
	(No symbol) [0x007F0E12]
	(No symbol) [0x007CD2E4]
	(No symbol) [0x007EE61B]
	(No symbol) [0x007CD096]
	(No symbol) [0x0079C840]
	(No symbol) [0x0079D6A4]
	GetHandleVerifier [0x00BC45A3+2701795]
	GetHandleVerifier [0x00BBFD26+2683238]
	GetHandleVerifier [0x00BDAA6E+2793134]
	GetHandleVerifier [0x00956945+155013]
	GetHandleVerifier [0x0095D02D+181357]
	GetHandleVerifier [0x009474D8+92440]
	GetHandleVerifier [0x00947680+92864]
	GetHandleVerifier [0x00932070+5296]
	BaseThreadInitThunk [0x76995D49+25]
	RtlInitializeExceptionChain [0x7747D03B+107]
	RtlGetAppContainerNamedObjectPath [0x7747CFC1+561]

2025-05-21 11:17:54,861 - ERROR - Timeout al esperar el elemento con 'xpath' = '//td[b[normalize-space(text())='Dirección Sede:']]'
2025-05-21 11:17:54,862 - ERROR - Error al leer el campo 'Dirección Sede:': Message: 
Stacktrace:
	GetHandleVerifier [0x0093FC83+61635]
	GetHandleVerifier [0x0093FCC4+61700]
	(No symbol) [0x007605D3]
	(No symbol) [0x007A899E]
	(No symbol) [0x007A8D3B]
	(No symbol) [0x007F0E12]
	(No symbol) [0x007CD2E4]
	(No symbol) [0x007EE61B]
	(No symbol) [0x007CD096]
	(No symbol) [0x0079C840]
	(No symbol) [0x0079D6A4]
	GetHandleVerifier [0x00BC45A3+2701795]
	GetHandleVerifier [0x00BBFD26+2683238]
	GetHandleVerifier [0x00BDAA6E+2793134]
	GetHandleVerifier [0x00956945+155013]
	GetHandleVerifier [0x0095D02D+181357]
	GetHandleVerifier [0x009474D8+92440]
	GetHandleVerifier [0x00947680+92864]
	GetHandleVerifier [0x00932070+5296]
	BaseThreadInitThunk [0x76995D49+25]
	RtlInitializeExceptionChain [0x7747D03B+107]
	RtlGetAppContainerNamedObjectPath [0x7747CFC1+561]

2025-05-21 11:18:00,002 - ERROR - Timeout al esperar el elemento con 'xpath' = '//td[b[normalize-space(text())='Municipio:']]'
2025-05-21 11:18:00,002 - ERROR - Error al leer el campo 'Municipio:': Message: 
Stacktrace:
	GetHandleVerifier [0x0093FC83+61635]
	GetHandleVerifier [0x0093FCC4+61700]
	(No symbol) [0x007605D3]
	(No symbol) [0x007A899E]
	(No symbol) [0x007A8D3B]
	(No symbol) [0x007F0E12]
	(No symbol) [0x007CD2E4]
	(No symbol) [0x007EE61B]
	(No symbol) [0x007CD096]
	(No symbol) [0x0079C840]
	(No symbol) [0x0079D6A4]
	GetHandleVerifier [0x00BC45A3+2701795]
	GetHandleVerifier [0x00BBFD26+2683238]
	GetHandleVerifier [0x00BDAA6E+2793134]
	GetHandleVerifier [0x00956945+155013]
	GetHandleVerifier [0x0095D02D+181357]
	GetHandleVerifier [0x009474D8+92440]
	GetHandleVerifier [0x00947680+92864]
	GetHandleVerifier [0x00932070+5296]
	BaseThreadInitThunk [0x76995D49+25]
	RtlInitializeExceptionChain [0x7747D03B+107]
	RtlGetAppContainerNamedObjectPath [0x7747CFC1+561]

2025-05-21 11:18:05,143 - ERROR - Timeout al esperar el elemento con 'xpath' = '//td[b[normalize-space(text())='Código INE Municipio:']]'
2025-05-21 11:18:05,143 - ERROR - Error al leer el campo 'Código INE Municipio:': Message: 
Stacktrace:
	GetHandleVerifier [0x0093FC83+61635]
	GetHandleVerifier [0x0093FCC4+61700]
	(No symbol) [0x007605D3]
	(No symbol) [0x007A899E]
	(No symbol) [0x007A8D3B]
	(No symbol) [0x007F0E12]
	(No symbol) [0x007CD2E4]
	(No symbol) [0x007EE61B]
	(No symbol) [0x007CD096]
	(No symbol) [0x0079C840]
	(No symbol) [0x0079D6A4]
	GetHandleVerifier [0x00BC45A3+2701795]
	GetHandleVerifier [0x00BBFD26+2683238]
	GetHandleVerifier [0x00BDAA6E+2793134]
	GetHandleVerifier [0x00956945+155013]
	GetHandleVerifier [0x0095D02D+181357]
	GetHandleVerifier [0x009474D8+92440]
	GetHandleVerifier [0x00947680+92864]
	GetHandleVerifier [0x00932070+5296]
	BaseThreadInitThunk [0x76995D49+25]
	RtlInitializeExceptionChain [0x7747D03B+107]
	RtlGetAppContainerNamedObjectPath [0x7747CFC1+561]

2025-05-21 11:18:10,258 - ERROR - Timeout al esperar el elemento con 'xpath' = '//td[b[normalize-space(text())='CP:']]'
2025-05-21 11:18:10,259 - ERROR - Error al leer el campo 'CP:': Message: 
Stacktrace:
	GetHandleVerifier [0x0093FC83+61635]
	GetHandleVerifier [0x0093FCC4+61700]
	(No symbol) [0x007605D3]
	(No symbol) [0x007A899E]
	(No symbol) [0x007A8D3B]
	(No symbol) [0x007F0E12]
	(No symbol) [0x007CD2E4]
	(No symbol) [0x007EE61B]
	(No symbol) [0x007CD096]
	(No symbol) [0x0079C840]
	(No symbol) [0x0079D6A4]
	GetHandleVerifier [0x00BC45A3+2701795]
	GetHandleVerifier [0x00BBFD26+2683238]
	GetHandleVerifier [0x00BDAA6E+2793134]
	GetHandleVerifier [0x00956945+155013]
	GetHandleVerifier [0x0095D02D+181357]
	GetHandleVerifier [0x009474D8+92440]
	GetHandleVerifier [0x00947680+92864]
	GetHandleVerifier [0x00932070+5296]
	BaseThreadInitThunk [0x76995D49+25]
	RtlInitializeExceptionChain [0x7747D03B+107]
	RtlGetAppContainerNamedObjectPath [0x7747CFC1+561]

2025-05-21 11:18:15,375 - ERROR - Timeout al esperar el elemento con 'xpath' = '//td[b[normalize-space(text())='Provincia:']]'
2025-05-21 11:18:15,376 - ERROR - Error al leer el campo 'Provincia:': Message: 
Stacktrace:
	GetHandleVerifier [0x0093FC83+61635]
	GetHandleVerifier [0x0093FCC4+61700]
	(No symbol) [0x007605D3]
	(No symbol) [0x007A899E]
	(No symbol) [0x007A8D3B]
	(No symbol) [0x007F0E12]
	(No symbol) [0x007CD2E4]
	(No symbol) [0x007EE61B]
	(No symbol) [0x007CD096]
	(No symbol) [0x0079C840]
	(No symbol) [0x0079D6A4]
	GetHandleVerifier [0x00BC45A3+2701795]
	GetHandleVerifier [0x00BBFD26+2683238]
	GetHandleVerifier [0x00BDAA6E+2793134]
	GetHandleVerifier [0x00956945+155013]
	GetHandleVerifier [0x0095D02D+181357]
	GetHandleVerifier [0x009474D8+92440]
	GetHandleVerifier [0x00947680+92864]
	GetHandleVerifier [0x00932070+5296]
	BaseThreadInitThunk [0x76995D49+25]
	RtlInitializeExceptionChain [0x7747D03B+107]
	RtlGetAppContainerNamedObjectPath [0x7747CFC1+561]

2025-05-21 11:18:20,501 - ERROR - Timeout al esperar el elemento con 'xpath' = '//td[b[normalize-space(text())='Código INE Provincia:']]'
2025-05-21 11:18:20,501 - ERROR - Error al leer el campo 'Código INE Provincia:': Message: 
Stacktrace:
	GetHandleVerifier [0x0093FC83+61635]
	GetHandleVerifier [0x0093FCC4+61700]
	(No symbol) [0x007605D3]
	(No symbol) [0x007A899E]
	(No symbol) [0x007A8D3B]
	(No symbol) [0x007F0E12]
	(No symbol) [0x007CD2E4]
	(No symbol) [0x007EE61B]
	(No symbol) [0x007CD096]
	(No symbol) [0x0079C840]
	(No symbol) [0x0079D6A4]
	GetHandleVerifier [0x00BC45A3+2701795]
	GetHandleVerifier [0x00BBFD26+2683238]
	GetHandleVerifier [0x00BDAA6E+2793134]
	GetHandleVerifier [0x00956945+155013]
	GetHandleVerifier [0x0095D02D+181357]
	GetHandleVerifier [0x009474D8+92440]
	GetHandleVerifier [0x00947680+92864]
	GetHandleVerifier [0x00932070+5296]
	BaseThreadInitThunk [0x76995D49+25]
	RtlInitializeExceptionChain [0x7747D03B+107]
	RtlGetAppContainerNamedObjectPath [0x7747CFC1+561]

2025-05-21 11:18:25,623 - ERROR - Timeout al esperar el elemento con 'xpath' = '//td[b[normalize-space(text())='Denominación del Centro:']]'
2025-05-21 11:18:25,623 - ERROR - Error al leer el campo 'Denominación del Centro:': Message: 
Stacktrace:
	GetHandleVerifier [0x0093FC83+61635]
	GetHandleVerifier [0x0093FCC4+61700]
	(No symbol) [0x007605D3]
	(No symbol) [0x007A899E]
	(No symbol) [0x007A8D3B]
	(No symbol) [0x007F0E12]
	(No symbol) [0x007CD2E4]
	(No symbol) [0x007EE61B]
	(No symbol) [0x007CD096]
	(No symbol) [0x0079C840]
	(No symbol) [0x0079D6A4]
	GetHandleVerifier [0x00BC45A3+2701795]
	GetHandleVerifier [0x00BBFD26+2683238]
	GetHandleVerifier [0x00BDAA6E+2793134]
	GetHandleVerifier [0x00956945+155013]
	GetHandleVerifier [0x0095D02D+181357]
	GetHandleVerifier [0x009474D8+92440]
	GetHandleVerifier [0x00947680+92864]
	GetHandleVerifier [0x00932070+5296]
	BaseThreadInitThunk [0x76995D49+25]
	RtlInitializeExceptionChain [0x7747D03B+107]
	RtlGetAppContainerNamedObjectPath [0x7747CFC1+561]

